INFO dataset.py: 128: dim_word: 300
INFO dataset.py: 129: dim_char: 25
INFO dataset.py: 130: max_len_sent: 30
INFO dataset.py: 131: max_len_word: 10
INFO dataset.py: 133: we shape: (55833 300)
INFO dataset.py: 135: ce shape: (70 25)
INFO dataset.py: 137: ==> train :
INFO dataset.py: 139: (471455,)
INFO dataset.py: 139: (471455, 30)
INFO dataset.py: 139: (471455,)
INFO dataset.py: 139: (471455, 30, 10)
INFO dataset.py: 139: (471455, 30)
INFO dataset.py: 142: ==> dev :
INFO dataset.py: 144: (50000,)
INFO dataset.py: 144: (50000, 30)
INFO dataset.py: 144: (50000,)
INFO dataset.py: 144: (50000, 30, 10)
INFO dataset.py: 144: (50000, 30)
INFO dataset.py: 147: ==> test :
INFO dataset.py: 149: (50000,)
INFO dataset.py: 149: (50000, 30)
INFO dataset.py: 149: (50000,)
INFO dataset.py: 149: (50000, 30, 10)
INFO dataset.py: 149: (50000, 30)
INFO config.py:  35: clipper : 10.0
INFO config.py:  35: dim_word : 300
INFO config.py:  35: max_len_sent : 30
INFO config.py:  35: dim_char : 25
INFO config.py:  35: n_rnn_word : 300
INFO config.py:  35: save_model : True
INFO config.py:  35: n_class : 20
INFO config.py:  35: batch_size : 32
INFO config.py:  35: epoch_size : 5
INFO config.py:  35: l2_norm : 0.0001
INFO config.py:  35: lr : 0.001
INFO config.py:  35: max_len_word : 10
INFO config.py:  35: n_mlp : 300
INFO config.py:  35: n_rnn_char : 80
INFO main.py: 117: Epoch: 0
INFO train_tool.py:  86: step_100 loss: 2.59362, acc: 0.25594
INFO train_tool.py:  86: step_200 loss: 2.40688, acc: 0.29594
INFO train_tool.py:  86: step_300 loss: 2.32927, acc: 0.31688
INFO train_tool.py:  86: step_400 loss: 2.23946, acc: 0.34031
INFO train_tool.py:  86: step_500 loss: 2.25412, acc: 0.33750
INFO train_tool.py:  86: step_600 loss: 2.22674, acc: 0.34094
INFO train_tool.py:  86: step_700 loss: 2.22547, acc: 0.33437
INFO train_tool.py:  86: step_800 loss: 2.19963, acc: 0.34844
INFO train_tool.py:  86: step_900 loss: 2.16554, acc: 0.35813
INFO train_tool.py:  86: step_1000 loss: 2.14621, acc: 0.36719
INFO train_tool.py:  95: macro f1: 0.22221 (best: 0.27000)
INFO train_tool.py:  86: step_1100 loss: 2.17090, acc: 0.34406
INFO train_tool.py:  86: step_1200 loss: 2.19059, acc: 0.33563
INFO train_tool.py:  86: step_1300 loss: 2.17126, acc: 0.34937
INFO train_tool.py:  86: step_1400 loss: 2.13842, acc: 0.35687
INFO train_tool.py:  86: step_1500 loss: 2.12316, acc: 0.36656
INFO train_tool.py:  86: step_1600 loss: 2.12720, acc: 0.36188
INFO train_tool.py:  86: step_1700 loss: 2.14439, acc: 0.36188
INFO train_tool.py:  86: step_1800 loss: 2.10914, acc: 0.37156
INFO train_tool.py:  86: step_1900 loss: 2.07975, acc: 0.37906
INFO train_tool.py:  86: step_2000 loss: 2.13733, acc: 0.36469
INFO train_tool.py:  95: macro f1: 0.24863 (best: 0.27000)
INFO train_tool.py:  86: step_2100 loss: 2.12324, acc: 0.37094
INFO train_tool.py:  86: step_2200 loss: 2.12900, acc: 0.36312
INFO train_tool.py:  86: step_2300 loss: 2.09783, acc: 0.37125
INFO train_tool.py:  86: step_2400 loss: 2.06131, acc: 0.38500
INFO train_tool.py:  86: step_2500 loss: 2.09542, acc: 0.37344
INFO train_tool.py:  86: step_2600 loss: 2.10166, acc: 0.36719
INFO train_tool.py:  86: step_2700 loss: 2.09908, acc: 0.37875
INFO train_tool.py:  86: step_2800 loss: 2.08039, acc: 0.38312
INFO train_tool.py:  86: step_2900 loss: 2.09416, acc: 0.36188
INFO train_tool.py:  86: step_3000 loss: 2.09121, acc: 0.36469
INFO train_tool.py:  95: macro f1: 0.25343 (best: 0.27000)
INFO train_tool.py:  86: step_3100 loss: 2.08105, acc: 0.37781
INFO train_tool.py:  86: step_3200 loss: 2.09469, acc: 0.37219
INFO train_tool.py:  86: step_3300 loss: 2.08632, acc: 0.37000
INFO train_tool.py:  86: step_3400 loss: 2.06403, acc: 0.37750
INFO train_tool.py:  86: step_3500 loss: 2.07703, acc: 0.37938
INFO train_tool.py:  86: step_3600 loss: 2.07903, acc: 0.35656
INFO train_tool.py:  86: step_3700 loss: 2.11159, acc: 0.35813
INFO train_tool.py:  86: step_3800 loss: 2.08900, acc: 0.36156
INFO train_tool.py:  86: step_3900 loss: 2.07778, acc: 0.37938
INFO train_tool.py:  86: step_4000 loss: 2.06954, acc: 0.38000
INFO train_tool.py:  95: macro f1: 0.24814 (best: 0.27000)
INFO train_tool.py:  86: step_4100 loss: 2.06681, acc: 0.38656
INFO train_tool.py:  86: step_4200 loss: 2.04907, acc: 0.37969
INFO train_tool.py:  86: step_4300 loss: 2.06701, acc: 0.37750
INFO train_tool.py:  86: step_4400 loss: 2.06801, acc: 0.37312
INFO train_tool.py:  86: step_4500 loss: 2.04793, acc: 0.38219
INFO train_tool.py:  86: step_4600 loss: 2.08631, acc: 0.37531
INFO train_tool.py:  86: step_4700 loss: 2.04800, acc: 0.37969
INFO train_tool.py:  86: step_4800 loss: 2.12172, acc: 0.35437
INFO train_tool.py:  86: step_4900 loss: 2.07947, acc: 0.37062
INFO train_tool.py:  86: step_5000 loss: 2.04786, acc: 0.37344
INFO train_tool.py:  95: macro f1: 0.24402 (best: 0.27000)
INFO train_tool.py:  86: step_5100 loss: 2.08853, acc: 0.37031
INFO train_tool.py:  86: step_5200 loss: 2.05996, acc: 0.37969
INFO train_tool.py:  86: step_5300 loss: 2.05209, acc: 0.38312
INFO train_tool.py:  86: step_5400 loss: 2.04369, acc: 0.38469
INFO train_tool.py:  86: step_5500 loss: 2.08328, acc: 0.37250
INFO train_tool.py:  86: step_5600 loss: 2.03851, acc: 0.38344
INFO train_tool.py:  86: step_5700 loss: 2.04290, acc: 0.38719
INFO train_tool.py:  86: step_5800 loss: 2.03382, acc: 0.37562
INFO train_tool.py:  86: step_5900 loss: 2.03881, acc: 0.38688
INFO train_tool.py:  86: step_6000 loss: 2.02661, acc: 0.39156
INFO train_tool.py:  95: macro f1: 0.25880 (best: 0.27000)
INFO train_tool.py:  86: step_6100 loss: 2.03057, acc: 0.38656
INFO train_tool.py:  86: step_6200 loss: 2.06633, acc: 0.37312
INFO train_tool.py:  86: step_6300 loss: 2.05224, acc: 0.38406
INFO train_tool.py:  86: step_6400 loss: 2.06753, acc: 0.37531
INFO train_tool.py:  86: step_6500 loss: 2.05353, acc: 0.38062
INFO train_tool.py:  86: step_6600 loss: 2.02935, acc: 0.38562
INFO train_tool.py:  86: step_6700 loss: 2.05413, acc: 0.36469
INFO train_tool.py:  86: step_6800 loss: 2.01048, acc: 0.39937
INFO train_tool.py:  86: step_6900 loss: 2.04899, acc: 0.38062
INFO train_tool.py:  86: step_7000 loss: 2.04123, acc: 0.38250
INFO train_tool.py:  95: macro f1: 0.26638 (best: 0.27000)
INFO train_tool.py:  86: step_7100 loss: 2.05455, acc: 0.38094
INFO train_tool.py:  86: step_7200 loss: 2.04559, acc: 0.38281
INFO train_tool.py:  86: step_7300 loss: 2.01623, acc: 0.39219
INFO train_tool.py:  86: step_7400 loss: 2.07599, acc: 0.37938
INFO train_tool.py:  86: step_7500 loss: 2.00273, acc: 0.40094
INFO train_tool.py:  86: step_7600 loss: 2.06640, acc: 0.36750
INFO train_tool.py:  86: step_7700 loss: 1.99442, acc: 0.39250
INFO train_tool.py:  86: step_7800 loss: 2.05216, acc: 0.36875
INFO train_tool.py:  86: step_7900 loss: 2.04226, acc: 0.38875
INFO train_tool.py:  86: step_8000 loss: 2.02661, acc: 0.38656
INFO train_tool.py:  95: macro f1: 0.25832 (best: 0.27000)
INFO train_tool.py:  86: step_8100 loss: 2.03458, acc: 0.38406
INFO train_tool.py:  86: step_8200 loss: 2.00691, acc: 0.38969
INFO train_tool.py:  86: step_8300 loss: 2.00964, acc: 0.39125
INFO train_tool.py:  86: step_8400 loss: 2.03290, acc: 0.38812
INFO train_tool.py:  86: step_8500 loss: 2.01224, acc: 0.39844
INFO train_tool.py:  86: step_8600 loss: 1.98335, acc: 0.39531
INFO train_tool.py:  86: step_8700 loss: 2.03078, acc: 0.38500
INFO train_tool.py:  86: step_8800 loss: 2.06582, acc: 0.37531
INFO train_tool.py:  86: step_8900 loss: 2.05253, acc: 0.37406
INFO train_tool.py:  86: step_9000 loss: 2.00461, acc: 0.39719
INFO train_tool.py:  95: macro f1: 0.27074 (best: 0.27000)
INFO train_tool.py:  86: step_9100 loss: 2.04681, acc: 0.38312
INFO train_tool.py:  86: step_9200 loss: 2.02865, acc: 0.37844
INFO train_tool.py:  86: step_9300 loss: 2.02009, acc: 0.39031
INFO train_tool.py:  86: step_9400 loss: 2.01460, acc: 0.38781
INFO train_tool.py:  86: step_9500 loss: 2.01792, acc: 0.39313
INFO train_tool.py:  86: step_9600 loss: 2.04654, acc: 0.37250
INFO train_tool.py:  86: step_9700 loss: 2.01851, acc: 0.40031
INFO train_tool.py:  86: step_9800 loss: 2.00386, acc: 0.40250
INFO train_tool.py:  86: step_9900 loss: 1.98971, acc: 0.39937
INFO train_tool.py:  86: step_10000 loss: 2.01808, acc: 0.37781
INFO train_tool.py:  95: macro f1: 0.26818 (best: 0.27074)
INFO train_tool.py:  86: step_10100 loss: 2.03353, acc: 0.37531
INFO train_tool.py:  86: step_10200 loss: 1.98039, acc: 0.40625
INFO train_tool.py:  86: step_10300 loss: 2.02832, acc: 0.38594
INFO train_tool.py:  86: step_10400 loss: 2.09485, acc: 0.36344
INFO train_tool.py:  86: step_10500 loss: 2.00294, acc: 0.38844
INFO train_tool.py:  86: step_10600 loss: 2.03225, acc: 0.38594
INFO train_tool.py:  86: step_10700 loss: 2.06600, acc: 0.36938
INFO train_tool.py:  86: step_10800 loss: 1.99618, acc: 0.39156
INFO train_tool.py:  86: step_10900 loss: 1.99177, acc: 0.40344
INFO train_tool.py:  86: step_11000 loss: 2.00423, acc: 0.39594
INFO train_tool.py:  95: macro f1: 0.26129 (best: 0.27074)
INFO train_tool.py:  86: step_11100 loss: 2.00373, acc: 0.39531
INFO train_tool.py:  86: step_11200 loss: 2.01377, acc: 0.39219
INFO train_tool.py:  86: step_11300 loss: 2.01893, acc: 0.39937
INFO train_tool.py:  86: step_11400 loss: 2.01473, acc: 0.37688
INFO train_tool.py:  86: step_11500 loss: 1.99505, acc: 0.40500
INFO train_tool.py:  86: step_11600 loss: 2.01874, acc: 0.38625
INFO train_tool.py:  86: step_11700 loss: 2.01201, acc: 0.39313
INFO train_tool.py:  86: step_11800 loss: 2.06516, acc: 0.36594
INFO train_tool.py:  86: step_11900 loss: 2.01320, acc: 0.38031
INFO train_tool.py:  86: step_12000 loss: 2.03795, acc: 0.37562
INFO train_tool.py:  95: macro f1: 0.27875 (best: 0.27074)
INFO train_tool.py:  86: step_12100 loss: 2.00199, acc: 0.40094
INFO train_tool.py:  86: step_12200 loss: 2.00082, acc: 0.39500
INFO train_tool.py:  86: step_12300 loss: 1.99276, acc: 0.39281
INFO train_tool.py:  86: step_12400 loss: 1.98104, acc: 0.40719
INFO train_tool.py:  86: step_12500 loss: 2.03381, acc: 0.37500
INFO train_tool.py:  86: step_12600 loss: 2.00785, acc: 0.38500
INFO train_tool.py:  86: step_12700 loss: 1.98224, acc: 0.40406
INFO train_tool.py:  86: step_12800 loss: 1.99128, acc: 0.40156
INFO train_tool.py:  86: step_12900 loss: 2.00951, acc: 0.39469
INFO train_tool.py:  86: step_13000 loss: 2.00326, acc: 0.39344
INFO train_tool.py:  95: macro f1: 0.25743 (best: 0.27875)
INFO train_tool.py:  86: step_13100 loss: 2.00031, acc: 0.39437
INFO train_tool.py:  86: step_13200 loss: 2.01775, acc: 0.38562
INFO train_tool.py:  86: step_13300 loss: 2.02109, acc: 0.37625
INFO train_tool.py:  86: step_13400 loss: 2.00149, acc: 0.38688
INFO train_tool.py:  86: step_13500 loss: 2.01693, acc: 0.39969
INFO train_tool.py:  86: step_13600 loss: 1.99791, acc: 0.40000
INFO train_tool.py:  86: step_13700 loss: 2.01838, acc: 0.39000
INFO train_tool.py:  86: step_13800 loss: 2.00136, acc: 0.38719
INFO train_tool.py:  86: step_13900 loss: 2.01577, acc: 0.38594
INFO train_tool.py:  86: step_14000 loss: 1.96528, acc: 0.40500
INFO train_tool.py:  95: macro f1: 0.27465 (best: 0.27875)
INFO train_tool.py:  86: step_14100 loss: 2.00271, acc: 0.39313
INFO train_tool.py:  86: step_14200 loss: 2.02409, acc: 0.38344
INFO train_tool.py:  86: step_14300 loss: 1.99747, acc: 0.39937
INFO train_tool.py:  86: step_14400 loss: 1.96304, acc: 0.40219
INFO train_tool.py:  86: step_14500 loss: 1.96628, acc: 0.38938
INFO train_tool.py:  86: step_14600 loss: 1.98334, acc: 0.39031
INFO train_tool.py:  86: step_14700 loss: 1.97594, acc: 0.41437
INFO train_tool.py: 102: End current epoch !
INFO main.py: 130: ### cost time: 130.13 m
INFO main.py: 117: Epoch: 1
INFO main.py: 121: change lr: 0.001000  => 0.000100
INFO train_tool.py:  86: step_14800 loss: 1.83877, acc: 0.43563
INFO train_tool.py:  86: step_14900 loss: 1.86517, acc: 0.41844
INFO train_tool.py:  86: step_15000 loss: 1.82383, acc: 0.43500
INFO train_tool.py:  95: macro f1: 0.28237 (best: 0.27000)
INFO train_tool.py:  86: step_15100 loss: 1.84880, acc: 0.42375
INFO train_tool.py:  86: step_15200 loss: 1.93824, acc: 0.40500
INFO train_tool.py:  86: step_15300 loss: 1.89777, acc: 0.41969
INFO train_tool.py:  86: step_15400 loss: 1.83702, acc: 0.43906
INFO train_tool.py:  86: step_15500 loss: 1.84129, acc: 0.43094
INFO train_tool.py:  86: step_15600 loss: 1.82394, acc: 0.44938
INFO train_tool.py:  86: step_15700 loss: 1.83367, acc: 0.43000
INFO train_tool.py:  86: step_15800 loss: 1.82021, acc: 0.42656
INFO train_tool.py:  86: step_15900 loss: 1.80650, acc: 0.43438
INFO train_tool.py:  86: step_16000 loss: 1.81988, acc: 0.43688
INFO train_tool.py:  95: macro f1: 0.28977 (best: 0.28237)
INFO train_tool.py:  86: step_16100 loss: 1.80870, acc: 0.43250
INFO train_tool.py:  86: step_16200 loss: 1.80304, acc: 0.44250
INFO train_tool.py:  86: step_16300 loss: 1.80988, acc: 0.43969
INFO train_tool.py:  86: step_16400 loss: 1.86815, acc: 0.42594
INFO train_tool.py:  86: step_16500 loss: 1.86036, acc: 0.42312
INFO train_tool.py:  86: step_16600 loss: 1.83988, acc: 0.43125
INFO train_tool.py:  86: step_16700 loss: 1.84779, acc: 0.42031
INFO train_tool.py:  86: step_16800 loss: 1.86163, acc: 0.42781
INFO train_tool.py:  86: step_16900 loss: 1.82783, acc: 0.43656
INFO train_tool.py:  86: step_17000 loss: 1.80436, acc: 0.45062
INFO train_tool.py:  95: macro f1: 0.28963 (best: 0.28977)
INFO train_tool.py:  86: step_17100 loss: 1.86593, acc: 0.42156
INFO train_tool.py:  86: step_17200 loss: 1.83796, acc: 0.43344
INFO train_tool.py:  86: step_17300 loss: 1.82700, acc: 0.42906
INFO train_tool.py:  86: step_17400 loss: 1.83104, acc: 0.43875
INFO train_tool.py:  86: step_17500 loss: 1.81872, acc: 0.43219
INFO train_tool.py:  86: step_17600 loss: 1.79282, acc: 0.43625
INFO train_tool.py:  86: step_17700 loss: 1.83409, acc: 0.43531
INFO train_tool.py:  86: step_17800 loss: 1.84604, acc: 0.43219
INFO train_tool.py:  86: step_17900 loss: 1.79911, acc: 0.44438
INFO train_tool.py:  86: step_18000 loss: 1.82005, acc: 0.44156
INFO train_tool.py:  95: macro f1: 0.29029 (best: 0.28977)
INFO train_tool.py:  86: step_18100 loss: 1.80694, acc: 0.44812
INFO train_tool.py:  86: step_18200 loss: 1.81078, acc: 0.43719
INFO train_tool.py:  86: step_18300 loss: 1.84382, acc: 0.42562
INFO train_tool.py:  86: step_18400 loss: 1.82946, acc: 0.44406
INFO train_tool.py:  86: step_18500 loss: 1.85550, acc: 0.42938
INFO train_tool.py:  86: step_18600 loss: 1.81218, acc: 0.45000
INFO train_tool.py:  86: step_18700 loss: 1.81414, acc: 0.43719
INFO train_tool.py:  86: step_18800 loss: 1.79631, acc: 0.45219
INFO train_tool.py:  86: step_18900 loss: 1.81642, acc: 0.43000
INFO train_tool.py:  86: step_19000 loss: 1.83541, acc: 0.43750
INFO train_tool.py:  95: macro f1: 0.29451 (best: 0.29029)
INFO train_tool.py:  86: step_19100 loss: 1.77534, acc: 0.44938
INFO train_tool.py:  86: step_19200 loss: 1.81621, acc: 0.44125
INFO train_tool.py:  86: step_19300 loss: 1.78666, acc: 0.43438
INFO train_tool.py:  86: step_19400 loss: 1.81042, acc: 0.42562
INFO train_tool.py:  86: step_19500 loss: 1.75884, acc: 0.45750
INFO train_tool.py:  86: step_19600 loss: 1.80341, acc: 0.43688
INFO train_tool.py:  86: step_19700 loss: 1.85631, acc: 0.41063
INFO train_tool.py:  86: step_19800 loss: 1.79856, acc: 0.44531
INFO train_tool.py:  86: step_19900 loss: 1.81142, acc: 0.43219
INFO train_tool.py:  86: step_20000 loss: 1.78145, acc: 0.45500
INFO train_tool.py:  95: macro f1: 0.29359 (best: 0.29451)
INFO train_tool.py:  86: step_20100 loss: 1.83940, acc: 0.42781
INFO train_tool.py:  86: step_20200 loss: 1.81503, acc: 0.44688
INFO train_tool.py:  86: step_20300 loss: 1.80315, acc: 0.44219
INFO train_tool.py:  86: step_20400 loss: 1.80445, acc: 0.43906
INFO train_tool.py:  86: step_20500 loss: 1.78397, acc: 0.44406
INFO train_tool.py:  86: step_20600 loss: 1.82593, acc: 0.43812
INFO train_tool.py:  86: step_20700 loss: 1.79926, acc: 0.44625
INFO train_tool.py:  86: step_20800 loss: 1.81393, acc: 0.44031
INFO train_tool.py:  86: step_20900 loss: 1.80156, acc: 0.44281
INFO train_tool.py:  86: step_21000 loss: 1.82238, acc: 0.42906
INFO train_tool.py:  95: macro f1: 0.29414 (best: 0.29451)
INFO train_tool.py:  86: step_21100 loss: 1.79627, acc: 0.44844
INFO train_tool.py:  86: step_21200 loss: 1.84471, acc: 0.43969
INFO train_tool.py:  86: step_21300 loss: 1.80989, acc: 0.43719
INFO train_tool.py:  86: step_21400 loss: 1.82151, acc: 0.43344
INFO train_tool.py:  86: step_21500 loss: 1.80023, acc: 0.44656
INFO train_tool.py:  86: step_21600 loss: 1.79009, acc: 0.44000
INFO train_tool.py:  86: step_21700 loss: 1.76725, acc: 0.44719
INFO train_tool.py:  86: step_21800 loss: 1.81945, acc: 0.44062
INFO train_tool.py:  86: step_21900 loss: 1.79044, acc: 0.44312
INFO train_tool.py:  86: step_22000 loss: 1.81123, acc: 0.43469
INFO train_tool.py:  95: macro f1: 0.29199 (best: 0.29451)
INFO train_tool.py:  86: step_22100 loss: 1.80778, acc: 0.43812
INFO train_tool.py:  86: step_22200 loss: 1.80378, acc: 0.43312
INFO train_tool.py:  86: step_22300 loss: 1.82491, acc: 0.44156
INFO train_tool.py:  86: step_22400 loss: 1.80528, acc: 0.44156
INFO train_tool.py:  86: step_22500 loss: 1.78621, acc: 0.44031
INFO train_tool.py:  86: step_22600 loss: 1.79556, acc: 0.44250
INFO train_tool.py:  86: step_22700 loss: 1.76378, acc: 0.44594
INFO train_tool.py:  86: step_22800 loss: 1.79701, acc: 0.44531
INFO train_tool.py:  86: step_22900 loss: 1.78798, acc: 0.44250
INFO train_tool.py:  86: step_23000 loss: 1.79380, acc: 0.45125
INFO train_tool.py:  95: macro f1: 0.29279 (best: 0.29451)
INFO train_tool.py:  86: step_23100 loss: 1.78442, acc: 0.44594
INFO train_tool.py:  86: step_23200 loss: 1.78890, acc: 0.45031
INFO train_tool.py:  86: step_23300 loss: 1.77946, acc: 0.44562
INFO train_tool.py:  86: step_23400 loss: 1.82858, acc: 0.43062
INFO train_tool.py:  86: step_23500 loss: 1.82025, acc: 0.43594
INFO train_tool.py:  86: step_23600 loss: 1.81254, acc: 0.44781
INFO train_tool.py:  86: step_23700 loss: 1.75925, acc: 0.46000
INFO train_tool.py:  86: step_23800 loss: 1.78040, acc: 0.45312
INFO train_tool.py:  86: step_23900 loss: 1.78384, acc: 0.43969
INFO train_tool.py:  86: step_24000 loss: 1.80126, acc: 0.44219
INFO train_tool.py:  95: macro f1: 0.29823 (best: 0.29451)
INFO train_tool.py:  86: step_24100 loss: 1.80538, acc: 0.44750
INFO train_tool.py:  86: step_24200 loss: 1.78998, acc: 0.43969
INFO train_tool.py:  86: step_24300 loss: 1.79944, acc: 0.45656
INFO train_tool.py:  86: step_24400 loss: 1.78379, acc: 0.45594
INFO train_tool.py:  86: step_24500 loss: 1.78262, acc: 0.44781
INFO train_tool.py:  86: step_24600 loss: 1.77405, acc: 0.46063
INFO train_tool.py:  86: step_24700 loss: 1.77471, acc: 0.45188
INFO train_tool.py:  86: step_24800 loss: 1.76891, acc: 0.45594
INFO train_tool.py:  86: step_24900 loss: 1.80941, acc: 0.44125
INFO train_tool.py:  86: step_25000 loss: 1.75960, acc: 0.45375
INFO train_tool.py:  95: macro f1: 0.29954 (best: 0.29823)
INFO train_tool.py:  86: step_25100 loss: 1.78428, acc: 0.44438
INFO train_tool.py:  86: step_25200 loss: 1.76808, acc: 0.45687
INFO train_tool.py:  86: step_25300 loss: 1.77443, acc: 0.44938
INFO train_tool.py:  86: step_25400 loss: 1.78663, acc: 0.45594
INFO train_tool.py:  86: step_25500 loss: 1.77585, acc: 0.45437
INFO train_tool.py:  86: step_25600 loss: 1.75116, acc: 0.46313
INFO train_tool.py:  86: step_25700 loss: 1.82667, acc: 0.43938
INFO train_tool.py:  86: step_25800 loss: 1.79979, acc: 0.44344
INFO train_tool.py:  86: step_25900 loss: 1.75285, acc: 0.44906
INFO train_tool.py:  86: step_26000 loss: 1.78154, acc: 0.45031
INFO train_tool.py:  95: macro f1: 0.29412 (best: 0.29954)
INFO train_tool.py:  86: step_26100 loss: 1.80111, acc: 0.45219
INFO train_tool.py:  86: step_26200 loss: 1.75663, acc: 0.45969
INFO train_tool.py:  86: step_26300 loss: 1.77643, acc: 0.44781
INFO train_tool.py:  86: step_26400 loss: 1.81480, acc: 0.44312
INFO train_tool.py:  86: step_26500 loss: 1.76106, acc: 0.44875
INFO train_tool.py:  86: step_26600 loss: 1.81269, acc: 0.42969
INFO train_tool.py:  86: step_26700 loss: 1.80719, acc: 0.44656
INFO train_tool.py:  86: step_26800 loss: 1.79754, acc: 0.44469
INFO train_tool.py:  86: step_26900 loss: 1.77153, acc: 0.44125
INFO train_tool.py:  86: step_27000 loss: 1.79302, acc: 0.44031
INFO train_tool.py:  95: macro f1: 0.29801 (best: 0.29954)
INFO train_tool.py:  86: step_27100 loss: 1.73280, acc: 0.46313
INFO train_tool.py:  86: step_27200 loss: 1.73865, acc: 0.45781
INFO train_tool.py:  86: step_27300 loss: 1.79678, acc: 0.44000
INFO train_tool.py:  86: step_27400 loss: 1.75274, acc: 0.44875
INFO train_tool.py:  86: step_27500 loss: 1.79564, acc: 0.43781
INFO train_tool.py:  86: step_27600 loss: 1.76620, acc: 0.45813
INFO train_tool.py:  86: step_27700 loss: 1.74754, acc: 0.45594
INFO train_tool.py:  86: step_27800 loss: 1.75993, acc: 0.46531
INFO train_tool.py:  86: step_27900 loss: 1.82394, acc: 0.43625
INFO train_tool.py:  86: step_28000 loss: 1.76733, acc: 0.45094
INFO train_tool.py:  95: macro f1: 0.29623 (best: 0.29954)
INFO train_tool.py:  86: step_28100 loss: 1.76619, acc: 0.45531
INFO train_tool.py:  86: step_28200 loss: 1.83598, acc: 0.44000
INFO train_tool.py:  86: step_28300 loss: 1.79181, acc: 0.44844
INFO train_tool.py:  86: step_28400 loss: 1.81744, acc: 0.43250
INFO train_tool.py:  86: step_28500 loss: 1.80095, acc: 0.45000
INFO train_tool.py:  86: step_28600 loss: 1.79795, acc: 0.44312
INFO train_tool.py:  86: step_28700 loss: 1.80170, acc: 0.44156
INFO train_tool.py:  86: step_28800 loss: 1.75428, acc: 0.45594
INFO train_tool.py:  86: step_28900 loss: 1.76801, acc: 0.45188
INFO train_tool.py:  86: step_29000 loss: 1.75134, acc: 0.46125
INFO train_tool.py:  95: macro f1: 0.29981 (best: 0.29954)
INFO train_tool.py:  86: step_29100 loss: 1.78609, acc: 0.44688
INFO train_tool.py:  86: step_29200 loss: 1.81588, acc: 0.44125
INFO train_tool.py:  86: step_29300 loss: 1.77047, acc: 0.44781
INFO train_tool.py:  86: step_29400 loss: 1.84301, acc: 0.43031
INFO train_tool.py: 102: End current epoch !
INFO main.py: 130: ### cost time: 274.78 m
INFO main.py: 117: Epoch: 2
INFO main.py: 121: change lr: 0.000100  => 0.000010
INFO train_tool.py:  86: step_29500 loss: 1.75152, acc: 0.45588
INFO train_tool.py:  86: step_29600 loss: 1.73362, acc: 0.46063
INFO train_tool.py:  86: step_29700 loss: 1.72066, acc: 0.46063
INFO train_tool.py:  86: step_29800 loss: 1.71257, acc: 0.47156
INFO train_tool.py:  86: step_29900 loss: 1.70729, acc: 0.46594
INFO train_tool.py:  86: step_30000 loss: 1.68832, acc: 0.47781
INFO train_tool.py:  95: macro f1: 0.29996 (best: 0.27000)
INFO train_tool.py:  86: step_30100 loss: 1.70325, acc: 0.46437
INFO train_tool.py:  86: step_30200 loss: 1.69724, acc: 0.48750
INFO train_tool.py:  86: step_30300 loss: 1.69910, acc: 0.47094
INFO train_tool.py:  86: step_30400 loss: 1.73360, acc: 0.46187
INFO train_tool.py:  86: step_30500 loss: 1.71342, acc: 0.47000
INFO train_tool.py:  86: step_30600 loss: 1.71129, acc: 0.45594
INFO train_tool.py:  86: step_30700 loss: 1.75700, acc: 0.45312
INFO train_tool.py:  86: step_30800 loss: 1.71513, acc: 0.45531
INFO train_tool.py:  86: step_30900 loss: 1.71117, acc: 0.47313
INFO train_tool.py:  86: step_31000 loss: 1.72090, acc: 0.47687
INFO train_tool.py:  95: macro f1: 0.30005 (best: 0.29996)
INFO train_tool.py:  86: step_31100 loss: 1.71767, acc: 0.45969
INFO train_tool.py:  86: step_31200 loss: 1.71465, acc: 0.46219
INFO train_tool.py:  86: step_31300 loss: 1.70764, acc: 0.46187
INFO train_tool.py:  86: step_31400 loss: 1.74712, acc: 0.44719
INFO train_tool.py:  86: step_31500 loss: 1.69264, acc: 0.47906
INFO train_tool.py:  86: step_31600 loss: 1.69522, acc: 0.46750
INFO train_tool.py:  86: step_31700 loss: 1.73308, acc: 0.45937
INFO train_tool.py:  86: step_31800 loss: 1.72359, acc: 0.45906
INFO train_tool.py:  86: step_31900 loss: 1.64631, acc: 0.48594
INFO train_tool.py:  86: step_32000 loss: 1.68696, acc: 0.46219
INFO train_tool.py:  95: macro f1: 0.30051 (best: 0.30005)
INFO train_tool.py:  86: step_32100 loss: 1.72439, acc: 0.46937
INFO train_tool.py:  86: step_32200 loss: 1.73426, acc: 0.46563
INFO train_tool.py:  86: step_32300 loss: 1.74699, acc: 0.46281
INFO train_tool.py:  86: step_32400 loss: 1.73185, acc: 0.46844
INFO train_tool.py:  86: step_32500 loss: 1.74629, acc: 0.46313
INFO train_tool.py:  86: step_32600 loss: 1.70518, acc: 0.46594
INFO train_tool.py:  86: step_32700 loss: 1.72280, acc: 0.46563
INFO train_tool.py:  86: step_32800 loss: 1.71596, acc: 0.46063
INFO train_tool.py:  86: step_32900 loss: 1.67833, acc: 0.46500
INFO train_tool.py:  86: step_33000 loss: 1.71671, acc: 0.47000
INFO train_tool.py:  95: macro f1: 0.30085 (best: 0.30051)
INFO train_tool.py:  86: step_33100 loss: 1.74023, acc: 0.45500
INFO train_tool.py:  86: step_33200 loss: 1.71056, acc: 0.46313
INFO train_tool.py:  86: step_33300 loss: 1.73455, acc: 0.45312
INFO train_tool.py:  86: step_33400 loss: 1.70961, acc: 0.46813
INFO train_tool.py:  86: step_33500 loss: 1.70291, acc: 0.46219
INFO train_tool.py:  86: step_33600 loss: 1.71771, acc: 0.46031
INFO train_tool.py:  86: step_33700 loss: 1.72708, acc: 0.46344
INFO train_tool.py:  86: step_33800 loss: 1.70940, acc: 0.46594
INFO train_tool.py:  86: step_33900 loss: 1.70108, acc: 0.46687
INFO train_tool.py:  86: step_34000 loss: 1.72248, acc: 0.47187
INFO train_tool.py:  95: macro f1: 0.30108 (best: 0.30085)
INFO train_tool.py:  86: step_34100 loss: 1.66157, acc: 0.47656
INFO train_tool.py:  86: step_34200 loss: 1.72396, acc: 0.45312
INFO train_tool.py:  86: step_34300 loss: 1.73278, acc: 0.45375
INFO train_tool.py:  86: step_34400 loss: 1.72890, acc: 0.45750
INFO train_tool.py:  86: step_34500 loss: 1.71578, acc: 0.46125
INFO train_tool.py:  86: step_34600 loss: 1.75045, acc: 0.46000
INFO train_tool.py:  86: step_34700 loss: 1.73342, acc: 0.46594
INFO train_tool.py:  86: step_34800 loss: 1.70580, acc: 0.47344
INFO train_tool.py:  86: step_34900 loss: 1.73783, acc: 0.45937
INFO train_tool.py:  86: step_35000 loss: 1.70776, acc: 0.46531
INFO train_tool.py:  95: macro f1: 0.30157 (best: 0.30108)
INFO train_tool.py:  86: step_35100 loss: 1.70317, acc: 0.46875
INFO train_tool.py:  86: step_35200 loss: 1.71875, acc: 0.45969
INFO train_tool.py:  86: step_35300 loss: 1.69181, acc: 0.46563
INFO train_tool.py:  86: step_35400 loss: 1.73981, acc: 0.44812
INFO train_tool.py:  86: step_35500 loss: 1.67697, acc: 0.48031
INFO train_tool.py:  86: step_35600 loss: 1.73375, acc: 0.46000
INFO train_tool.py:  86: step_35700 loss: 1.72775, acc: 0.45937
INFO train_tool.py:  86: step_35800 loss: 1.72835, acc: 0.46500
INFO train_tool.py:  86: step_35900 loss: 1.72673, acc: 0.45937
INFO train_tool.py:  86: step_36000 loss: 1.71091, acc: 0.46375
INFO train_tool.py:  95: macro f1: 0.30109 (best: 0.30157)
INFO train_tool.py:  86: step_36100 loss: 1.68985, acc: 0.47625
INFO train_tool.py:  86: step_36200 loss: 1.69387, acc: 0.47156
INFO train_tool.py:  86: step_36300 loss: 1.68073, acc: 0.47344
INFO train_tool.py:  86: step_36400 loss: 1.72848, acc: 0.46125
INFO train_tool.py:  86: step_36500 loss: 1.74000, acc: 0.46031
INFO train_tool.py:  86: step_36600 loss: 1.70520, acc: 0.46281
INFO train_tool.py:  86: step_36700 loss: 1.67368, acc: 0.46906
INFO train_tool.py:  86: step_36800 loss: 1.70989, acc: 0.46187
INFO train_tool.py:  86: step_36900 loss: 1.76479, acc: 0.45875
INFO train_tool.py:  86: step_37000 loss: 1.70269, acc: 0.47313
INFO train_tool.py:  95: macro f1: 0.30076 (best: 0.30157)
INFO train_tool.py:  86: step_37100 loss: 1.72568, acc: 0.46594
INFO train_tool.py:  86: step_37200 loss: 1.74601, acc: 0.45125
INFO train_tool.py:  86: step_37300 loss: 1.68726, acc: 0.46687
INFO train_tool.py:  86: step_37400 loss: 1.68991, acc: 0.47219
INFO train_tool.py:  86: step_37500 loss: 1.75271, acc: 0.45031
INFO train_tool.py:  86: step_37600 loss: 1.73039, acc: 0.46594
INFO train_tool.py:  86: step_37700 loss: 1.70232, acc: 0.47094
INFO train_tool.py:  86: step_37800 loss: 1.68454, acc: 0.47437
INFO train_tool.py:  86: step_37900 loss: 1.70365, acc: 0.46031
INFO train_tool.py:  86: step_38000 loss: 1.70076, acc: 0.46937
INFO train_tool.py:  95: macro f1: 0.30001 (best: 0.30157)
INFO train_tool.py:  86: step_38100 loss: 1.70275, acc: 0.47250
INFO train_tool.py:  86: step_38200 loss: 1.67808, acc: 0.47344
INFO train_tool.py:  86: step_38300 loss: 1.68601, acc: 0.46875
INFO train_tool.py:  86: step_38400 loss: 1.69495, acc: 0.47156
INFO train_tool.py:  86: step_38500 loss: 1.69445, acc: 0.47125
INFO train_tool.py:  86: step_38600 loss: 1.69100, acc: 0.47906
INFO train_tool.py:  86: step_38700 loss: 1.71119, acc: 0.47031
INFO train_tool.py:  86: step_38800 loss: 1.71488, acc: 0.45219
INFO train_tool.py:  86: step_38900 loss: 1.70170, acc: 0.46625
INFO train_tool.py:  86: step_39000 loss: 1.73862, acc: 0.45969
INFO train_tool.py:  95: macro f1: 0.29840 (best: 0.30157)
INFO train_tool.py:  86: step_39100 loss: 1.69637, acc: 0.47281
INFO train_tool.py:  86: step_39200 loss: 1.77452, acc: 0.44188
INFO train_tool.py:  86: step_39300 loss: 1.74073, acc: 0.46781
INFO train_tool.py:  86: step_39400 loss: 1.68756, acc: 0.47469
INFO train_tool.py:  86: step_39500 loss: 1.71896, acc: 0.46125
INFO train_tool.py:  86: step_39600 loss: 1.70694, acc: 0.47219
INFO train_tool.py:  86: step_39700 loss: 1.68664, acc: 0.47719
INFO train_tool.py:  86: step_39800 loss: 1.73561, acc: 0.45000
INFO train_tool.py:  86: step_39900 loss: 1.68388, acc: 0.47469
INFO train_tool.py:  86: step_40000 loss: 1.68148, acc: 0.48562
INFO train_tool.py:  95: macro f1: 0.29800 (best: 0.30157)
INFO train_tool.py:  86: step_40100 loss: 1.69845, acc: 0.46781
INFO train_tool.py:  86: step_40200 loss: 1.71145, acc: 0.47219
INFO train_tool.py:  86: step_40300 loss: 1.66319, acc: 0.48500
INFO train_tool.py:  86: step_40400 loss: 1.68823, acc: 0.46781
INFO train_tool.py:  86: step_40500 loss: 1.70798, acc: 0.46219
INFO train_tool.py:  86: step_40600 loss: 1.72938, acc: 0.46344
INFO train_tool.py:  86: step_40700 loss: 1.68865, acc: 0.47281
INFO train_tool.py:  86: step_40800 loss: 1.74975, acc: 0.45000
INFO train_tool.py:  86: step_40900 loss: 1.70848, acc: 0.46219
INFO train_tool.py:  86: step_41000 loss: 1.72404, acc: 0.47750
INFO train_tool.py:  95: macro f1: 0.29960 (best: 0.30157)
INFO train_tool.py:  86: step_41100 loss: 1.71717, acc: 0.45937
INFO train_tool.py:  86: step_41200 loss: 1.70828, acc: 0.45875
INFO train_tool.py:  86: step_41300 loss: 1.70368, acc: 0.47250
INFO train_tool.py:  86: step_41400 loss: 1.69137, acc: 0.46687
INFO train_tool.py:  86: step_41500 loss: 1.70367, acc: 0.46563
INFO train_tool.py:  86: step_41600 loss: 1.71472, acc: 0.47063
INFO train_tool.py:  86: step_41700 loss: 1.66495, acc: 0.48938
INFO train_tool.py:  86: step_41800 loss: 1.69267, acc: 0.47313
INFO train_tool.py:  86: step_41900 loss: 1.72802, acc: 0.45813
INFO train_tool.py:  86: step_42000 loss: 1.72413, acc: 0.46844
INFO train_tool.py:  95: macro f1: 0.30033 (best: 0.30157)
INFO train_tool.py:  86: step_42100 loss: 1.69459, acc: 0.46656
INFO train_tool.py:  86: step_42200 loss: 1.69902, acc: 0.47219
INFO train_tool.py:  86: step_42300 loss: 1.69636, acc: 0.47000
INFO train_tool.py:  86: step_42400 loss: 1.69179, acc: 0.47906
INFO train_tool.py:  86: step_42500 loss: 1.70900, acc: 0.46719
INFO train_tool.py:  86: step_42600 loss: 1.71644, acc: 0.47687
INFO train_tool.py:  86: step_42700 loss: 1.71078, acc: 0.47187
INFO train_tool.py:  86: step_42800 loss: 1.75024, acc: 0.45406
INFO train_tool.py:  86: step_42900 loss: 1.72861, acc: 0.46094
INFO train_tool.py:  86: step_43000 loss: 1.77008, acc: 0.44156
INFO train_tool.py:  95: macro f1: 0.30075 (best: 0.30157)
INFO train_tool.py:  86: step_43100 loss: 1.77388, acc: 0.44312
INFO train_tool.py:  86: step_43200 loss: 1.71854, acc: 0.46406
INFO train_tool.py:  86: step_43300 loss: 1.69309, acc: 0.46969
INFO train_tool.py:  86: step_43400 loss: 1.68515, acc: 0.47844
INFO train_tool.py:  86: step_43500 loss: 1.71170, acc: 0.46344
INFO train_tool.py:  86: step_43600 loss: 1.67356, acc: 0.47531
INFO train_tool.py:  86: step_43700 loss: 1.72720, acc: 0.46156
INFO train_tool.py:  86: step_43800 loss: 1.74668, acc: 0.45750
INFO train_tool.py:  86: step_43900 loss: 1.74876, acc: 0.46625
INFO train_tool.py:  86: step_44000 loss: 1.73476, acc: 0.45844
INFO train_tool.py:  95: macro f1: 0.30018 (best: 0.30157)
INFO train_tool.py:  86: step_44100 loss: 1.70531, acc: 0.47875
INFO train_tool.py: 102: End current epoch !
INFO main.py: 130: ### cost time: 417.31 m
INFO main.py: 117: Epoch: 3
INFO train_tool.py:  86: step_44200 loss: 1.32268, acc: 0.65625
INFO train_tool.py:  86: step_44300 loss: 1.70626, acc: 0.46344
INFO train_tool.py:  86: step_44400 loss: 1.72100, acc: 0.46063
INFO train_tool.py:  86: step_44500 loss: 1.66738, acc: 0.47969
INFO train_tool.py:  86: step_44600 loss: 1.71838, acc: 0.45844
INFO train_tool.py:  86: step_44700 loss: 1.67902, acc: 0.47875
INFO train_tool.py:  86: step_44800 loss: 1.71271, acc: 0.46000
INFO train_tool.py:  86: step_44900 loss: 1.69637, acc: 0.46875
INFO train_tool.py:  86: step_45000 loss: 1.70111, acc: 0.47687
INFO train_tool.py:  95: macro f1: 0.30056 (best: 0.27000)
INFO train_tool.py:  86: step_45100 loss: 1.73293, acc: 0.45188
INFO train_tool.py:  86: step_45200 loss: 1.69919, acc: 0.47156
INFO train_tool.py:  86: step_45300 loss: 1.72924, acc: 0.46063
INFO train_tool.py:  86: step_45400 loss: 1.71992, acc: 0.46281
INFO train_tool.py:  86: step_45500 loss: 1.68526, acc: 0.47594
INFO train_tool.py:  86: step_45600 loss: 1.69550, acc: 0.46687
INFO train_tool.py:  86: step_45700 loss: 1.67303, acc: 0.48063
INFO train_tool.py:  86: step_45800 loss: 1.68227, acc: 0.47563
INFO train_tool.py:  86: step_45900 loss: 1.67474, acc: 0.48219
INFO train_tool.py:  86: step_46000 loss: 1.66175, acc: 0.47906
INFO train_tool.py:  95: macro f1: 0.30084 (best: 0.30056)
INFO train_tool.py:  86: step_46100 loss: 1.73369, acc: 0.46406
INFO train_tool.py:  86: step_46200 loss: 1.68159, acc: 0.48469
INFO train_tool.py:  86: step_46300 loss: 1.68688, acc: 0.46156
INFO train_tool.py:  86: step_46400 loss: 1.68553, acc: 0.47750
INFO train_tool.py:  86: step_46500 loss: 1.65404, acc: 0.47906
INFO train_tool.py:  86: step_46600 loss: 1.68797, acc: 0.46344
INFO train_tool.py:  86: step_46700 loss: 1.68586, acc: 0.47781
INFO train_tool.py:  86: step_46800 loss: 1.70622, acc: 0.47125
INFO train_tool.py:  86: step_46900 loss: 1.69396, acc: 0.47406
INFO train_tool.py:  86: step_47000 loss: 1.71476, acc: 0.46187
INFO train_tool.py:  95: macro f1: 0.30160 (best: 0.30084)
INFO train_tool.py:  86: step_47100 loss: 1.73062, acc: 0.45188
INFO train_tool.py:  86: step_47200 loss: 1.68196, acc: 0.46437
INFO train_tool.py:  86: step_47300 loss: 1.68119, acc: 0.48094
INFO train_tool.py:  86: step_47400 loss: 1.67511, acc: 0.47750
INFO train_tool.py:  86: step_47500 loss: 1.68837, acc: 0.46219
INFO train_tool.py:  86: step_47600 loss: 1.73621, acc: 0.45781
INFO train_tool.py:  86: step_47700 loss: 1.71921, acc: 0.45344
INFO train_tool.py:  86: step_47800 loss: 1.73395, acc: 0.46563
INFO train_tool.py:  86: step_47900 loss: 1.65432, acc: 0.47094
INFO train_tool.py:  86: step_48000 loss: 1.70597, acc: 0.46281
INFO train_tool.py:  95: macro f1: 0.30282 (best: 0.30160)
INFO train_tool.py:  86: step_48100 loss: 1.70600, acc: 0.46531
INFO train_tool.py:  86: step_48200 loss: 1.67927, acc: 0.48344
INFO train_tool.py:  86: step_48300 loss: 1.72081, acc: 0.46781
INFO train_tool.py:  86: step_48400 loss: 1.74188, acc: 0.45531
INFO train_tool.py:  86: step_48500 loss: 1.70797, acc: 0.47437
INFO train_tool.py:  86: step_48600 loss: 1.72483, acc: 0.46000
INFO train_tool.py:  86: step_48700 loss: 1.70702, acc: 0.47281
INFO train_tool.py:  86: step_48800 loss: 1.71200, acc: 0.46594
INFO train_tool.py:  86: step_48900 loss: 1.70826, acc: 0.47594
INFO train_tool.py:  86: step_49000 loss: 1.72899, acc: 0.46813
INFO train_tool.py:  95: macro f1: 0.30073 (best: 0.30282)
INFO train_tool.py:  86: step_49100 loss: 1.73047, acc: 0.45750
INFO train_tool.py:  86: step_49200 loss: 1.71657, acc: 0.45719
INFO train_tool.py:  86: step_49300 loss: 1.71550, acc: 0.46656
INFO train_tool.py:  86: step_49400 loss: 1.71476, acc: 0.46719
INFO train_tool.py:  86: step_49500 loss: 1.68916, acc: 0.46531
INFO train_tool.py:  86: step_49600 loss: 1.73039, acc: 0.45781
INFO train_tool.py:  86: step_49700 loss: 1.70972, acc: 0.46375
INFO train_tool.py:  86: step_49800 loss: 1.70267, acc: 0.46719
INFO train_tool.py:  86: step_49900 loss: 1.72574, acc: 0.47125
INFO train_tool.py:  86: step_50000 loss: 1.69163, acc: 0.47625
INFO train_tool.py:  95: macro f1: 0.30139 (best: 0.30282)
INFO train_tool.py:  86: step_50100 loss: 1.70439, acc: 0.46187
INFO train_tool.py:  86: step_50200 loss: 1.65258, acc: 0.48594
INFO train_tool.py:  86: step_50300 loss: 1.70648, acc: 0.46125
INFO train_tool.py:  86: step_50400 loss: 1.69237, acc: 0.47156
INFO train_tool.py:  86: step_50500 loss: 1.71740, acc: 0.45500
INFO train_tool.py:  86: step_50600 loss: 1.66469, acc: 0.48719
INFO train_tool.py:  86: step_50700 loss: 1.67792, acc: 0.48344
INFO train_tool.py:  86: step_50800 loss: 1.70412, acc: 0.47875
INFO train_tool.py:  86: step_50900 loss: 1.67371, acc: 0.47656
INFO train_tool.py:  86: step_51000 loss: 1.69857, acc: 0.46313
INFO train_tool.py:  95: macro f1: 0.30103 (best: 0.30282)
INFO train_tool.py:  86: step_51100 loss: 1.73496, acc: 0.46000
INFO train_tool.py:  86: step_51200 loss: 1.69360, acc: 0.46813
INFO train_tool.py:  86: step_51300 loss: 1.69310, acc: 0.46500
INFO train_tool.py:  86: step_51400 loss: 1.68525, acc: 0.47437
INFO train_tool.py:  86: step_51500 loss: 1.71318, acc: 0.46969
INFO train_tool.py:  86: step_51600 loss: 1.70170, acc: 0.46750
INFO train_tool.py:  86: step_51700 loss: 1.66821, acc: 0.47469
INFO train_tool.py:  86: step_51800 loss: 1.71593, acc: 0.46063
INFO train_tool.py:  86: step_51900 loss: 1.70132, acc: 0.46875
INFO train_tool.py:  86: step_52000 loss: 1.66726, acc: 0.47781
INFO train_tool.py:  95: macro f1: 0.30194 (best: 0.30282)
INFO train_tool.py:  86: step_52100 loss: 1.66181, acc: 0.47563
INFO train_tool.py:  86: step_52200 loss: 1.71922, acc: 0.45344
INFO train_tool.py:  86: step_52300 loss: 1.69787, acc: 0.47281
INFO train_tool.py:  86: step_52400 loss: 1.68149, acc: 0.48156
INFO train_tool.py:  86: step_52500 loss: 1.69759, acc: 0.48250
INFO train_tool.py:  86: step_52600 loss: 1.74435, acc: 0.45813
INFO train_tool.py:  86: step_52700 loss: 1.70325, acc: 0.47187
INFO train_tool.py:  86: step_52800 loss: 1.69043, acc: 0.47406
INFO train_tool.py:  86: step_52900 loss: 1.70306, acc: 0.46750
INFO train_tool.py:  86: step_53000 loss: 1.70382, acc: 0.46219
INFO train_tool.py:  95: macro f1: 0.30096 (best: 0.30282)
INFO train_tool.py:  86: step_53100 loss: 1.71872, acc: 0.47063
INFO train_tool.py:  86: step_53200 loss: 1.71877, acc: 0.47063
INFO train_tool.py:  86: step_53300 loss: 1.70435, acc: 0.47469
INFO train_tool.py:  86: step_53400 loss: 1.69367, acc: 0.47250
INFO train_tool.py:  86: step_53500 loss: 1.68005, acc: 0.47844
INFO train_tool.py:  86: step_53600 loss: 1.68083, acc: 0.47531
INFO train_tool.py:  86: step_53700 loss: 1.72223, acc: 0.46250
INFO train_tool.py:  86: step_53800 loss: 1.70416, acc: 0.46750
INFO train_tool.py:  86: step_53900 loss: 1.71612, acc: 0.47406
INFO train_tool.py:  86: step_54000 loss: 1.69233, acc: 0.47500
INFO train_tool.py:  95: macro f1: 0.30005 (best: 0.30282)
INFO train_tool.py:  86: step_54100 loss: 1.72718, acc: 0.45719
INFO train_tool.py:  86: step_54200 loss: 1.70698, acc: 0.47844
INFO train_tool.py:  86: step_54300 loss: 1.68629, acc: 0.47187
INFO train_tool.py:  86: step_54400 loss: 1.72182, acc: 0.46000
INFO train_tool.py:  86: step_54500 loss: 1.71301, acc: 0.46625
INFO train_tool.py:  86: step_54600 loss: 1.74926, acc: 0.44906
INFO train_tool.py:  86: step_54700 loss: 1.71383, acc: 0.47719
INFO train_tool.py:  86: step_54800 loss: 1.71602, acc: 0.46375
INFO train_tool.py:  86: step_54900 loss: 1.71864, acc: 0.46375
INFO train_tool.py:  86: step_55000 loss: 1.72028, acc: 0.47094
INFO train_tool.py:  95: macro f1: 0.29945 (best: 0.30282)
INFO train_tool.py:  86: step_55100 loss: 1.73033, acc: 0.46344
INFO train_tool.py:  86: step_55200 loss: 1.68897, acc: 0.47406
INFO train_tool.py:  86: step_55300 loss: 1.69715, acc: 0.47563
INFO train_tool.py:  86: step_55400 loss: 1.68946, acc: 0.47125
INFO train_tool.py:  86: step_55500 loss: 1.64445, acc: 0.48719
INFO train_tool.py:  86: step_55600 loss: 1.69675, acc: 0.46687
INFO train_tool.py:  86: step_55700 loss: 1.67772, acc: 0.48156
INFO train_tool.py:  86: step_55800 loss: 1.70680, acc: 0.46656
INFO train_tool.py:  86: step_55900 loss: 1.70429, acc: 0.47687
INFO train_tool.py:  86: step_56000 loss: 1.66410, acc: 0.48906
INFO train_tool.py:  95: macro f1: 0.30100 (best: 0.30282)
INFO train_tool.py:  86: step_56100 loss: 1.70305, acc: 0.46719
INFO train_tool.py:  86: step_56200 loss: 1.65533, acc: 0.48250
INFO train_tool.py:  86: step_56300 loss: 1.74193, acc: 0.45906
INFO train_tool.py:  86: step_56400 loss: 1.72943, acc: 0.46125
INFO train_tool.py:  86: step_56500 loss: 1.68079, acc: 0.47406
INFO train_tool.py:  86: step_56600 loss: 1.72545, acc: 0.45062
INFO train_tool.py:  86: step_56700 loss: 1.67550, acc: 0.48094
INFO train_tool.py:  86: step_56800 loss: 1.68335, acc: 0.48625
INFO train_tool.py:  86: step_56900 loss: 1.72052, acc: 0.46156
INFO train_tool.py:  86: step_57000 loss: 1.70261, acc: 0.47313
INFO train_tool.py:  95: macro f1: 0.30106 (best: 0.30282)
INFO train_tool.py:  86: step_57100 loss: 1.64845, acc: 0.48281
INFO train_tool.py:  86: step_57200 loss: 1.73149, acc: 0.46469
INFO train_tool.py:  86: step_57300 loss: 1.65526, acc: 0.47875
INFO train_tool.py:  86: step_57400 loss: 1.72503, acc: 0.46594
INFO train_tool.py:  86: step_57500 loss: 1.73381, acc: 0.47000
INFO train_tool.py:  86: step_57600 loss: 1.71101, acc: 0.46156
INFO train_tool.py:  86: step_57700 loss: 1.72200, acc: 0.46156
INFO train_tool.py:  86: step_57800 loss: 1.69475, acc: 0.47594
INFO train_tool.py:  86: step_57900 loss: 1.69936, acc: 0.46594
INFO train_tool.py:  86: step_58000 loss: 1.69636, acc: 0.46750
INFO train_tool.py:  95: macro f1: 0.30153 (best: 0.30282)
INFO train_tool.py:  86: step_58100 loss: 1.69818, acc: 0.46906
INFO train_tool.py:  86: step_58200 loss: 1.68530, acc: 0.46125
INFO train_tool.py:  86: step_58300 loss: 1.72454, acc: 0.45781
INFO train_tool.py:  86: step_58400 loss: 1.67394, acc: 0.47781
INFO train_tool.py:  86: step_58500 loss: 1.70310, acc: 0.46063
INFO train_tool.py:  86: step_58600 loss: 1.69375, acc: 0.46906
INFO train_tool.py:  86: step_58700 loss: 1.70847, acc: 0.47094
INFO train_tool.py:  86: step_58800 loss: 1.67604, acc: 0.47000
INFO train_tool.py:  86: step_58900 loss: 1.70987, acc: 0.46000
INFO train_tool.py: 102: End current epoch !
INFO main.py: 130: ### cost time: 650.79 m
INFO main.py: 117: Epoch: 4
INFO main.py: 121: change lr: 0.000010  => 0.000001
INFO train_tool.py:  86: step_59000 loss: 1.72173, acc: 0.46094
INFO train_tool.py:  95: macro f1: 0.30146 (best: 0.27000)
INFO train_tool.py:  86: step_59100 loss: 1.69430, acc: 0.45625
INFO train_tool.py:  86: step_59200 loss: 1.69501, acc: 0.46094
INFO train_tool.py:  86: step_59300 loss: 1.71116, acc: 0.47469
INFO train_tool.py:  86: step_59400 loss: 1.69354, acc: 0.47250
INFO train_tool.py:  86: step_59500 loss: 1.67546, acc: 0.47656
INFO train_tool.py:  86: step_59600 loss: 1.67319, acc: 0.47406
INFO train_tool.py:  86: step_59700 loss: 1.68872, acc: 0.47625
INFO train_tool.py:  86: step_59800 loss: 1.69434, acc: 0.46344
INFO train_tool.py:  86: step_59900 loss: 1.67988, acc: 0.46531
INFO train_tool.py:  86: step_60000 loss: 1.72471, acc: 0.46063
INFO train_tool.py:  95: macro f1: 0.30153 (best: 0.30146)
INFO train_tool.py:  86: step_60100 loss: 1.66892, acc: 0.47687
INFO train_tool.py:  86: step_60200 loss: 1.64049, acc: 0.48469
INFO train_tool.py:  86: step_60300 loss: 1.67602, acc: 0.47594
INFO train_tool.py:  86: step_60400 loss: 1.67541, acc: 0.48469
INFO train_tool.py:  86: step_60500 loss: 1.72149, acc: 0.45531
INFO train_tool.py:  86: step_60600 loss: 1.70647, acc: 0.46531
INFO train_tool.py:  86: step_60700 loss: 1.66889, acc: 0.48125
INFO train_tool.py:  86: step_60800 loss: 1.70486, acc: 0.46094
INFO train_tool.py:  86: step_60900 loss: 1.68779, acc: 0.47281
INFO train_tool.py:  86: step_61000 loss: 1.75003, acc: 0.45125
INFO train_tool.py:  95: macro f1: 0.30152 (best: 0.30153)
INFO train_tool.py:  86: step_61100 loss: 1.70247, acc: 0.47281
INFO train_tool.py:  86: step_61200 loss: 1.71339, acc: 0.46813
INFO train_tool.py:  86: step_61300 loss: 1.67615, acc: 0.47844
INFO train_tool.py:  86: step_61400 loss: 1.69599, acc: 0.47250
INFO train_tool.py:  86: step_61500 loss: 1.68757, acc: 0.47187
INFO train_tool.py:  86: step_61600 loss: 1.70610, acc: 0.47313
INFO train_tool.py:  86: step_61700 loss: 1.65325, acc: 0.48531
INFO train_tool.py:  86: step_61800 loss: 1.71291, acc: 0.46813
INFO train_tool.py:  86: step_61900 loss: 1.72276, acc: 0.46563
INFO train_tool.py:  86: step_62000 loss: 1.70529, acc: 0.47094
INFO train_tool.py:  95: macro f1: 0.30131 (best: 0.30153)
INFO train_tool.py:  86: step_62100 loss: 1.72335, acc: 0.46375
INFO train_tool.py:  86: step_62200 loss: 1.66366, acc: 0.48656
INFO train_tool.py:  86: step_62300 loss: 1.70225, acc: 0.47250
INFO train_tool.py:  86: step_62400 loss: 1.71044, acc: 0.46563
INFO train_tool.py:  86: step_62500 loss: 1.68642, acc: 0.47344
INFO train_tool.py:  86: step_62600 loss: 1.66002, acc: 0.48906
INFO train_tool.py:  86: step_62700 loss: 1.66812, acc: 0.47969
INFO train_tool.py:  86: step_62800 loss: 1.67712, acc: 0.48719
INFO train_tool.py:  86: step_62900 loss: 1.68409, acc: 0.47375
INFO train_tool.py:  86: step_63000 loss: 1.69072, acc: 0.48094
INFO train_tool.py:  95: macro f1: 0.30157 (best: 0.30153)
INFO train_tool.py:  86: step_63100 loss: 1.71371, acc: 0.47219
INFO train_tool.py:  86: step_63200 loss: 1.63382, acc: 0.49938
INFO train_tool.py:  86: step_63300 loss: 1.66071, acc: 0.47313
INFO train_tool.py:  86: step_63400 loss: 1.69191, acc: 0.48125
INFO train_tool.py:  86: step_63500 loss: 1.68752, acc: 0.47531
INFO train_tool.py:  86: step_63600 loss: 1.66619, acc: 0.47625
INFO train_tool.py:  86: step_63700 loss: 1.71871, acc: 0.45813
INFO train_tool.py:  86: step_63800 loss: 1.67126, acc: 0.47875
INFO train_tool.py:  86: step_63900 loss: 1.71277, acc: 0.46187
INFO train_tool.py:  86: step_64000 loss: 1.66043, acc: 0.47375
INFO train_tool.py:  95: macro f1: 0.30151 (best: 0.30157)
INFO train_tool.py:  86: step_64100 loss: 1.74040, acc: 0.45062
INFO train_tool.py:  86: step_64200 loss: 1.66862, acc: 0.47656
INFO train_tool.py:  86: step_64300 loss: 1.68214, acc: 0.46781
INFO train_tool.py:  86: step_64400 loss: 1.68685, acc: 0.47000
INFO train_tool.py:  86: step_64500 loss: 1.68796, acc: 0.47094
INFO train_tool.py:  86: step_64600 loss: 1.71003, acc: 0.46875
INFO train_tool.py:  86: step_64700 loss: 1.68906, acc: 0.45687
INFO train_tool.py:  86: step_64800 loss: 1.73271, acc: 0.45344
INFO train_tool.py:  86: step_64900 loss: 1.73097, acc: 0.45719
INFO train_tool.py:  86: step_65000 loss: 1.69022, acc: 0.47469
INFO train_tool.py:  95: macro f1: 0.30138 (best: 0.30157)
INFO train_tool.py:  86: step_65100 loss: 1.71711, acc: 0.45875
INFO train_tool.py:  86: step_65200 loss: 1.67425, acc: 0.47875
INFO train_tool.py:  86: step_65300 loss: 1.71246, acc: 0.46687
INFO train_tool.py:  86: step_65400 loss: 1.64198, acc: 0.49469
INFO train_tool.py:  86: step_65500 loss: 1.68101, acc: 0.48812
INFO train_tool.py:  86: step_65600 loss: 1.70126, acc: 0.47469
INFO train_tool.py:  86: step_65700 loss: 1.66255, acc: 0.47500
INFO train_tool.py:  86: step_65800 loss: 1.70100, acc: 0.47125
INFO train_tool.py:  86: step_65900 loss: 1.70042, acc: 0.46531
INFO train_tool.py:  86: step_66000 loss: 1.66504, acc: 0.48125
INFO train_tool.py:  95: macro f1: 0.30156 (best: 0.30157)
INFO train_tool.py:  86: step_66100 loss: 1.68954, acc: 0.46469
INFO train_tool.py:  86: step_66200 loss: 1.67705, acc: 0.47125
INFO train_tool.py:  86: step_66300 loss: 1.68740, acc: 0.48031
INFO train_tool.py:  86: step_66400 loss: 1.67085, acc: 0.47750
INFO train_tool.py:  86: step_66500 loss: 1.66586, acc: 0.47063
INFO train_tool.py:  86: step_66600 loss: 1.64959, acc: 0.48500
INFO train_tool.py:  86: step_66700 loss: 1.67787, acc: 0.47219
INFO train_tool.py:  86: step_66800 loss: 1.69313, acc: 0.46937
INFO train_tool.py:  86: step_66900 loss: 1.71957, acc: 0.47375
INFO train_tool.py:  86: step_67000 loss: 1.74079, acc: 0.46125
INFO train_tool.py:  95: macro f1: 0.30155 (best: 0.30157)
INFO train_tool.py:  86: step_67100 loss: 1.69548, acc: 0.47031
INFO train_tool.py:  86: step_67200 loss: 1.71456, acc: 0.45563
INFO train_tool.py:  86: step_67300 loss: 1.69118, acc: 0.46719
INFO train_tool.py:  86: step_67400 loss: 1.67357, acc: 0.46937
INFO train_tool.py:  86: step_67500 loss: 1.66469, acc: 0.48438
INFO train_tool.py:  86: step_67600 loss: 1.70255, acc: 0.47781
INFO train_tool.py:  86: step_67700 loss: 1.71047, acc: 0.45594
INFO train_tool.py:  86: step_67800 loss: 1.69629, acc: 0.48000
INFO train_tool.py:  86: step_67900 loss: 1.65778, acc: 0.47625
INFO train_tool.py:  86: step_68000 loss: 1.68260, acc: 0.47719
INFO train_tool.py:  95: macro f1: 0.30136 (best: 0.30157)
INFO train_tool.py:  86: step_68100 loss: 1.65694, acc: 0.48031
INFO train_tool.py:  86: step_68200 loss: 1.69581, acc: 0.47719
INFO train_tool.py:  86: step_68300 loss: 1.67473, acc: 0.47031
INFO train_tool.py:  86: step_68400 loss: 1.67740, acc: 0.48781
INFO train_tool.py:  86: step_68500 loss: 1.65354, acc: 0.49219
INFO train_tool.py:  86: step_68600 loss: 1.67807, acc: 0.47125
INFO train_tool.py:  86: step_68700 loss: 1.67650, acc: 0.48063
INFO train_tool.py:  86: step_68800 loss: 1.69326, acc: 0.47250
INFO train_tool.py:  86: step_68900 loss: 1.67199, acc: 0.47875
INFO train_tool.py:  86: step_69000 loss: 1.71333, acc: 0.46375
INFO train_tool.py:  95: macro f1: 0.30142 (best: 0.30157)
INFO train_tool.py:  86: step_69100 loss: 1.70355, acc: 0.46250
INFO train_tool.py:  86: step_69200 loss: 1.67462, acc: 0.48063
INFO train_tool.py:  86: step_69300 loss: 1.72449, acc: 0.46500
INFO train_tool.py:  86: step_69400 loss: 1.71635, acc: 0.46313
INFO train_tool.py:  86: step_69500 loss: 1.68857, acc: 0.47875
INFO train_tool.py:  86: step_69600 loss: 1.69506, acc: 0.46563
INFO train_tool.py:  86: step_69700 loss: 1.70540, acc: 0.46375
INFO train_tool.py:  86: step_69800 loss: 1.67871, acc: 0.47687
INFO train_tool.py:  86: step_69900 loss: 1.69967, acc: 0.46219
INFO train_tool.py:  86: step_70000 loss: 1.70099, acc: 0.46937
INFO train_tool.py:  95: macro f1: 0.30143 (best: 0.30157)
INFO train_tool.py:  86: step_70100 loss: 1.70938, acc: 0.47063
INFO train_tool.py:  86: step_70200 loss: 1.68136, acc: 0.48125
INFO train_tool.py:  86: step_70300 loss: 1.70432, acc: 0.46344
INFO train_tool.py:  86: step_70400 loss: 1.65952, acc: 0.48406
INFO train_tool.py:  86: step_70500 loss: 1.68290, acc: 0.47187
INFO train_tool.py:  86: step_70600 loss: 1.67028, acc: 0.48219
INFO train_tool.py:  86: step_70700 loss: 1.66449, acc: 0.48781
INFO train_tool.py:  86: step_70800 loss: 1.72514, acc: 0.46031
INFO train_tool.py:  86: step_70900 loss: 1.69296, acc: 0.46437
INFO train_tool.py:  86: step_71000 loss: 1.68011, acc: 0.46500
INFO train_tool.py:  95: macro f1: 0.30131 (best: 0.30157)
INFO train_tool.py:  86: step_71100 loss: 1.69671, acc: 0.46687
INFO train_tool.py:  86: step_71200 loss: 1.71273, acc: 0.47281
INFO train_tool.py:  86: step_71300 loss: 1.67006, acc: 0.48031
INFO train_tool.py:  86: step_71400 loss: 1.72157, acc: 0.46375
INFO train_tool.py:  86: step_71500 loss: 1.69614, acc: 0.46687
INFO train_tool.py:  86: step_71600 loss: 1.71328, acc: 0.47313
INFO train_tool.py:  86: step_71700 loss: 1.65563, acc: 0.47625
INFO train_tool.py:  86: step_71800 loss: 1.68549, acc: 0.46969
INFO train_tool.py:  86: step_71900 loss: 1.70219, acc: 0.47094
INFO train_tool.py:  86: step_72000 loss: 1.68374, acc: 0.47906
INFO train_tool.py:  95: macro f1: 0.30108 (best: 0.30157)
INFO train_tool.py:  86: step_72100 loss: 1.68120, acc: 0.47281
INFO train_tool.py:  86: step_72200 loss: 1.68284, acc: 0.46781
INFO train_tool.py:  86: step_72300 loss: 1.70020, acc: 0.47406
INFO train_tool.py:  86: step_72400 loss: 1.69723, acc: 0.48281
INFO train_tool.py:  86: step_72500 loss: 1.68329, acc: 0.47156
INFO train_tool.py:  86: step_72600 loss: 1.72278, acc: 0.46656
INFO train_tool.py:  86: step_72700 loss: 1.69126, acc: 0.47125
INFO train_tool.py:  86: step_72800 loss: 1.69302, acc: 0.48875
INFO train_tool.py:  86: step_72900 loss: 1.67577, acc: 0.47375
INFO train_tool.py:  86: step_73000 loss: 1.69507, acc: 0.47594
INFO train_tool.py:  95: macro f1: 0.30102 (best: 0.30157)
INFO train_tool.py:  86: step_73100 loss: 1.69568, acc: 0.47750
INFO train_tool.py:  86: step_73200 loss: 1.67843, acc: 0.46937
INFO train_tool.py:  86: step_73300 loss: 1.69016, acc: 0.47344
INFO train_tool.py:  86: step_73400 loss: 1.72266, acc: 0.45719
INFO train_tool.py:  86: step_73500 loss: 1.67081, acc: 0.48844
INFO train_tool.py:  86: step_73600 loss: 1.71597, acc: 0.46469
INFO train_tool.py: 102: End current epoch !
INFO main.py: 130: ### cost time: 829.53 m
INFO main.py: 117: Epoch: 5
INFO train_tool.py:  86: step_73700 loss: 1.68543, acc: 0.47679
INFO train_tool.py:  86: step_73800 loss: 1.66483, acc: 0.47719
INFO train_tool.py:  86: step_73900 loss: 1.69728, acc: 0.46906
INFO train_tool.py:  86: step_74000 loss: 1.70764, acc: 0.47406
INFO train_tool.py:  95: macro f1: 0.30096 (best: 0.27000)
INFO train_tool.py:  86: step_74100 loss: 1.67685, acc: 0.46969
INFO train_tool.py:  86: step_74200 loss: 1.66750, acc: 0.48125
INFO train_tool.py:  86: step_74300 loss: 1.68000, acc: 0.47063
INFO train_tool.py:  86: step_74400 loss: 1.68930, acc: 0.47375
INFO train_tool.py:  86: step_74500 loss: 1.62794, acc: 0.48812
INFO train_tool.py:  86: step_74600 loss: 1.70697, acc: 0.46187
INFO train_tool.py:  86: step_74700 loss: 1.70779, acc: 0.45937
INFO train_tool.py:  86: step_74800 loss: 1.73862, acc: 0.45500
INFO train_tool.py:  86: step_74900 loss: 1.69707, acc: 0.47250
INFO train_tool.py:  86: step_75000 loss: 1.69821, acc: 0.46937
INFO train_tool.py:  95: macro f1: 0.30087 (best: 0.30096)
INFO train_tool.py:  86: step_75100 loss: 1.67631, acc: 0.48594
INFO train_tool.py:  86: step_75200 loss: 1.67800, acc: 0.46937
INFO train_tool.py:  86: step_75300 loss: 1.68811, acc: 0.48031
INFO train_tool.py:  86: step_75400 loss: 1.69156, acc: 0.47687
INFO train_tool.py:  86: step_75500 loss: 1.69249, acc: 0.48313
INFO train_tool.py:  86: step_75600 loss: 1.68439, acc: 0.47156
INFO train_tool.py:  86: step_75700 loss: 1.66584, acc: 0.48781
INFO train_tool.py:  86: step_75800 loss: 1.69281, acc: 0.47687
INFO train_tool.py:  86: step_75900 loss: 1.67968, acc: 0.47281
INFO train_tool.py:  86: step_76000 loss: 1.69802, acc: 0.46406
INFO train_tool.py:  95: macro f1: 0.30096 (best: 0.30096)
INFO train_tool.py:  86: step_76100 loss: 1.68553, acc: 0.46719
INFO train_tool.py:  86: step_76200 loss: 1.68435, acc: 0.46750
INFO train_tool.py:  86: step_76300 loss: 1.69554, acc: 0.46937
INFO train_tool.py:  86: step_76400 loss: 1.68934, acc: 0.47031
INFO train_tool.py:  86: step_76500 loss: 1.68624, acc: 0.47250
INFO train_tool.py:  86: step_76600 loss: 1.73394, acc: 0.46531
INFO train_tool.py:  86: step_76700 loss: 1.69840, acc: 0.46937
INFO train_tool.py:  86: step_76800 loss: 1.66277, acc: 0.47531
INFO train_tool.py:  86: step_76900 loss: 1.66157, acc: 0.48875
INFO train_tool.py:  86: step_77000 loss: 1.66198, acc: 0.48313
INFO train_tool.py:  95: macro f1: 0.30090 (best: 0.30096)
INFO train_tool.py:  86: step_77100 loss: 1.69449, acc: 0.47563
INFO train_tool.py:  86: step_77200 loss: 1.70089, acc: 0.46000
INFO train_tool.py:  86: step_77300 loss: 1.66089, acc: 0.48219
INFO train_tool.py:  86: step_77400 loss: 1.69923, acc: 0.47219
INFO train_tool.py:  86: step_77500 loss: 1.68628, acc: 0.47937
INFO train_tool.py:  86: step_77600 loss: 1.70718, acc: 0.45844
INFO train_tool.py:  86: step_77700 loss: 1.66533, acc: 0.48719
INFO train_tool.py:  86: step_77800 loss: 1.70188, acc: 0.47531
INFO train_tool.py:  86: step_77900 loss: 1.66693, acc: 0.47875
INFO train_tool.py:  86: step_78000 loss: 1.68651, acc: 0.47344
INFO train_tool.py:  95: macro f1: 0.30091 (best: 0.30096)
INFO train_tool.py:  86: step_78100 loss: 1.72660, acc: 0.45844
INFO train_tool.py:  86: step_78200 loss: 1.68146, acc: 0.46469
INFO train_tool.py:  86: step_78300 loss: 1.68825, acc: 0.47531
INFO train_tool.py:  86: step_78400 loss: 1.70344, acc: 0.46500
INFO train_tool.py:  86: step_78500 loss: 1.69733, acc: 0.46750
INFO train_tool.py:  86: step_78600 loss: 1.66988, acc: 0.46906
INFO train_tool.py:  86: step_78700 loss: 1.67248, acc: 0.47156
INFO train_tool.py:  86: step_78800 loss: 1.72894, acc: 0.46719
INFO train_tool.py:  86: step_78900 loss: 1.68689, acc: 0.46344
INFO train_tool.py:  86: step_79000 loss: 1.66631, acc: 0.47875
INFO train_tool.py:  95: macro f1: 0.30091 (best: 0.30096)
INFO train_tool.py:  86: step_79100 loss: 1.70852, acc: 0.46969
INFO train_tool.py:  86: step_79200 loss: 1.68210, acc: 0.47406
INFO train_tool.py:  86: step_79300 loss: 1.68312, acc: 0.47000
INFO train_tool.py:  86: step_79400 loss: 1.64747, acc: 0.49312
INFO train_tool.py:  86: step_79500 loss: 1.69087, acc: 0.47687
INFO train_tool.py:  86: step_79600 loss: 1.68074, acc: 0.47000
INFO train_tool.py:  86: step_79700 loss: 1.70860, acc: 0.46875
INFO train_tool.py:  86: step_79800 loss: 1.70680, acc: 0.46469
INFO train_tool.py:  86: step_79900 loss: 1.68241, acc: 0.47875
INFO train_tool.py:  86: step_80000 loss: 1.66653, acc: 0.48250
INFO train_tool.py:  95: macro f1: 0.30074 (best: 0.30096)
INFO train_tool.py:  86: step_80100 loss: 1.68557, acc: 0.46875
INFO train_tool.py:  86: step_80200 loss: 1.70130, acc: 0.46687
INFO train_tool.py:  86: step_80300 loss: 1.71039, acc: 0.46563
INFO train_tool.py:  86: step_80400 loss: 1.63226, acc: 0.49438
INFO train_tool.py:  86: step_80500 loss: 1.71600, acc: 0.45687
INFO train_tool.py:  86: step_80600 loss: 1.68602, acc: 0.48219
INFO train_tool.py:  86: step_80700 loss: 1.69884, acc: 0.46219
INFO train_tool.py:  86: step_80800 loss: 1.70502, acc: 0.46781
INFO train_tool.py:  86: step_80900 loss: 1.68979, acc: 0.46469
INFO train_tool.py:  86: step_81000 loss: 1.71135, acc: 0.45625
INFO train_tool.py:  95: macro f1: 0.30096 (best: 0.30096)
INFO train_tool.py:  86: step_81100 loss: 1.69473, acc: 0.46656
INFO train_tool.py:  86: step_81200 loss: 1.68349, acc: 0.47313
INFO train_tool.py:  86: step_81300 loss: 1.69827, acc: 0.47187
INFO train_tool.py:  86: step_81400 loss: 1.73311, acc: 0.45937
INFO train_tool.py:  86: step_81500 loss: 1.70240, acc: 0.46281
INFO train_tool.py:  86: step_81600 loss: 1.68904, acc: 0.47813
INFO train_tool.py:  86: step_81700 loss: 1.68249, acc: 0.46781
INFO train_tool.py:  86: step_81800 loss: 1.73131, acc: 0.46594
INFO train_tool.py:  86: step_81900 loss: 1.67444, acc: 0.47281
INFO train_tool.py:  86: step_82000 loss: 1.69248, acc: 0.47563
INFO train_tool.py:  95: macro f1: 0.30099 (best: 0.30096)
INFO train_tool.py:  86: step_82100 loss: 1.65024, acc: 0.48562
INFO train_tool.py:  86: step_82200 loss: 1.69718, acc: 0.46563
INFO train_tool.py:  86: step_82300 loss: 1.67553, acc: 0.48531
INFO train_tool.py:  86: step_82400 loss: 1.65920, acc: 0.48531
INFO train_tool.py:  86: step_82500 loss: 1.68108, acc: 0.47906
INFO train_tool.py:  86: step_82600 loss: 1.67206, acc: 0.48250
INFO train_tool.py:  86: step_82700 loss: 1.69926, acc: 0.47531
INFO train_tool.py:  86: step_82800 loss: 1.67645, acc: 0.48250
INFO train_tool.py:  86: step_82900 loss: 1.68223, acc: 0.47313
INFO train_tool.py:  86: step_83000 loss: 1.70356, acc: 0.46406
INFO train_tool.py:  95: macro f1: 0.30101 (best: 0.30099)
INFO train_tool.py:  86: step_83100 loss: 1.71948, acc: 0.46125
INFO train_tool.py:  86: step_83200 loss: 1.66474, acc: 0.47937
INFO train_tool.py:  86: step_83300 loss: 1.67970, acc: 0.47500
INFO train_tool.py:  86: step_83400 loss: 1.67870, acc: 0.47437
INFO train_tool.py:  86: step_83500 loss: 1.70427, acc: 0.47219
INFO train_tool.py:  86: step_83600 loss: 1.67579, acc: 0.47594
INFO train_tool.py:  86: step_83700 loss: 1.66682, acc: 0.48156
INFO train_tool.py:  86: step_83800 loss: 1.68274, acc: 0.47156
INFO train_tool.py:  86: step_83900 loss: 1.65946, acc: 0.48812
INFO train_tool.py:  86: step_84000 loss: 1.72138, acc: 0.45875
INFO train_tool.py:  95: macro f1: 0.30095 (best: 0.30101)
INFO train_tool.py:  86: step_84100 loss: 1.67851, acc: 0.47781
INFO train_tool.py:  86: step_84200 loss: 1.73368, acc: 0.45312
INFO train_tool.py:  86: step_84300 loss: 1.72707, acc: 0.46406
INFO train_tool.py:  86: step_84400 loss: 1.69635, acc: 0.48031
INFO train_tool.py:  86: step_84500 loss: 1.71277, acc: 0.46531
INFO train_tool.py:  86: step_84600 loss: 1.63812, acc: 0.49000
INFO train_tool.py:  86: step_84700 loss: 1.70481, acc: 0.47063
INFO train_tool.py:  86: step_84800 loss: 1.71089, acc: 0.46563
INFO train_tool.py:  86: step_84900 loss: 1.73941, acc: 0.46000
INFO train_tool.py:  86: step_85000 loss: 1.69719, acc: 0.47625
INFO train_tool.py:  95: macro f1: 0.30088 (best: 0.30101)
INFO train_tool.py:  86: step_85100 loss: 1.69525, acc: 0.47437
INFO train_tool.py:  86: step_85200 loss: 1.65684, acc: 0.48812
INFO train_tool.py:  86: step_85300 loss: 1.70952, acc: 0.47250
INFO train_tool.py:  86: step_85400 loss: 1.68854, acc: 0.47375
INFO train_tool.py:  86: step_85500 loss: 1.67759, acc: 0.48063
INFO train_tool.py:  86: step_85600 loss: 1.67745, acc: 0.48125
INFO train_tool.py:  86: step_85700 loss: 1.68855, acc: 0.46969
INFO train_tool.py:  86: step_85800 loss: 1.63494, acc: 0.49000
INFO train_tool.py:  86: step_85900 loss: 1.69129, acc: 0.47469
INFO train_tool.py:  86: step_86000 loss: 1.70379, acc: 0.47250
INFO train_tool.py:  95: macro f1: 0.30095 (best: 0.30101)
INFO train_tool.py:  86: step_86100 loss: 1.68688, acc: 0.47156
INFO train_tool.py:  86: step_86200 loss: 1.70182, acc: 0.45969
INFO train_tool.py:  86: step_86300 loss: 1.67471, acc: 0.48469
INFO train_tool.py:  86: step_86400 loss: 1.66818, acc: 0.47406
INFO train_tool.py:  86: step_86500 loss: 1.68335, acc: 0.48187
INFO train_tool.py:  86: step_86600 loss: 1.69744, acc: 0.46687
INFO train_tool.py:  86: step_86700 loss: 1.70062, acc: 0.46281
INFO train_tool.py:  86: step_86800 loss: 1.66084, acc: 0.48063
INFO train_tool.py:  86: step_86900 loss: 1.72790, acc: 0.46000
INFO train_tool.py:  86: step_87000 loss: 1.71135, acc: 0.47625
INFO train_tool.py:  95: macro f1: 0.30112 (best: 0.30101)
INFO train_tool.py:  86: step_87100 loss: 1.65876, acc: 0.48250
INFO train_tool.py:  86: step_87200 loss: 1.72879, acc: 0.46437
INFO train_tool.py:  86: step_87300 loss: 1.71945, acc: 0.46125
INFO train_tool.py:  86: step_87400 loss: 1.71725, acc: 0.46844
INFO train_tool.py:  86: step_87500 loss: 1.70974, acc: 0.46875
INFO train_tool.py:  86: step_87600 loss: 1.66245, acc: 0.48688
INFO train_tool.py:  86: step_87700 loss: 1.71385, acc: 0.46437
INFO train_tool.py:  86: step_87800 loss: 1.68053, acc: 0.46844
INFO train_tool.py:  86: step_87900 loss: 1.68990, acc: 0.47813
INFO train_tool.py:  86: step_88000 loss: 1.65942, acc: 0.48812
INFO train_tool.py:  95: macro f1: 0.30096 (best: 0.30112)
INFO train_tool.py:  86: step_88100 loss: 1.72712, acc: 0.45156
INFO train_tool.py:  86: step_88200 loss: 1.64730, acc: 0.48000
INFO train_tool.py:  86: step_88300 loss: 1.66964, acc: 0.47156
INFO train_tool.py: 102: End current epoch !
INFO main.py: 130: ### cost time: 993.10 m
