Epoch: 0
step_100 loss: 2.58863, acc: 0.25938
step_200 loss: 2.43251, acc: 0.30062
step_300 loss: 2.29944, acc: 0.32594
step_400 loss: 2.31684, acc: 0.32969
step_500 loss: 2.30796, acc: 0.32937
step_600 loss: 2.33343, acc: 0.32281
step_700 loss: 2.25531, acc: 0.33937
step_800 loss: 2.27726, acc: 0.32937
step_900 loss: 2.22470, acc: 0.34187
step_1000 loss: 2.22249, acc: 0.34187
macro f1: 0.19077 (best: 0.29650)
step_1100 loss: 2.22548, acc: 0.33500
step_1200 loss: 2.22508, acc: 0.33469
step_1300 loss: 2.20971, acc: 0.35187
step_1400 loss: 2.20044, acc: 0.35187
step_1500 loss: 2.18343, acc: 0.35156
step_1600 loss: 2.17365, acc: 0.35719
step_1700 loss: 2.17556, acc: 0.35687
step_1800 loss: 2.20957, acc: 0.34844
step_1900 loss: 2.16432, acc: 0.36531
step_2000 loss: 2.20192, acc: 0.35656
macro f1: 0.20504 (best: 0.29650)
step_2100 loss: 2.15302, acc: 0.36594
step_2200 loss: 2.14621, acc: 0.35563
step_2300 loss: 2.16216, acc: 0.34969
step_2400 loss: 2.14362, acc: 0.37375
step_2500 loss: 2.18759, acc: 0.34687
step_2600 loss: 2.17418, acc: 0.36062
step_2700 loss: 2.18998, acc: 0.35313
step_2800 loss: 2.12198, acc: 0.36938
step_2900 loss: 2.16274, acc: 0.35750
step_3000 loss: 2.12066, acc: 0.37219
macro f1: 0.22776 (best: 0.29650)
step_3100 loss: 2.13014, acc: 0.36312
step_3200 loss: 2.10349, acc: 0.36062
step_3300 loss: 2.12291, acc: 0.37469
step_3400 loss: 2.15776, acc: 0.35750
step_3500 loss: 2.13803, acc: 0.37375
step_3600 loss: 2.11668, acc: 0.36156
step_3700 loss: 2.11170, acc: 0.36156
step_3800 loss: 2.14460, acc: 0.36219
step_3900 loss: 2.12028, acc: 0.36781
step_4000 loss: 2.12641, acc: 0.36188
macro f1: 0.24126 (best: 0.29650)
step_4100 loss: 2.11925, acc: 0.36531
step_4200 loss: 2.11288, acc: 0.37125
step_4300 loss: 2.07456, acc: 0.37625
step_4400 loss: 2.09363, acc: 0.36844
step_4500 loss: 2.11405, acc: 0.37031
step_4600 loss: 2.13976, acc: 0.35594
step_4700 loss: 2.12885, acc: 0.36438
step_4800 loss: 2.11815, acc: 0.35750
step_4900 loss: 2.11636, acc: 0.36469
step_5000 loss: 2.06637, acc: 0.38188
macro f1: 0.24839 (best: 0.29650)
step_5100 loss: 2.10494, acc: 0.37344
step_5200 loss: 2.10986, acc: 0.37031
step_5300 loss: 2.10432, acc: 0.36125
step_5400 loss: 2.10918, acc: 0.36406
step_5500 loss: 2.09764, acc: 0.37125
step_5600 loss: 2.06381, acc: 0.37406
step_5700 loss: 2.15171, acc: 0.35875
step_5800 loss: 2.12024, acc: 0.37000
step_5900 loss: 2.07496, acc: 0.37875
step_6000 loss: 2.11199, acc: 0.36094
macro f1: 0.25375 (best: 0.29650)
step_6100 loss: 2.07745, acc: 0.37750
step_6200 loss: 2.06921, acc: 0.37719
step_6300 loss: 2.11188, acc: 0.36969
step_6400 loss: 2.09933, acc: 0.37688
step_6500 loss: 2.11702, acc: 0.35656
step_6600 loss: 2.07018, acc: 0.37906
step_6700 loss: 2.05955, acc: 0.36781
step_6800 loss: 2.02854, acc: 0.39000
step_6900 loss: 2.06400, acc: 0.38812
step_7000 loss: 2.03675, acc: 0.38812
macro f1: 0.25130 (best: 0.29650)
step_7100 loss: 2.06899, acc: 0.38125
step_7200 loss: 2.06775, acc: 0.37875
step_7300 loss: 2.08153, acc: 0.38188
step_7400 loss: 2.07351, acc: 0.37000
step_7500 loss: 2.07206, acc: 0.37281
step_7600 loss: 2.06280, acc: 0.38125
step_7700 loss: 2.06438, acc: 0.37875
step_7800 loss: 2.05805, acc: 0.37875
step_7900 loss: 2.03081, acc: 0.38719
step_8000 loss: 2.02777, acc: 0.39187
macro f1: 0.24879 (best: 0.29650)
step_8100 loss: 2.06158, acc: 0.38156
step_8200 loss: 2.06562, acc: 0.38000
step_8300 loss: 2.05996, acc: 0.37938
step_8400 loss: 2.03932, acc: 0.38875
step_8500 loss: 2.01965, acc: 0.39281
step_8600 loss: 2.05845, acc: 0.39156
step_8700 loss: 2.00379, acc: 0.39437
step_8800 loss: 2.00796, acc: 0.39969
step_8900 loss: 2.06088, acc: 0.37969
step_9000 loss: 2.04834, acc: 0.38750
macro f1: 0.26554 (best: 0.29650)
step_9100 loss: 2.07575, acc: 0.35781
step_9200 loss: 2.00483, acc: 0.39906
step_9300 loss: 2.05665, acc: 0.37625
step_9400 loss: 2.06140, acc: 0.38219
step_9500 loss: 2.03828, acc: 0.38469
step_9600 loss: 2.03121, acc: 0.38375
step_9700 loss: 2.02822, acc: 0.38594
step_9800 loss: 2.02353, acc: 0.39156
step_9900 loss: 2.02599, acc: 0.38844
step_10000 loss: 2.05001, acc: 0.38469
macro f1: 0.26638 (best: 0.29650)
step_10100 loss: 2.05760, acc: 0.38500
step_10200 loss: 2.03644, acc: 0.38219
step_10300 loss: 2.05961, acc: 0.37750
step_10400 loss: 2.07894, acc: 0.38219
step_10500 loss: 2.02118, acc: 0.38406
step_10600 loss: 2.05265, acc: 0.37969
step_10700 loss: 2.06974, acc: 0.38531
step_10800 loss: 2.07417, acc: 0.37906
step_10900 loss: 2.04727, acc: 0.38594
step_11000 loss: 2.01729, acc: 0.39125
macro f1: 0.26574 (best: 0.29650)
step_11100 loss: 2.02618, acc: 0.39500
step_11200 loss: 2.03184, acc: 0.37875
step_11300 loss: 2.05785, acc: 0.37906
step_11400 loss: 2.03069, acc: 0.38625
step_11500 loss: 2.04008, acc: 0.38938
step_11600 loss: 2.00692, acc: 0.38812
step_11700 loss: 2.00163, acc: 0.38938
step_11800 loss: 2.00280, acc: 0.38938
step_11900 loss: 2.00150, acc: 0.40469
step_12000 loss: 1.99642, acc: 0.38719
macro f1: 0.26203 (best: 0.29650)
step_12100 loss: 2.05390, acc: 0.38719
step_12200 loss: 2.00090, acc: 0.38656
step_12300 loss: 2.04250, acc: 0.38938
step_12400 loss: 2.00084, acc: 0.39500
step_12500 loss: 2.02530, acc: 0.39625
step_12600 loss: 2.00138, acc: 0.39500
step_12700 loss: 2.01236, acc: 0.38156
step_12800 loss: 2.00909, acc: 0.38000
step_12900 loss: 2.01914, acc: 0.39062
step_13000 loss: 2.00575, acc: 0.40375
macro f1: 0.26789 (best: 0.29650)
step_13100 loss: 1.99250, acc: 0.40437
step_13200 loss: 1.98230, acc: 0.40344
step_13300 loss: 2.00629, acc: 0.40687
step_13400 loss: 1.99090, acc: 0.40437
step_13500 loss: 2.02784, acc: 0.39687
step_13600 loss: 1.94905, acc: 0.40187
step_13700 loss: 2.04171, acc: 0.38938
step_13800 loss: 1.95672, acc: 0.40937
step_13900 loss: 1.95194, acc: 0.40656
step_14000 loss: 2.00054, acc: 0.38938
macro f1: 0.26733 (best: 0.29650)
step_14100 loss: 2.00590, acc: 0.39813
step_14200 loss: 2.01060, acc: 0.39781
step_14300 loss: 2.00888, acc: 0.39281
step_14400 loss: 2.00725, acc: 0.38750
step_14500 loss: 2.00513, acc: 0.38938
step_14600 loss: 2.00845, acc: 0.38656
step_14700 loss: 1.98294, acc: 0.39469
step_14800 loss: 2.01793, acc: 0.38438
step_14900 loss: 1.99523, acc: 0.40469
step_15000 loss: 1.98885, acc: 0.39250
macro f1: 0.25698 (best: 0.29650)
step_15100 loss: 2.01044, acc: 0.39531
step_15200 loss: 1.95817, acc: 0.39813
step_15300 loss: 1.98369, acc: 0.39719
step_15400 loss: 1.92715, acc: 0.41344
step_15500 loss: 2.00651, acc: 0.39344
step_15600 loss: 1.92585, acc: 0.40781
step_15700 loss: 2.06106, acc: 0.37625
step_15800 loss: 1.99048, acc: 0.40469
step_15900 loss: 1.98805, acc: 0.40281
step_16000 loss: 2.00187, acc: 0.38938
macro f1: 0.27503 (best: 0.29650)
step_16100 loss: 1.99056, acc: 0.38812
step_16200 loss: 1.97244, acc: 0.40219
step_16300 loss: 1.96167, acc: 0.40687
step_16400 loss: 1.99523, acc: 0.40406
step_16500 loss: 1.98278, acc: 0.39531
step_16600 loss: 1.96639, acc: 0.40437
step_16700 loss: 1.95882, acc: 0.40937
step_16800 loss: 2.03762, acc: 0.39375
step_16900 loss: 1.96338, acc: 0.40687
step_17000 loss: 1.96261, acc: 0.40094
macro f1: 0.27819 (best: 0.29650)
step_17100 loss: 1.97544, acc: 0.40313
step_17200 loss: 1.95992, acc: 0.41750
step_17300 loss: 1.95059, acc: 0.41500
step_17400 loss: 1.99247, acc: 0.39094
step_17500 loss: 1.97470, acc: 0.39563
step_17600 loss: 1.98536, acc: 0.40063
step_17700 loss: 1.95009, acc: 0.40063
step_17800 loss: 1.98698, acc: 0.39469
step_17900 loss: 1.93377, acc: 0.41469
step_18000 loss: 1.94207, acc: 0.41094
macro f1: 0.26159 (best: 0.29650)
step_18100 loss: 1.96624, acc: 0.40844
step_18200 loss: 1.98704, acc: 0.39375
step_18300 loss: 1.96078, acc: 0.40000
step_18400 loss: 1.98082, acc: 0.39625
step_18500 loss: 1.93758, acc: 0.40813
step_18600 loss: 1.95802, acc: 0.41250
step_18700 loss: 1.96749, acc: 0.40187
step_18800 loss: 1.95489, acc: 0.40937
step_18900 loss: 1.91650, acc: 0.41469
step_19000 loss: 1.92021, acc: 0.41625
macro f1: 0.26394 (best: 0.29650)
step_19100 loss: 1.93162, acc: 0.41687
step_19200 loss: 1.97761, acc: 0.40406
step_19300 loss: 1.93904, acc: 0.41094
step_19400 loss: 1.90410, acc: 0.41375
step_19500 loss: 1.97182, acc: 0.40063
step_19600 loss: 1.93577, acc: 0.40875
step_19700 loss: 1.94647, acc: 0.41437
step_19800 loss: 1.94864, acc: 0.41125
step_19900 loss: 1.93939, acc: 0.41781
step_20000 loss: 1.97949, acc: 0.40187
macro f1: 0.27622 (best: 0.29650)
step_20100 loss: 1.93728, acc: 0.41250
step_20200 loss: 1.91383, acc: 0.42031
step_20300 loss: 1.91265, acc: 0.41375
step_20400 loss: 1.96117, acc: 0.39844
step_20500 loss: 1.91837, acc: 0.42219
step_20600 loss: 1.97451, acc: 0.39813
step_20700 loss: 1.93440, acc: 0.41906
step_20800 loss: 1.96579, acc: 0.40844
step_20900 loss: 1.95104, acc: 0.41219
step_21000 loss: 1.97018, acc: 0.39875
macro f1: 0.27197 (best: 0.29650)
step_21100 loss: 1.96595, acc: 0.40500
step_21200 loss: 1.94102, acc: 0.41125
step_21300 loss: 1.92145, acc: 0.42031
step_21400 loss: 1.88274, acc: 0.41813
step_21500 loss: 1.93304, acc: 0.41719
step_21600 loss: 1.92266, acc: 0.41250
step_21700 loss: 1.92142, acc: 0.41906
step_21800 loss: 1.94991, acc: 0.40375
step_21900 loss: 1.92078, acc: 0.41344
step_22000 loss: 1.89652, acc: 0.42406
macro f1: 0.27698 (best: 0.29650)
step_22100 loss: 1.93384, acc: 0.40594
step_22200 loss: 1.90241, acc: 0.42750
step_22300 loss: 1.92430, acc: 0.41781
step_22400 loss: 1.93632, acc: 0.41125
step_22500 loss: 1.90718, acc: 0.41844
step_22600 loss: 1.93191, acc: 0.41625
step_22700 loss: 1.96055, acc: 0.41313
step_22800 loss: 1.93974, acc: 0.40969
step_22900 loss: 1.83243, acc: 0.44062
step_23000 loss: 1.90215, acc: 0.42344
macro f1: 0.27865 (best: 0.29650)
step_23100 loss: 1.92425, acc: 0.41187
step_23200 loss: 1.91150, acc: 0.40906
step_23300 loss: 1.87097, acc: 0.42156
step_23400 loss: 1.90609, acc: 0.42500
step_23500 loss: 1.94805, acc: 0.41625
step_23600 loss: 1.88546, acc: 0.42969
step_23700 loss: 1.88859, acc: 0.42594
step_23800 loss: 1.89086, acc: 0.43156
step_23900 loss: 1.92290, acc: 0.42406
step_24000 loss: 1.89659, acc: 0.42469
macro f1: 0.27701 (best: 0.29650)
step_24100 loss: 1.90022, acc: 0.42625
step_24200 loss: 1.93252, acc: 0.42312
step_24300 loss: 1.93029, acc: 0.41281
step_24400 loss: 1.83988, acc: 0.43281
step_24500 loss: 1.88371, acc: 0.42812
step_24600 loss: 1.90043, acc: 0.42344
step_24700 loss: 1.93442, acc: 0.40750
step_24800 loss: 1.92187, acc: 0.41437
step_24900 loss: 1.87942, acc: 0.42125
step_25000 loss: 1.90096, acc: 0.42594
macro f1: 0.28269 (best: 0.29650)
step_25100 loss: 1.85631, acc: 0.43219
step_25200 loss: 1.88863, acc: 0.41594
step_25300 loss: 1.90386, acc: 0.41687
step_25400 loss: 1.93123, acc: 0.41063
step_25500 loss: 1.89948, acc: 0.41563
step_25600 loss: 1.92925, acc: 0.41531
step_25700 loss: 1.88529, acc: 0.42844
step_25800 loss: 1.86132, acc: 0.43688
step_25900 loss: 1.91330, acc: 0.40625
step_26000 loss: 1.92398, acc: 0.41687
macro f1: 0.28085 (best: 0.29650)
step_26100 loss: 1.90461, acc: 0.42500
step_26200 loss: 1.89427, acc: 0.41656
step_26300 loss: 1.90597, acc: 0.41750
step_26400 loss: 1.88369, acc: 0.42438
step_26500 loss: 1.91183, acc: 0.42281
step_26600 loss: 1.90669, acc: 0.42500
step_26700 loss: 1.89657, acc: 0.42312
step_26800 loss: 1.92981, acc: 0.42000
step_26900 loss: 1.90605, acc: 0.42969
step_27000 loss: 1.87085, acc: 0.41813
macro f1: 0.28564 (best: 0.29650)
step_27100 loss: 1.84400, acc: 0.44312
step_27200 loss: 1.85270, acc: 0.43594
step_27300 loss: 1.84920, acc: 0.43562
step_27400 loss: 1.85397, acc: 0.43531
step_27500 loss: 1.87477, acc: 0.43719
step_27600 loss: 1.92622, acc: 0.42375
step_27700 loss: 1.85795, acc: 0.42781
step_27800 loss: 1.89777, acc: 0.42156
step_27900 loss: 1.87091, acc: 0.42031
step_28000 loss: 1.88402, acc: 0.43312
macro f1: 0.27440 (best: 0.29650)
step_28100 loss: 1.88982, acc: 0.43062
step_28200 loss: 1.87114, acc: 0.43812
step_28300 loss: 1.83425, acc: 0.43906
step_28400 loss: 1.89673, acc: 0.41719
step_28500 loss: 1.87710, acc: 0.43719
step_28600 loss: 1.87259, acc: 0.42531
step_28700 loss: 1.88833, acc: 0.41594
step_28800 loss: 1.85972, acc: 0.44562
step_28900 loss: 1.86303, acc: 0.42000
step_29000 loss: 1.85517, acc: 0.42875
macro f1: 0.28444 (best: 0.29650)
step_29100 loss: 1.88280, acc: 0.42344
step_29200 loss: 1.89058, acc: 0.42438
step_29300 loss: 1.84975, acc: 0.42812
step_29400 loss: 1.84594, acc: 0.44688
step_29500 loss: 1.88821, acc: 0.42938
step_29600 loss: 1.83825, acc: 0.45250
step_29700 loss: 1.88193, acc: 0.42781
step_29800 loss: 1.87847, acc: 0.43344
step_29900 loss: 1.83491, acc: 0.43875
step_30000 loss: 1.77938, acc: 0.45750
macro f1: 0.28864 (best: 0.29650)
step_30100 loss: 1.82483, acc: 0.44812
step_30200 loss: 1.86068, acc: 0.42844
step_30300 loss: 1.83876, acc: 0.44000
step_30400 loss: 1.89372, acc: 0.41969
step_30500 loss: 1.81903, acc: 0.43844
step_30600 loss: 1.87912, acc: 0.43000
step_30700 loss: 1.80676, acc: 0.45406
step_30800 loss: 1.83524, acc: 0.44594
step_30900 loss: 1.86415, acc: 0.42500
step_31000 loss: 1.84409, acc: 0.44406
macro f1: 0.28515 (best: 0.29650)
step_31100 loss: 1.86727, acc: 0.42656
step_31200 loss: 1.84996, acc: 0.42750
step_31300 loss: 1.85987, acc: 0.43531
step_31400 loss: 1.84946, acc: 0.43094
step_31500 loss: 1.86095, acc: 0.44000
step_31600 loss: 1.88153, acc: 0.42750
step_31700 loss: 1.83031, acc: 0.43781
step_31800 loss: 1.85304, acc: 0.43312
step_31900 loss: 1.83157, acc: 0.44000
step_32000 loss: 1.84257, acc: 0.44094
macro f1: 0.28817 (best: 0.29650)
step_32100 loss: 1.82443, acc: 0.44438
step_32200 loss: 1.85370, acc: 0.43000
step_32300 loss: 1.84171, acc: 0.43844
step_32400 loss: 1.85038, acc: 0.42875
step_32500 loss: 1.85855, acc: 0.43812
step_32600 loss: 1.84218, acc: 0.43656
step_32700 loss: 1.84460, acc: 0.43438
step_32800 loss: 1.85843, acc: 0.42844
step_32900 loss: 1.84841, acc: 0.44312
step_33000 loss: 1.84320, acc: 0.42031
macro f1: 0.29321 (best: 0.29650)
step_33100 loss: 1.82588, acc: 0.44906
step_33200 loss: 1.83234, acc: 0.44031
step_33300 loss: 1.83066, acc: 0.44531
step_33400 loss: 1.81549, acc: 0.43312
step_33500 loss: 1.83094, acc: 0.45344
step_33600 loss: 1.81944, acc: 0.44281
step_33700 loss: 1.83386, acc: 0.43500
step_33800 loss: 1.80219, acc: 0.45094
step_33900 loss: 1.82242, acc: 0.43719
step_34000 loss: 1.88302, acc: 0.42875
macro f1: 0.27505 (best: 0.29650)
step_34100 loss: 1.83020, acc: 0.43875
step_34200 loss: 1.83913, acc: 0.44062
step_34300 loss: 1.76559, acc: 0.45312
step_34400 loss: 1.85595, acc: 0.43688
step_34500 loss: 1.81495, acc: 0.43938
step_34600 loss: 1.81746, acc: 0.44469
step_34700 loss: 1.81596, acc: 0.44406
step_34800 loss: 1.82584, acc: 0.44156
step_34900 loss: 1.81129, acc: 0.45188
step_35000 loss: 1.81427, acc: 0.44500
macro f1: 0.28846 (best: 0.29650)
step_35100 loss: 1.82710, acc: 0.45281
step_35200 loss: 1.79719, acc: 0.45906
step_35300 loss: 1.86098, acc: 0.42875
step_35400 loss: 1.83286, acc: 0.44281
step_35500 loss: 1.84515, acc: 0.44281
step_35600 loss: 1.79815, acc: 0.45062
step_35700 loss: 1.78523, acc: 0.45344
step_35800 loss: 1.77680, acc: 0.47094
step_35900 loss: 1.81986, acc: 0.45031
step_36000 loss: 1.81114, acc: 0.44625
macro f1: 0.28674 (best: 0.29650)
step_36100 loss: 1.81889, acc: 0.44688
step_36200 loss: 1.83378, acc: 0.45750
step_36300 loss: 1.80962, acc: 0.44844
step_36400 loss: 1.80254, acc: 0.44594
step_36500 loss: 1.80917, acc: 0.44594
step_36600 loss: 1.73133, acc: 0.47594
step_36700 loss: 1.82452, acc: 0.42906
step_36800 loss: 1.81874, acc: 0.44188
step_36900 loss: 1.81961, acc: 0.44188
step_37000 loss: 1.78405, acc: 0.45531
macro f1: 0.28216 (best: 0.29650)
step_37100 loss: 1.78776, acc: 0.44844
step_37200 loss: 1.80896, acc: 0.44750
step_37300 loss: 1.83542, acc: 0.44938
step_37400 loss: 1.78619, acc: 0.45656
step_37500 loss: 1.79612, acc: 0.45625
step_37600 loss: 1.80085, acc: 0.44125
step_37700 loss: 1.79760, acc: 0.44531
step_37800 loss: 1.77628, acc: 0.45844
step_37900 loss: 1.78931, acc: 0.44625
step_38000 loss: 1.75381, acc: 0.46281
macro f1: 0.28532 (best: 0.29650)
step_38100 loss: 1.80658, acc: 0.44219
step_38200 loss: 1.82257, acc: 0.43656
step_38300 loss: 1.78487, acc: 0.45312
step_38400 loss: 1.82366, acc: 0.44188
step_38500 loss: 1.79492, acc: 0.45406
step_38600 loss: 1.76960, acc: 0.45719
step_38700 loss: 1.76888, acc: 0.46219
step_38800 loss: 1.78330, acc: 0.45250
step_38900 loss: 1.80037, acc: 0.45906
step_39000 loss: 1.77148, acc: 0.44344
macro f1: 0.28949 (best: 0.29650)
step_39100 loss: 1.79769, acc: 0.45437
step_39200 loss: 1.77968, acc: 0.44625
step_39300 loss: 1.80464, acc: 0.44750
step_39400 loss: 1.81845, acc: 0.44594
step_39500 loss: 1.79583, acc: 0.45813
step_39600 loss: 1.77221, acc: 0.45156
step_39700 loss: 1.77792, acc: 0.45437
step_39800 loss: 1.82519, acc: 0.44469
step_39900 loss: 1.80364, acc: 0.43844
step_40000 loss: 1.80977, acc: 0.43906
macro f1: 0.29010 (best: 0.29650)
step_40100 loss: 1.82271, acc: 0.45125
step_40200 loss: 1.79838, acc: 0.45062
step_40300 loss: 1.72784, acc: 0.46063
step_40400 loss: 1.76758, acc: 0.45469
step_40500 loss: 1.80254, acc: 0.45188
step_40600 loss: 1.77781, acc: 0.46500
step_40700 loss: 1.75261, acc: 0.45656
step_40800 loss: 1.79705, acc: 0.45719
step_40900 loss: 1.76626, acc: 0.45687
step_41000 loss: 1.78980, acc: 0.44750
macro f1: 0.28225 (best: 0.29650)
step_41100 loss: 1.78126, acc: 0.45031
step_41200 loss: 1.77117, acc: 0.46250
step_41300 loss: 1.77487, acc: 0.46437
step_41400 loss: 1.75552, acc: 0.45219
step_41500 loss: 1.79577, acc: 0.45219
step_41600 loss: 1.78933, acc: 0.45719
step_41700 loss: 1.74488, acc: 0.47031
step_41800 loss: 1.80325, acc: 0.45500
step_41900 loss: 1.75481, acc: 0.46719
step_42000 loss: 1.71124, acc: 0.48344
macro f1: 0.28693 (best: 0.29650)
step_42100 loss: 1.75632, acc: 0.45406
step_42200 loss: 1.74325, acc: 0.46344
step_42300 loss: 1.74093, acc: 0.46719
step_42400 loss: 1.73426, acc: 0.46875
step_42500 loss: 1.78437, acc: 0.44844
step_42600 loss: 1.74154, acc: 0.46406
step_42700 loss: 1.77671, acc: 0.45375
step_42800 loss: 1.79063, acc: 0.46156
step_42900 loss: 1.74468, acc: 0.47344
step_43000 loss: 1.75389, acc: 0.45656
macro f1: 0.28868 (best: 0.29650)
step_43100 loss: 1.72899, acc: 0.46563
step_43200 loss: 1.74661, acc: 0.46906
step_43300 loss: 1.74196, acc: 0.46375
step_43400 loss: 1.73320, acc: 0.47656
step_43500 loss: 1.75192, acc: 0.46937
step_43600 loss: 1.76604, acc: 0.46625
step_43700 loss: 1.79514, acc: 0.44562
step_43800 loss: 1.73344, acc: 0.46875
step_43900 loss: 1.73868, acc: 0.47375
step_44000 loss: 1.75118, acc: 0.45344
macro f1: 0.28013 (best: 0.29650)
step_44100 loss: 1.71886, acc: 0.47313
step_44200 loss: 1.74520, acc: 0.46906
step_44300 loss: 1.75101, acc: 0.47406
step_44400 loss: 1.74361, acc: 0.46469
step_44500 loss: 1.76920, acc: 0.45906
step_44600 loss: 1.76498, acc: 0.45469
step_44700 loss: 1.74754, acc: 0.46781
step_44800 loss: 1.76399, acc: 0.45437
step_44900 loss: 1.74945, acc: 0.47031
step_45000 loss: 1.74566, acc: 0.46125
macro f1: 0.29000 (best: 0.29650)
step_45100 loss: 1.71240, acc: 0.48063
step_45200 loss: 1.73966, acc: 0.46406
step_45300 loss: 1.75493, acc: 0.46719
step_45400 loss: 1.72146, acc: 0.46844
step_45500 loss: 1.70537, acc: 0.48125
step_45600 loss: 1.70565, acc: 0.47875
step_45700 loss: 1.67822, acc: 0.49906
step_45800 loss: 1.70557, acc: 0.48688
step_45900 loss: 1.72757, acc: 0.47000
step_46000 loss: 1.73942, acc: 0.46844
macro f1: 0.28351 (best: 0.29650)
step_46100 loss: 1.75834, acc: 0.46750
step_46200 loss: 1.74479, acc: 0.45437
step_46300 loss: 1.76183, acc: 0.46719
step_46400 loss: 1.68129, acc: 0.48469
step_46500 loss: 1.67488, acc: 0.48750
step_46600 loss: 1.70200, acc: 0.46937
step_46700 loss: 1.75336, acc: 0.46156
step_46800 loss: 1.74024, acc: 0.46375
step_46900 loss: 1.76125, acc: 0.46250
step_47000 loss: 1.67497, acc: 0.48875
macro f1: 0.28096 (best: 0.29650)
step_47100 loss: 1.71934, acc: 0.46375
step_47200 loss: 1.72833, acc: 0.47281
step_47300 loss: 1.70831, acc: 0.48375
step_47400 loss: 1.69537, acc: 0.49188
step_47500 loss: 1.74191, acc: 0.46781
step_47600 loss: 1.74556, acc: 0.46656
step_47700 loss: 1.72242, acc: 0.46781
step_47800 loss: 1.76159, acc: 0.46187
step_47900 loss: 1.71110, acc: 0.48250
step_48000 loss: 1.70284, acc: 0.48031
macro f1: 0.28808 (best: 0.29650)
step_48100 loss: 1.70086, acc: 0.48469
step_48200 loss: 1.76046, acc: 0.46375
step_48300 loss: 1.71406, acc: 0.48375
step_48400 loss: 1.72142, acc: 0.48094
step_48500 loss: 1.70274, acc: 0.47906
step_48600 loss: 1.73654, acc: 0.46844
step_48700 loss: 1.70912, acc: 0.47906
step_48800 loss: 1.66703, acc: 0.48688
step_48900 loss: 1.70803, acc: 0.48094
step_49000 loss: 1.66225, acc: 0.48438
macro f1: 0.29063 (best: 0.29650)
step_49100 loss: 1.69649, acc: 0.47531
step_49200 loss: 1.66753, acc: 0.49250
step_49300 loss: 1.67086, acc: 0.47719
step_49400 loss: 1.72627, acc: 0.45625
step_49500 loss: 1.69049, acc: 0.48438
step_49600 loss: 1.72429, acc: 0.46937
step_49700 loss: 1.70034, acc: 0.47750
step_49800 loss: 1.70702, acc: 0.47531
step_49900 loss: 1.68726, acc: 0.48344
step_50000 loss: 1.67120, acc: 0.48281
macro f1: 0.28912 (best: 0.29650)
step_50100 loss: 1.73206, acc: 0.46656
step_50200 loss: 1.69803, acc: 0.48375
step_50300 loss: 1.72410, acc: 0.47375
step_50400 loss: 1.68461, acc: 0.49062
step_50500 loss: 1.68520, acc: 0.48500
step_50600 loss: 1.68527, acc: 0.48500
step_50700 loss: 1.63886, acc: 0.50000
step_50800 loss: 1.67698, acc: 0.48656
step_50900 loss: 1.69319, acc: 0.47719
step_51000 loss: 1.72830, acc: 0.47125
macro f1: 0.27752 (best: 0.29650)
step_51100 loss: 1.73109, acc: 0.46687
step_51200 loss: 1.72483, acc: 0.46563
step_51300 loss: 1.72978, acc: 0.47000
step_51400 loss: 1.71956, acc: 0.47406
step_51500 loss: 1.68388, acc: 0.48313
step_51600 loss: 1.69049, acc: 0.47844
step_51700 loss: 1.67882, acc: 0.48688
step_51800 loss: 1.71475, acc: 0.46313
step_51900 loss: 1.66063, acc: 0.50031
step_52000 loss: 1.73327, acc: 0.47156
macro f1: 0.29001 (best: 0.29650)
step_52100 loss: 1.69866, acc: 0.47875
step_52200 loss: 1.70659, acc: 0.47844
step_52300 loss: 1.67125, acc: 0.49156
step_52400 loss: 1.68738, acc: 0.48406
step_52500 loss: 1.71108, acc: 0.48000
step_52600 loss: 1.68505, acc: 0.47813
step_52700 loss: 1.69629, acc: 0.48156
step_52800 loss: 1.65649, acc: 0.48844
step_52900 loss: 1.72146, acc: 0.46781
step_53000 loss: 1.62981, acc: 0.49562
macro f1: 0.28818 (best: 0.29650)
step_53100 loss: 1.68938, acc: 0.48469
step_53200 loss: 1.68592, acc: 0.47906
step_53300 loss: 1.67637, acc: 0.47937
step_53400 loss: 1.67262, acc: 0.48562
step_53500 loss: 1.67505, acc: 0.50000
step_53600 loss: 1.68793, acc: 0.47750
step_53700 loss: 1.67583, acc: 0.47906
step_53800 loss: 1.66955, acc: 0.48344
step_53900 loss: 1.65863, acc: 0.49250
step_54000 loss: 1.67894, acc: 0.48000
macro f1: 0.28461 (best: 0.29650)
step_54100 loss: 1.69811, acc: 0.47000
step_54200 loss: 1.70903, acc: 0.46563
step_54300 loss: 1.65759, acc: 0.49156
step_54400 loss: 1.69149, acc: 0.47875
step_54500 loss: 1.65974, acc: 0.47656
step_54600 loss: 1.64041, acc: 0.49844
step_54700 loss: 1.67091, acc: 0.48594
step_54800 loss: 1.67591, acc: 0.48438
step_54900 loss: 1.63650, acc: 0.50625
step_55000 loss: 1.64988, acc: 0.49438
macro f1: 0.28838 (best: 0.29650)
step_55100 loss: 1.64247, acc: 0.50344
step_55200 loss: 1.66738, acc: 0.48938
step_55300 loss: 1.66597, acc: 0.47437
step_55400 loss: 1.66509, acc: 0.48625
step_55500 loss: 1.68675, acc: 0.48656
step_55600 loss: 1.64757, acc: 0.49438
step_55700 loss: 1.64904, acc: 0.48938
step_55800 loss: 1.66991, acc: 0.48812
step_55900 loss: 1.68859, acc: 0.47656
step_56000 loss: 1.65743, acc: 0.49250
macro f1: 0.28740 (best: 0.29650)
step_56100 loss: 1.63663, acc: 0.48781
step_56200 loss: 1.64837, acc: 0.50094
step_56300 loss: 1.67069, acc: 0.48625
step_56400 loss: 1.66608, acc: 0.49094
step_56500 loss: 1.66675, acc: 0.49250
step_56600 loss: 1.68358, acc: 0.48281
step_56700 loss: 1.65459, acc: 0.48000
step_56800 loss: 1.61563, acc: 0.51344
step_56900 loss: 1.64500, acc: 0.49312
step_57000 loss: 1.64269, acc: 0.49125
macro f1: 0.28997 (best: 0.29650)
step_57100 loss: 1.63668, acc: 0.49406
step_57200 loss: 1.66657, acc: 0.49062
step_57300 loss: 1.65503, acc: 0.49031
step_57400 loss: 1.66764, acc: 0.48594
step_57500 loss: 1.61812, acc: 0.50375
step_57600 loss: 1.63924, acc: 0.49875
step_57700 loss: 1.62011, acc: 0.49469
step_57800 loss: 1.60072, acc: 0.50656
step_57900 loss: 1.64019, acc: 0.49719
step_58000 loss: 1.66181, acc: 0.49312
macro f1: 0.28644 (best: 0.29650)
step_58100 loss: 1.65800, acc: 0.47969
step_58200 loss: 1.66858, acc: 0.49438
step_58300 loss: 1.60967, acc: 0.50375
step_58400 loss: 1.61178, acc: 0.51094
step_58500 loss: 1.67864, acc: 0.48375
step_58600 loss: 1.61357, acc: 0.49812
step_58700 loss: 1.64065, acc: 0.49594
step_58800 loss: 1.62187, acc: 0.50062
step_58900 loss: 1.60434, acc: 0.51375
End current epoch !
### cost time: 464.51 m
Epoch: 1
change lr: 0.001000  => 0.000100
step_59000 loss: 1.49173, acc: 0.53652
macro f1: 0.29050 (best: 0.29650)
step_59100 loss: 1.48374, acc: 0.54250
step_59200 loss: 1.40975, acc: 0.56563
step_59300 loss: 1.45406, acc: 0.55281
step_59400 loss: 1.41935, acc: 0.54937
step_59500 loss: 1.41943, acc: 0.55656
step_59600 loss: 1.45381, acc: 0.54844
step_59700 loss: 1.38804, acc: 0.56906
step_59800 loss: 1.44778, acc: 0.55500
step_59900 loss: 1.41444, acc: 0.56719
step_60000 loss: 1.44236, acc: 0.55437
macro f1: 0.29167 (best: 0.29650)
step_60100 loss: 1.43274, acc: 0.56406
step_60200 loss: 1.45325, acc: 0.54625
step_60300 loss: 1.42000, acc: 0.56188
step_60400 loss: 1.39595, acc: 0.56688
step_60500 loss: 1.46076, acc: 0.55281
step_60600 loss: 1.41437, acc: 0.55750
step_60700 loss: 1.40881, acc: 0.56063
step_60800 loss: 1.44986, acc: 0.54688
step_60900 loss: 1.41473, acc: 0.56719
step_61000 loss: 1.43014, acc: 0.55031
macro f1: 0.29205 (best: 0.29650)
step_61100 loss: 1.42111, acc: 0.56375
step_61200 loss: 1.40833, acc: 0.56375
step_61300 loss: 1.40290, acc: 0.55750
step_61400 loss: 1.35554, acc: 0.58313
step_61500 loss: 1.43507, acc: 0.55250
step_61600 loss: 1.41948, acc: 0.56156
step_61700 loss: 1.37090, acc: 0.57063
step_61800 loss: 1.40898, acc: 0.56469
step_61900 loss: 1.40150, acc: 0.57375
step_62000 loss: 1.42655, acc: 0.56125
macro f1: 0.29142 (best: 0.29650)
step_62100 loss: 1.37696, acc: 0.56969
step_62200 loss: 1.41183, acc: 0.55563
step_62300 loss: 1.41605, acc: 0.57437
step_62400 loss: 1.40955, acc: 0.55688
step_62500 loss: 1.43063, acc: 0.56219
step_62600 loss: 1.38279, acc: 0.55969
step_62700 loss: 1.40935, acc: 0.55375
step_62800 loss: 1.41971, acc: 0.57094
step_62900 loss: 1.41177, acc: 0.55781
step_63000 loss: 1.40278, acc: 0.56156
macro f1: 0.28997 (best: 0.29650)
step_63100 loss: 1.38801, acc: 0.56875
step_63200 loss: 1.34788, acc: 0.57750
step_63300 loss: 1.43391, acc: 0.56625
step_63400 loss: 1.42085, acc: 0.56563
step_63500 loss: 1.39629, acc: 0.56688
step_63600 loss: 1.40856, acc: 0.56156
step_63700 loss: 1.38170, acc: 0.56625
step_63800 loss: 1.40704, acc: 0.56625
step_63900 loss: 1.37100, acc: 0.56406
step_64000 loss: 1.38922, acc: 0.56969
macro f1: 0.29128 (best: 0.29650)
step_64100 loss: 1.39283, acc: 0.56844
step_64200 loss: 1.39877, acc: 0.57063
step_64300 loss: 1.41848, acc: 0.56219
step_64400 loss: 1.38439, acc: 0.56750
step_64500 loss: 1.38430, acc: 0.56812
step_64600 loss: 1.36834, acc: 0.56969
step_64700 loss: 1.37571, acc: 0.57344
step_64800 loss: 1.35228, acc: 0.58469
step_64900 loss: 1.35451, acc: 0.57812
step_65000 loss: 1.36842, acc: 0.58344
macro f1: 0.29053 (best: 0.29650)
step_65100 loss: 1.35597, acc: 0.58406
step_65200 loss: 1.37165, acc: 0.57875
step_65300 loss: 1.37178, acc: 0.57937
step_65400 loss: 1.34909, acc: 0.57875
step_65500 loss: 1.34275, acc: 0.58531
step_65600 loss: 1.33654, acc: 0.58844
step_65700 loss: 1.36472, acc: 0.57688
step_65800 loss: 1.42167, acc: 0.56188
step_65900 loss: 1.35454, acc: 0.57656
step_66000 loss: 1.40880, acc: 0.57156
macro f1: 0.29105 (best: 0.29650)
step_66100 loss: 1.33112, acc: 0.58531
step_66200 loss: 1.37265, acc: 0.57531
step_66300 loss: 1.33824, acc: 0.58156
step_66400 loss: 1.38807, acc: 0.57344
step_66500 loss: 1.35189, acc: 0.57219
step_66600 loss: 1.37083, acc: 0.57781
step_66700 loss: 1.39792, acc: 0.56375
step_66800 loss: 1.35361, acc: 0.58000
step_66900 loss: 1.35283, acc: 0.57625
step_67000 loss: 1.36852, acc: 0.57094
macro f1: 0.29058 (best: 0.29650)
step_67100 loss: 1.42097, acc: 0.56406
step_67200 loss: 1.35522, acc: 0.57375
step_67300 loss: 1.38133, acc: 0.56844
step_67400 loss: 1.38019, acc: 0.58000
step_67500 loss: 1.34568, acc: 0.59125
step_67600 loss: 1.36865, acc: 0.56594
step_67700 loss: 1.35989, acc: 0.58062
step_67800 loss: 1.37573, acc: 0.58062
step_67900 loss: 1.37730, acc: 0.57594
step_68000 loss: 1.33290, acc: 0.58094
macro f1: 0.29027 (best: 0.29650)
step_68100 loss: 1.32999, acc: 0.58469
step_68200 loss: 1.35660, acc: 0.57688
step_68300 loss: 1.37968, acc: 0.57219
step_68400 loss: 1.37382, acc: 0.57250
step_68500 loss: 1.41786, acc: 0.55312
step_68600 loss: 1.35990, acc: 0.57969
step_68700 loss: 1.33292, acc: 0.58656
step_68800 loss: 1.35666, acc: 0.58313
step_68900 loss: 1.34424, acc: 0.58375
step_69000 loss: 1.32492, acc: 0.58594
macro f1: 0.28949 (best: 0.29650)
step_69100 loss: 1.37233, acc: 0.57281
step_69200 loss: 1.31664, acc: 0.58594
step_69300 loss: 1.37076, acc: 0.57812
step_69400 loss: 1.31863, acc: 0.59000
step_69500 loss: 1.32002, acc: 0.59594
step_69600 loss: 1.37319, acc: 0.57875
step_69700 loss: 1.34397, acc: 0.59031
step_69800 loss: 1.35217, acc: 0.58188
step_69900 loss: 1.37537, acc: 0.56906
step_70000 loss: 1.33948, acc: 0.58000
macro f1: 0.29085 (best: 0.29650)
step_70100 loss: 1.34681, acc: 0.58937
step_70200 loss: 1.35794, acc: 0.59500
step_70300 loss: 1.33659, acc: 0.58219
step_70400 loss: 1.32676, acc: 0.59281
step_70500 loss: 1.38059, acc: 0.56531
step_70600 loss: 1.32625, acc: 0.58375
step_70700 loss: 1.31602, acc: 0.57812
step_70800 loss: 1.35206, acc: 0.57937
step_70900 loss: 1.35095, acc: 0.58531
step_71000 loss: 1.32347, acc: 0.59281
macro f1: 0.29156 (best: 0.29650)
step_71100 loss: 1.33305, acc: 0.58719
step_71200 loss: 1.31868, acc: 0.59813
step_71300 loss: 1.35606, acc: 0.58281
step_71400 loss: 1.35143, acc: 0.57969
step_71500 loss: 1.37429, acc: 0.56531
step_71600 loss: 1.34970, acc: 0.57844
step_71700 loss: 1.39811, acc: 0.57094
step_71800 loss: 1.35563, acc: 0.57500
step_71900 loss: 1.33745, acc: 0.58562
step_72000 loss: 1.34216, acc: 0.58406
macro f1: 0.29126 (best: 0.29650)
step_72100 loss: 1.33818, acc: 0.58594
step_72200 loss: 1.32529, acc: 0.57937
step_72300 loss: 1.35365, acc: 0.57844
step_72400 loss: 1.37351, acc: 0.56531
step_72500 loss: 1.36180, acc: 0.57188
step_72600 loss: 1.32944, acc: 0.58313
step_72700 loss: 1.34419, acc: 0.57656
step_72800 loss: 1.30590, acc: 0.58344
step_72900 loss: 1.33000, acc: 0.58375
step_73000 loss: 1.33437, acc: 0.58281
macro f1: 0.29148 (best: 0.29650)
step_73100 loss: 1.37716, acc: 0.58000
step_73200 loss: 1.32015, acc: 0.57844
step_73300 loss: 1.35627, acc: 0.59031
step_73400 loss: 1.31609, acc: 0.60594
step_73500 loss: 1.31897, acc: 0.59125
step_73600 loss: 1.35176, acc: 0.57063
step_73700 loss: 1.35778, acc: 0.57563
step_73800 loss: 1.31288, acc: 0.58594
step_73900 loss: 1.32822, acc: 0.59344
step_74000 loss: 1.34947, acc: 0.58594
macro f1: 0.29109 (best: 0.29650)
step_74100 loss: 1.35263, acc: 0.58688
step_74200 loss: 1.32357, acc: 0.59406
step_74300 loss: 1.35594, acc: 0.57750
step_74400 loss: 1.32827, acc: 0.58719
step_74500 loss: 1.33328, acc: 0.58969
step_74600 loss: 1.32289, acc: 0.59188
step_74700 loss: 1.33275, acc: 0.58688
step_74800 loss: 1.29278, acc: 0.58781
step_74900 loss: 1.32634, acc: 0.58437
step_75000 loss: 1.32225, acc: 0.59219
macro f1: 0.29037 (best: 0.29650)
step_75100 loss: 1.30778, acc: 0.59000
step_75200 loss: 1.33691, acc: 0.58500
step_75300 loss: 1.33974, acc: 0.58281
step_75400 loss: 1.31652, acc: 0.59688
step_75500 loss: 1.31215, acc: 0.59094
step_75600 loss: 1.30066, acc: 0.59594
step_75700 loss: 1.36384, acc: 0.57937
step_75800 loss: 1.27945, acc: 0.60625
step_75900 loss: 1.31712, acc: 0.58531
step_76000 loss: 1.31947, acc: 0.57969
macro f1: 0.29044 (best: 0.29650)
step_76100 loss: 1.35378, acc: 0.57375
step_76200 loss: 1.32135, acc: 0.58813
step_76300 loss: 1.29889, acc: 0.59531
step_76400 loss: 1.31290, acc: 0.58719
step_76500 loss: 1.35109, acc: 0.57750
step_76600 loss: 1.32753, acc: 0.59531
step_76700 loss: 1.34774, acc: 0.58125
step_76800 loss: 1.30204, acc: 0.58437
step_76900 loss: 1.34080, acc: 0.59656
step_77000 loss: 1.38161, acc: 0.57469
macro f1: 0.29029 (best: 0.29650)
step_77100 loss: 1.35036, acc: 0.57531
step_77200 loss: 1.33368, acc: 0.58313
step_77300 loss: 1.32995, acc: 0.58188
step_77400 loss: 1.24687, acc: 0.60813
step_77500 loss: 1.26088, acc: 0.60625
step_77600 loss: 1.29729, acc: 0.58625
step_77700 loss: 1.35621, acc: 0.57875
step_77800 loss: 1.35738, acc: 0.58125
step_77900 loss: 1.28649, acc: 0.60031
step_78000 loss: 1.31932, acc: 0.58688
macro f1: 0.29068 (best: 0.29650)
step_78100 loss: 1.28355, acc: 0.60469
step_78200 loss: 1.29123, acc: 0.59375
step_78300 loss: 1.30138, acc: 0.59156
step_78400 loss: 1.30833, acc: 0.58562
step_78500 loss: 1.29739, acc: 0.59313
step_78600 loss: 1.31883, acc: 0.58125
step_78700 loss: 1.32160, acc: 0.58969
step_78800 loss: 1.32108, acc: 0.59094
step_78900 loss: 1.31262, acc: 0.59000
step_79000 loss: 1.26053, acc: 0.61438
macro f1: 0.29110 (best: 0.29650)
step_79100 loss: 1.33475, acc: 0.58375
step_79200 loss: 1.34982, acc: 0.58281
step_79300 loss: 1.33637, acc: 0.58844
step_79400 loss: 1.33442, acc: 0.58344
step_79500 loss: 1.30593, acc: 0.58594
step_79600 loss: 1.28587, acc: 0.60281
step_79700 loss: 1.27729, acc: 0.59500
step_79800 loss: 1.27505, acc: 0.60500
step_79900 loss: 1.29629, acc: 0.60156
step_80000 loss: 1.27901, acc: 0.59625
macro f1: 0.29026 (best: 0.29650)
step_80100 loss: 1.30024, acc: 0.59406
step_80200 loss: 1.28592, acc: 0.60688
step_80300 loss: 1.32827, acc: 0.58344
step_80400 loss: 1.28920, acc: 0.60750
step_80500 loss: 1.28591, acc: 0.60531
step_80600 loss: 1.32888, acc: 0.58656
step_80700 loss: 1.35245, acc: 0.58719
step_80800 loss: 1.33957, acc: 0.58656
step_80900 loss: 1.31879, acc: 0.59188
step_81000 loss: 1.28869, acc: 0.59469
macro f1: 0.29133 (best: 0.29650)
step_81100 loss: 1.29294, acc: 0.60219
step_81200 loss: 1.34678, acc: 0.58469
step_81300 loss: 1.28161, acc: 0.59813
step_81400 loss: 1.29611, acc: 0.60000
step_81500 loss: 1.26977, acc: 0.60813
step_81600 loss: 1.26896, acc: 0.61125
step_81700 loss: 1.26778, acc: 0.60375
step_81800 loss: 1.29584, acc: 0.59156
step_81900 loss: 1.31384, acc: 0.58344
step_82000 loss: 1.29242, acc: 0.59562
macro f1: 0.29195 (best: 0.29650)
step_82100 loss: 1.32094, acc: 0.59750
step_82200 loss: 1.28309, acc: 0.60375
step_82300 loss: 1.31309, acc: 0.59125
step_82400 loss: 1.31138, acc: 0.58375
step_82500 loss: 1.29053, acc: 0.60344
step_82600 loss: 1.31501, acc: 0.59500
step_82700 loss: 1.28592, acc: 0.59781
step_82800 loss: 1.26053, acc: 0.60313
step_82900 loss: 1.27461, acc: 0.59375
step_83000 loss: 1.33341, acc: 0.57125
macro f1: 0.29279 (best: 0.29650)
step_83100 loss: 1.29612, acc: 0.58719
step_83200 loss: 1.28369, acc: 0.59969
step_83300 loss: 1.28395, acc: 0.59406
step_83400 loss: 1.29100, acc: 0.59406
step_83500 loss: 1.26327, acc: 0.60469
step_83600 loss: 1.27623, acc: 0.60656
step_83700 loss: 1.31683, acc: 0.59719
step_83800 loss: 1.27877, acc: 0.60531
step_83900 loss: 1.30527, acc: 0.59562
step_84000 loss: 1.28508, acc: 0.58844
macro f1: 0.29152 (best: 0.29650)
step_84100 loss: 1.34546, acc: 0.57906
step_84200 loss: 1.27412, acc: 0.60719
step_84300 loss: 1.32381, acc: 0.58344
step_84400 loss: 1.30542, acc: 0.58844
step_84500 loss: 1.30633, acc: 0.59437
step_84600 loss: 1.27955, acc: 0.60750
step_84700 loss: 1.33534, acc: 0.58188
step_84800 loss: 1.29702, acc: 0.60406
step_84900 loss: 1.25086, acc: 0.60500
step_85000 loss: 1.28140, acc: 0.60062
macro f1: 0.29094 (best: 0.29650)
step_85100 loss: 1.29510, acc: 0.59969
step_85200 loss: 1.31130, acc: 0.59344
step_85300 loss: 1.29540, acc: 0.60031
step_85400 loss: 1.25557, acc: 0.60813
step_85500 loss: 1.30702, acc: 0.59375
step_85600 loss: 1.28293, acc: 0.60688
step_85700 loss: 1.26892, acc: 0.60875
step_85800 loss: 1.30610, acc: 0.58688
step_85900 loss: 1.27530, acc: 0.59562
step_86000 loss: 1.26648, acc: 0.59688
macro f1: 0.29232 (best: 0.29650)
step_86100 loss: 1.25815, acc: 0.61187
step_86200 loss: 1.25116, acc: 0.61281
step_86300 loss: 1.30267, acc: 0.60406
step_86400 loss: 1.28690, acc: 0.59969
step_86500 loss: 1.25863, acc: 0.60406
step_86600 loss: 1.27093, acc: 0.60844
step_86700 loss: 1.27637, acc: 0.60594
step_86800 loss: 1.35567, acc: 0.58344
step_86900 loss: 1.23762, acc: 0.60625
step_87000 loss: 1.26463, acc: 0.61031
macro f1: 0.29012 (best: 0.29650)
step_87100 loss: 1.24743, acc: 0.60094
step_87200 loss: 1.34848, acc: 0.58250
step_87300 loss: 1.26071, acc: 0.60031
step_87400 loss: 1.25103, acc: 0.60906
step_87500 loss: 1.21973, acc: 0.61719
step_87600 loss: 1.28537, acc: 0.59531
step_87700 loss: 1.30044, acc: 0.59750
step_87800 loss: 1.24465, acc: 0.61500
step_87900 loss: 1.34331, acc: 0.58906
step_88000 loss: 1.24637, acc: 0.60875
macro f1: 0.29164 (best: 0.29650)
step_88100 loss: 1.26062, acc: 0.61438
step_88200 loss: 1.27139, acc: 0.61094
step_88300 loss: 1.27831, acc: 0.60656
step_88400 loss: 1.25030, acc: 0.62438
step_88500 loss: 1.29187, acc: 0.59906
step_88600 loss: 1.26974, acc: 0.60562
step_88700 loss: 1.26211, acc: 0.60781
step_88800 loss: 1.27059, acc: 0.60125
step_88900 loss: 1.24500, acc: 0.60375
step_89000 loss: 1.24463, acc: 0.61125
macro f1: 0.29086 (best: 0.29650)
step_89100 loss: 1.26567, acc: 0.59844
step_89200 loss: 1.26988, acc: 0.60500
step_89300 loss: 1.28741, acc: 0.59969
step_89400 loss: 1.27530, acc: 0.60781
step_89500 loss: 1.30494, acc: 0.59562
step_89600 loss: 1.26495, acc: 0.58719
step_89700 loss: 1.25241, acc: 0.60750
step_89800 loss: 1.24878, acc: 0.61813
step_89900 loss: 1.27438, acc: 0.60406
step_90000 loss: 1.31115, acc: 0.59094
macro f1: 0.29086 (best: 0.29650)
step_90100 loss: 1.29160, acc: 0.59969
step_90200 loss: 1.30955, acc: 0.59437
step_90300 loss: 1.27400, acc: 0.59437
step_90400 loss: 1.26607, acc: 0.60656
step_90500 loss: 1.26025, acc: 0.60781
step_90600 loss: 1.25946, acc: 0.59875
step_90700 loss: 1.29865, acc: 0.59188
step_90800 loss: 1.26331, acc: 0.60938
step_90900 loss: 1.25159, acc: 0.60437
step_91000 loss: 1.24870, acc: 0.60125
macro f1: 0.29088 (best: 0.29650)
step_91100 loss: 1.23596, acc: 0.61719
step_91200 loss: 1.28232, acc: 0.60594
step_91300 loss: 1.26010, acc: 0.60250
step_91400 loss: 1.22653, acc: 0.60094
step_91500 loss: 1.26307, acc: 0.60531
step_91600 loss: 1.25347, acc: 0.60594
step_91700 loss: 1.27076, acc: 0.60562
step_91800 loss: 1.25466, acc: 0.60875
step_91900 loss: 1.26914, acc: 0.61219
step_92000 loss: 1.31594, acc: 0.59437
macro f1: 0.29128 (best: 0.29650)
step_92100 loss: 1.24052, acc: 0.60906
step_92200 loss: 1.25567, acc: 0.60750
step_92300 loss: 1.28314, acc: 0.60688
step_92400 loss: 1.26560, acc: 0.60406
step_92500 loss: 1.26043, acc: 0.60281
step_92600 loss: 1.25980, acc: 0.61875
step_92700 loss: 1.25592, acc: 0.60844
step_92800 loss: 1.28937, acc: 0.59562
step_92900 loss: 1.25687, acc: 0.60250
step_93000 loss: 1.26258, acc: 0.60562
macro f1: 0.29074 (best: 0.29650)
step_93100 loss: 1.23696, acc: 0.62062
step_93200 loss: 1.27336, acc: 0.60531
step_93300 loss: 1.22803, acc: 0.61281
step_93400 loss: 1.28844, acc: 0.59594
step_93500 loss: 1.27290, acc: 0.60719
step_93600 loss: 1.23154, acc: 0.62094
step_93700 loss: 1.23196, acc: 0.61594
step_93800 loss: 1.24002, acc: 0.62156
step_93900 loss: 1.28683, acc: 0.60250
step_94000 loss: 1.25447, acc: 0.61125
macro f1: 0.29116 (best: 0.29650)
step_94100 loss: 1.27504, acc: 0.61219
step_94200 loss: 1.29100, acc: 0.60125
step_94300 loss: 1.23015, acc: 0.61969
step_94400 loss: 1.26536, acc: 0.60969
step_94500 loss: 1.20022, acc: 0.62062
step_94600 loss: 1.24507, acc: 0.61313
step_94700 loss: 1.25814, acc: 0.60469
step_94800 loss: 1.25365, acc: 0.61781
step_94900 loss: 1.25829, acc: 0.60906
step_95000 loss: 1.24581, acc: 0.61000
macro f1: 0.28984 (best: 0.29650)
step_95100 loss: 1.23348, acc: 0.61750
step_95200 loss: 1.25125, acc: 0.61219
step_95300 loss: 1.25260, acc: 0.60938
step_95400 loss: 1.26248, acc: 0.59562
step_95500 loss: 1.22583, acc: 0.62562
step_95600 loss: 1.24100, acc: 0.61313
step_95700 loss: 1.26384, acc: 0.60594
step_95800 loss: 1.24215, acc: 0.60062
step_95900 loss: 1.27094, acc: 0.60875
step_96000 loss: 1.22054, acc: 0.62719
macro f1: 0.28982 (best: 0.29650)
step_96100 loss: 1.26233, acc: 0.61250
step_96200 loss: 1.26285, acc: 0.60594
step_96300 loss: 1.21542, acc: 0.61062
step_96400 loss: 1.22375, acc: 0.61656
step_96500 loss: 1.24369, acc: 0.61656
step_96600 loss: 1.29916, acc: 0.59406
step_96700 loss: 1.27020, acc: 0.59813
step_96800 loss: 1.22226, acc: 0.62187
step_96900 loss: 1.22955, acc: 0.61500
step_97000 loss: 1.26496, acc: 0.60469
macro f1: 0.29141 (best: 0.29650)
step_97100 loss: 1.22323, acc: 0.61562
step_97200 loss: 1.27271, acc: 0.60250
step_97300 loss: 1.22658, acc: 0.61250
step_97400 loss: 1.25394, acc: 0.59750
step_97500 loss: 1.25982, acc: 0.60437
step_97600 loss: 1.28226, acc: 0.60375
step_97700 loss: 1.22522, acc: 0.61219
step_97800 loss: 1.21689, acc: 0.61656
step_97900 loss: 1.26935, acc: 0.60469
step_98000 loss: 1.22743, acc: 0.62875
macro f1: 0.29043 (best: 0.29650)
step_98100 loss: 1.19930, acc: 0.62938
step_98200 loss: 1.21284, acc: 0.61875
step_98300 loss: 1.22336, acc: 0.61687
step_98400 loss: 1.27346, acc: 0.60281
step_98500 loss: 1.27660, acc: 0.60437
step_98600 loss: 1.22258, acc: 0.62375
step_98700 loss: 1.23493, acc: 0.61094
step_98800 loss: 1.23142, acc: 0.61469
step_98900 loss: 1.28176, acc: 0.60656
step_99000 loss: 1.22691, acc: 0.62000
macro f1: 0.29118 (best: 0.29650)
step_99100 loss: 1.27545, acc: 0.60281
step_99200 loss: 1.25596, acc: 0.60656
step_99300 loss: 1.24613, acc: 0.61313
step_99400 loss: 1.27230, acc: 0.60344
step_99500 loss: 1.23189, acc: 0.62187
step_99600 loss: 1.26096, acc: 0.60531
step_99700 loss: 1.22828, acc: 0.61219
step_99800 loss: 1.24609, acc: 0.60594
step_99900 loss: 1.22473, acc: 0.62344
step_100000 loss: 1.21583, acc: 0.62531
macro f1: 0.29085 (best: 0.29650)
step_100100 loss: 1.25333, acc: 0.59437
step_100200 loss: 1.24550, acc: 0.61250
step_100300 loss: 1.27573, acc: 0.60156
step_100400 loss: 1.19381, acc: 0.61750
step_100500 loss: 1.23081, acc: 0.61594
step_100600 loss: 1.21295, acc: 0.61406
step_100700 loss: 1.25817, acc: 0.60031
step_100800 loss: 1.22103, acc: 0.61719
step_100900 loss: 1.23046, acc: 0.61344
step_101000 loss: 1.19492, acc: 0.62250
macro f1: 0.29052 (best: 0.29650)
step_101100 loss: 1.19344, acc: 0.62281
step_101200 loss: 1.22021, acc: 0.62969
step_101300 loss: 1.25892, acc: 0.60094
step_101400 loss: 1.26378, acc: 0.61406
step_101500 loss: 1.22225, acc: 0.61906
step_101600 loss: 1.22534, acc: 0.61625
step_101700 loss: 1.29773, acc: 0.60250
step_101800 loss: 1.20995, acc: 0.62875
step_101900 loss: 1.24353, acc: 0.60781
step_102000 loss: 1.22419, acc: 0.61625
macro f1: 0.29014 (best: 0.29650)
step_102100 loss: 1.27462, acc: 0.61000
step_102200 loss: 1.21840, acc: 0.60938
step_102300 loss: 1.22264, acc: 0.61500
step_102400 loss: 1.21665, acc: 0.61500
step_102500 loss: 1.23803, acc: 0.61375
step_102600 loss: 1.20189, acc: 0.62000
step_102700 loss: 1.19542, acc: 0.63500
step_102800 loss: 1.22172, acc: 0.61438
step_102900 loss: 1.21862, acc: 0.62313
step_103000 loss: 1.20324, acc: 0.62094
macro f1: 0.28961 (best: 0.29650)
step_103100 loss: 1.22405, acc: 0.61625
step_103200 loss: 1.22964, acc: 0.61406
step_103300 loss: 1.21661, acc: 0.62094
step_103400 loss: 1.25197, acc: 0.60656
step_103500 loss: 1.20996, acc: 0.61750
step_103600 loss: 1.19338, acc: 0.62875
step_103700 loss: 1.21915, acc: 0.61406
step_103800 loss: 1.20738, acc: 0.62375
step_103900 loss: 1.19799, acc: 0.63156
step_104000 loss: 1.16845, acc: 0.63656
macro f1: 0.29044 (best: 0.29650)
step_104100 loss: 1.25359, acc: 0.60562
step_104200 loss: 1.20578, acc: 0.61187
step_104300 loss: 1.20247, acc: 0.63062
step_104400 loss: 1.24552, acc: 0.62062
step_104500 loss: 1.21292, acc: 0.62969
step_104600 loss: 1.23251, acc: 0.61000
step_104700 loss: 1.23180, acc: 0.61031
step_104800 loss: 1.19193, acc: 0.62594
step_104900 loss: 1.20822, acc: 0.62687
step_105000 loss: 1.21715, acc: 0.62406
macro f1: 0.28892 (best: 0.29650)
step_105100 loss: 1.25004, acc: 0.61500
step_105200 loss: 1.21768, acc: 0.62250
step_105300 loss: 1.22673, acc: 0.61156
step_105400 loss: 1.17250, acc: 0.63656
step_105500 loss: 1.23798, acc: 0.61313
step_105600 loss: 1.22412, acc: 0.61375
step_105700 loss: 1.19029, acc: 0.63406
step_105800 loss: 1.21957, acc: 0.61781
step_105900 loss: 1.20999, acc: 0.62187
step_106000 loss: 1.19050, acc: 0.62406
macro f1: 0.28951 (best: 0.29650)
step_106100 loss: 1.20456, acc: 0.62406
step_106200 loss: 1.23211, acc: 0.61187
step_106300 loss: 1.19493, acc: 0.62500
step_106400 loss: 1.22690, acc: 0.61406
step_106500 loss: 1.20236, acc: 0.62438
step_106600 loss: 1.23394, acc: 0.62438
step_106700 loss: 1.16809, acc: 0.63719
step_106800 loss: 1.20773, acc: 0.62031
step_106900 loss: 1.18984, acc: 0.63031
step_107000 loss: 1.22264, acc: 0.61031
macro f1: 0.28978 (best: 0.29650)
step_107100 loss: 1.17537, acc: 0.63219
step_107200 loss: 1.20982, acc: 0.62125
step_107300 loss: 1.12364, acc: 0.65031
step_107400 loss: 1.20139, acc: 0.62531
step_107500 loss: 1.23350, acc: 0.61500
step_107600 loss: 1.22160, acc: 0.61844
step_107700 loss: 1.18166, acc: 0.63000
step_107800 loss: 1.19651, acc: 0.63813
step_107900 loss: 1.21150, acc: 0.61719
step_108000 loss: 1.21498, acc: 0.61938
macro f1: 0.29046 (best: 0.29650)
step_108100 loss: 1.19527, acc: 0.62813
step_108200 loss: 1.20882, acc: 0.62313
step_108300 loss: 1.20744, acc: 0.62375
step_108400 loss: 1.21143, acc: 0.61375
step_108500 loss: 1.17853, acc: 0.63062
step_108600 loss: 1.17392, acc: 0.62906
step_108700 loss: 1.20164, acc: 0.63906
step_108800 loss: 1.22351, acc: 0.61969
step_108900 loss: 1.20859, acc: 0.62625
step_109000 loss: 1.20363, acc: 0.62656
macro f1: 0.28997 (best: 0.29650)
step_109100 loss: 1.17504, acc: 0.62406
step_109200 loss: 1.16207, acc: 0.63406
step_109300 loss: 1.23868, acc: 0.61219
step_109400 loss: 1.19392, acc: 0.63156
step_109500 loss: 1.21228, acc: 0.62187
step_109600 loss: 1.19178, acc: 0.62750
step_109700 loss: 1.18922, acc: 0.62344
step_109800 loss: 1.24222, acc: 0.61906
step_109900 loss: 1.23153, acc: 0.61656
step_110000 loss: 1.21199, acc: 0.63031
macro f1: 0.29023 (best: 0.29650)
step_110100 loss: 1.21446, acc: 0.62531
step_110200 loss: 1.21704, acc: 0.61469
step_110300 loss: 1.16175, acc: 0.63156
step_110400 loss: 1.23352, acc: 0.62062
step_110500 loss: 1.19317, acc: 0.63031
step_110600 loss: 1.17897, acc: 0.63438
step_110700 loss: 1.24796, acc: 0.60375
step_110800 loss: 1.16865, acc: 0.63844
step_110900 loss: 1.19385, acc: 0.63031
step_111000 loss: 1.20561, acc: 0.61750
macro f1: 0.29048 (best: 0.29650)
step_111100 loss: 1.16061, acc: 0.64000
step_111200 loss: 1.21210, acc: 0.62531
step_111300 loss: 1.17620, acc: 0.62844
step_111400 loss: 1.18840, acc: 0.62062
step_111500 loss: 1.18765, acc: 0.62062
step_111600 loss: 1.15354, acc: 0.64187
step_111700 loss: 1.22548, acc: 0.62594
step_111800 loss: 1.15433, acc: 0.64156
step_111900 loss: 1.17053, acc: 0.63062
step_112000 loss: 1.22721, acc: 0.61875
macro f1: 0.28873 (best: 0.29650)
step_112100 loss: 1.19514, acc: 0.62844
step_112200 loss: 1.18466, acc: 0.62781
step_112300 loss: 1.18799, acc: 0.63750
step_112400 loss: 1.19180, acc: 0.62562
step_112500 loss: 1.19712, acc: 0.63219
step_112600 loss: 1.17331, acc: 0.63500
step_112700 loss: 1.18735, acc: 0.63875
step_112800 loss: 1.14891, acc: 0.64187
step_112900 loss: 1.23547, acc: 0.61156
step_113000 loss: 1.21742, acc: 0.62313
macro f1: 0.29012 (best: 0.29650)
step_113100 loss: 1.23476, acc: 0.61938
step_113200 loss: 1.17676, acc: 0.62313
step_113300 loss: 1.17469, acc: 0.62969
step_113400 loss: 1.18775, acc: 0.63594
step_113500 loss: 1.20823, acc: 0.62844
step_113600 loss: 1.20494, acc: 0.62125
step_113700 loss: 1.22034, acc: 0.61750
step_113800 loss: 1.21268, acc: 0.62562
step_113900 loss: 1.14815, acc: 0.64187
step_114000 loss: 1.22268, acc: 0.61031
macro f1: 0.28955 (best: 0.29650)
step_114100 loss: 1.21251, acc: 0.62375
step_114200 loss: 1.19071, acc: 0.62719
step_114300 loss: 1.21406, acc: 0.62531
step_114400 loss: 1.18573, acc: 0.62656
step_114500 loss: 1.18178, acc: 0.62781
step_114600 loss: 1.24788, acc: 0.61531
step_114700 loss: 1.20399, acc: 0.62156
step_114800 loss: 1.17549, acc: 0.63375
step_114900 loss: 1.17395, acc: 0.62156
step_115000 loss: 1.17491, acc: 0.63656
macro f1: 0.28919 (best: 0.29650)
step_115100 loss: 1.20705, acc: 0.61906
step_115200 loss: 1.17568, acc: 0.63375
step_115300 loss: 1.17889, acc: 0.63219
step_115400 loss: 1.17980, acc: 0.63750
step_115500 loss: 1.25041, acc: 0.61406
step_115600 loss: 1.21195, acc: 0.61531
step_115700 loss: 1.20713, acc: 0.63406
step_115800 loss: 1.15211, acc: 0.63656
step_115900 loss: 1.18393, acc: 0.63156
step_116000 loss: 1.14301, acc: 0.64594
macro f1: 0.28855 (best: 0.29650)
step_116100 loss: 1.18596, acc: 0.62625
step_116200 loss: 1.17168, acc: 0.62781
step_116300 loss: 1.20165, acc: 0.62406
step_116400 loss: 1.16549, acc: 0.62844
step_116500 loss: 1.15470, acc: 0.64438
step_116600 loss: 1.18340, acc: 0.63719
step_116700 loss: 1.14743, acc: 0.63969
step_116800 loss: 1.20246, acc: 0.62313
step_116900 loss: 1.22505, acc: 0.62687
step_117000 loss: 1.15416, acc: 0.64844
macro f1: 0.29014 (best: 0.29650)
step_117100 loss: 1.22467, acc: 0.61500
step_117200 loss: 1.18274, acc: 0.62781
step_117300 loss: 1.18603, acc: 0.64000
step_117400 loss: 1.19175, acc: 0.62156
step_117500 loss: 1.18882, acc: 0.62094
step_117600 loss: 1.19021, acc: 0.62469
step_117700 loss: 1.18264, acc: 0.62750
step_117800 loss: 1.17988, acc: 0.62750
End current epoch !
### cost time: 922.47 m
Epoch: 2
step_117900 loss: 1.08791, acc: 0.65152
step_118000 loss: 1.10500, acc: 0.65375
macro f1: 0.28858 (best: 0.29650)
step_118100 loss: 1.04803, acc: 0.67281
step_118200 loss: 1.04770, acc: 0.67281
step_118300 loss: 1.11408, acc: 0.66281
step_118400 loss: 1.06572, acc: 0.66156
step_118500 loss: 1.03841, acc: 0.66312
step_118600 loss: 1.04441, acc: 0.67125
step_118700 loss: 1.07384, acc: 0.66406
step_118800 loss: 1.07573, acc: 0.66187
step_118900 loss: 1.10142, acc: 0.65687
step_119000 loss: 1.01005, acc: 0.69063
macro f1: 0.28838 (best: 0.29650)
step_119100 loss: 1.08148, acc: 0.65844
step_119200 loss: 1.07164, acc: 0.67500
step_119300 loss: 1.06024, acc: 0.67437
step_119400 loss: 1.07577, acc: 0.66438
step_119500 loss: 1.10057, acc: 0.65375
step_119600 loss: 1.06741, acc: 0.66719
step_119700 loss: 1.06166, acc: 0.67344
step_119800 loss: 1.08257, acc: 0.66656
step_119900 loss: 1.05660, acc: 0.66938
step_120000 loss: 1.07437, acc: 0.67375
macro f1: 0.28747 (best: 0.29650)
step_120100 loss: 1.04119, acc: 0.67344
step_120200 loss: 1.07531, acc: 0.66250
step_120300 loss: 1.07351, acc: 0.65781
step_120400 loss: 1.04114, acc: 0.68812
step_120500 loss: 1.05259, acc: 0.66969
step_120600 loss: 1.07371, acc: 0.66594
step_120700 loss: 1.06372, acc: 0.66438
step_120800 loss: 1.06950, acc: 0.65875
step_120900 loss: 1.07523, acc: 0.67563
step_121000 loss: 1.04670, acc: 0.67906
macro f1: 0.28762 (best: 0.29650)
step_121100 loss: 1.05700, acc: 0.67063
step_121200 loss: 1.05364, acc: 0.67000
step_121300 loss: 1.09464, acc: 0.65531
step_121400 loss: 1.09171, acc: 0.66187
step_121500 loss: 1.09105, acc: 0.65656
step_121600 loss: 1.04599, acc: 0.67344
step_121700 loss: 1.05292, acc: 0.66812
step_121800 loss: 1.03370, acc: 0.67281
step_121900 loss: 1.04631, acc: 0.67406
step_122000 loss: 1.04868, acc: 0.67406
macro f1: 0.28808 (best: 0.29650)
step_122100 loss: 1.05725, acc: 0.66812
step_122200 loss: 1.05514, acc: 0.67156
step_122300 loss: 1.08313, acc: 0.66281
step_122400 loss: 1.08637, acc: 0.65406
step_122500 loss: 1.05647, acc: 0.66969
step_122600 loss: 1.04208, acc: 0.67125
step_122700 loss: 1.08489, acc: 0.66063
step_122800 loss: 1.04550, acc: 0.68094
step_122900 loss: 1.07251, acc: 0.66938
step_123000 loss: 1.07057, acc: 0.66969
macro f1: 0.28701 (best: 0.29650)
step_123100 loss: 1.07029, acc: 0.67500
step_123200 loss: 1.09043, acc: 0.66063
step_123300 loss: 1.06703, acc: 0.66187
step_123400 loss: 1.05526, acc: 0.66812
step_123500 loss: 1.08071, acc: 0.65719
step_123600 loss: 1.02144, acc: 0.68406
step_123700 loss: 1.06732, acc: 0.66656
step_123800 loss: 1.07910, acc: 0.67188
step_123900 loss: 1.04748, acc: 0.67625
step_124000 loss: 1.04630, acc: 0.67500
macro f1: 0.28840 (best: 0.29650)
step_124100 loss: 1.07188, acc: 0.67281
step_124200 loss: 1.05366, acc: 0.67406
step_124300 loss: 1.05803, acc: 0.66625
step_124400 loss: 1.09317, acc: 0.65156
step_124500 loss: 1.01533, acc: 0.68063
step_124600 loss: 1.05746, acc: 0.66031
step_124700 loss: 1.07193, acc: 0.65812
step_124800 loss: 1.08595, acc: 0.66687
step_124900 loss: 1.10422, acc: 0.65812
step_125000 loss: 1.03885, acc: 0.67625
macro f1: 0.28592 (best: 0.29650)
step_125100 loss: 1.08098, acc: 0.65906
step_125200 loss: 1.08583, acc: 0.65594
step_125300 loss: 1.05203, acc: 0.67031
step_125400 loss: 1.07373, acc: 0.66500
step_125500 loss: 1.08639, acc: 0.66375
step_125600 loss: 1.06895, acc: 0.66375
step_125700 loss: 1.08522, acc: 0.66625
step_125800 loss: 1.05068, acc: 0.67719
step_125900 loss: 1.06859, acc: 0.67125
step_126000 loss: 1.05272, acc: 0.67719
macro f1: 0.28701 (best: 0.29650)
step_126100 loss: 1.08061, acc: 0.65844
step_126200 loss: 1.06859, acc: 0.66469
step_126300 loss: 1.04355, acc: 0.68344
step_126400 loss: 1.04928, acc: 0.67281
step_126500 loss: 1.04946, acc: 0.67250
step_126600 loss: 1.05798, acc: 0.68219
step_126700 loss: 1.06628, acc: 0.67656
step_126800 loss: 1.05098, acc: 0.67312
step_126900 loss: 1.05884, acc: 0.67531
step_127000 loss: 1.07156, acc: 0.66687
macro f1: 0.28581 (best: 0.29650)
step_127100 loss: 1.06368, acc: 0.66375
step_127200 loss: 1.08280, acc: 0.66344
step_127300 loss: 1.03503, acc: 0.67969
step_127400 loss: 1.08134, acc: 0.66219
step_127500 loss: 1.05768, acc: 0.66875
step_127600 loss: 1.03209, acc: 0.68156
step_127700 loss: 1.06014, acc: 0.66719
step_127800 loss: 1.07385, acc: 0.65625
step_127900 loss: 1.04104, acc: 0.67250
step_128000 loss: 1.07853, acc: 0.66219
macro f1: 0.28533 (best: 0.29650)
step_128100 loss: 1.05176, acc: 0.66750
step_128200 loss: 1.04976, acc: 0.67406
step_128300 loss: 1.07140, acc: 0.66250
step_128400 loss: 1.08737, acc: 0.66125
step_128500 loss: 1.01268, acc: 0.67937
step_128600 loss: 1.02828, acc: 0.68406
step_128700 loss: 1.04103, acc: 0.68000
step_128800 loss: 1.06123, acc: 0.67500
step_128900 loss: 1.06895, acc: 0.66875
step_129000 loss: 1.03062, acc: 0.67969
macro f1: 0.28463 (best: 0.29650)
step_129100 loss: 1.03048, acc: 0.67750
step_129200 loss: 1.04233, acc: 0.67188
step_129300 loss: 1.08103, acc: 0.65656
step_129400 loss: 1.14081, acc: 0.63906
step_129500 loss: 1.06124, acc: 0.66031
step_129600 loss: 1.04096, acc: 0.66406
step_129700 loss: 1.04303, acc: 0.67969
step_129800 loss: 1.07432, acc: 0.66156
step_129900 loss: 1.04206, acc: 0.67625
step_130000 loss: 1.08982, acc: 0.65750
macro f1: 0.28508 (best: 0.29650)
step_130100 loss: 1.07532, acc: 0.66031
step_130200 loss: 1.03466, acc: 0.67156
step_130300 loss: 1.05715, acc: 0.68375
step_130400 loss: 1.05132, acc: 0.66969
step_130500 loss: 0.99869, acc: 0.68250
step_130600 loss: 1.02108, acc: 0.68000
step_130700 loss: 1.05542, acc: 0.66406
step_130800 loss: 1.07989, acc: 0.66219
step_130900 loss: 1.03706, acc: 0.68000
step_131000 loss: 1.06226, acc: 0.65344
macro f1: 0.28531 (best: 0.29650)
step_131100 loss: 1.03228, acc: 0.67812
step_131200 loss: 1.05262, acc: 0.66781
step_131300 loss: 1.10482, acc: 0.65281
step_131400 loss: 1.07288, acc: 0.67094
step_131500 loss: 1.05738, acc: 0.67156
step_131600 loss: 1.06777, acc: 0.66656
step_131700 loss: 1.08300, acc: 0.66687
step_131800 loss: 1.03612, acc: 0.67812
step_131900 loss: 1.04726, acc: 0.67188
step_132000 loss: 1.10510, acc: 0.65250
macro f1: 0.28460 (best: 0.29650)
step_132100 loss: 1.02982, acc: 0.67000
step_132200 loss: 1.04486, acc: 0.67125
step_132300 loss: 1.08192, acc: 0.67094
step_132400 loss: 1.06003, acc: 0.67688
step_132500 loss: 1.07766, acc: 0.65844
step_132600 loss: 1.03005, acc: 0.67688
step_132700 loss: 1.05296, acc: 0.65812
step_132800 loss: 1.07238, acc: 0.66344
step_132900 loss: 1.08107, acc: 0.66500
step_133000 loss: 1.04524, acc: 0.67000
macro f1: 0.28556 (best: 0.29650)
step_133100 loss: 1.03733, acc: 0.67250
step_133200 loss: 1.08446, acc: 0.66063
step_133300 loss: 0.97981, acc: 0.69656
step_133400 loss: 1.04695, acc: 0.66812
step_133500 loss: 1.05255, acc: 0.66687
step_133600 loss: 1.04679, acc: 0.67594
step_133700 loss: 1.08442, acc: 0.66063
step_133800 loss: 1.04826, acc: 0.66906
step_133900 loss: 1.02577, acc: 0.67594
step_134000 loss: 1.02483, acc: 0.68188
macro f1: 0.28508 (best: 0.29650)
step_134100 loss: 1.04055, acc: 0.67969
step_134200 loss: 1.07265, acc: 0.66687
step_134300 loss: 1.04007, acc: 0.68094
step_134400 loss: 1.06065, acc: 0.66969
step_134500 loss: 1.03006, acc: 0.66656
step_134600 loss: 1.05478, acc: 0.66938
step_134700 loss: 1.05277, acc: 0.67500
step_134800 loss: 1.04784, acc: 0.68719
step_134900 loss: 1.03454, acc: 0.67906
step_135000 loss: 1.04891, acc: 0.67937
macro f1: 0.28447 (best: 0.29650)
step_135100 loss: 1.05988, acc: 0.67031
step_135200 loss: 1.08020, acc: 0.66187
step_135300 loss: 1.05925, acc: 0.67563
step_135400 loss: 1.05348, acc: 0.67625
step_135500 loss: 0.99207, acc: 0.68625
step_135600 loss: 1.07368, acc: 0.67125
step_135700 loss: 1.05487, acc: 0.67188
step_135800 loss: 1.03919, acc: 0.67031
step_135900 loss: 1.05458, acc: 0.67375
step_136000 loss: 1.07949, acc: 0.66719
macro f1: 0.28464 (best: 0.29650)
step_136100 loss: 1.05134, acc: 0.67000
step_136200 loss: 1.02552, acc: 0.68937
step_136300 loss: 1.05753, acc: 0.66719
step_136400 loss: 1.03481, acc: 0.67906
step_136500 loss: 1.05265, acc: 0.66438
step_136600 loss: 1.03024, acc: 0.68750
step_136700 loss: 1.05247, acc: 0.68156
step_136800 loss: 1.07360, acc: 0.67000
step_136900 loss: 1.07703, acc: 0.66812
step_137000 loss: 1.04504, acc: 0.68469
macro f1: 0.28373 (best: 0.29650)
step_137100 loss: 1.06443, acc: 0.65219
step_137200 loss: 1.08427, acc: 0.66219
step_137300 loss: 1.01589, acc: 0.68000
step_137400 loss: 1.05941, acc: 0.67188
step_137500 loss: 1.05132, acc: 0.67312
step_137600 loss: 1.06389, acc: 0.67563
step_137700 loss: 1.03765, acc: 0.67125
step_137800 loss: 1.05456, acc: 0.67719
step_137900 loss: 1.00900, acc: 0.68281
step_138000 loss: 1.04954, acc: 0.67437
macro f1: 0.28336 (best: 0.29650)
step_138100 loss: 1.03123, acc: 0.67563
step_138200 loss: 1.05160, acc: 0.67250
step_138300 loss: 1.04257, acc: 0.66969
step_138400 loss: 1.05670, acc: 0.67156
step_138500 loss: 1.03338, acc: 0.67844
step_138600 loss: 1.00577, acc: 0.68063
step_138700 loss: 1.04238, acc: 0.67031
step_138800 loss: 1.05375, acc: 0.66469
step_138900 loss: 1.04640, acc: 0.67188
step_139000 loss: 1.04065, acc: 0.67500
macro f1: 0.28512 (best: 0.29650)
step_139100 loss: 1.02987, acc: 0.67812
step_139200 loss: 1.07768, acc: 0.66312
step_139300 loss: 1.06638, acc: 0.68094
step_139400 loss: 1.06233, acc: 0.65938
step_139500 loss: 1.05694, acc: 0.67500
step_139600 loss: 1.04059, acc: 0.67812
step_139700 loss: 1.04565, acc: 0.67250
step_139800 loss: 1.01021, acc: 0.68969
step_139900 loss: 1.05260, acc: 0.67281
step_140000 loss: 1.05805, acc: 0.67688
macro f1: 0.28329 (best: 0.29650)
step_140100 loss: 1.00996, acc: 0.68156
step_140200 loss: 1.04369, acc: 0.67312
step_140300 loss: 1.05251, acc: 0.67031
step_140400 loss: 1.04501, acc: 0.67031
step_140500 loss: 1.04664, acc: 0.66031
step_140600 loss: 1.03703, acc: 0.67063
step_140700 loss: 1.02836, acc: 0.67906
step_140800 loss: 1.03997, acc: 0.66594
step_140900 loss: 1.03941, acc: 0.67500
step_141000 loss: 1.07078, acc: 0.66875
macro f1: 0.28335 (best: 0.29650)
step_141100 loss: 1.05013, acc: 0.66687
step_141200 loss: 1.04767, acc: 0.67844
step_141300 loss: 1.04242, acc: 0.67594
step_141400 loss: 1.02527, acc: 0.68500
step_141500 loss: 1.04411, acc: 0.67375
step_141600 loss: 1.06420, acc: 0.66781
step_141700 loss: 1.04938, acc: 0.66187
step_141800 loss: 1.05265, acc: 0.65844
step_141900 loss: 1.03614, acc: 0.67750
step_142000 loss: 1.03473, acc: 0.67031
macro f1: 0.28348 (best: 0.29650)
step_142100 loss: 1.01424, acc: 0.68531
step_142200 loss: 1.06597, acc: 0.66625
step_142300 loss: 1.02584, acc: 0.67937
step_142400 loss: 1.04914, acc: 0.67281
step_142500 loss: 1.03991, acc: 0.68094
step_142600 loss: 1.06835, acc: 0.66563
step_142700 loss: 1.03138, acc: 0.67375
step_142800 loss: 1.02923, acc: 0.68063
step_142900 loss: 1.03026, acc: 0.67500
step_143000 loss: 1.01477, acc: 0.68156
macro f1: 0.28348 (best: 0.29650)
step_143100 loss: 1.01278, acc: 0.68469
step_143200 loss: 1.06278, acc: 0.66438
step_143300 loss: 1.04343, acc: 0.67375
step_143400 loss: 1.05135, acc: 0.67406
step_143500 loss: 1.00601, acc: 0.68719
step_143600 loss: 0.96407, acc: 0.70312
step_143700 loss: 1.01142, acc: 0.68250
step_143800 loss: 1.07027, acc: 0.66438
step_143900 loss: 1.04443, acc: 0.67594
step_144000 loss: 1.01536, acc: 0.68656
macro f1: 0.28473 (best: 0.29650)
step_144100 loss: 1.05054, acc: 0.67219
step_144200 loss: 1.01788, acc: 0.68125
step_144300 loss: 1.03497, acc: 0.67437
step_144400 loss: 1.09205, acc: 0.65250
step_144500 loss: 1.00012, acc: 0.68437
step_144600 loss: 1.02973, acc: 0.68156
step_144700 loss: 1.02167, acc: 0.68437
step_144800 loss: 1.05350, acc: 0.67094
step_144900 loss: 1.02874, acc: 0.67969
step_145000 loss: 1.04067, acc: 0.67688
macro f1: 0.28280 (best: 0.29650)
step_145100 loss: 1.00893, acc: 0.68656
step_145200 loss: 1.04982, acc: 0.67750
step_145300 loss: 1.01810, acc: 0.68594
step_145400 loss: 1.03672, acc: 0.67875
step_145500 loss: 1.01397, acc: 0.68125
step_145600 loss: 1.03929, acc: 0.66938
step_145700 loss: 1.05861, acc: 0.67563
step_145800 loss: 1.01506, acc: 0.67750
step_145900 loss: 1.02406, acc: 0.67812
step_146000 loss: 1.01388, acc: 0.68188
macro f1: 0.28299 (best: 0.29650)
step_146100 loss: 1.00829, acc: 0.68531
step_146200 loss: 1.02143, acc: 0.68500
step_146300 loss: 1.02678, acc: 0.68406
step_146400 loss: 1.07098, acc: 0.66312
step_146500 loss: 1.04847, acc: 0.67312
step_146600 loss: 1.04893, acc: 0.66719
step_146700 loss: 1.03750, acc: 0.67594
step_146800 loss: 1.00064, acc: 0.69094
step_146900 loss: 1.02911, acc: 0.67688
step_147000 loss: 0.98985, acc: 0.69094
macro f1: 0.28376 (best: 0.29650)
step_147100 loss: 0.99603, acc: 0.69844
step_147200 loss: 1.01917, acc: 0.67312
step_147300 loss: 1.00019, acc: 0.68937
step_147400 loss: 1.01914, acc: 0.67937
step_147500 loss: 1.05410, acc: 0.67219
step_147600 loss: 1.09374, acc: 0.66406
step_147700 loss: 1.03161, acc: 0.68125
step_147800 loss: 1.02372, acc: 0.67406
step_147900 loss: 1.02945, acc: 0.67406
step_148000 loss: 1.04479, acc: 0.67000
macro f1: 0.28347 (best: 0.29650)
step_148100 loss: 1.02846, acc: 0.68500
step_148200 loss: 1.06881, acc: 0.65906
step_148300 loss: 1.04363, acc: 0.67594
step_148400 loss: 1.04104, acc: 0.67219
step_148500 loss: 1.02084, acc: 0.68563
step_148600 loss: 1.02426, acc: 0.69031
step_148700 loss: 1.05475, acc: 0.67156
step_148800 loss: 0.99673, acc: 0.68094
step_148900 loss: 1.02255, acc: 0.68406
step_149000 loss: 1.00661, acc: 0.68188
macro f1: 0.28343 (best: 0.29650)
step_149100 loss: 1.02330, acc: 0.68469
step_149200 loss: 1.04407, acc: 0.66781
step_149300 loss: 1.02753, acc: 0.68250
step_149400 loss: 1.00476, acc: 0.68437
step_149500 loss: 1.02665, acc: 0.67875
step_149600 loss: 1.05342, acc: 0.66844
step_149700 loss: 1.03265, acc: 0.67969
step_149800 loss: 1.04521, acc: 0.67219
step_149900 loss: 1.01138, acc: 0.68312
step_150000 loss: 1.03145, acc: 0.68625
macro f1: 0.28497 (best: 0.29650)
step_150100 loss: 1.04481, acc: 0.66719
step_150200 loss: 1.02229, acc: 0.68312
step_150300 loss: 1.04595, acc: 0.67812
step_150400 loss: 1.00213, acc: 0.69375
step_150500 loss: 1.01563, acc: 0.68344
step_150600 loss: 1.02552, acc: 0.68031
step_150700 loss: 1.00319, acc: 0.67406
step_150800 loss: 1.02354, acc: 0.68500
step_150900 loss: 1.00750, acc: 0.68719
step_151000 loss: 1.00654, acc: 0.68188
macro f1: 0.28447 (best: 0.29650)
step_151100 loss: 1.05402, acc: 0.67594
step_151200 loss: 1.02647, acc: 0.68063
step_151300 loss: 1.00219, acc: 0.68688
step_151400 loss: 1.01820, acc: 0.69094
step_151500 loss: 0.99892, acc: 0.68594
step_151600 loss: 0.99551, acc: 0.69125
step_151700 loss: 1.05844, acc: 0.67437
step_151800 loss: 1.09072, acc: 0.66250
step_151900 loss: 1.00234, acc: 0.68000
step_152000 loss: 0.98588, acc: 0.69031
macro f1: 0.28443 (best: 0.29650)
step_152100 loss: 1.02505, acc: 0.67344
step_152200 loss: 1.01196, acc: 0.68063
step_152300 loss: 0.99007, acc: 0.68969
step_152400 loss: 1.03108, acc: 0.68250
step_152500 loss: 0.98539, acc: 0.68000
step_152600 loss: 1.04851, acc: 0.67563
step_152700 loss: 1.00301, acc: 0.68719
step_152800 loss: 1.03218, acc: 0.67625
step_152900 loss: 0.97656, acc: 0.69000
step_153000 loss: 0.97666, acc: 0.70000
macro f1: 0.28414 (best: 0.29650)
step_153100 loss: 1.04921, acc: 0.67188
step_153200 loss: 1.03585, acc: 0.67875
step_153300 loss: 0.99371, acc: 0.69312
step_153400 loss: 0.98968, acc: 0.68781
step_153500 loss: 1.01301, acc: 0.68656
step_153600 loss: 1.00211, acc: 0.69375
step_153700 loss: 1.00787, acc: 0.68000
step_153800 loss: 1.02227, acc: 0.68031
step_153900 loss: 1.04170, acc: 0.66969
step_154000 loss: 0.97665, acc: 0.69812
macro f1: 0.28449 (best: 0.29650)
step_154100 loss: 0.99197, acc: 0.68656
step_154200 loss: 1.00089, acc: 0.68937
step_154300 loss: 1.02296, acc: 0.67750
step_154400 loss: 1.01848, acc: 0.67656
step_154500 loss: 1.03391, acc: 0.67250
step_154600 loss: 0.98467, acc: 0.69500
step_154700 loss: 1.04093, acc: 0.67063
step_154800 loss: 1.04422, acc: 0.67781
step_154900 loss: 0.98423, acc: 0.69875
step_155000 loss: 1.06843, acc: 0.66969
macro f1: 0.28401 (best: 0.29650)
step_155100 loss: 1.04505, acc: 0.67969
step_155200 loss: 1.01303, acc: 0.68469
step_155300 loss: 1.00381, acc: 0.69094
step_155400 loss: 1.02451, acc: 0.67625
step_155500 loss: 1.02798, acc: 0.68094
step_155600 loss: 0.99701, acc: 0.69156
step_155700 loss: 1.03367, acc: 0.68156
step_155800 loss: 1.01854, acc: 0.67531
step_155900 loss: 0.97683, acc: 0.69406
step_156000 loss: 1.00812, acc: 0.68781
macro f1: 0.28372 (best: 0.29650)
step_156100 loss: 0.98967, acc: 0.68688
step_156200 loss: 0.99922, acc: 0.69000
step_156300 loss: 0.99480, acc: 0.70156
step_156400 loss: 1.04245, acc: 0.67563
step_156500 loss: 0.97256, acc: 0.69906
step_156600 loss: 1.03172, acc: 0.68156
step_156700 loss: 1.00045, acc: 0.69250
step_156800 loss: 1.02484, acc: 0.68188
step_156900 loss: 0.99708, acc: 0.68531
step_157000 loss: 1.02137, acc: 0.68125
macro f1: 0.28327 (best: 0.29650)
step_157100 loss: 0.98751, acc: 0.68344
step_157200 loss: 0.99704, acc: 0.69469
step_157300 loss: 1.00407, acc: 0.67781
step_157400 loss: 1.01069, acc: 0.68344
step_157500 loss: 1.00530, acc: 0.68344
step_157600 loss: 0.99219, acc: 0.68500
step_157700 loss: 0.99966, acc: 0.68719
step_157800 loss: 1.02972, acc: 0.67594
step_157900 loss: 0.98836, acc: 0.68937
step_158000 loss: 1.01664, acc: 0.68688
macro f1: 0.28372 (best: 0.29650)
step_158100 loss: 1.00755, acc: 0.69625
step_158200 loss: 1.01915, acc: 0.68656
step_158300 loss: 1.03960, acc: 0.68437
step_158400 loss: 0.97996, acc: 0.69625
step_158500 loss: 1.02754, acc: 0.68188
step_158600 loss: 1.00788, acc: 0.67031
step_158700 loss: 1.02488, acc: 0.67937
step_158800 loss: 1.03219, acc: 0.67531
step_158900 loss: 0.99084, acc: 0.68500
step_159000 loss: 1.01769, acc: 0.68063
macro f1: 0.28289 (best: 0.29650)
step_159100 loss: 0.99155, acc: 0.69625
step_159200 loss: 1.01482, acc: 0.68250
step_159300 loss: 1.01031, acc: 0.68375
step_159400 loss: 0.98474, acc: 0.69063
step_159500 loss: 1.01301, acc: 0.68781
step_159600 loss: 1.00474, acc: 0.69250
step_159700 loss: 1.01486, acc: 0.68688
step_159800 loss: 1.05335, acc: 0.67094
step_159900 loss: 1.00390, acc: 0.68875
step_160000 loss: 0.96988, acc: 0.68625
