INFO dataset.py: 128: dim_word: 300
INFO dataset.py: 129: dim_char: 25
INFO dataset.py: 130: max_len_sent: 30
INFO dataset.py: 131: max_len_word: 10
INFO dataset.py: 133: we shape: (55833 300)
INFO dataset.py: 135: ce shape: (70 25)
INFO dataset.py: 137: ==> train :
INFO dataset.py: 139: (471455,)
INFO dataset.py: 139: (471455, 30)
INFO dataset.py: 139: (471455,)
INFO dataset.py: 139: (471455, 30, 10)
INFO dataset.py: 139: (471455, 30)
INFO dataset.py: 142: ==> dev :
INFO dataset.py: 144: (50000,)
INFO dataset.py: 144: (50000, 30)
INFO dataset.py: 144: (50000,)
INFO dataset.py: 144: (50000, 30, 10)
INFO dataset.py: 144: (50000, 30)
INFO dataset.py: 147: ==> test :
INFO dataset.py: 149: (50000,)
INFO dataset.py: 149: (50000, 30)
INFO dataset.py: 149: (50000,)
INFO dataset.py: 149: (50000, 30, 10)
INFO dataset.py: 149: (50000, 30)
INFO config.py:  35: clipper : 10.0
INFO config.py:  35: dim_word : 300
INFO config.py:  35: max_len_sent : 30
INFO config.py:  35: dim_char : 25
INFO config.py:  35: n_rnn_word : 300
INFO config.py:  35: save_model : True
INFO config.py:  35: n_class : 20
INFO config.py:  35: batch_size : 32
INFO config.py:  35: epoch_size : 5
INFO config.py:  35: l2_norm : 0.0001
INFO config.py:  35: lr : 0.001
INFO config.py:  35: max_len_word : 10
INFO config.py:  35: n_mlp : 300
INFO config.py:  35: n_rnn_char : 80
INFO textcleaner.py:  20: 'pattern' package not found; tag filters are not available for English
INFO main.py: 117: Epoch: 0
INFO train_tool.py:  86: step_100 loss: 2.85789, acc: 0.21688
INFO train_tool.py:  86: step_200 loss: 2.58032, acc: 0.25812
INFO train_tool.py:  86: step_300 loss: 2.46769, acc: 0.29969
INFO train_tool.py:  86: step_400 loss: 2.38715, acc: 0.31500
INFO train_tool.py:  86: step_500 loss: 2.37433, acc: 0.30719
INFO train_tool.py:  86: step_600 loss: 2.32968, acc: 0.31625
INFO train_tool.py:  86: step_700 loss: 2.31042, acc: 0.33000
INFO train_tool.py:  86: step_800 loss: 2.28476, acc: 0.34031
INFO train_tool.py:  86: step_900 loss: 2.23222, acc: 0.35344
INFO train_tool.py:  86: step_1000 loss: 2.20771, acc: 0.36156
INFO train_tool.py:  95: macro f1: 0.20312 (best: 0.27000)
INFO train_tool.py:  86: step_1100 loss: 2.23194, acc: 0.35000
INFO train_tool.py:  86: step_1200 loss: 2.24409, acc: 0.33594
INFO train_tool.py:  86: step_1300 loss: 2.23759, acc: 0.33469
INFO train_tool.py:  86: step_1400 loss: 2.21319, acc: 0.35250
INFO train_tool.py:  86: step_1500 loss: 2.20391, acc: 0.35437
INFO train_tool.py:  86: step_1600 loss: 2.18309, acc: 0.35719
INFO train_tool.py:  86: step_1700 loss: 2.19713, acc: 0.36094
INFO train_tool.py:  86: step_1800 loss: 2.14470, acc: 0.37188
INFO train_tool.py:  86: step_1900 loss: 2.13789, acc: 0.36812
INFO train_tool.py:  86: step_2000 loss: 2.18576, acc: 0.36000
INFO train_tool.py:  95: macro f1: 0.22875 (best: 0.27000)
INFO train_tool.py:  86: step_2100 loss: 2.16465, acc: 0.37094
INFO train_tool.py:  86: step_2200 loss: 2.18630, acc: 0.35750
INFO train_tool.py:  86: step_2300 loss: 2.14775, acc: 0.36688
INFO train_tool.py:  86: step_2400 loss: 2.11582, acc: 0.37719
INFO train_tool.py:  86: step_2500 loss: 2.14697, acc: 0.36938
INFO train_tool.py:  86: step_2600 loss: 2.15263, acc: 0.36406
INFO train_tool.py:  86: step_2700 loss: 2.13868, acc: 0.37406
INFO train_tool.py:  86: step_2800 loss: 2.12720, acc: 0.37719
INFO train_tool.py:  86: step_2900 loss: 2.14022, acc: 0.35969
INFO train_tool.py:  86: step_3000 loss: 2.14744, acc: 0.36031
INFO train_tool.py:  95: macro f1: 0.23775 (best: 0.27000)
INFO train_tool.py:  86: step_3100 loss: 2.12585, acc: 0.37125
INFO train_tool.py:  86: step_3200 loss: 2.14120, acc: 0.36594
INFO train_tool.py:  86: step_3300 loss: 2.12911, acc: 0.36281
INFO train_tool.py:  86: step_3400 loss: 2.10623, acc: 0.37750
INFO train_tool.py:  86: step_3500 loss: 2.12486, acc: 0.37188
INFO train_tool.py:  86: step_3600 loss: 2.13155, acc: 0.36031
INFO train_tool.py:  86: step_3700 loss: 2.14144, acc: 0.35344
INFO train_tool.py:  86: step_3800 loss: 2.13611, acc: 0.35687
INFO train_tool.py:  86: step_3900 loss: 2.12285, acc: 0.37125
INFO train_tool.py:  86: step_4000 loss: 2.11233, acc: 0.36688
INFO train_tool.py:  95: macro f1: 0.23616 (best: 0.27000)
INFO train_tool.py:  86: step_4100 loss: 2.10837, acc: 0.38031
INFO train_tool.py:  86: step_4200 loss: 2.11012, acc: 0.36812
INFO train_tool.py:  86: step_4300 loss: 2.11169, acc: 0.36688
INFO train_tool.py:  86: step_4400 loss: 2.10886, acc: 0.36531
INFO train_tool.py:  86: step_4500 loss: 2.09452, acc: 0.38094
INFO train_tool.py:  86: step_4600 loss: 2.10301, acc: 0.37312
INFO train_tool.py:  86: step_4700 loss: 2.08261, acc: 0.37656
INFO train_tool.py:  86: step_4800 loss: 2.14356, acc: 0.35563
INFO train_tool.py:  86: step_4900 loss: 2.10566, acc: 0.37531
INFO train_tool.py:  86: step_5000 loss: 2.08018, acc: 0.37781
INFO train_tool.py:  95: macro f1: 0.23970 (best: 0.27000)
INFO train_tool.py:  86: step_5100 loss: 2.12415, acc: 0.36781
INFO train_tool.py:  86: step_5200 loss: 2.08470, acc: 0.37438
INFO train_tool.py:  86: step_5300 loss: 2.07550, acc: 0.38125
INFO train_tool.py:  86: step_5400 loss: 2.08046, acc: 0.37719
INFO train_tool.py:  86: step_5500 loss: 2.10864, acc: 0.36531
INFO train_tool.py:  86: step_5600 loss: 2.07387, acc: 0.38000
INFO train_tool.py:  86: step_5700 loss: 2.08270, acc: 0.38125
INFO train_tool.py:  86: step_5800 loss: 2.07250, acc: 0.37531
INFO train_tool.py:  86: step_5900 loss: 2.08247, acc: 0.38344
INFO train_tool.py:  86: step_6000 loss: 2.05850, acc: 0.38906
INFO train_tool.py:  95: macro f1: 0.25352 (best: 0.27000)
INFO train_tool.py:  86: step_6100 loss: 2.06368, acc: 0.39031
INFO train_tool.py:  86: step_6200 loss: 2.09496, acc: 0.36750
INFO train_tool.py:  86: step_6300 loss: 2.09820, acc: 0.37969
INFO train_tool.py:  86: step_6400 loss: 2.10017, acc: 0.37125
INFO train_tool.py:  86: step_6500 loss: 2.07983, acc: 0.37281
INFO train_tool.py:  86: step_6600 loss: 2.05091, acc: 0.39031
INFO train_tool.py:  86: step_6700 loss: 2.09702, acc: 0.36688
INFO train_tool.py:  86: step_6800 loss: 2.02550, acc: 0.40125
INFO train_tool.py:  86: step_6900 loss: 2.08822, acc: 0.37375
INFO train_tool.py:  86: step_7000 loss: 2.07299, acc: 0.37469
INFO train_tool.py:  95: macro f1: 0.26006 (best: 0.27000)
INFO train_tool.py:  86: step_7100 loss: 2.08050, acc: 0.38812
INFO train_tool.py:  86: step_7200 loss: 2.06730, acc: 0.37656
INFO train_tool.py:  86: step_7300 loss: 2.05958, acc: 0.38375
INFO train_tool.py:  86: step_7400 loss: 2.10445, acc: 0.36812
INFO train_tool.py:  86: step_7500 loss: 2.02504, acc: 0.40531
INFO train_tool.py:  86: step_7600 loss: 2.09884, acc: 0.36906
INFO train_tool.py:  86: step_7700 loss: 2.03794, acc: 0.38531
INFO train_tool.py:  86: step_7800 loss: 2.09340, acc: 0.37062
INFO train_tool.py:  86: step_7900 loss: 2.06645, acc: 0.38656
INFO train_tool.py:  86: step_8000 loss: 2.06029, acc: 0.38156
INFO train_tool.py:  95: macro f1: 0.25268 (best: 0.27000)
INFO train_tool.py:  86: step_8100 loss: 2.07363, acc: 0.38156
INFO train_tool.py:  86: step_8200 loss: 2.05654, acc: 0.38594
INFO train_tool.py:  86: step_8300 loss: 2.04891, acc: 0.39875
INFO train_tool.py:  86: step_8400 loss: 2.06281, acc: 0.38062
INFO train_tool.py:  86: step_8500 loss: 2.04054, acc: 0.38812
INFO train_tool.py:  86: step_8600 loss: 2.01391, acc: 0.39750
INFO train_tool.py:  86: step_8700 loss: 2.06790, acc: 0.37938
INFO train_tool.py:  86: step_8800 loss: 2.08933, acc: 0.37875
INFO train_tool.py:  86: step_8900 loss: 2.07458, acc: 0.37406
INFO train_tool.py:  86: step_9000 loss: 2.04055, acc: 0.39937
INFO train_tool.py:  95: macro f1: 0.25469 (best: 0.27000)
INFO train_tool.py:  86: step_9100 loss: 2.09069, acc: 0.37562
INFO train_tool.py:  86: step_9200 loss: 2.06930, acc: 0.36594
INFO train_tool.py:  86: step_9300 loss: 2.05570, acc: 0.38500
INFO train_tool.py:  86: step_9400 loss: 2.03528, acc: 0.39313
INFO train_tool.py:  86: step_9500 loss: 2.05370, acc: 0.39313
INFO train_tool.py:  86: step_9600 loss: 2.08072, acc: 0.36938
INFO train_tool.py:  86: step_9700 loss: 2.05691, acc: 0.39094
INFO train_tool.py:  86: step_9800 loss: 2.02480, acc: 0.40344
INFO train_tool.py:  86: step_9900 loss: 2.02442, acc: 0.40375
INFO train_tool.py:  86: step_10000 loss: 2.04557, acc: 0.38375
INFO train_tool.py:  95: macro f1: 0.26666 (best: 0.27000)
INFO train_tool.py:  86: step_10100 loss: 2.07478, acc: 0.37531
INFO train_tool.py:  86: step_10200 loss: 2.00402, acc: 0.40531
INFO train_tool.py:  86: step_10300 loss: 2.06139, acc: 0.38625
INFO train_tool.py:  86: step_10400 loss: 2.11527, acc: 0.36469
INFO train_tool.py:  86: step_10500 loss: 2.02813, acc: 0.38844
INFO train_tool.py:  86: step_10600 loss: 2.07190, acc: 0.38375
INFO train_tool.py:  86: step_10700 loss: 2.09347, acc: 0.37594
INFO train_tool.py:  86: step_10800 loss: 2.03376, acc: 0.38719
INFO train_tool.py:  86: step_10900 loss: 2.02669, acc: 0.40594
INFO train_tool.py:  86: step_11000 loss: 2.03563, acc: 0.39219
INFO train_tool.py:  95: macro f1: 0.26469 (best: 0.27000)
INFO train_tool.py:  86: step_11100 loss: 2.03377, acc: 0.39187
INFO train_tool.py:  86: step_11200 loss: 2.04751, acc: 0.38531
INFO train_tool.py:  86: step_11300 loss: 2.05131, acc: 0.39375
INFO train_tool.py:  86: step_11400 loss: 2.04427, acc: 0.38219
INFO train_tool.py:  86: step_11500 loss: 2.01818, acc: 0.39719
INFO train_tool.py:  86: step_11600 loss: 2.04468, acc: 0.38781
INFO train_tool.py:  86: step_11700 loss: 2.03712, acc: 0.39156
INFO train_tool.py:  86: step_11800 loss: 2.10717, acc: 0.36062
INFO train_tool.py:  86: step_11900 loss: 2.05024, acc: 0.36812
INFO train_tool.py:  86: step_12000 loss: 2.06810, acc: 0.38375
INFO train_tool.py:  95: macro f1: 0.26934 (best: 0.27000)
INFO train_tool.py:  86: step_12100 loss: 2.03640, acc: 0.39344
INFO train_tool.py:  86: step_12200 loss: 2.01744, acc: 0.39625
INFO train_tool.py:  86: step_12300 loss: 2.02472, acc: 0.39344
INFO train_tool.py:  86: step_12400 loss: 2.02117, acc: 0.40313
INFO train_tool.py:  86: step_12500 loss: 2.06447, acc: 0.36969
INFO train_tool.py:  86: step_12600 loss: 2.04376, acc: 0.38594
INFO train_tool.py:  86: step_12700 loss: 2.01728, acc: 0.40687
INFO train_tool.py:  86: step_12800 loss: 2.01780, acc: 0.40250
INFO train_tool.py:  86: step_12900 loss: 2.03817, acc: 0.39344
INFO train_tool.py:  86: step_13000 loss: 2.03314, acc: 0.38719
INFO train_tool.py:  95: macro f1: 0.25428 (best: 0.27000)
INFO train_tool.py:  86: step_13100 loss: 2.03183, acc: 0.39344
INFO train_tool.py:  86: step_13200 loss: 2.03926, acc: 0.38969
INFO train_tool.py:  86: step_13300 loss: 2.05231, acc: 0.37844
INFO train_tool.py:  86: step_13400 loss: 2.02785, acc: 0.39031
INFO train_tool.py:  86: step_13500 loss: 2.03483, acc: 0.39563
INFO train_tool.py:  86: step_13600 loss: 2.02599, acc: 0.39406
INFO train_tool.py:  86: step_13700 loss: 2.04446, acc: 0.38312
INFO train_tool.py:  86: step_13800 loss: 2.03103, acc: 0.39187
INFO train_tool.py:  86: step_13900 loss: 2.04680, acc: 0.39313
INFO train_tool.py:  86: step_14000 loss: 2.01263, acc: 0.39406
INFO train_tool.py:  95: macro f1: 0.26575 (best: 0.27000)
INFO train_tool.py:  86: step_14100 loss: 2.02638, acc: 0.39719
INFO train_tool.py:  86: step_14200 loss: 2.04125, acc: 0.38531
INFO train_tool.py:  86: step_14300 loss: 2.02168, acc: 0.39969
INFO train_tool.py:  86: step_14400 loss: 1.99793, acc: 0.40281
INFO train_tool.py:  86: step_14500 loss: 2.00522, acc: 0.37969
INFO train_tool.py:  86: step_14600 loss: 2.00883, acc: 0.39656
INFO train_tool.py:  86: step_14700 loss: 2.00022, acc: 0.40875
INFO train_tool.py: 102: End current epoch !
INFO main.py: 130: ### cost time: 124.24 m
INFO main.py: 117: Epoch: 1
INFO main.py: 121: change lr: 0.001000  => 0.000100
INFO train_tool.py:  86: step_14800 loss: 1.90083, acc: 0.43330
INFO train_tool.py:  86: step_14900 loss: 1.91032, acc: 0.41656
INFO train_tool.py:  86: step_15000 loss: 1.88707, acc: 0.43656
INFO train_tool.py:  95: macro f1: 0.27114 (best: 0.27000)
INFO train_tool.py:  86: step_15100 loss: 1.90590, acc: 0.41687
INFO train_tool.py:  86: step_15200 loss: 1.98073, acc: 0.40250
INFO train_tool.py:  86: step_15300 loss: 1.94174, acc: 0.41969
INFO train_tool.py:  86: step_15400 loss: 1.89234, acc: 0.43406
INFO train_tool.py:  86: step_15500 loss: 1.89289, acc: 0.42156
INFO train_tool.py:  86: step_15600 loss: 1.86796, acc: 0.43906
INFO train_tool.py:  86: step_15700 loss: 1.89403, acc: 0.42312
INFO train_tool.py:  86: step_15800 loss: 1.87223, acc: 0.42438
INFO train_tool.py:  86: step_15900 loss: 1.87235, acc: 0.43375
INFO train_tool.py:  86: step_16000 loss: 1.88564, acc: 0.43281
INFO train_tool.py:  95: macro f1: 0.27424 (best: 0.27114)
INFO train_tool.py:  86: step_16100 loss: 1.87496, acc: 0.43625
INFO train_tool.py:  86: step_16200 loss: 1.86583, acc: 0.44000
INFO train_tool.py:  86: step_16300 loss: 1.87353, acc: 0.43062
INFO train_tool.py:  86: step_16400 loss: 1.91551, acc: 0.42438
INFO train_tool.py:  86: step_16500 loss: 1.92536, acc: 0.41969
INFO train_tool.py:  86: step_16600 loss: 1.89052, acc: 0.43031
INFO train_tool.py:  86: step_16700 loss: 1.90306, acc: 0.42875
INFO train_tool.py:  86: step_16800 loss: 1.92126, acc: 0.42188
INFO train_tool.py:  86: step_16900 loss: 1.88118, acc: 0.43156
INFO train_tool.py:  86: step_17000 loss: 1.86000, acc: 0.44375
INFO train_tool.py:  95: macro f1: 0.27612 (best: 0.27424)
INFO train_tool.py:  86: step_17100 loss: 1.91636, acc: 0.42312
INFO train_tool.py:  86: step_17200 loss: 1.89280, acc: 0.42812
INFO train_tool.py:  86: step_17300 loss: 1.89072, acc: 0.42500
INFO train_tool.py:  86: step_17400 loss: 1.89142, acc: 0.43094
INFO train_tool.py:  86: step_17500 loss: 1.87979, acc: 0.43344
INFO train_tool.py:  86: step_17600 loss: 1.85166, acc: 0.43938
INFO train_tool.py:  86: step_17700 loss: 1.88789, acc: 0.43531
INFO train_tool.py:  86: step_17800 loss: 1.90188, acc: 0.42906
INFO train_tool.py:  86: step_17900 loss: 1.86798, acc: 0.43938
INFO train_tool.py:  86: step_18000 loss: 1.88313, acc: 0.43219
INFO train_tool.py:  95: macro f1: 0.27726 (best: 0.27612)
INFO train_tool.py:  86: step_18100 loss: 1.87066, acc: 0.44031
INFO train_tool.py:  86: step_18200 loss: 1.87890, acc: 0.42875
INFO train_tool.py:  86: step_18300 loss: 1.90912, acc: 0.42000
INFO train_tool.py:  86: step_18400 loss: 1.89157, acc: 0.43219
INFO train_tool.py:  86: step_18500 loss: 1.91913, acc: 0.43156
INFO train_tool.py:  86: step_18600 loss: 1.87601, acc: 0.45000
INFO train_tool.py:  86: step_18700 loss: 1.88346, acc: 0.43031
INFO train_tool.py:  86: step_18800 loss: 1.86565, acc: 0.44156
INFO train_tool.py:  86: step_18900 loss: 1.87721, acc: 0.41969
INFO train_tool.py:  86: step_19000 loss: 1.90374, acc: 0.42562
INFO train_tool.py:  95: macro f1: 0.27871 (best: 0.27726)
INFO train_tool.py:  86: step_19100 loss: 1.84680, acc: 0.45125
INFO train_tool.py:  86: step_19200 loss: 1.87790, acc: 0.43656
INFO train_tool.py:  86: step_19300 loss: 1.85416, acc: 0.43656
INFO train_tool.py:  86: step_19400 loss: 1.86664, acc: 0.43219
INFO train_tool.py:  86: step_19500 loss: 1.83180, acc: 0.44781
INFO train_tool.py:  86: step_19600 loss: 1.86658, acc: 0.43406
INFO train_tool.py:  86: step_19700 loss: 1.91370, acc: 0.41437
INFO train_tool.py:  86: step_19800 loss: 1.85868, acc: 0.44062
INFO train_tool.py:  86: step_19900 loss: 1.88178, acc: 0.42844
INFO train_tool.py:  86: step_20000 loss: 1.85347, acc: 0.44812
INFO train_tool.py:  95: macro f1: 0.27736 (best: 0.27871)
INFO train_tool.py:  86: step_20100 loss: 1.89213, acc: 0.42969
INFO train_tool.py:  86: step_20200 loss: 1.88372, acc: 0.43625
INFO train_tool.py:  86: step_20300 loss: 1.85679, acc: 0.43375
INFO train_tool.py:  86: step_20400 loss: 1.86091, acc: 0.43750
INFO train_tool.py:  86: step_20500 loss: 1.86274, acc: 0.43344
INFO train_tool.py:  86: step_20600 loss: 1.88852, acc: 0.42844
INFO train_tool.py:  86: step_20700 loss: 1.86623, acc: 0.44000
INFO train_tool.py:  86: step_20800 loss: 1.88255, acc: 0.42781
INFO train_tool.py:  86: step_20900 loss: 1.86275, acc: 0.43375
INFO train_tool.py:  86: step_21000 loss: 1.89109, acc: 0.42125
INFO train_tool.py:  95: macro f1: 0.28068 (best: 0.27871)
INFO train_tool.py:  86: step_21100 loss: 1.85999, acc: 0.44000
INFO train_tool.py:  86: step_21200 loss: 1.89394, acc: 0.43375
INFO train_tool.py:  86: step_21300 loss: 1.87114, acc: 0.43094
INFO train_tool.py:  86: step_21400 loss: 1.89452, acc: 0.42188
INFO train_tool.py:  86: step_21500 loss: 1.85723, acc: 0.45062
INFO train_tool.py:  86: step_21600 loss: 1.86282, acc: 0.43062
INFO train_tool.py:  86: step_21700 loss: 1.82861, acc: 0.44625
INFO train_tool.py:  86: step_21800 loss: 1.89089, acc: 0.42531
INFO train_tool.py:  86: step_21900 loss: 1.86688, acc: 0.44406
INFO train_tool.py:  86: step_22000 loss: 1.87555, acc: 0.43094
INFO train_tool.py:  95: macro f1: 0.28051 (best: 0.28068)
INFO train_tool.py:  86: step_22100 loss: 1.85990, acc: 0.43188
INFO train_tool.py:  86: step_22200 loss: 1.87164, acc: 0.41656
INFO train_tool.py:  86: step_22300 loss: 1.89393, acc: 0.43406
INFO train_tool.py:  86: step_22400 loss: 1.87047, acc: 0.43656
INFO train_tool.py:  86: step_22500 loss: 1.86525, acc: 0.42562
INFO train_tool.py:  86: step_22600 loss: 1.84619, acc: 0.43969
INFO train_tool.py:  86: step_22700 loss: 1.82747, acc: 0.45281
INFO train_tool.py:  86: step_22800 loss: 1.85377, acc: 0.44375
INFO train_tool.py:  86: step_22900 loss: 1.84265, acc: 0.44281
INFO train_tool.py:  86: step_23000 loss: 1.86132, acc: 0.43938
INFO train_tool.py:  95: macro f1: 0.28250 (best: 0.28068)
INFO train_tool.py:  86: step_23100 loss: 1.84863, acc: 0.44219
INFO train_tool.py:  86: step_23200 loss: 1.87267, acc: 0.43312
INFO train_tool.py:  86: step_23300 loss: 1.85627, acc: 0.42812
INFO train_tool.py:  86: step_23400 loss: 1.89360, acc: 0.42812
INFO train_tool.py:  86: step_23500 loss: 1.89074, acc: 0.43000
INFO train_tool.py:  86: step_23600 loss: 1.88881, acc: 0.43750
INFO train_tool.py:  86: step_23700 loss: 1.82043, acc: 0.45062
INFO train_tool.py:  86: step_23800 loss: 1.85235, acc: 0.44281
INFO train_tool.py:  86: step_23900 loss: 1.84201, acc: 0.44531
INFO train_tool.py:  86: step_24000 loss: 1.86451, acc: 0.44000
INFO train_tool.py:  95: macro f1: 0.28561 (best: 0.28250)
INFO train_tool.py:  86: step_24100 loss: 1.86432, acc: 0.44406
INFO train_tool.py:  86: step_24200 loss: 1.85723, acc: 0.42750
INFO train_tool.py:  86: step_24300 loss: 1.86877, acc: 0.43938
INFO train_tool.py:  86: step_24400 loss: 1.84835, acc: 0.44594
INFO train_tool.py:  86: step_24500 loss: 1.84668, acc: 0.44656
INFO train_tool.py:  86: step_24600 loss: 1.83504, acc: 0.44719
INFO train_tool.py:  86: step_24700 loss: 1.85035, acc: 0.44312
INFO train_tool.py:  86: step_24800 loss: 1.83902, acc: 0.44594
INFO train_tool.py:  86: step_24900 loss: 1.88044, acc: 0.42500
INFO train_tool.py:  86: step_25000 loss: 1.83883, acc: 0.44625
INFO train_tool.py:  95: macro f1: 0.28601 (best: 0.28561)
INFO train_tool.py:  86: step_25100 loss: 1.84462, acc: 0.44219
INFO train_tool.py:  86: step_25200 loss: 1.84047, acc: 0.43906
INFO train_tool.py:  86: step_25300 loss: 1.84619, acc: 0.43406
INFO train_tool.py:  86: step_25400 loss: 1.85900, acc: 0.44656
INFO train_tool.py:  86: step_25500 loss: 1.84257, acc: 0.44969
INFO train_tool.py:  86: step_25600 loss: 1.81147, acc: 0.45937
INFO train_tool.py:  86: step_25700 loss: 1.90959, acc: 0.42812
INFO train_tool.py:  86: step_25800 loss: 1.87542, acc: 0.44156
INFO train_tool.py:  86: step_25900 loss: 1.82782, acc: 0.44406
INFO train_tool.py:  86: step_26000 loss: 1.85677, acc: 0.44906
INFO train_tool.py:  95: macro f1: 0.28324 (best: 0.28601)
INFO train_tool.py:  86: step_26100 loss: 1.87775, acc: 0.43375
INFO train_tool.py:  86: step_26200 loss: 1.83616, acc: 0.44656
INFO train_tool.py:  86: step_26300 loss: 1.85338, acc: 0.43219
INFO train_tool.py:  86: step_26400 loss: 1.88281, acc: 0.43156
INFO train_tool.py:  86: step_26500 loss: 1.84636, acc: 0.43844
INFO train_tool.py:  86: step_26600 loss: 1.88722, acc: 0.42688
INFO train_tool.py:  86: step_26700 loss: 1.88452, acc: 0.42906
INFO train_tool.py:  86: step_26800 loss: 1.88720, acc: 0.43156
INFO train_tool.py:  86: step_26900 loss: 1.85272, acc: 0.43906
INFO train_tool.py:  86: step_27000 loss: 1.87115, acc: 0.43250
INFO train_tool.py:  95: macro f1: 0.28747 (best: 0.28601)
INFO train_tool.py:  86: step_27100 loss: 1.81478, acc: 0.44938
INFO train_tool.py:  86: step_27200 loss: 1.80332, acc: 0.45344
INFO train_tool.py:  86: step_27300 loss: 1.85954, acc: 0.43844
INFO train_tool.py:  86: step_27400 loss: 1.82651, acc: 0.44344
INFO train_tool.py:  86: step_27500 loss: 1.87398, acc: 0.43156
INFO train_tool.py:  86: step_27600 loss: 1.83756, acc: 0.45156
INFO train_tool.py:  86: step_27700 loss: 1.84639, acc: 0.44188
INFO train_tool.py:  86: step_27800 loss: 1.81909, acc: 0.45312
INFO train_tool.py:  86: step_27900 loss: 1.88533, acc: 0.43281
INFO train_tool.py:  86: step_28000 loss: 1.85307, acc: 0.43969
INFO train_tool.py:  95: macro f1: 0.28602 (best: 0.28747)
INFO train_tool.py:  86: step_28100 loss: 1.85185, acc: 0.43625
INFO train_tool.py:  86: step_28200 loss: 1.89274, acc: 0.43688
INFO train_tool.py:  86: step_28300 loss: 1.86407, acc: 0.43281
INFO train_tool.py:  86: step_28400 loss: 1.88009, acc: 0.42906
INFO train_tool.py:  86: step_28500 loss: 1.87554, acc: 0.42969
INFO train_tool.py:  86: step_28600 loss: 1.85308, acc: 0.43625
INFO train_tool.py:  86: step_28700 loss: 1.86543, acc: 0.44125
INFO train_tool.py:  86: step_28800 loss: 1.82599, acc: 0.44500
INFO train_tool.py:  86: step_28900 loss: 1.84703, acc: 0.44406
INFO train_tool.py:  86: step_29000 loss: 1.83784, acc: 0.45437
INFO train_tool.py:  95: macro f1: 0.28743 (best: 0.28747)
INFO train_tool.py:  86: step_29100 loss: 1.86453, acc: 0.43375
INFO train_tool.py:  86: step_29200 loss: 1.89565, acc: 0.42281
INFO train_tool.py:  86: step_29300 loss: 1.85984, acc: 0.43219
INFO train_tool.py:  86: step_29400 loss: 1.91447, acc: 0.42188
INFO train_tool.py: 102: End current epoch !
INFO main.py: 130: ### cost time: 269.89 m
INFO main.py: 117: Epoch: 2
INFO main.py: 121: change lr: 0.000100  => 0.000010
INFO train_tool.py:  86: step_29500 loss: 1.82588, acc: 0.45312
INFO train_tool.py:  86: step_29600 loss: 1.82007, acc: 0.44656
INFO train_tool.py:  86: step_29700 loss: 1.78635, acc: 0.45844
INFO train_tool.py:  86: step_29800 loss: 1.80513, acc: 0.45125
INFO train_tool.py:  86: step_29900 loss: 1.80665, acc: 0.45375
INFO train_tool.py:  86: step_30000 loss: 1.77951, acc: 0.46813
INFO train_tool.py:  95: macro f1: 0.28811 (best: 0.27000)
INFO train_tool.py:  86: step_30100 loss: 1.77794, acc: 0.46281
INFO train_tool.py:  86: step_30200 loss: 1.75871, acc: 0.47125
INFO train_tool.py:  86: step_30300 loss: 1.77445, acc: 0.46313
INFO train_tool.py:  86: step_30400 loss: 1.81866, acc: 0.45062
INFO train_tool.py:  86: step_30500 loss: 1.80130, acc: 0.45281
INFO train_tool.py:  86: step_30600 loss: 1.80069, acc: 0.46125
INFO train_tool.py:  86: step_30700 loss: 1.83967, acc: 0.43406
INFO train_tool.py:  86: step_30800 loss: 1.79206, acc: 0.45031
INFO train_tool.py:  86: step_30900 loss: 1.78626, acc: 0.47125
INFO train_tool.py:  86: step_31000 loss: 1.81132, acc: 0.45687
INFO train_tool.py:  95: macro f1: 0.28787 (best: 0.28811)
INFO train_tool.py:  86: step_31100 loss: 1.78599, acc: 0.45906
INFO train_tool.py:  86: step_31200 loss: 1.80530, acc: 0.45750
INFO train_tool.py:  86: step_31300 loss: 1.79059, acc: 0.45375
INFO train_tool.py:  86: step_31400 loss: 1.81479, acc: 0.44625
INFO train_tool.py:  86: step_31500 loss: 1.76200, acc: 0.46719
INFO train_tool.py:  86: step_31600 loss: 1.77926, acc: 0.45312
INFO train_tool.py:  86: step_31700 loss: 1.81123, acc: 0.45188
INFO train_tool.py:  86: step_31800 loss: 1.80477, acc: 0.45000
INFO train_tool.py:  86: step_31900 loss: 1.73487, acc: 0.47313
INFO train_tool.py:  86: step_32000 loss: 1.78472, acc: 0.45844
INFO train_tool.py:  95: macro f1: 0.28795 (best: 0.28811)
INFO train_tool.py:  86: step_32100 loss: 1.79178, acc: 0.46094
INFO train_tool.py:  86: step_32200 loss: 1.82648, acc: 0.44906
INFO train_tool.py:  86: step_32300 loss: 1.83293, acc: 0.44469
INFO train_tool.py:  86: step_32400 loss: 1.81541, acc: 0.45906
INFO train_tool.py:  86: step_32500 loss: 1.80142, acc: 0.45594
INFO train_tool.py:  86: step_32600 loss: 1.79301, acc: 0.46500
INFO train_tool.py:  86: step_32700 loss: 1.81802, acc: 0.44094
INFO train_tool.py:  86: step_32800 loss: 1.79483, acc: 0.45687
INFO train_tool.py:  86: step_32900 loss: 1.76367, acc: 0.46437
INFO train_tool.py:  86: step_33000 loss: 1.81208, acc: 0.44750
INFO train_tool.py:  95: macro f1: 0.28847 (best: 0.28811)
INFO train_tool.py:  86: step_33100 loss: 1.82259, acc: 0.44062
INFO train_tool.py:  86: step_33200 loss: 1.78749, acc: 0.46469
INFO train_tool.py:  86: step_33300 loss: 1.81411, acc: 0.44500
INFO train_tool.py:  86: step_33400 loss: 1.78847, acc: 0.45969
INFO train_tool.py:  86: step_33500 loss: 1.78903, acc: 0.46125
INFO train_tool.py:  86: step_33600 loss: 1.79646, acc: 0.45937
INFO train_tool.py:  86: step_33700 loss: 1.80802, acc: 0.45188
INFO train_tool.py:  86: step_33800 loss: 1.78643, acc: 0.46313
INFO train_tool.py:  86: step_33900 loss: 1.79384, acc: 0.45781
INFO train_tool.py:  86: step_34000 loss: 1.79933, acc: 0.45344
INFO train_tool.py:  95: macro f1: 0.28833 (best: 0.28847)
INFO train_tool.py:  86: step_34100 loss: 1.75418, acc: 0.47344
INFO train_tool.py:  86: step_34200 loss: 1.79495, acc: 0.45031
INFO train_tool.py:  86: step_34300 loss: 1.81219, acc: 0.45094
INFO train_tool.py:  86: step_34400 loss: 1.81537, acc: 0.45469
INFO train_tool.py:  86: step_34500 loss: 1.79019, acc: 0.45625
INFO train_tool.py:  86: step_34600 loss: 1.83239, acc: 0.44312
INFO train_tool.py:  86: step_34700 loss: 1.81483, acc: 0.45062
INFO train_tool.py:  86: step_34800 loss: 1.77357, acc: 0.47281
INFO train_tool.py:  86: step_34900 loss: 1.81082, acc: 0.45406
INFO train_tool.py:  86: step_35000 loss: 1.78810, acc: 0.46437
INFO train_tool.py:  95: macro f1: 0.28864 (best: 0.28847)
INFO train_tool.py:  86: step_35100 loss: 1.78308, acc: 0.45219
INFO train_tool.py:  86: step_35200 loss: 1.80237, acc: 0.45062
INFO train_tool.py:  86: step_35300 loss: 1.77607, acc: 0.46250
INFO train_tool.py:  86: step_35400 loss: 1.80432, acc: 0.44625
INFO train_tool.py:  86: step_35500 loss: 1.77410, acc: 0.46406
INFO train_tool.py:  86: step_35600 loss: 1.81961, acc: 0.44344
INFO train_tool.py:  86: step_35700 loss: 1.81109, acc: 0.44469
INFO train_tool.py:  86: step_35800 loss: 1.81210, acc: 0.45625
INFO train_tool.py:  86: step_35900 loss: 1.80939, acc: 0.45125
INFO train_tool.py:  86: step_36000 loss: 1.79929, acc: 0.46125
INFO train_tool.py:  95: macro f1: 0.28884 (best: 0.28864)
INFO train_tool.py:  86: step_36100 loss: 1.76521, acc: 0.47156
INFO train_tool.py:  86: step_36200 loss: 1.79814, acc: 0.45469
INFO train_tool.py:  86: step_36300 loss: 1.77166, acc: 0.46594
INFO train_tool.py:  86: step_36400 loss: 1.80460, acc: 0.45344
INFO train_tool.py:  86: step_36500 loss: 1.81510, acc: 0.44500
INFO train_tool.py:  86: step_36600 loss: 1.79140, acc: 0.45031
INFO train_tool.py:  86: step_36700 loss: 1.75220, acc: 0.46375
INFO train_tool.py:  86: step_36800 loss: 1.78436, acc: 0.46375
INFO train_tool.py:  86: step_36900 loss: 1.83664, acc: 0.45563
INFO train_tool.py:  86: step_37000 loss: 1.78265, acc: 0.46469
INFO train_tool.py:  95: macro f1: 0.28880 (best: 0.28884)
INFO train_tool.py:  86: step_37100 loss: 1.80547, acc: 0.45906
INFO train_tool.py:  86: step_37200 loss: 1.82228, acc: 0.44594
INFO train_tool.py:  86: step_37300 loss: 1.77101, acc: 0.45719
INFO train_tool.py:  86: step_37400 loss: 1.77375, acc: 0.46375
INFO train_tool.py:  86: step_37500 loss: 1.82746, acc: 0.45000
INFO train_tool.py:  86: step_37600 loss: 1.80744, acc: 0.45188
INFO train_tool.py:  86: step_37700 loss: 1.77950, acc: 0.46656
INFO train_tool.py:  86: step_37800 loss: 1.77906, acc: 0.46844
INFO train_tool.py:  86: step_37900 loss: 1.79394, acc: 0.45375
INFO train_tool.py:  86: step_38000 loss: 1.78101, acc: 0.46563
INFO train_tool.py:  95: macro f1: 0.28867 (best: 0.28884)
INFO train_tool.py:  86: step_38100 loss: 1.79627, acc: 0.46313
INFO train_tool.py:  86: step_38200 loss: 1.76001, acc: 0.46563
INFO train_tool.py:  86: step_38300 loss: 1.76357, acc: 0.46375
INFO train_tool.py:  86: step_38400 loss: 1.78573, acc: 0.47063
INFO train_tool.py:  86: step_38500 loss: 1.77339, acc: 0.46469
INFO train_tool.py:  86: step_38600 loss: 1.78276, acc: 0.46937
INFO train_tool.py:  86: step_38700 loss: 1.78854, acc: 0.46313
INFO train_tool.py:  86: step_38800 loss: 1.80204, acc: 0.45000
INFO train_tool.py:  86: step_38900 loss: 1.79265, acc: 0.45219
INFO train_tool.py:  86: step_39000 loss: 1.82451, acc: 0.45281
INFO train_tool.py:  95: macro f1: 0.28865 (best: 0.28884)
INFO train_tool.py:  86: step_39100 loss: 1.78726, acc: 0.46437
INFO train_tool.py:  86: step_39200 loss: 1.86179, acc: 0.43000
INFO train_tool.py:  86: step_39300 loss: 1.81066, acc: 0.45781
INFO train_tool.py:  86: step_39400 loss: 1.78156, acc: 0.46469
INFO train_tool.py:  86: step_39500 loss: 1.80390, acc: 0.44781
INFO train_tool.py:  86: step_39600 loss: 1.79929, acc: 0.45031
INFO train_tool.py:  86: step_39700 loss: 1.77446, acc: 0.46750
INFO train_tool.py:  86: step_39800 loss: 1.82635, acc: 0.44125
INFO train_tool.py:  86: step_39900 loss: 1.78058, acc: 0.45062
INFO train_tool.py:  86: step_40000 loss: 1.76227, acc: 0.46844
INFO train_tool.py:  95: macro f1: 0.28849 (best: 0.28884)
INFO train_tool.py:  86: step_40100 loss: 1.78562, acc: 0.46313
INFO train_tool.py:  86: step_40200 loss: 1.79138, acc: 0.45188
INFO train_tool.py:  86: step_40300 loss: 1.75662, acc: 0.47344
INFO train_tool.py:  86: step_40400 loss: 1.77066, acc: 0.46063
INFO train_tool.py:  86: step_40500 loss: 1.79580, acc: 0.46469
INFO train_tool.py:  86: step_40600 loss: 1.81409, acc: 0.44969
INFO train_tool.py:  86: step_40700 loss: 1.76318, acc: 0.46063
INFO train_tool.py:  86: step_40800 loss: 1.82535, acc: 0.45594
INFO train_tool.py:  86: step_40900 loss: 1.78955, acc: 0.45563
INFO train_tool.py:  86: step_41000 loss: 1.79709, acc: 0.45844
INFO train_tool.py:  95: macro f1: 0.28893 (best: 0.28884)
INFO train_tool.py:  86: step_41100 loss: 1.80218, acc: 0.45875
INFO train_tool.py:  86: step_41200 loss: 1.80901, acc: 0.44938
INFO train_tool.py:  86: step_41300 loss: 1.78285, acc: 0.46844
INFO train_tool.py:  86: step_41400 loss: 1.78745, acc: 0.45563
INFO train_tool.py:  86: step_41500 loss: 1.79375, acc: 0.45312
INFO train_tool.py:  86: step_41600 loss: 1.80463, acc: 0.45250
INFO train_tool.py:  86: step_41700 loss: 1.74691, acc: 0.48344
INFO train_tool.py:  86: step_41800 loss: 1.78287, acc: 0.45719
INFO train_tool.py:  86: step_41900 loss: 1.81788, acc: 0.44594
INFO train_tool.py:  86: step_42000 loss: 1.81953, acc: 0.46094
INFO train_tool.py:  95: macro f1: 0.28945 (best: 0.28893)
INFO train_tool.py:  86: step_42100 loss: 1.76386, acc: 0.46406
INFO train_tool.py:  86: step_42200 loss: 1.78312, acc: 0.46844
INFO train_tool.py:  86: step_42300 loss: 1.78491, acc: 0.45531
INFO train_tool.py:  86: step_42400 loss: 1.76931, acc: 0.47031
INFO train_tool.py:  86: step_42500 loss: 1.78415, acc: 0.45281
INFO train_tool.py:  86: step_42600 loss: 1.79052, acc: 0.46906
INFO train_tool.py:  86: step_42700 loss: 1.80254, acc: 0.45656
INFO train_tool.py:  86: step_42800 loss: 1.82076, acc: 0.45594
INFO train_tool.py:  86: step_42900 loss: 1.80497, acc: 0.44875
INFO train_tool.py:  86: step_43000 loss: 1.85345, acc: 0.43531
INFO train_tool.py:  95: macro f1: 0.28993 (best: 0.28945)
INFO train_tool.py:  86: step_43100 loss: 1.85137, acc: 0.43906
INFO train_tool.py:  86: step_43200 loss: 1.79059, acc: 0.45094
INFO train_tool.py:  86: step_43300 loss: 1.77784, acc: 0.46219
INFO train_tool.py:  86: step_43400 loss: 1.77142, acc: 0.46656
INFO train_tool.py:  86: step_43500 loss: 1.78997, acc: 0.46531
INFO train_tool.py:  86: step_43600 loss: 1.76063, acc: 0.47094
INFO train_tool.py:  86: step_43700 loss: 1.80181, acc: 0.45125
INFO train_tool.py:  86: step_43800 loss: 1.83271, acc: 0.44906
INFO train_tool.py:  86: step_43900 loss: 1.82032, acc: 0.45469
INFO train_tool.py:  86: step_44000 loss: 1.80670, acc: 0.45594
INFO train_tool.py:  95: macro f1: 0.28971 (best: 0.28993)
INFO train_tool.py:  86: step_44100 loss: 1.79248, acc: 0.46313
INFO train_tool.py: 102: End current epoch !
INFO main.py: 130: ### cost time: 405.03 m
INFO main.py: 117: Epoch: 3
INFO train_tool.py:  86: step_44200 loss: 1.53758, acc: 0.62500
INFO train_tool.py:  86: step_44300 loss: 1.78232, acc: 0.44906
INFO train_tool.py:  86: step_44400 loss: 1.79627, acc: 0.45062
INFO train_tool.py:  86: step_44500 loss: 1.77485, acc: 0.46187
INFO train_tool.py:  86: step_44600 loss: 1.80204, acc: 0.45281
INFO train_tool.py:  86: step_44700 loss: 1.77277, acc: 0.47000
INFO train_tool.py:  86: step_44800 loss: 1.79465, acc: 0.46406
INFO train_tool.py:  86: step_44900 loss: 1.78692, acc: 0.45937
INFO train_tool.py:  86: step_45000 loss: 1.77827, acc: 0.46719
INFO train_tool.py:  95: macro f1: 0.28945 (best: 0.27000)
INFO train_tool.py:  86: step_45100 loss: 1.81643, acc: 0.45969
INFO train_tool.py:  86: step_45200 loss: 1.78995, acc: 0.45969
INFO train_tool.py:  86: step_45300 loss: 1.80812, acc: 0.45563
INFO train_tool.py:  86: step_45400 loss: 1.79534, acc: 0.46000
INFO train_tool.py:  86: step_45500 loss: 1.76474, acc: 0.46781
INFO train_tool.py:  86: step_45600 loss: 1.78071, acc: 0.46250
INFO train_tool.py:  86: step_45700 loss: 1.76235, acc: 0.46437
INFO train_tool.py:  86: step_45800 loss: 1.76417, acc: 0.47125
INFO train_tool.py:  86: step_45900 loss: 1.74930, acc: 0.47031
INFO train_tool.py:  86: step_46000 loss: 1.76235, acc: 0.47250
INFO train_tool.py:  95: macro f1: 0.28906 (best: 0.28945)
INFO train_tool.py:  86: step_46100 loss: 1.82278, acc: 0.46063
INFO train_tool.py:  86: step_46200 loss: 1.76677, acc: 0.46125
INFO train_tool.py:  86: step_46300 loss: 1.75830, acc: 0.46531
INFO train_tool.py:  86: step_46400 loss: 1.77199, acc: 0.46406
INFO train_tool.py:  86: step_46500 loss: 1.75750, acc: 0.46875
INFO train_tool.py:  86: step_46600 loss: 1.77794, acc: 0.45719
INFO train_tool.py:  86: step_46700 loss: 1.78369, acc: 0.46406
INFO train_tool.py:  86: step_46800 loss: 1.80268, acc: 0.45625
INFO train_tool.py:  86: step_46900 loss: 1.77515, acc: 0.45844
INFO train_tool.py:  86: step_47000 loss: 1.78664, acc: 0.45594
INFO train_tool.py:  95: macro f1: 0.28918 (best: 0.28945)
INFO train_tool.py:  86: step_47100 loss: 1.81576, acc: 0.44688
INFO train_tool.py:  86: step_47200 loss: 1.75481, acc: 0.47187
INFO train_tool.py:  86: step_47300 loss: 1.76717, acc: 0.45687
INFO train_tool.py:  86: step_47400 loss: 1.75306, acc: 0.47125
INFO train_tool.py:  86: step_47500 loss: 1.78462, acc: 0.45719
INFO train_tool.py:  86: step_47600 loss: 1.82108, acc: 0.45156
INFO train_tool.py:  86: step_47700 loss: 1.79229, acc: 0.44969
INFO train_tool.py:  86: step_47800 loss: 1.81114, acc: 0.45437
INFO train_tool.py:  86: step_47900 loss: 1.76253, acc: 0.46844
INFO train_tool.py:  86: step_48000 loss: 1.78995, acc: 0.45563
INFO train_tool.py:  95: macro f1: 0.28993 (best: 0.28945)
INFO train_tool.py:  86: step_48100 loss: 1.80143, acc: 0.45937
INFO train_tool.py:  86: step_48200 loss: 1.76008, acc: 0.47313
INFO train_tool.py:  86: step_48300 loss: 1.81816, acc: 0.45625
INFO train_tool.py:  86: step_48400 loss: 1.81812, acc: 0.45062
INFO train_tool.py:  86: step_48500 loss: 1.79475, acc: 0.46125
INFO train_tool.py:  86: step_48600 loss: 1.81933, acc: 0.44812
INFO train_tool.py:  86: step_48700 loss: 1.78625, acc: 0.45656
INFO train_tool.py:  86: step_48800 loss: 1.79812, acc: 0.46281
INFO train_tool.py:  86: step_48900 loss: 1.78074, acc: 0.46844
INFO train_tool.py:  86: step_49000 loss: 1.79809, acc: 0.45281
INFO train_tool.py:  95: macro f1: 0.29003 (best: 0.28993)
INFO train_tool.py:  86: step_49100 loss: 1.80736, acc: 0.44656
INFO train_tool.py:  86: step_49200 loss: 1.80173, acc: 0.45406
INFO train_tool.py:  86: step_49300 loss: 1.80961, acc: 0.45687
INFO train_tool.py:  86: step_49400 loss: 1.79351, acc: 0.45906
INFO train_tool.py:  86: step_49500 loss: 1.78224, acc: 0.45969
INFO train_tool.py:  86: step_49600 loss: 1.80556, acc: 0.44344
INFO train_tool.py:  86: step_49700 loss: 1.78912, acc: 0.45875
INFO train_tool.py:  86: step_49800 loss: 1.79716, acc: 0.45906
INFO train_tool.py:  86: step_49900 loss: 1.81217, acc: 0.44938
INFO train_tool.py:  86: step_50000 loss: 1.78158, acc: 0.45906
INFO train_tool.py:  95: macro f1: 0.28998 (best: 0.29003)
INFO train_tool.py:  86: step_50100 loss: 1.80559, acc: 0.44094
INFO train_tool.py:  86: step_50200 loss: 1.73708, acc: 0.47813
INFO train_tool.py:  86: step_50300 loss: 1.80206, acc: 0.45062
INFO train_tool.py:  86: step_50400 loss: 1.76824, acc: 0.45969
INFO train_tool.py:  86: step_50500 loss: 1.81105, acc: 0.45250
INFO train_tool.py:  86: step_50600 loss: 1.74811, acc: 0.47250
INFO train_tool.py:  86: step_50700 loss: 1.76353, acc: 0.47406
INFO train_tool.py:  86: step_50800 loss: 1.78586, acc: 0.45781
INFO train_tool.py:  86: step_50900 loss: 1.75277, acc: 0.47594
INFO train_tool.py:  86: step_51000 loss: 1.80315, acc: 0.44875
INFO train_tool.py:  95: macro f1: 0.28983 (best: 0.29003)
INFO train_tool.py:  86: step_51100 loss: 1.81668, acc: 0.45625
INFO train_tool.py:  86: step_51200 loss: 1.77311, acc: 0.46563
INFO train_tool.py:  86: step_51300 loss: 1.78710, acc: 0.45219
INFO train_tool.py:  86: step_51400 loss: 1.76448, acc: 0.46656
INFO train_tool.py:  86: step_51500 loss: 1.81360, acc: 0.45875
INFO train_tool.py:  86: step_51600 loss: 1.78695, acc: 0.45281
INFO train_tool.py:  86: step_51700 loss: 1.74936, acc: 0.47594
INFO train_tool.py:  86: step_51800 loss: 1.79117, acc: 0.45062
INFO train_tool.py:  86: step_51900 loss: 1.78405, acc: 0.46000
INFO train_tool.py:  86: step_52000 loss: 1.75365, acc: 0.46250
INFO train_tool.py:  95: macro f1: 0.29017 (best: 0.29003)
INFO train_tool.py:  86: step_52100 loss: 1.74971, acc: 0.47219
INFO train_tool.py:  86: step_52200 loss: 1.80325, acc: 0.44562
INFO train_tool.py:  86: step_52300 loss: 1.79740, acc: 0.46531
INFO train_tool.py:  86: step_52400 loss: 1.78508, acc: 0.45813
INFO train_tool.py:  86: step_52500 loss: 1.77388, acc: 0.46844
INFO train_tool.py:  86: step_52600 loss: 1.82353, acc: 0.44031
INFO train_tool.py:  86: step_52700 loss: 1.79508, acc: 0.46469
INFO train_tool.py:  86: step_52800 loss: 1.78009, acc: 0.46406
INFO train_tool.py:  86: step_52900 loss: 1.79270, acc: 0.45750
INFO train_tool.py:  86: step_53000 loss: 1.79239, acc: 0.45469
INFO train_tool.py:  95: macro f1: 0.28945 (best: 0.29017)
INFO train_tool.py:  86: step_53100 loss: 1.79546, acc: 0.45531
INFO train_tool.py:  86: step_53200 loss: 1.80539, acc: 0.44844
INFO train_tool.py:  86: step_53300 loss: 1.78105, acc: 0.45625
INFO train_tool.py:  86: step_53400 loss: 1.77995, acc: 0.46125
INFO train_tool.py:  86: step_53500 loss: 1.76207, acc: 0.47469
INFO train_tool.py:  86: step_53600 loss: 1.75629, acc: 0.47094
INFO train_tool.py:  86: step_53700 loss: 1.80187, acc: 0.45781
INFO train_tool.py:  86: step_53800 loss: 1.80653, acc: 0.45188
INFO train_tool.py:  86: step_53900 loss: 1.80509, acc: 0.46469
INFO train_tool.py:  86: step_54000 loss: 1.77196, acc: 0.47125
INFO train_tool.py:  95: macro f1: 0.28931 (best: 0.29017)
INFO train_tool.py:  86: step_54100 loss: 1.81789, acc: 0.44719
INFO train_tool.py:  86: step_54200 loss: 1.79377, acc: 0.47250
INFO train_tool.py:  86: step_54300 loss: 1.78056, acc: 0.46906
INFO train_tool.py:  86: step_54400 loss: 1.80484, acc: 0.45188
INFO train_tool.py:  86: step_54500 loss: 1.80953, acc: 0.45437
INFO train_tool.py:  86: step_54600 loss: 1.83745, acc: 0.44469
INFO train_tool.py:  86: step_54700 loss: 1.79124, acc: 0.47000
INFO train_tool.py:  86: step_54800 loss: 1.80841, acc: 0.45062
INFO train_tool.py:  86: step_54900 loss: 1.81021, acc: 0.45656
INFO train_tool.py:  86: step_55000 loss: 1.79661, acc: 0.46250
INFO train_tool.py:  95: macro f1: 0.28881 (best: 0.29017)
INFO train_tool.py:  86: step_55100 loss: 1.80641, acc: 0.45437
INFO train_tool.py:  86: step_55200 loss: 1.77355, acc: 0.47094
INFO train_tool.py:  86: step_55300 loss: 1.78506, acc: 0.45969
INFO train_tool.py:  86: step_55400 loss: 1.77596, acc: 0.46063
INFO train_tool.py:  86: step_55500 loss: 1.73546, acc: 0.47531
INFO train_tool.py:  86: step_55600 loss: 1.78247, acc: 0.46187
INFO train_tool.py:  86: step_55700 loss: 1.77378, acc: 0.45937
INFO train_tool.py:  86: step_55800 loss: 1.78244, acc: 0.46187
INFO train_tool.py:  86: step_55900 loss: 1.78452, acc: 0.46219
INFO train_tool.py:  86: step_56000 loss: 1.73923, acc: 0.47656
INFO train_tool.py:  95: macro f1: 0.28945 (best: 0.29017)
INFO train_tool.py:  86: step_56100 loss: 1.78631, acc: 0.45937
INFO train_tool.py:  86: step_56200 loss: 1.72985, acc: 0.47250
INFO train_tool.py:  86: step_56300 loss: 1.81225, acc: 0.44656
INFO train_tool.py:  86: step_56400 loss: 1.79248, acc: 0.46187
INFO train_tool.py:  86: step_56500 loss: 1.76170, acc: 0.46469
INFO train_tool.py:  86: step_56600 loss: 1.80455, acc: 0.44000
INFO train_tool.py:  86: step_56700 loss: 1.76098, acc: 0.47125
INFO train_tool.py:  86: step_56800 loss: 1.78211, acc: 0.47250
INFO train_tool.py:  86: step_56900 loss: 1.80299, acc: 0.45469
INFO train_tool.py:  86: step_57000 loss: 1.78603, acc: 0.45625
INFO train_tool.py:  95: macro f1: 0.28974 (best: 0.29017)
INFO train_tool.py:  86: step_57100 loss: 1.74944, acc: 0.47344
INFO train_tool.py:  86: step_57200 loss: 1.82471, acc: 0.44938
INFO train_tool.py:  86: step_57300 loss: 1.74319, acc: 0.46875
INFO train_tool.py:  86: step_57400 loss: 1.80659, acc: 0.45937
INFO train_tool.py:  86: step_57500 loss: 1.80295, acc: 0.45937
INFO train_tool.py:  86: step_57600 loss: 1.79476, acc: 0.44656
INFO train_tool.py:  86: step_57700 loss: 1.81242, acc: 0.44625
INFO train_tool.py:  86: step_57800 loss: 1.79379, acc: 0.46687
INFO train_tool.py:  86: step_57900 loss: 1.78106, acc: 0.46187
INFO train_tool.py:  86: step_58000 loss: 1.78643, acc: 0.46187
INFO train_tool.py:  95: macro f1: 0.28980 (best: 0.29017)
INFO train_tool.py:  86: step_58100 loss: 1.76641, acc: 0.46344
INFO train_tool.py:  86: step_58200 loss: 1.77837, acc: 0.45406
INFO train_tool.py:  86: step_58300 loss: 1.80485, acc: 0.44500
INFO train_tool.py:  86: step_58400 loss: 1.76816, acc: 0.46969
INFO train_tool.py:  86: step_58500 loss: 1.79664, acc: 0.45500
INFO train_tool.py:  86: step_58600 loss: 1.77002, acc: 0.47250
INFO train_tool.py:  86: step_58700 loss: 1.79539, acc: 0.45437
INFO train_tool.py:  86: step_58800 loss: 1.76645, acc: 0.46281
INFO train_tool.py:  86: step_58900 loss: 1.78000, acc: 0.44875
INFO train_tool.py: 102: End current epoch !
INFO main.py: 130: ### cost time: 534.00 m
INFO main.py: 117: Epoch: 4
INFO main.py: 121: change lr: 0.000010  => 0.000001
INFO train_tool.py:  86: step_59000 loss: 1.82695, acc: 0.45267
INFO train_tool.py:  95: macro f1: 0.28993 (best: 0.27000)
INFO train_tool.py:  86: step_59100 loss: 1.76917, acc: 0.45594
INFO train_tool.py:  86: step_59200 loss: 1.80150, acc: 0.44688
INFO train_tool.py:  86: step_59300 loss: 1.79920, acc: 0.45594
INFO train_tool.py:  86: step_59400 loss: 1.77407, acc: 0.46594
INFO train_tool.py:  86: step_59500 loss: 1.76596, acc: 0.46750
INFO train_tool.py:  86: step_59600 loss: 1.75326, acc: 0.46750
INFO train_tool.py:  86: step_59700 loss: 1.76369, acc: 0.47344
INFO train_tool.py:  86: step_59800 loss: 1.77733, acc: 0.46187
INFO train_tool.py:  86: step_59900 loss: 1.77230, acc: 0.46219
INFO train_tool.py:  86: step_60000 loss: 1.81464, acc: 0.45312
INFO train_tool.py:  95: macro f1: 0.29007 (best: 0.28993)
INFO train_tool.py:  86: step_60100 loss: 1.74910, acc: 0.46687
INFO train_tool.py:  86: step_60200 loss: 1.73636, acc: 0.47937
INFO train_tool.py:  86: step_60300 loss: 1.76282, acc: 0.46531
INFO train_tool.py:  86: step_60400 loss: 1.76865, acc: 0.47594
INFO train_tool.py:  86: step_60500 loss: 1.81266, acc: 0.44938
INFO train_tool.py:  86: step_60600 loss: 1.79495, acc: 0.45156
INFO train_tool.py:  86: step_60700 loss: 1.77517, acc: 0.47281
INFO train_tool.py:  86: step_60800 loss: 1.77158, acc: 0.45781
INFO train_tool.py:  86: step_60900 loss: 1.76580, acc: 0.47094
INFO train_tool.py:  86: step_61000 loss: 1.83755, acc: 0.43469
INFO train_tool.py:  95: macro f1: 0.28986 (best: 0.29007)
INFO train_tool.py:  86: step_61100 loss: 1.79528, acc: 0.46844
INFO train_tool.py:  86: step_61200 loss: 1.79117, acc: 0.46219
INFO train_tool.py:  86: step_61300 loss: 1.76723, acc: 0.46687
INFO train_tool.py:  86: step_61400 loss: 1.77747, acc: 0.46156
INFO train_tool.py:  86: step_61500 loss: 1.77474, acc: 0.46094
INFO train_tool.py:  86: step_61600 loss: 1.80643, acc: 0.45250
INFO train_tool.py:  86: step_61700 loss: 1.74250, acc: 0.47656
INFO train_tool.py:  86: step_61800 loss: 1.78933, acc: 0.46031
INFO train_tool.py:  86: step_61900 loss: 1.78774, acc: 0.46281
INFO train_tool.py:  86: step_62000 loss: 1.79026, acc: 0.45437
INFO train_tool.py:  95: macro f1: 0.29002 (best: 0.29007)
INFO train_tool.py:  86: step_62100 loss: 1.82890, acc: 0.44969
INFO train_tool.py:  86: step_62200 loss: 1.77197, acc: 0.46156
INFO train_tool.py:  86: step_62300 loss: 1.77110, acc: 0.46719
INFO train_tool.py:  86: step_62400 loss: 1.79550, acc: 0.45594
INFO train_tool.py:  86: step_62500 loss: 1.77593, acc: 0.46063
INFO train_tool.py:  86: step_62600 loss: 1.75042, acc: 0.47406
INFO train_tool.py:  86: step_62700 loss: 1.76179, acc: 0.46469
INFO train_tool.py:  86: step_62800 loss: 1.76173, acc: 0.47750
INFO train_tool.py:  86: step_62900 loss: 1.77725, acc: 0.44906
INFO train_tool.py:  86: step_63000 loss: 1.78489, acc: 0.46469
INFO train_tool.py:  95: macro f1: 0.28995 (best: 0.29007)
INFO train_tool.py:  86: step_63100 loss: 1.78444, acc: 0.46219
INFO train_tool.py:  86: step_63200 loss: 1.72527, acc: 0.47750
INFO train_tool.py:  86: step_63300 loss: 1.76356, acc: 0.46094
INFO train_tool.py:  86: step_63400 loss: 1.77851, acc: 0.46594
INFO train_tool.py:  86: step_63500 loss: 1.76471, acc: 0.47187
INFO train_tool.py:  86: step_63600 loss: 1.76010, acc: 0.46687
INFO train_tool.py:  86: step_63700 loss: 1.79713, acc: 0.45969
INFO train_tool.py:  86: step_63800 loss: 1.74813, acc: 0.47063
INFO train_tool.py:  86: step_63900 loss: 1.79757, acc: 0.45656
INFO train_tool.py:  86: step_64000 loss: 1.75451, acc: 0.47031
INFO train_tool.py:  95: macro f1: 0.28990 (best: 0.29007)
INFO train_tool.py:  86: step_64100 loss: 1.82829, acc: 0.45125
INFO train_tool.py:  86: step_64200 loss: 1.75987, acc: 0.47187
INFO train_tool.py:  86: step_64300 loss: 1.75317, acc: 0.47531
INFO train_tool.py:  86: step_64400 loss: 1.78376, acc: 0.45531
INFO train_tool.py:  86: step_64500 loss: 1.78180, acc: 0.46375
INFO train_tool.py:  86: step_64600 loss: 1.80070, acc: 0.45656
INFO train_tool.py:  86: step_64700 loss: 1.77961, acc: 0.45781
INFO train_tool.py:  86: step_64800 loss: 1.82324, acc: 0.44875
INFO train_tool.py:  86: step_64900 loss: 1.82018, acc: 0.44781
INFO train_tool.py:  86: step_65000 loss: 1.77780, acc: 0.45094
INFO train_tool.py:  95: macro f1: 0.29016 (best: 0.29007)
INFO train_tool.py:  86: step_65100 loss: 1.80261, acc: 0.45656
INFO train_tool.py:  86: step_65200 loss: 1.75928, acc: 0.47125
INFO train_tool.py:  86: step_65300 loss: 1.78328, acc: 0.46875
INFO train_tool.py:  86: step_65400 loss: 1.74899, acc: 0.46969
INFO train_tool.py:  86: step_65500 loss: 1.76568, acc: 0.46781
INFO train_tool.py:  86: step_65600 loss: 1.78929, acc: 0.46000
INFO train_tool.py:  86: step_65700 loss: 1.76869, acc: 0.45937
INFO train_tool.py:  86: step_65800 loss: 1.78232, acc: 0.45406
INFO train_tool.py:  86: step_65900 loss: 1.79097, acc: 0.45813
INFO train_tool.py:  86: step_66000 loss: 1.77122, acc: 0.46219
INFO train_tool.py:  95: macro f1: 0.29003 (best: 0.29016)
INFO train_tool.py:  86: step_66100 loss: 1.78088, acc: 0.45719
INFO train_tool.py:  86: step_66200 loss: 1.77194, acc: 0.46344
INFO train_tool.py:  86: step_66300 loss: 1.76603, acc: 0.46531
INFO train_tool.py:  86: step_66400 loss: 1.77229, acc: 0.46187
INFO train_tool.py:  86: step_66500 loss: 1.74867, acc: 0.47156
INFO train_tool.py:  86: step_66600 loss: 1.74489, acc: 0.47063
INFO train_tool.py:  86: step_66700 loss: 1.75852, acc: 0.46375
INFO train_tool.py:  86: step_66800 loss: 1.77323, acc: 0.46687
INFO train_tool.py:  86: step_66900 loss: 1.80350, acc: 0.45781
INFO train_tool.py:  86: step_67000 loss: 1.81835, acc: 0.45250
INFO train_tool.py:  95: macro f1: 0.28997 (best: 0.29016)
INFO train_tool.py:  86: step_67100 loss: 1.79532, acc: 0.45844
INFO train_tool.py:  86: step_67200 loss: 1.80725, acc: 0.45219
INFO train_tool.py:  86: step_67300 loss: 1.78006, acc: 0.46437
INFO train_tool.py:  86: step_67400 loss: 1.76177, acc: 0.46531
INFO train_tool.py:  86: step_67500 loss: 1.74609, acc: 0.46094
INFO train_tool.py:  86: step_67600 loss: 1.77731, acc: 0.46156
INFO train_tool.py:  86: step_67700 loss: 1.79383, acc: 0.44812
INFO train_tool.py:  86: step_67800 loss: 1.77400, acc: 0.47656
INFO train_tool.py:  86: step_67900 loss: 1.75338, acc: 0.46687
INFO train_tool.py:  86: step_68000 loss: 1.76437, acc: 0.46813
INFO train_tool.py:  95: macro f1: 0.28997 (best: 0.29016)
INFO train_tool.py:  86: step_68100 loss: 1.73648, acc: 0.47875
INFO train_tool.py:  86: step_68200 loss: 1.77012, acc: 0.46437
INFO train_tool.py:  86: step_68300 loss: 1.76368, acc: 0.45781
INFO train_tool.py:  86: step_68400 loss: 1.76400, acc: 0.48063
INFO train_tool.py:  86: step_68500 loss: 1.74790, acc: 0.48281
INFO train_tool.py:  86: step_68600 loss: 1.76884, acc: 0.45781
INFO train_tool.py:  86: step_68700 loss: 1.75747, acc: 0.46469
INFO train_tool.py:  86: step_68800 loss: 1.76411, acc: 0.46031
INFO train_tool.py:  86: step_68900 loss: 1.76030, acc: 0.47375
INFO train_tool.py:  86: step_69000 loss: 1.80708, acc: 0.44812
INFO train_tool.py:  95: macro f1: 0.28994 (best: 0.29016)
INFO train_tool.py:  86: step_69100 loss: 1.78807, acc: 0.45469
INFO train_tool.py:  86: step_69200 loss: 1.76507, acc: 0.46437
INFO train_tool.py:  86: step_69300 loss: 1.79960, acc: 0.46375
INFO train_tool.py:  86: step_69400 loss: 1.79090, acc: 0.45375
INFO train_tool.py:  86: step_69500 loss: 1.78199, acc: 0.46281
INFO train_tool.py:  86: step_69600 loss: 1.78226, acc: 0.45656
INFO train_tool.py:  86: step_69700 loss: 1.78238, acc: 0.45344
INFO train_tool.py:  86: step_69800 loss: 1.76669, acc: 0.46625
INFO train_tool.py:  86: step_69900 loss: 1.78682, acc: 0.45156
INFO train_tool.py:  86: step_70000 loss: 1.79842, acc: 0.45594
INFO train_tool.py:  95: macro f1: 0.28996 (best: 0.29016)
INFO train_tool.py:  86: step_70100 loss: 1.80137, acc: 0.46250
INFO train_tool.py:  86: step_70200 loss: 1.77973, acc: 0.47281
INFO train_tool.py:  86: step_70300 loss: 1.79092, acc: 0.45656
INFO train_tool.py:  86: step_70400 loss: 1.75436, acc: 0.47219
INFO train_tool.py:  86: step_70500 loss: 1.78194, acc: 0.45969
INFO train_tool.py:  86: step_70600 loss: 1.75994, acc: 0.46969
INFO train_tool.py:  86: step_70700 loss: 1.74381, acc: 0.47750
INFO train_tool.py:  86: step_70800 loss: 1.82444, acc: 0.45094
INFO train_tool.py:  86: step_70900 loss: 1.77450, acc: 0.46000
INFO train_tool.py:  86: step_71000 loss: 1.76664, acc: 0.46437
INFO train_tool.py:  95: macro f1: 0.29000 (best: 0.29016)
INFO train_tool.py:  86: step_71100 loss: 1.77638, acc: 0.45531
INFO train_tool.py:  86: step_71200 loss: 1.81309, acc: 0.45000
INFO train_tool.py:  86: step_71300 loss: 1.74809, acc: 0.47937
INFO train_tool.py:  86: step_71400 loss: 1.80753, acc: 0.45031
INFO train_tool.py:  86: step_71500 loss: 1.76996, acc: 0.45656
INFO train_tool.py:  86: step_71600 loss: 1.79501, acc: 0.45969
INFO train_tool.py:  86: step_71700 loss: 1.74632, acc: 0.47063
INFO train_tool.py:  86: step_71800 loss: 1.78884, acc: 0.45937
INFO train_tool.py:  86: step_71900 loss: 1.77841, acc: 0.46250
INFO train_tool.py:  86: step_72000 loss: 1.75706, acc: 0.47625
INFO train_tool.py:  95: macro f1: 0.29010 (best: 0.29016)
INFO train_tool.py:  86: step_72100 loss: 1.78063, acc: 0.46344
INFO train_tool.py:  86: step_72200 loss: 1.77350, acc: 0.46656
