INFO dataset.py: 122: dim_word: 300
INFO dataset.py: 123: dim_char: 25
INFO dataset.py: 124: max_len_sent: 30
INFO dataset.py: 125: max_len_word: 10
INFO dataset.py: 127: we shape: (55833 300)
INFO dataset.py: 129: ce shape: (70 25)
INFO dataset.py: 131: ==> train :
INFO dataset.py: 133: (942439,)
INFO dataset.py: 133: (942439, 30)
INFO dataset.py: 133: (942439,)
INFO dataset.py: 133: (942439, 30, 10)
INFO dataset.py: 133: (942439, 30)
INFO dataset.py: 136: ==> dev :
INFO dataset.py: 138: (50000,)
INFO dataset.py: 138: (50000, 30)
INFO dataset.py: 138: (50000,)
INFO dataset.py: 138: (50000, 30, 10)
INFO dataset.py: 138: (50000, 30)
INFO dataset.py: 141: ==> test :
INFO dataset.py: 143: (50000,)
INFO dataset.py: 143: (50000, 30)
INFO dataset.py: 143: (50000,)
INFO dataset.py: 143: (50000, 30, 10)
INFO dataset.py: 143: (50000, 30)
INFO config.py:  35: clipper : 10.0
INFO config.py:  35: dim_word : 300
INFO config.py:  35: max_len_sent : 30
INFO config.py:  35: dim_char : 25
INFO config.py:  35: n_rnn_word : 300
INFO config.py:  35: save_model : True
INFO config.py:  35: n_class : 20
INFO config.py:  35: batch_size : 32
INFO config.py:  35: epoch_size : 5
INFO config.py:  35: l2_norm : 0.0001
INFO config.py:  35: lr : 0.001
INFO config.py:  35: max_len_word : 10
INFO config.py:  35: n_mlp : 100
INFO config.py:  35: n_rnn_char : 80
INFO main.py: 100: Epoch: 0
INFO train_tool.py:  87: step_100 loss: 2.59274, acc: 0.25688
INFO train_tool.py:  87: step_200 loss: 2.42306, acc: 0.29469
INFO train_tool.py:  87: step_300 loss: 2.37455, acc: 0.30812
INFO train_tool.py:  87: step_400 loss: 2.20346, acc: 0.35563
INFO train_tool.py:  87: step_500 loss: 2.24235, acc: 0.34094
INFO train_tool.py:  87: step_600 loss: 2.22436, acc: 0.34844
INFO train_tool.py:  87: step_700 loss: 2.23961, acc: 0.33406
INFO train_tool.py:  87: step_800 loss: 2.21847, acc: 0.34031
INFO train_tool.py:  87: step_900 loss: 2.16163, acc: 0.35687
INFO train_tool.py:  87: step_1000 loss: 2.15415, acc: 0.36562
INFO train_tool.py:  97: macro f1: 0.20788 (best: 0.27000)
INFO train_tool.py:  87: step_1100 loss: 2.15649, acc: 0.36438
INFO train_tool.py:  87: step_1200 loss: 2.16746, acc: 0.35313
INFO train_tool.py:  87: step_1300 loss: 2.19863, acc: 0.34094
INFO train_tool.py:  87: step_1400 loss: 2.16431, acc: 0.35250
INFO train_tool.py:  87: step_1500 loss: 2.15207, acc: 0.35437
INFO train_tool.py:  87: step_1600 loss: 2.12589, acc: 0.36750
INFO train_tool.py:  87: step_1700 loss: 2.16438, acc: 0.34625
INFO train_tool.py:  87: step_1800 loss: 2.13542, acc: 0.36750
INFO train_tool.py:  87: step_1900 loss: 2.17019, acc: 0.34781
INFO train_tool.py:  87: step_2000 loss: 2.16275, acc: 0.34781
INFO train_tool.py:  97: macro f1: 0.23359 (best: 0.27000)
INFO train_tool.py:  87: step_2100 loss: 2.14260, acc: 0.37094
INFO train_tool.py:  87: step_2200 loss: 2.11055, acc: 0.36000
INFO train_tool.py:  87: step_2300 loss: 2.10882, acc: 0.36875
INFO train_tool.py:  87: step_2400 loss: 2.13490, acc: 0.36688
INFO train_tool.py:  87: step_2500 loss: 2.09417, acc: 0.37562
INFO train_tool.py:  87: step_2600 loss: 2.13340, acc: 0.35750
INFO train_tool.py:  87: step_2700 loss: 2.13558, acc: 0.34687
INFO train_tool.py:  87: step_2800 loss: 2.11909, acc: 0.36688
INFO train_tool.py:  87: step_2900 loss: 2.07520, acc: 0.37562
INFO train_tool.py:  87: step_3000 loss: 2.08087, acc: 0.36531
INFO train_tool.py:  97: macro f1: 0.25171 (best: 0.27000)
INFO train_tool.py:  87: step_3100 loss: 2.11499, acc: 0.36250
INFO train_tool.py:  87: step_3200 loss: 2.06912, acc: 0.37562
INFO train_tool.py:  87: step_3300 loss: 2.14296, acc: 0.36000
INFO train_tool.py:  87: step_3400 loss: 2.09210, acc: 0.37281
INFO train_tool.py:  87: step_3500 loss: 2.04502, acc: 0.38344
INFO train_tool.py:  87: step_3600 loss: 2.12186, acc: 0.37125
INFO train_tool.py:  87: step_3700 loss: 2.06646, acc: 0.38125
INFO train_tool.py:  87: step_3800 loss: 2.05582, acc: 0.37500
INFO train_tool.py:  87: step_3900 loss: 2.07342, acc: 0.38031
INFO train_tool.py:  87: step_4000 loss: 2.06340, acc: 0.37750
INFO train_tool.py:  97: macro f1: 0.24450 (best: 0.27000)
INFO train_tool.py:  87: step_4100 loss: 2.05693, acc: 0.38219
INFO train_tool.py:  87: step_4200 loss: 2.05942, acc: 0.38156
INFO train_tool.py:  87: step_4300 loss: 2.05850, acc: 0.39062
INFO train_tool.py:  87: step_4400 loss: 2.04932, acc: 0.38875
INFO train_tool.py:  87: step_4500 loss: 2.04140, acc: 0.38562
INFO train_tool.py:  87: step_4600 loss: 2.07934, acc: 0.36438
INFO train_tool.py:  87: step_4700 loss: 2.03085, acc: 0.38250
INFO train_tool.py:  87: step_4800 loss: 2.09188, acc: 0.36312
INFO train_tool.py:  87: step_4900 loss: 2.06302, acc: 0.37781
INFO train_tool.py:  87: step_5000 loss: 2.07692, acc: 0.36938
INFO train_tool.py:  97: macro f1: 0.24714 (best: 0.27000)
INFO train_tool.py:  87: step_5100 loss: 2.06514, acc: 0.37000
INFO train_tool.py:  87: step_5200 loss: 2.08198, acc: 0.37312
INFO train_tool.py:  87: step_5300 loss: 2.03473, acc: 0.38906
INFO train_tool.py:  87: step_5400 loss: 2.03716, acc: 0.38812
INFO train_tool.py:  87: step_5500 loss: 2.08581, acc: 0.37406
INFO train_tool.py:  87: step_5600 loss: 2.07465, acc: 0.37031
INFO train_tool.py:  87: step_5700 loss: 2.04955, acc: 0.36250
INFO train_tool.py:  87: step_5800 loss: 2.05377, acc: 0.38938
INFO train_tool.py:  87: step_5900 loss: 2.04111, acc: 0.37969
INFO train_tool.py:  87: step_6000 loss: 2.04067, acc: 0.38562
INFO train_tool.py:  97: macro f1: 0.26553 (best: 0.27000)
INFO train_tool.py:  87: step_6100 loss: 2.02425, acc: 0.38625
INFO train_tool.py:  87: step_6200 loss: 2.04811, acc: 0.38625
INFO train_tool.py:  87: step_6300 loss: 2.03013, acc: 0.39437
INFO train_tool.py:  87: step_6400 loss: 2.04261, acc: 0.38312
INFO train_tool.py:  87: step_6500 loss: 2.05310, acc: 0.37500
INFO train_tool.py:  87: step_6600 loss: 2.01678, acc: 0.38781
INFO train_tool.py:  87: step_6700 loss: 2.07384, acc: 0.38000
INFO train_tool.py:  87: step_6800 loss: 2.07317, acc: 0.37000
INFO train_tool.py:  87: step_6900 loss: 2.02511, acc: 0.38500
INFO train_tool.py:  87: step_7000 loss: 2.03961, acc: 0.37906
INFO train_tool.py:  97: macro f1: 0.26456 (best: 0.27000)
INFO train_tool.py:  87: step_7100 loss: 2.04393, acc: 0.37531
INFO train_tool.py:  87: step_7200 loss: 2.00964, acc: 0.40625
INFO train_tool.py:  87: step_7300 loss: 2.02375, acc: 0.39469
INFO train_tool.py:  87: step_7400 loss: 2.00700, acc: 0.39250
INFO train_tool.py:  87: step_7500 loss: 2.05882, acc: 0.38000
INFO train_tool.py:  87: step_7600 loss: 2.01060, acc: 0.38406
INFO train_tool.py:  87: step_7700 loss: 2.04849, acc: 0.38562
INFO train_tool.py:  87: step_7800 loss: 2.03733, acc: 0.38688
INFO train_tool.py:  87: step_7900 loss: 2.02120, acc: 0.37375
INFO train_tool.py:  87: step_8000 loss: 2.04371, acc: 0.36875
INFO train_tool.py:  97: macro f1: 0.26339 (best: 0.27000)
INFO train_tool.py:  87: step_8100 loss: 2.04021, acc: 0.38812
INFO train_tool.py:  87: step_8200 loss: 1.99264, acc: 0.38906
INFO train_tool.py:  87: step_8300 loss: 1.99257, acc: 0.39687
INFO train_tool.py:  87: step_8400 loss: 1.99005, acc: 0.39406
INFO train_tool.py:  87: step_8500 loss: 1.98326, acc: 0.39406
INFO train_tool.py:  87: step_8600 loss: 2.01265, acc: 0.38562
INFO train_tool.py:  87: step_8700 loss: 2.01650, acc: 0.39531
INFO train_tool.py:  87: step_8800 loss: 2.03175, acc: 0.38656
INFO train_tool.py:  87: step_8900 loss: 2.01811, acc: 0.40406
INFO train_tool.py:  87: step_9000 loss: 2.03185, acc: 0.38656
INFO train_tool.py:  97: macro f1: 0.26648 (best: 0.27000)
INFO train_tool.py:  87: step_9100 loss: 2.00594, acc: 0.40063
INFO train_tool.py:  87: step_9200 loss: 2.02050, acc: 0.38750
INFO train_tool.py:  87: step_9300 loss: 2.00031, acc: 0.39719
INFO train_tool.py:  87: step_9400 loss: 2.00231, acc: 0.39906
INFO train_tool.py:  87: step_9500 loss: 1.99170, acc: 0.40125
INFO train_tool.py:  87: step_9600 loss: 2.02769, acc: 0.38625
INFO train_tool.py:  87: step_9700 loss: 2.05529, acc: 0.38375
INFO train_tool.py:  87: step_9800 loss: 2.02374, acc: 0.38031
INFO train_tool.py:  87: step_9900 loss: 2.00607, acc: 0.39469
INFO train_tool.py:  87: step_10000 loss: 1.93894, acc: 0.41125
INFO train_tool.py:  97: macro f1: 0.27427 (best: 0.27000)
INFO train_tool.py:  87: step_10100 loss: 1.97806, acc: 0.40719
INFO train_tool.py:  87: step_10200 loss: 1.99239, acc: 0.40000
INFO train_tool.py:  87: step_10300 loss: 2.01581, acc: 0.39187
INFO train_tool.py:  87: step_10400 loss: 2.00025, acc: 0.40750
INFO train_tool.py:  87: step_10500 loss: 2.02612, acc: 0.38875
INFO train_tool.py:  87: step_10600 loss: 2.01602, acc: 0.39531
INFO train_tool.py:  87: step_10700 loss: 1.96096, acc: 0.40750
INFO train_tool.py:  87: step_10800 loss: 2.01451, acc: 0.38406
INFO train_tool.py:  87: step_10900 loss: 1.96050, acc: 0.40219
INFO train_tool.py:  87: step_11000 loss: 2.03446, acc: 0.38312
INFO train_tool.py:  97: macro f1: 0.27234 (best: 0.27427)
INFO train_tool.py:  87: step_11100 loss: 1.96082, acc: 0.39344
INFO train_tool.py:  87: step_11200 loss: 1.97025, acc: 0.40375
INFO train_tool.py:  87: step_11300 loss: 2.00232, acc: 0.39437
INFO train_tool.py:  87: step_11400 loss: 2.00060, acc: 0.39313
INFO train_tool.py:  87: step_11500 loss: 2.00496, acc: 0.39594
INFO train_tool.py:  87: step_11600 loss: 2.02626, acc: 0.39375
INFO train_tool.py:  87: step_11700 loss: 1.99397, acc: 0.40281
INFO train_tool.py:  87: step_11800 loss: 2.01051, acc: 0.38312
INFO train_tool.py:  87: step_11900 loss: 2.02629, acc: 0.39094
INFO train_tool.py:  87: step_12000 loss: 1.97889, acc: 0.40469
INFO train_tool.py:  97: macro f1: 0.26770 (best: 0.27427)
INFO train_tool.py:  87: step_12100 loss: 2.01133, acc: 0.38406
INFO train_tool.py:  87: step_12200 loss: 2.00769, acc: 0.39219
INFO train_tool.py:  87: step_12300 loss: 1.97413, acc: 0.40781
INFO train_tool.py:  87: step_12400 loss: 1.97028, acc: 0.39906
INFO train_tool.py:  87: step_12500 loss: 1.97272, acc: 0.40750
INFO train_tool.py:  87: step_12600 loss: 1.97872, acc: 0.41094
INFO train_tool.py:  87: step_12700 loss: 1.97271, acc: 0.40000
INFO train_tool.py:  87: step_12800 loss: 1.95566, acc: 0.40594
INFO train_tool.py:  87: step_12900 loss: 2.02990, acc: 0.37969
INFO train_tool.py:  87: step_13000 loss: 1.93793, acc: 0.39781
INFO train_tool.py:  97: macro f1: 0.27944 (best: 0.27427)
INFO train_tool.py:  87: step_13100 loss: 1.96236, acc: 0.40313
INFO train_tool.py:  87: step_13200 loss: 2.03928, acc: 0.38469
INFO train_tool.py:  87: step_13300 loss: 1.97859, acc: 0.39906
INFO train_tool.py:  87: step_13400 loss: 1.94687, acc: 0.41031
INFO train_tool.py:  87: step_13500 loss: 1.95953, acc: 0.39406
INFO train_tool.py:  87: step_13600 loss: 2.01077, acc: 0.39156
INFO train_tool.py:  87: step_13700 loss: 1.97486, acc: 0.40563
INFO train_tool.py:  87: step_13800 loss: 1.97594, acc: 0.40031
INFO train_tool.py:  87: step_13900 loss: 2.01538, acc: 0.38156
INFO train_tool.py:  87: step_14000 loss: 1.96680, acc: 0.39906
INFO train_tool.py:  97: macro f1: 0.27537 (best: 0.27944)
INFO train_tool.py:  87: step_14100 loss: 1.96813, acc: 0.40219
INFO train_tool.py:  87: step_14200 loss: 1.95532, acc: 0.40594
INFO train_tool.py:  87: step_14300 loss: 1.94837, acc: 0.40719
INFO train_tool.py:  87: step_14400 loss: 1.93904, acc: 0.41656
INFO train_tool.py:  87: step_14500 loss: 1.94214, acc: 0.41094
INFO train_tool.py:  87: step_14600 loss: 1.99644, acc: 0.39125
INFO train_tool.py:  87: step_14700 loss: 1.95187, acc: 0.41313
INFO train_tool.py:  87: step_14800 loss: 1.94346, acc: 0.41781
INFO train_tool.py:  87: step_14900 loss: 1.94501, acc: 0.41281
INFO train_tool.py:  87: step_15000 loss: 1.95870, acc: 0.39750
INFO train_tool.py:  97: macro f1: 0.27369 (best: 0.27944)
INFO train_tool.py:  87: step_15100 loss: 1.93643, acc: 0.41594
INFO train_tool.py:  87: step_15200 loss: 1.95111, acc: 0.40594
INFO train_tool.py:  87: step_15300 loss: 2.00531, acc: 0.38969
INFO train_tool.py:  87: step_15400 loss: 1.97055, acc: 0.39656
INFO train_tool.py:  87: step_15500 loss: 1.97202, acc: 0.39844
INFO train_tool.py:  87: step_15600 loss: 1.97521, acc: 0.39062
INFO train_tool.py:  87: step_15700 loss: 1.95087, acc: 0.40406
INFO train_tool.py:  87: step_15800 loss: 1.97948, acc: 0.39000
INFO train_tool.py:  87: step_15900 loss: 1.94295, acc: 0.40437
INFO train_tool.py:  87: step_16000 loss: 1.95791, acc: 0.40469
INFO train_tool.py:  97: macro f1: 0.28383 (best: 0.27944)
INFO train_tool.py:  87: step_16100 loss: 1.91671, acc: 0.40781
INFO train_tool.py:  87: step_16200 loss: 1.94643, acc: 0.42156
INFO train_tool.py:  87: step_16300 loss: 1.97328, acc: 0.40531
INFO train_tool.py:  87: step_16400 loss: 1.99348, acc: 0.39062
INFO train_tool.py:  87: step_16500 loss: 1.95281, acc: 0.40813
INFO train_tool.py:  87: step_16600 loss: 1.95076, acc: 0.40813
INFO train_tool.py:  87: step_16700 loss: 1.95949, acc: 0.40656
INFO train_tool.py:  87: step_16800 loss: 1.95738, acc: 0.40094
INFO train_tool.py:  87: step_16900 loss: 1.95114, acc: 0.40469
INFO train_tool.py:  87: step_17000 loss: 1.94399, acc: 0.40000
INFO train_tool.py:  97: macro f1: 0.28019 (best: 0.28383)
INFO train_tool.py:  87: step_17100 loss: 1.91743, acc: 0.41406
INFO train_tool.py:  87: step_17200 loss: 1.96971, acc: 0.40406
INFO train_tool.py:  87: step_17300 loss: 1.94027, acc: 0.40781
INFO train_tool.py:  87: step_17400 loss: 1.94214, acc: 0.41344
INFO train_tool.py:  87: step_17500 loss: 1.93558, acc: 0.40656
INFO train_tool.py:  87: step_17600 loss: 1.96934, acc: 0.40063
INFO train_tool.py:  87: step_17700 loss: 1.93478, acc: 0.40281
INFO train_tool.py:  87: step_17800 loss: 1.91200, acc: 0.42406
INFO train_tool.py:  87: step_17900 loss: 1.94317, acc: 0.40375
INFO train_tool.py:  87: step_18000 loss: 1.95277, acc: 0.41563
INFO train_tool.py:  97: macro f1: 0.28268 (best: 0.28383)
INFO train_tool.py:  87: step_18100 loss: 1.93294, acc: 0.41625
INFO train_tool.py:  87: step_18200 loss: 1.94936, acc: 0.40969
INFO train_tool.py:  87: step_18300 loss: 1.91311, acc: 0.41469
INFO train_tool.py:  87: step_18400 loss: 1.92187, acc: 0.42469
INFO train_tool.py:  87: step_18500 loss: 1.93762, acc: 0.41375
INFO train_tool.py:  87: step_18600 loss: 1.95952, acc: 0.40937
INFO train_tool.py:  87: step_18700 loss: 1.95372, acc: 0.40937
INFO train_tool.py:  87: step_18800 loss: 1.95070, acc: 0.40406
INFO train_tool.py:  87: step_18900 loss: 1.90644, acc: 0.42406
INFO train_tool.py:  87: step_19000 loss: 1.95832, acc: 0.40687
INFO train_tool.py:  97: macro f1: 0.27348 (best: 0.28383)
INFO train_tool.py:  87: step_19100 loss: 1.91351, acc: 0.41094
INFO train_tool.py:  87: step_19200 loss: 1.90879, acc: 0.40563
INFO train_tool.py:  87: step_19300 loss: 1.90271, acc: 0.40906
INFO train_tool.py:  87: step_19400 loss: 1.93117, acc: 0.41937
INFO train_tool.py:  87: step_19500 loss: 1.93258, acc: 0.40656
INFO train_tool.py:  87: step_19600 loss: 1.88294, acc: 0.42562
INFO train_tool.py:  87: step_19700 loss: 1.86999, acc: 0.42969
INFO train_tool.py:  87: step_19800 loss: 1.92364, acc: 0.41625
INFO train_tool.py:  87: step_19900 loss: 1.90451, acc: 0.41781
INFO train_tool.py:  87: step_20000 loss: 1.91352, acc: 0.41219
INFO train_tool.py:  97: macro f1: 0.28225 (best: 0.28383)
INFO train_tool.py:  87: step_20100 loss: 1.90674, acc: 0.41281
INFO train_tool.py:  87: step_20200 loss: 1.90387, acc: 0.42688
INFO train_tool.py:  87: step_20300 loss: 1.91639, acc: 0.40719
INFO train_tool.py:  87: step_20400 loss: 1.90134, acc: 0.41969
INFO train_tool.py:  87: step_20500 loss: 1.89617, acc: 0.41875
INFO train_tool.py:  87: step_20600 loss: 1.94097, acc: 0.41937
INFO train_tool.py:  87: step_20700 loss: 1.92739, acc: 0.41875
INFO train_tool.py:  87: step_20800 loss: 1.91452, acc: 0.42188
INFO train_tool.py:  87: step_20900 loss: 1.91121, acc: 0.42438
INFO train_tool.py:  87: step_21000 loss: 1.89269, acc: 0.43406
INFO train_tool.py:  97: macro f1: 0.28540 (best: 0.28383)
INFO train_tool.py:  87: step_21100 loss: 1.90952, acc: 0.42531
INFO train_tool.py:  87: step_21200 loss: 1.92850, acc: 0.41531
INFO train_tool.py:  87: step_21300 loss: 1.90494, acc: 0.41375
INFO train_tool.py:  87: step_21400 loss: 1.92756, acc: 0.40281
INFO train_tool.py:  87: step_21500 loss: 1.93397, acc: 0.41219
INFO train_tool.py:  87: step_21600 loss: 1.89043, acc: 0.41937
INFO train_tool.py:  87: step_21700 loss: 1.94024, acc: 0.40844
INFO train_tool.py:  87: step_21800 loss: 1.93746, acc: 0.40563
INFO train_tool.py:  87: step_21900 loss: 1.91994, acc: 0.39687
INFO train_tool.py:  87: step_22000 loss: 1.92331, acc: 0.41187
INFO train_tool.py:  97: macro f1: 0.28465 (best: 0.28540)
INFO train_tool.py:  87: step_22100 loss: 1.89636, acc: 0.40844
INFO train_tool.py:  87: step_22200 loss: 1.86526, acc: 0.42812
INFO train_tool.py:  87: step_22300 loss: 1.94404, acc: 0.41469
INFO train_tool.py:  87: step_22400 loss: 1.88228, acc: 0.41969
INFO train_tool.py:  87: step_22500 loss: 1.91077, acc: 0.41813
INFO train_tool.py:  87: step_22600 loss: 1.89166, acc: 0.42156
INFO train_tool.py:  87: step_22700 loss: 1.92519, acc: 0.41406
INFO train_tool.py:  87: step_22800 loss: 1.90605, acc: 0.41375
INFO train_tool.py:  87: step_22900 loss: 1.88577, acc: 0.42063
INFO train_tool.py:  87: step_23000 loss: 1.89758, acc: 0.41563
INFO train_tool.py:  97: macro f1: 0.29362 (best: 0.28540)
INFO train_tool.py:  87: step_23100 loss: 1.93783, acc: 0.40125
INFO train_tool.py:  87: step_23200 loss: 1.87768, acc: 0.43438
INFO train_tool.py:  87: step_23300 loss: 1.91522, acc: 0.41719
INFO train_tool.py:  87: step_23400 loss: 1.86834, acc: 0.42594
INFO train_tool.py:  87: step_23500 loss: 1.89153, acc: 0.42000
INFO train_tool.py:  87: step_23600 loss: 1.93580, acc: 0.41156
INFO train_tool.py:  87: step_23700 loss: 1.89558, acc: 0.42531
INFO train_tool.py:  87: step_23800 loss: 1.91627, acc: 0.41719
INFO train_tool.py:  87: step_23900 loss: 1.90117, acc: 0.41531
INFO train_tool.py:  87: step_24000 loss: 1.90055, acc: 0.42188
INFO train_tool.py:  97: macro f1: 0.28720 (best: 0.29362)
INFO train_tool.py:  87: step_24100 loss: 1.91084, acc: 0.41969
INFO train_tool.py:  87: step_24200 loss: 1.89928, acc: 0.42531
INFO train_tool.py:  87: step_24300 loss: 1.93136, acc: 0.40875
INFO train_tool.py:  87: step_24400 loss: 1.88357, acc: 0.42406
INFO train_tool.py:  87: step_24500 loss: 1.85512, acc: 0.43625
INFO train_tool.py:  87: step_24600 loss: 1.88089, acc: 0.42500
INFO train_tool.py:  87: step_24700 loss: 1.89043, acc: 0.41937
INFO train_tool.py:  87: step_24800 loss: 1.90178, acc: 0.42312
INFO train_tool.py:  87: step_24900 loss: 1.83229, acc: 0.43781
INFO train_tool.py:  87: step_25000 loss: 1.89884, acc: 0.40969
INFO train_tool.py:  97: macro f1: 0.28974 (best: 0.29362)
INFO train_tool.py:  87: step_25100 loss: 1.91667, acc: 0.41531
INFO train_tool.py:  87: step_25200 loss: 1.88611, acc: 0.43094
INFO train_tool.py:  87: step_25300 loss: 1.91151, acc: 0.41187
INFO train_tool.py:  87: step_25400 loss: 1.86726, acc: 0.44688
INFO train_tool.py:  87: step_25500 loss: 1.91790, acc: 0.41563
INFO train_tool.py:  87: step_25600 loss: 1.87972, acc: 0.42344
INFO train_tool.py:  87: step_25700 loss: 1.90281, acc: 0.42031
INFO train_tool.py:  87: step_25800 loss: 1.86261, acc: 0.42906
INFO train_tool.py:  87: step_25900 loss: 1.87541, acc: 0.42688
INFO train_tool.py:  87: step_26000 loss: 1.92505, acc: 0.40594
INFO train_tool.py:  97: macro f1: 0.29312 (best: 0.29362)
INFO train_tool.py:  87: step_26100 loss: 1.89984, acc: 0.42562
INFO train_tool.py:  87: step_26200 loss: 1.92135, acc: 0.41625
INFO train_tool.py:  87: step_26300 loss: 1.88170, acc: 0.42906
INFO train_tool.py:  87: step_26400 loss: 1.88297, acc: 0.42188
INFO train_tool.py:  87: step_26500 loss: 1.86168, acc: 0.42625
INFO train_tool.py:  87: step_26600 loss: 1.85549, acc: 0.42531
INFO train_tool.py:  87: step_26700 loss: 1.89150, acc: 0.41437
INFO train_tool.py:  87: step_26800 loss: 1.88798, acc: 0.41656
INFO train_tool.py:  87: step_26900 loss: 1.89733, acc: 0.42531
INFO train_tool.py:  87: step_27000 loss: 1.89751, acc: 0.41625
INFO train_tool.py:  97: macro f1: 0.28558 (best: 0.29362)
INFO train_tool.py:  87: step_27100 loss: 1.90397, acc: 0.42750
INFO train_tool.py:  87: step_27200 loss: 1.92151, acc: 0.41219
INFO train_tool.py:  87: step_27300 loss: 1.85224, acc: 0.42438
INFO train_tool.py:  87: step_27400 loss: 1.88233, acc: 0.42406
INFO train_tool.py:  87: step_27500 loss: 1.91505, acc: 0.41844
INFO train_tool.py:  87: step_27600 loss: 1.83574, acc: 0.44500
INFO train_tool.py:  87: step_27700 loss: 1.92154, acc: 0.42750
INFO train_tool.py:  87: step_27800 loss: 1.84348, acc: 0.43188
INFO train_tool.py:  87: step_27900 loss: 1.87717, acc: 0.42750
INFO train_tool.py:  87: step_28000 loss: 1.88324, acc: 0.42094
INFO train_tool.py:  97: macro f1: 0.28873 (best: 0.29362)
INFO train_tool.py:  87: step_28100 loss: 1.86675, acc: 0.43344
INFO train_tool.py:  87: step_28200 loss: 1.88974, acc: 0.40937
INFO train_tool.py:  87: step_28300 loss: 1.86753, acc: 0.43750
INFO train_tool.py:  87: step_28400 loss: 1.84795, acc: 0.43781
INFO train_tool.py:  87: step_28500 loss: 1.85376, acc: 0.42156
INFO train_tool.py:  87: step_28600 loss: 1.88590, acc: 0.42312
INFO train_tool.py:  87: step_28700 loss: 1.85630, acc: 0.43969
INFO train_tool.py:  87: step_28800 loss: 1.85572, acc: 0.42719
INFO train_tool.py:  87: step_28900 loss: 1.86070, acc: 0.43750
INFO train_tool.py:  87: step_29000 loss: 1.86809, acc: 0.42906
INFO train_tool.py:  97: macro f1: 0.28058 (best: 0.29362)
INFO train_tool.py:  87: step_29100 loss: 1.82858, acc: 0.43500
INFO train_tool.py:  87: step_29200 loss: 1.83833, acc: 0.43281
INFO train_tool.py:  87: step_29300 loss: 1.84090, acc: 0.44062
INFO train_tool.py:  87: step_29400 loss: 1.88580, acc: 0.42344
INFO train_tool.py: 105: End current epoch !
INFO main.py: 113: ### cost time: 262.08 m
INFO main.py: 100: Epoch: 1
INFO main.py: 104: change lr: 0.001000  => 0.000100
INFO train_tool.py:  87: step_29500 loss: 1.68494, acc: 0.48047
INFO train_tool.py:  87: step_29600 loss: 1.63515, acc: 0.50094
INFO train_tool.py:  87: step_29700 loss: 1.63944, acc: 0.48469
INFO train_tool.py:  87: step_29800 loss: 1.65390, acc: 0.48531
INFO train_tool.py:  87: step_29900 loss: 1.61595, acc: 0.49625
INFO train_tool.py:  87: step_30000 loss: 1.62519, acc: 0.48562
INFO train_tool.py:  97: macro f1: 0.29262 (best: 0.27000)
INFO train_tool.py:  87: step_30100 loss: 1.60351, acc: 0.50938
INFO train_tool.py:  87: step_30200 loss: 1.62420, acc: 0.49125
INFO train_tool.py:  87: step_30300 loss: 1.64508, acc: 0.49469
INFO train_tool.py:  87: step_30400 loss: 1.64347, acc: 0.49781
INFO train_tool.py:  87: step_30500 loss: 1.61845, acc: 0.49406
INFO train_tool.py:  87: step_30600 loss: 1.61338, acc: 0.48688
INFO train_tool.py:  87: step_30700 loss: 1.69286, acc: 0.47281
INFO train_tool.py:  87: step_30800 loss: 1.59139, acc: 0.49906
INFO train_tool.py:  87: step_30900 loss: 1.60293, acc: 0.49688
INFO train_tool.py:  87: step_31000 loss: 1.68193, acc: 0.47000
INFO train_tool.py:  97: macro f1: 0.29653 (best: 0.29262)
INFO train_tool.py:  87: step_31100 loss: 1.59205, acc: 0.49812
INFO train_tool.py:  87: step_31200 loss: 1.63999, acc: 0.49531
INFO train_tool.py:  87: step_31300 loss: 1.63941, acc: 0.49625
INFO train_tool.py:  87: step_31400 loss: 1.63270, acc: 0.48906
INFO train_tool.py:  87: step_31500 loss: 1.65698, acc: 0.49406
INFO train_tool.py:  87: step_31600 loss: 1.62641, acc: 0.51219
INFO train_tool.py:  87: step_31700 loss: 1.60563, acc: 0.49562
INFO train_tool.py:  87: step_31800 loss: 1.66144, acc: 0.48063
INFO train_tool.py:  87: step_31900 loss: 1.63249, acc: 0.48625
INFO train_tool.py:  87: step_32000 loss: 1.62582, acc: 0.49688
INFO train_tool.py:  97: macro f1: 0.29592 (best: 0.29653)
INFO train_tool.py:  87: step_32100 loss: 1.55034, acc: 0.52312
INFO train_tool.py:  87: step_32200 loss: 1.63893, acc: 0.49094
INFO train_tool.py:  87: step_32300 loss: 1.62425, acc: 0.49750
INFO train_tool.py:  87: step_32400 loss: 1.58260, acc: 0.50687
INFO train_tool.py:  87: step_32500 loss: 1.63747, acc: 0.48875
INFO train_tool.py:  87: step_32600 loss: 1.65295, acc: 0.48875
INFO train_tool.py:  87: step_32700 loss: 1.63836, acc: 0.49469
INFO train_tool.py:  87: step_32800 loss: 1.62524, acc: 0.50219
INFO train_tool.py:  87: step_32900 loss: 1.59490, acc: 0.50062
INFO train_tool.py:  87: step_33000 loss: 1.62379, acc: 0.49562
INFO train_tool.py:  97: macro f1: 0.29754 (best: 0.29653)
INFO train_tool.py:  87: step_33100 loss: 1.58546, acc: 0.49969
INFO train_tool.py:  87: step_33200 loss: 1.60400, acc: 0.50500
INFO train_tool.py:  87: step_33300 loss: 1.63510, acc: 0.49250
INFO train_tool.py:  87: step_33400 loss: 1.63360, acc: 0.48531
INFO train_tool.py:  87: step_33500 loss: 1.60121, acc: 0.50000
INFO train_tool.py:  87: step_33600 loss: 1.62719, acc: 0.49125
INFO train_tool.py:  87: step_33700 loss: 1.61440, acc: 0.49781
INFO train_tool.py:  87: step_33800 loss: 1.62054, acc: 0.49094
INFO train_tool.py:  87: step_33900 loss: 1.61885, acc: 0.49156
INFO train_tool.py:  87: step_34000 loss: 1.57869, acc: 0.50438
INFO train_tool.py:  97: macro f1: 0.29658 (best: 0.29754)
INFO train_tool.py:  87: step_34100 loss: 1.59585, acc: 0.50906
INFO train_tool.py:  87: step_34200 loss: 1.61327, acc: 0.50062
INFO train_tool.py:  87: step_34300 loss: 1.57661, acc: 0.51031
INFO train_tool.py:  87: step_34400 loss: 1.58741, acc: 0.51125
INFO train_tool.py:  87: step_34500 loss: 1.60102, acc: 0.49688
INFO train_tool.py:  87: step_34600 loss: 1.61446, acc: 0.49875
INFO train_tool.py:  87: step_34700 loss: 1.58452, acc: 0.50094
INFO train_tool.py:  87: step_34800 loss: 1.55929, acc: 0.51594
INFO train_tool.py:  87: step_34900 loss: 1.63783, acc: 0.48406
INFO train_tool.py:  87: step_35000 loss: 1.57386, acc: 0.50750
INFO train_tool.py:  97: macro f1: 0.29727 (best: 0.29754)
INFO train_tool.py:  87: step_35100 loss: 1.61372, acc: 0.49938
INFO train_tool.py:  87: step_35200 loss: 1.60597, acc: 0.50656
INFO train_tool.py:  87: step_35300 loss: 1.62216, acc: 0.49469
INFO train_tool.py:  87: step_35400 loss: 1.56685, acc: 0.50906
INFO train_tool.py:  87: step_35500 loss: 1.58842, acc: 0.49125
INFO train_tool.py:  87: step_35600 loss: 1.60392, acc: 0.49594
INFO train_tool.py:  87: step_35700 loss: 1.61818, acc: 0.49656
INFO train_tool.py:  87: step_35800 loss: 1.56836, acc: 0.50000
INFO train_tool.py:  87: step_35900 loss: 1.56761, acc: 0.50938
INFO train_tool.py:  87: step_36000 loss: 1.57107, acc: 0.51906
INFO train_tool.py:  97: macro f1: 0.29850 (best: 0.29754)
INFO train_tool.py:  87: step_36100 loss: 1.58222, acc: 0.50687
INFO train_tool.py:  87: step_36200 loss: 1.57751, acc: 0.51656
INFO train_tool.py:  87: step_36300 loss: 1.63918, acc: 0.49031
INFO train_tool.py:  87: step_36400 loss: 1.57693, acc: 0.50625
INFO train_tool.py:  87: step_36500 loss: 1.59997, acc: 0.50531
INFO train_tool.py:  87: step_36600 loss: 1.58559, acc: 0.51062
INFO train_tool.py:  87: step_36700 loss: 1.54947, acc: 0.52000
INFO train_tool.py:  87: step_36800 loss: 1.58487, acc: 0.50281
INFO train_tool.py:  87: step_36900 loss: 1.55600, acc: 0.51125
INFO train_tool.py:  87: step_37000 loss: 1.57598, acc: 0.51281
INFO train_tool.py:  97: macro f1: 0.29915 (best: 0.29850)
INFO train_tool.py:  87: step_37100 loss: 1.61398, acc: 0.49719
INFO train_tool.py:  87: step_37200 loss: 1.59282, acc: 0.50906
INFO train_tool.py:  87: step_37300 loss: 1.59274, acc: 0.50344
INFO train_tool.py:  87: step_37400 loss: 1.57299, acc: 0.51687
INFO train_tool.py:  87: step_37500 loss: 1.62013, acc: 0.49438
INFO train_tool.py:  87: step_37600 loss: 1.55692, acc: 0.51906
INFO train_tool.py:  87: step_37700 loss: 1.59184, acc: 0.50719
INFO train_tool.py:  87: step_37800 loss: 1.56521, acc: 0.51125
INFO train_tool.py:  87: step_37900 loss: 1.61379, acc: 0.51031
INFO train_tool.py:  87: step_38000 loss: 1.59595, acc: 0.49625
INFO train_tool.py:  97: macro f1: 0.29787 (best: 0.29915)
INFO train_tool.py:  87: step_38100 loss: 1.57874, acc: 0.51125
INFO train_tool.py:  87: step_38200 loss: 1.54814, acc: 0.51406
INFO train_tool.py:  87: step_38300 loss: 1.58643, acc: 0.50687
INFO train_tool.py:  87: step_38400 loss: 1.58602, acc: 0.49938
INFO train_tool.py:  87: step_38500 loss: 1.56359, acc: 0.50000
INFO train_tool.py:  87: step_38600 loss: 1.56149, acc: 0.50750
INFO train_tool.py:  87: step_38700 loss: 1.56438, acc: 0.51406
INFO train_tool.py:  87: step_38800 loss: 1.60994, acc: 0.49188
INFO train_tool.py:  87: step_38900 loss: 1.61118, acc: 0.50500
INFO train_tool.py:  87: step_39000 loss: 1.58761, acc: 0.50531
INFO train_tool.py:  97: macro f1: 0.29779 (best: 0.29915)
INFO train_tool.py:  87: step_39100 loss: 1.57611, acc: 0.51156
INFO train_tool.py:  87: step_39200 loss: 1.57318, acc: 0.50906
INFO train_tool.py:  87: step_39300 loss: 1.57081, acc: 0.51812
INFO train_tool.py:  87: step_39400 loss: 1.60821, acc: 0.49094
INFO train_tool.py:  87: step_39500 loss: 1.58653, acc: 0.50750
INFO train_tool.py:  87: step_39600 loss: 1.56824, acc: 0.51000
INFO train_tool.py:  87: step_39700 loss: 1.59846, acc: 0.50000
INFO train_tool.py:  87: step_39800 loss: 1.57821, acc: 0.51719
INFO train_tool.py:  87: step_39900 loss: 1.56680, acc: 0.50344
INFO train_tool.py:  87: step_40000 loss: 1.56822, acc: 0.50938
INFO train_tool.py:  97: macro f1: 0.29781 (best: 0.29915)
INFO train_tool.py:  87: step_40100 loss: 1.56515, acc: 0.50813
INFO train_tool.py:  87: step_40200 loss: 1.53876, acc: 0.52063
INFO train_tool.py:  87: step_40300 loss: 1.53776, acc: 0.51875
INFO train_tool.py:  87: step_40400 loss: 1.61057, acc: 0.49438
INFO train_tool.py:  87: step_40500 loss: 1.59733, acc: 0.50000
INFO train_tool.py:  87: step_40600 loss: 1.52639, acc: 0.52500
INFO train_tool.py:  87: step_40700 loss: 1.58899, acc: 0.50719
INFO train_tool.py:  87: step_40800 loss: 1.54167, acc: 0.51187
INFO train_tool.py:  87: step_40900 loss: 1.61433, acc: 0.49094
INFO train_tool.py:  87: step_41000 loss: 1.60401, acc: 0.50531
INFO train_tool.py:  97: macro f1: 0.29796 (best: 0.29915)
INFO train_tool.py:  87: step_41100 loss: 1.50259, acc: 0.53500
INFO train_tool.py:  87: step_41200 loss: 1.63447, acc: 0.48250
INFO train_tool.py:  87: step_41300 loss: 1.58550, acc: 0.50031
INFO train_tool.py:  87: step_41400 loss: 1.55815, acc: 0.51094
INFO train_tool.py:  87: step_41500 loss: 1.55638, acc: 0.51062
INFO train_tool.py:  87: step_41600 loss: 1.55986, acc: 0.52750
INFO train_tool.py:  87: step_41700 loss: 1.54458, acc: 0.52594
INFO train_tool.py:  87: step_41800 loss: 1.55611, acc: 0.51875
INFO train_tool.py:  87: step_41900 loss: 1.61276, acc: 0.49906
INFO train_tool.py:  87: step_42000 loss: 1.57876, acc: 0.51250
INFO train_tool.py:  97: macro f1: 0.29753 (best: 0.29915)
INFO train_tool.py:  87: step_42100 loss: 1.53920, acc: 0.52000
INFO train_tool.py:  87: step_42200 loss: 1.61248, acc: 0.49062
INFO train_tool.py:  87: step_42300 loss: 1.59992, acc: 0.48844
INFO train_tool.py:  87: step_42400 loss: 1.57518, acc: 0.51094
INFO train_tool.py:  87: step_42500 loss: 1.55558, acc: 0.51719
INFO train_tool.py:  87: step_42600 loss: 1.58940, acc: 0.50938
INFO train_tool.py:  87: step_42700 loss: 1.56884, acc: 0.51062
INFO train_tool.py:  87: step_42800 loss: 1.56294, acc: 0.51000
INFO train_tool.py:  87: step_42900 loss: 1.60255, acc: 0.50438
INFO train_tool.py:  87: step_43000 loss: 1.59251, acc: 0.51125
INFO train_tool.py:  97: macro f1: 0.29913 (best: 0.29915)
INFO train_tool.py:  87: step_43100 loss: 1.56606, acc: 0.51812
INFO train_tool.py:  87: step_43200 loss: 1.53274, acc: 0.52187
INFO train_tool.py:  87: step_43300 loss: 1.60793, acc: 0.50094
INFO train_tool.py:  87: step_43400 loss: 1.57856, acc: 0.51531
INFO train_tool.py:  87: step_43500 loss: 1.52895, acc: 0.51625
INFO train_tool.py:  87: step_43600 loss: 1.56447, acc: 0.51656
INFO train_tool.py:  87: step_43700 loss: 1.59664, acc: 0.50406
INFO train_tool.py:  87: step_43800 loss: 1.53923, acc: 0.51656
INFO train_tool.py:  87: step_43900 loss: 1.53709, acc: 0.51406
INFO train_tool.py:  87: step_44000 loss: 1.60507, acc: 0.50375
INFO train_tool.py:  97: macro f1: 0.29961 (best: 0.29915)
INFO train_tool.py:  87: step_44100 loss: 1.56320, acc: 0.51656
INFO train_tool.py:  87: step_44200 loss: 1.51918, acc: 0.51562
INFO train_tool.py:  87: step_44300 loss: 1.54464, acc: 0.51812
INFO train_tool.py:  87: step_44400 loss: 1.57530, acc: 0.51062
INFO train_tool.py:  87: step_44500 loss: 1.60921, acc: 0.49312
INFO train_tool.py:  87: step_44600 loss: 1.55368, acc: 0.51562
INFO train_tool.py:  87: step_44700 loss: 1.61400, acc: 0.49594
INFO train_tool.py:  87: step_44800 loss: 1.56189, acc: 0.51406
INFO train_tool.py:  87: step_44900 loss: 1.60177, acc: 0.49625
INFO train_tool.py:  87: step_45000 loss: 1.54703, acc: 0.52000
INFO train_tool.py:  97: macro f1: 0.29846 (best: 0.29961)
INFO train_tool.py:  87: step_45100 loss: 1.56869, acc: 0.51219
INFO train_tool.py:  87: step_45200 loss: 1.57820, acc: 0.50719
INFO train_tool.py:  87: step_45300 loss: 1.55697, acc: 0.51531
INFO train_tool.py:  87: step_45400 loss: 1.55978, acc: 0.51125
INFO train_tool.py:  87: step_45500 loss: 1.51030, acc: 0.53438
INFO train_tool.py:  87: step_45600 loss: 1.55643, acc: 0.51094
INFO train_tool.py:  87: step_45700 loss: 1.56633, acc: 0.50781
INFO train_tool.py:  87: step_45800 loss: 1.58480, acc: 0.50531
INFO train_tool.py:  87: step_45900 loss: 1.51754, acc: 0.53094
INFO train_tool.py:  87: step_46000 loss: 1.52901, acc: 0.51125
INFO train_tool.py:  97: macro f1: 0.29987 (best: 0.29961)
INFO train_tool.py:  87: step_46100 loss: 1.54868, acc: 0.51438
INFO train_tool.py:  87: step_46200 loss: 1.57287, acc: 0.50438
INFO train_tool.py:  87: step_46300 loss: 1.52548, acc: 0.52500
INFO train_tool.py:  87: step_46400 loss: 1.55952, acc: 0.50406
INFO train_tool.py:  87: step_46500 loss: 1.53204, acc: 0.52219
INFO train_tool.py:  87: step_46600 loss: 1.58581, acc: 0.51031
INFO train_tool.py:  87: step_46700 loss: 1.57359, acc: 0.50781
INFO train_tool.py:  87: step_46800 loss: 1.55103, acc: 0.51531
INFO train_tool.py:  87: step_46900 loss: 1.54501, acc: 0.52031
INFO train_tool.py:  87: step_47000 loss: 1.57649, acc: 0.51625
INFO train_tool.py:  97: macro f1: 0.29991 (best: 0.29987)
INFO train_tool.py:  87: step_47100 loss: 1.57188, acc: 0.50531
INFO train_tool.py:  87: step_47200 loss: 1.55171, acc: 0.51500
INFO train_tool.py:  87: step_47300 loss: 1.55453, acc: 0.50281
INFO train_tool.py:  87: step_47400 loss: 1.55591, acc: 0.51375
INFO train_tool.py:  87: step_47500 loss: 1.56204, acc: 0.52406
INFO train_tool.py:  87: step_47600 loss: 1.53681, acc: 0.52469
INFO train_tool.py:  87: step_47700 loss: 1.54527, acc: 0.52844
INFO train_tool.py:  87: step_47800 loss: 1.57473, acc: 0.52094
INFO train_tool.py:  87: step_47900 loss: 1.54286, acc: 0.53000
INFO train_tool.py:  87: step_48000 loss: 1.54534, acc: 0.52406
INFO train_tool.py:  97: macro f1: 0.29957 (best: 0.29991)
INFO train_tool.py:  87: step_48100 loss: 1.57111, acc: 0.51313
INFO train_tool.py:  87: step_48200 loss: 1.53610, acc: 0.52344
INFO train_tool.py:  87: step_48300 loss: 1.58636, acc: 0.50062
INFO train_tool.py:  87: step_48400 loss: 1.54157, acc: 0.52063
INFO train_tool.py:  87: step_48500 loss: 1.56945, acc: 0.50625
INFO train_tool.py:  87: step_48600 loss: 1.50578, acc: 0.53656
INFO train_tool.py:  87: step_48700 loss: 1.51892, acc: 0.52563
INFO train_tool.py:  87: step_48800 loss: 1.55639, acc: 0.52375
INFO train_tool.py:  87: step_48900 loss: 1.56355, acc: 0.51844
INFO train_tool.py:  87: step_49000 loss: 1.52956, acc: 0.53187
INFO train_tool.py:  97: macro f1: 0.29984 (best: 0.29991)
INFO train_tool.py:  87: step_49100 loss: 1.56056, acc: 0.51344
INFO train_tool.py:  87: step_49200 loss: 1.57431, acc: 0.51062
INFO train_tool.py:  87: step_49300 loss: 1.52044, acc: 0.52687
INFO train_tool.py:  87: step_49400 loss: 1.53572, acc: 0.51438
INFO train_tool.py:  87: step_49500 loss: 1.50981, acc: 0.52312
INFO train_tool.py:  87: step_49600 loss: 1.55658, acc: 0.51594
INFO train_tool.py:  87: step_49700 loss: 1.58043, acc: 0.50313
INFO train_tool.py:  87: step_49800 loss: 1.52490, acc: 0.51656
INFO train_tool.py:  87: step_49900 loss: 1.51258, acc: 0.53406
INFO train_tool.py:  87: step_50000 loss: 1.55863, acc: 0.51406
INFO train_tool.py:  97: macro f1: 0.30002 (best: 0.29991)
INFO train_tool.py:  87: step_50100 loss: 1.55424, acc: 0.52094
INFO train_tool.py:  87: step_50200 loss: 1.49478, acc: 0.53031
INFO train_tool.py:  87: step_50300 loss: 1.53835, acc: 0.51031
INFO train_tool.py:  87: step_50400 loss: 1.55335, acc: 0.51687
INFO train_tool.py:  87: step_50500 loss: 1.60203, acc: 0.49906
INFO train_tool.py:  87: step_50600 loss: 1.53393, acc: 0.52063
INFO train_tool.py:  87: step_50700 loss: 1.52807, acc: 0.52563
INFO train_tool.py:  87: step_50800 loss: 1.55911, acc: 0.51969
INFO train_tool.py:  87: step_50900 loss: 1.55399, acc: 0.51281
INFO train_tool.py:  87: step_51000 loss: 1.54654, acc: 0.52781
INFO train_tool.py:  97: macro f1: 0.29950 (best: 0.30002)
INFO train_tool.py:  87: step_51100 loss: 1.56163, acc: 0.50781
INFO train_tool.py:  87: step_51200 loss: 1.54457, acc: 0.52469
INFO train_tool.py:  87: step_51300 loss: 1.53046, acc: 0.51812
INFO train_tool.py:  87: step_51400 loss: 1.49598, acc: 0.52594
INFO train_tool.py:  87: step_51500 loss: 1.54687, acc: 0.50969
INFO train_tool.py:  87: step_51600 loss: 1.55824, acc: 0.51750
INFO train_tool.py:  87: step_51700 loss: 1.57794, acc: 0.50844
INFO train_tool.py:  87: step_51800 loss: 1.52386, acc: 0.52563
INFO train_tool.py:  87: step_51900 loss: 1.54493, acc: 0.51719
INFO train_tool.py:  87: step_52000 loss: 1.52906, acc: 0.51812
INFO train_tool.py:  97: macro f1: 0.29893 (best: 0.30002)
INFO train_tool.py:  87: step_52100 loss: 1.54203, acc: 0.51844
INFO train_tool.py:  87: step_52200 loss: 1.52151, acc: 0.53281
INFO train_tool.py:  87: step_52300 loss: 1.51146, acc: 0.52625
INFO train_tool.py:  87: step_52400 loss: 1.54769, acc: 0.51000
INFO train_tool.py:  87: step_52500 loss: 1.53325, acc: 0.52781
INFO train_tool.py:  87: step_52600 loss: 1.56567, acc: 0.51500
INFO train_tool.py:  87: step_52700 loss: 1.54545, acc: 0.51219
INFO train_tool.py:  87: step_52800 loss: 1.47628, acc: 0.53531
INFO train_tool.py:  87: step_52900 loss: 1.47626, acc: 0.53219
INFO train_tool.py:  87: step_53000 loss: 1.55424, acc: 0.50250
INFO train_tool.py:  97: macro f1: 0.29878 (best: 0.30002)
INFO train_tool.py:  87: step_53100 loss: 1.49546, acc: 0.52969
INFO train_tool.py:  87: step_53200 loss: 1.53932, acc: 0.51594
INFO train_tool.py:  87: step_53300 loss: 1.56926, acc: 0.50094
INFO train_tool.py:  87: step_53400 loss: 1.51925, acc: 0.52719
INFO train_tool.py:  87: step_53500 loss: 1.53988, acc: 0.52406
INFO train_tool.py:  87: step_53600 loss: 1.53480, acc: 0.53750
INFO train_tool.py:  87: step_53700 loss: 1.52730, acc: 0.52031
INFO train_tool.py:  87: step_53800 loss: 1.53648, acc: 0.51687
INFO train_tool.py:  87: step_53900 loss: 1.52922, acc: 0.51719
INFO train_tool.py:  87: step_54000 loss: 1.51624, acc: 0.53344
INFO train_tool.py:  97: macro f1: 0.30158 (best: 0.30002)
INFO train_tool.py:  87: step_54100 loss: 1.51670, acc: 0.52219
INFO train_tool.py:  87: step_54200 loss: 1.51094, acc: 0.51375
INFO train_tool.py:  87: step_54300 loss: 1.51623, acc: 0.52563
INFO train_tool.py:  87: step_54400 loss: 1.53461, acc: 0.52344
INFO train_tool.py:  87: step_54500 loss: 1.57923, acc: 0.50594
INFO train_tool.py:  87: step_54600 loss: 1.52607, acc: 0.52438
INFO train_tool.py:  87: step_54700 loss: 1.53491, acc: 0.51844
INFO train_tool.py:  87: step_54800 loss: 1.52012, acc: 0.52875
INFO train_tool.py:  87: step_54900 loss: 1.55646, acc: 0.51844
INFO train_tool.py:  87: step_55000 loss: 1.55210, acc: 0.50969
INFO train_tool.py:  97: macro f1: 0.30030 (best: 0.30158)
INFO train_tool.py:  87: step_55100 loss: 1.52353, acc: 0.52719
INFO train_tool.py:  87: step_55200 loss: 1.57597, acc: 0.50406
INFO train_tool.py:  87: step_55300 loss: 1.52610, acc: 0.52531
INFO train_tool.py:  87: step_55400 loss: 1.56674, acc: 0.50625
INFO train_tool.py:  87: step_55500 loss: 1.53106, acc: 0.52344
INFO train_tool.py:  87: step_55600 loss: 1.50383, acc: 0.54187
INFO train_tool.py:  87: step_55700 loss: 1.54235, acc: 0.51969
INFO train_tool.py:  87: step_55800 loss: 1.48337, acc: 0.54156
INFO train_tool.py:  87: step_55900 loss: 1.50140, acc: 0.53156
INFO train_tool.py:  87: step_56000 loss: 1.51867, acc: 0.52031
INFO train_tool.py:  97: macro f1: 0.29921 (best: 0.30158)
INFO train_tool.py:  87: step_56100 loss: 1.53652, acc: 0.51938
INFO train_tool.py:  87: step_56200 loss: 1.52084, acc: 0.52500
INFO train_tool.py:  87: step_56300 loss: 1.56225, acc: 0.51781
INFO train_tool.py:  87: step_56400 loss: 1.53135, acc: 0.52469
INFO train_tool.py:  87: step_56500 loss: 1.52789, acc: 0.51281
INFO train_tool.py:  87: step_56600 loss: 1.54294, acc: 0.51969
INFO train_tool.py:  87: step_56700 loss: 1.53032, acc: 0.51906
INFO train_tool.py:  87: step_56800 loss: 1.56319, acc: 0.50813
INFO train_tool.py:  87: step_56900 loss: 1.48200, acc: 0.53000
INFO train_tool.py:  87: step_57000 loss: 1.56282, acc: 0.50656
INFO train_tool.py:  97: macro f1: 0.30030 (best: 0.30158)
INFO train_tool.py:  87: step_57100 loss: 1.47089, acc: 0.54500
INFO train_tool.py:  87: step_57200 loss: 1.53203, acc: 0.52187
INFO train_tool.py:  87: step_57300 loss: 1.52571, acc: 0.52969
INFO train_tool.py:  87: step_57400 loss: 1.52484, acc: 0.53406
INFO train_tool.py:  87: step_57500 loss: 1.51598, acc: 0.52531
INFO train_tool.py:  87: step_57600 loss: 1.55175, acc: 0.50687
INFO train_tool.py:  87: step_57700 loss: 1.51460, acc: 0.52375
INFO train_tool.py:  87: step_57800 loss: 1.56502, acc: 0.51906
INFO train_tool.py:  87: step_57900 loss: 1.51006, acc: 0.53125
INFO train_tool.py:  87: step_58000 loss: 1.56280, acc: 0.50656
INFO train_tool.py:  97: macro f1: 0.30244 (best: 0.30158)
INFO train_tool.py:  87: step_58100 loss: 1.50262, acc: 0.52281
INFO train_tool.py:  87: step_58200 loss: 1.49361, acc: 0.52844
INFO train_tool.py:  87: step_58300 loss: 1.50241, acc: 0.53625
INFO train_tool.py:  87: step_58400 loss: 1.50523, acc: 0.52438
INFO train_tool.py:  87: step_58500 loss: 1.52250, acc: 0.51969
INFO train_tool.py:  87: step_58600 loss: 1.53899, acc: 0.51625
INFO train_tool.py:  87: step_58700 loss: 1.47464, acc: 0.54031
INFO train_tool.py:  87: step_58800 loss: 1.51214, acc: 0.52063
INFO train_tool.py:  87: step_58900 loss: 1.51170, acc: 0.52625
INFO train_tool.py: 105: End current epoch !
INFO main.py: 113: ### cost time: 536.78 m
INFO main.py: 100: Epoch: 2
INFO main.py: 104: change lr: 0.000100  => 0.000010
INFO train_tool.py:  87: step_59000 loss: 1.41693, acc: 0.56152
INFO train_tool.py:  97: macro f1: 0.30067 (best: 0.27000)
INFO train_tool.py:  87: step_59100 loss: 1.40128, acc: 0.56156
INFO train_tool.py:  87: step_59200 loss: 1.41272, acc: 0.54875
INFO train_tool.py:  87: step_59300 loss: 1.41873, acc: 0.56031
INFO train_tool.py:  87: step_59400 loss: 1.45066, acc: 0.54469
INFO train_tool.py:  87: step_59500 loss: 1.39460, acc: 0.55625
INFO train_tool.py:  87: step_59600 loss: 1.40241, acc: 0.56000
INFO train_tool.py:  87: step_59700 loss: 1.48147, acc: 0.53500
INFO train_tool.py:  87: step_59800 loss: 1.41314, acc: 0.55281
INFO train_tool.py:  87: step_59900 loss: 1.42740, acc: 0.54812
INFO train_tool.py:  87: step_60000 loss: 1.41437, acc: 0.56563
INFO train_tool.py:  97: macro f1: 0.30060 (best: 0.30067)
INFO train_tool.py:  87: step_60100 loss: 1.39746, acc: 0.56094
INFO train_tool.py:  87: step_60200 loss: 1.43868, acc: 0.54156
INFO train_tool.py:  87: step_60300 loss: 1.44046, acc: 0.55375
INFO train_tool.py:  87: step_60400 loss: 1.43408, acc: 0.54937
INFO train_tool.py:  87: step_60500 loss: 1.45298, acc: 0.54281
INFO train_tool.py:  87: step_60600 loss: 1.42468, acc: 0.54688
INFO train_tool.py:  87: step_60700 loss: 1.41668, acc: 0.55094
INFO train_tool.py:  87: step_60800 loss: 1.38267, acc: 0.56406
INFO train_tool.py:  87: step_60900 loss: 1.38584, acc: 0.56375
INFO train_tool.py:  87: step_61000 loss: 1.43011, acc: 0.54594
INFO train_tool.py:  97: macro f1: 0.29984 (best: 0.30067)
INFO train_tool.py:  87: step_61100 loss: 1.46395, acc: 0.54312
INFO train_tool.py:  87: step_61200 loss: 1.45389, acc: 0.54125
INFO train_tool.py:  87: step_61300 loss: 1.43432, acc: 0.55094
INFO train_tool.py:  87: step_61400 loss: 1.44578, acc: 0.54344
INFO train_tool.py:  87: step_61500 loss: 1.42509, acc: 0.55625
INFO train_tool.py:  87: step_61600 loss: 1.42692, acc: 0.55656
INFO train_tool.py:  87: step_61700 loss: 1.43551, acc: 0.54063
INFO train_tool.py:  87: step_61800 loss: 1.44615, acc: 0.55563
INFO train_tool.py:  87: step_61900 loss: 1.42902, acc: 0.54656
INFO train_tool.py:  87: step_62000 loss: 1.42275, acc: 0.54906
INFO train_tool.py:  97: macro f1: 0.30022 (best: 0.30067)
INFO train_tool.py:  87: step_62100 loss: 1.44008, acc: 0.55563
INFO train_tool.py:  87: step_62200 loss: 1.41142, acc: 0.54969
INFO train_tool.py:  87: step_62300 loss: 1.44439, acc: 0.54031
INFO train_tool.py:  87: step_62400 loss: 1.43375, acc: 0.54625
INFO train_tool.py:  87: step_62500 loss: 1.42062, acc: 0.54312
INFO train_tool.py:  87: step_62600 loss: 1.42328, acc: 0.56031
INFO train_tool.py:  87: step_62700 loss: 1.43703, acc: 0.54563
INFO train_tool.py:  87: step_62800 loss: 1.38480, acc: 0.56875
INFO train_tool.py:  87: step_62900 loss: 1.43775, acc: 0.55312
INFO train_tool.py:  87: step_63000 loss: 1.40002, acc: 0.56281
INFO train_tool.py:  97: macro f1: 0.30008 (best: 0.30067)
INFO train_tool.py:  87: step_63100 loss: 1.43398, acc: 0.54875
INFO train_tool.py:  87: step_63200 loss: 1.38877, acc: 0.56688
INFO train_tool.py:  87: step_63300 loss: 1.38645, acc: 0.55875
INFO train_tool.py:  87: step_63400 loss: 1.43952, acc: 0.55281
INFO train_tool.py:  87: step_63500 loss: 1.38442, acc: 0.55906
INFO train_tool.py:  87: step_63600 loss: 1.44820, acc: 0.53969
INFO train_tool.py:  87: step_63700 loss: 1.43417, acc: 0.54906
INFO train_tool.py:  87: step_63800 loss: 1.40903, acc: 0.55531
INFO train_tool.py:  87: step_63900 loss: 1.43668, acc: 0.54156
INFO train_tool.py:  87: step_64000 loss: 1.47828, acc: 0.52219
INFO train_tool.py:  97: macro f1: 0.30003 (best: 0.30067)
INFO train_tool.py:  87: step_64100 loss: 1.43696, acc: 0.54844
INFO train_tool.py:  87: step_64200 loss: 1.43568, acc: 0.54656
INFO train_tool.py:  87: step_64300 loss: 1.41847, acc: 0.55937
INFO train_tool.py:  87: step_64400 loss: 1.44624, acc: 0.54625
INFO train_tool.py:  87: step_64500 loss: 1.40965, acc: 0.55188
INFO train_tool.py:  87: step_64600 loss: 1.46283, acc: 0.54656
INFO train_tool.py:  87: step_64700 loss: 1.41786, acc: 0.55375
INFO train_tool.py:  87: step_64800 loss: 1.45552, acc: 0.55063
INFO train_tool.py:  87: step_64900 loss: 1.46109, acc: 0.53875
INFO train_tool.py:  87: step_65000 loss: 1.39344, acc: 0.56625
INFO train_tool.py:  97: macro f1: 0.29978 (best: 0.30067)
INFO train_tool.py:  87: step_65100 loss: 1.45634, acc: 0.54656
INFO train_tool.py:  87: step_65200 loss: 1.43212, acc: 0.54875
INFO train_tool.py:  87: step_65300 loss: 1.44619, acc: 0.54438
INFO train_tool.py:  87: step_65400 loss: 1.44263, acc: 0.54563
INFO train_tool.py:  87: step_65500 loss: 1.38788, acc: 0.56063
INFO train_tool.py:  87: step_65600 loss: 1.42078, acc: 0.55594
INFO train_tool.py:  87: step_65700 loss: 1.40550, acc: 0.56188
INFO train_tool.py:  87: step_65800 loss: 1.43748, acc: 0.55188
INFO train_tool.py:  87: step_65900 loss: 1.40507, acc: 0.56094
INFO train_tool.py:  87: step_66000 loss: 1.41233, acc: 0.56156
INFO train_tool.py:  97: macro f1: 0.30004 (best: 0.30067)
INFO train_tool.py:  87: step_66100 loss: 1.47179, acc: 0.54531
INFO train_tool.py:  87: step_66200 loss: 1.40346, acc: 0.55656
INFO train_tool.py:  87: step_66300 loss: 1.43905, acc: 0.55375
INFO train_tool.py:  87: step_66400 loss: 1.39887, acc: 0.57000
INFO train_tool.py:  87: step_66500 loss: 1.42517, acc: 0.55625
INFO train_tool.py:  87: step_66600 loss: 1.44325, acc: 0.53750
INFO train_tool.py:  87: step_66700 loss: 1.47434, acc: 0.52687
INFO train_tool.py:  87: step_66800 loss: 1.41354, acc: 0.56156
INFO train_tool.py:  87: step_66900 loss: 1.42889, acc: 0.55656
INFO train_tool.py:  87: step_67000 loss: 1.40192, acc: 0.55937
INFO train_tool.py:  97: macro f1: 0.30004 (best: 0.30067)
INFO train_tool.py:  87: step_67100 loss: 1.42866, acc: 0.55094
INFO train_tool.py:  87: step_67200 loss: 1.41570, acc: 0.54688
INFO train_tool.py:  87: step_67300 loss: 1.43206, acc: 0.55031
INFO train_tool.py:  87: step_67400 loss: 1.39459, acc: 0.55500
INFO train_tool.py:  87: step_67500 loss: 1.42275, acc: 0.55906
INFO train_tool.py:  87: step_67600 loss: 1.43306, acc: 0.55844
INFO train_tool.py:  87: step_67700 loss: 1.44792, acc: 0.54563
INFO train_tool.py:  87: step_67800 loss: 1.43947, acc: 0.54844
INFO train_tool.py:  87: step_67900 loss: 1.40169, acc: 0.56125
INFO train_tool.py:  87: step_68000 loss: 1.42851, acc: 0.55719
INFO train_tool.py:  97: macro f1: 0.29990 (best: 0.30067)
INFO train_tool.py:  87: step_68100 loss: 1.42280, acc: 0.55375
INFO train_tool.py:  87: step_68200 loss: 1.42820, acc: 0.55656
INFO train_tool.py:  87: step_68300 loss: 1.42231, acc: 0.55469
INFO train_tool.py:  87: step_68400 loss: 1.42190, acc: 0.54875
INFO train_tool.py:  87: step_68500 loss: 1.39750, acc: 0.55625
INFO train_tool.py:  87: step_68600 loss: 1.41033, acc: 0.56750
INFO train_tool.py:  87: step_68700 loss: 1.38372, acc: 0.56281
INFO train_tool.py:  87: step_68800 loss: 1.40846, acc: 0.54937
INFO train_tool.py:  87: step_68900 loss: 1.48614, acc: 0.53687
INFO train_tool.py:  87: step_69000 loss: 1.39167, acc: 0.55906
INFO train_tool.py:  97: macro f1: 0.29986 (best: 0.30067)
INFO train_tool.py:  87: step_69100 loss: 1.43792, acc: 0.55125
INFO train_tool.py:  87: step_69200 loss: 1.43179, acc: 0.55344
INFO train_tool.py:  87: step_69300 loss: 1.44994, acc: 0.54906
INFO train_tool.py:  87: step_69400 loss: 1.40921, acc: 0.55688
INFO train_tool.py:  87: step_69500 loss: 1.41770, acc: 0.55063
INFO train_tool.py:  87: step_69600 loss: 1.37154, acc: 0.57969
INFO train_tool.py:  87: step_69700 loss: 1.41986, acc: 0.55781
INFO train_tool.py:  87: step_69800 loss: 1.46413, acc: 0.54688
INFO train_tool.py:  87: step_69900 loss: 1.40023, acc: 0.56188
INFO train_tool.py:  87: step_70000 loss: 1.43189, acc: 0.55312
INFO train_tool.py:  97: macro f1: 0.29918 (best: 0.30067)
INFO train_tool.py:  87: step_70100 loss: 1.43914, acc: 0.54531
INFO train_tool.py:  87: step_70200 loss: 1.39919, acc: 0.56406
INFO train_tool.py:  87: step_70300 loss: 1.41478, acc: 0.55344
INFO train_tool.py:  87: step_70400 loss: 1.42766, acc: 0.55563
INFO train_tool.py:  87: step_70500 loss: 1.41286, acc: 0.55656
INFO train_tool.py:  87: step_70600 loss: 1.40498, acc: 0.55219
INFO train_tool.py:  87: step_70700 loss: 1.47795, acc: 0.53594
INFO train_tool.py:  87: step_70800 loss: 1.40886, acc: 0.54688
INFO train_tool.py:  87: step_70900 loss: 1.40625, acc: 0.56812
INFO train_tool.py:  87: step_71000 loss: 1.44750, acc: 0.54187
INFO train_tool.py:  97: macro f1: 0.29960 (best: 0.30067)
INFO train_tool.py:  87: step_71100 loss: 1.39341, acc: 0.55625
INFO train_tool.py:  87: step_71200 loss: 1.38050, acc: 0.57531
INFO train_tool.py:  87: step_71300 loss: 1.38997, acc: 0.56844
INFO train_tool.py:  87: step_71400 loss: 1.41958, acc: 0.56031
INFO train_tool.py:  87: step_71500 loss: 1.44134, acc: 0.54906
INFO train_tool.py:  87: step_71600 loss: 1.46096, acc: 0.54594
INFO train_tool.py:  87: step_71700 loss: 1.40521, acc: 0.55875
INFO train_tool.py:  87: step_71800 loss: 1.42617, acc: 0.55812
INFO train_tool.py:  87: step_71900 loss: 1.44170, acc: 0.54656
INFO train_tool.py:  87: step_72000 loss: 1.41267, acc: 0.55125
INFO train_tool.py:  97: macro f1: 0.29986 (best: 0.30067)
INFO train_tool.py:  87: step_72100 loss: 1.39982, acc: 0.55563
INFO train_tool.py:  87: step_72200 loss: 1.46952, acc: 0.53344
INFO train_tool.py:  87: step_72300 loss: 1.42727, acc: 0.54969
INFO train_tool.py:  87: step_72400 loss: 1.45070, acc: 0.54438
INFO train_tool.py:  87: step_72500 loss: 1.46700, acc: 0.54781
INFO train_tool.py:  87: step_72600 loss: 1.41654, acc: 0.55719
INFO train_tool.py:  87: step_72700 loss: 1.39807, acc: 0.56250
INFO train_tool.py:  87: step_72800 loss: 1.41128, acc: 0.56125
INFO train_tool.py:  87: step_72900 loss: 1.45973, acc: 0.54625
INFO train_tool.py:  87: step_73000 loss: 1.47411, acc: 0.52438
INFO train_tool.py:  97: macro f1: 0.30013 (best: 0.30067)
INFO train_tool.py:  87: step_73100 loss: 1.44679, acc: 0.54937
INFO train_tool.py:  87: step_73200 loss: 1.41680, acc: 0.56094
