Epoch: 0
step_100 loss: 2.39175, acc: 0.35938
step_200 loss: 2.40225, acc: 0.29719
step_300 loss: 2.32733, acc: 0.31656
step_400 loss: 2.27959, acc: 0.32875
step_500 loss: 2.18764, acc: 0.35781
step_600 loss: 2.21241, acc: 0.34187
step_700 loss: 2.22100, acc: 0.34500
step_800 loss: 2.17793, acc: 0.35781
step_900 loss: 2.17392, acc: 0.35281
step_1000 loss: 2.15891, acc: 0.34781
macro f1: 0.21858 (best: 0.30000)
/usr/local/lib/python3.6/dist-packages/sklearn/metrics/classification.py:1135: UndefinedMetricWarning: F-score is ill-defined and being set to 0.0 in labels with no predicted samples.
  'precision', 'predicted', average, warn_for)
step_1100 loss: 2.16822, acc: 0.36031
step_1200 loss: 2.16852, acc: 0.35437
step_1300 loss: 2.19276, acc: 0.35063
step_1400 loss: 2.14714, acc: 0.36562
step_1500 loss: 2.16208, acc: 0.36094
step_1600 loss: 2.07524, acc: 0.38406
step_1700 loss: 2.11491, acc: 0.36531
step_1800 loss: 2.12624, acc: 0.36469
step_1900 loss: 2.10089, acc: 0.37438
step_2000 loss: 2.12800, acc: 0.36406
macro f1: 0.24381 (best: 0.30000)
step_2100 loss: 2.12079, acc: 0.37188
step_2200 loss: 2.07567, acc: 0.37656
step_2300 loss: 2.11672, acc: 0.36688
step_2400 loss: 2.06818, acc: 0.38969
step_2500 loss: 2.08386, acc: 0.37125
step_2600 loss: 2.12791, acc: 0.35625
step_2700 loss: 2.14070, acc: 0.36094
step_2800 loss: 2.09857, acc: 0.36156
step_2900 loss: 2.08997, acc: 0.37000
step_3000 loss: 2.09996, acc: 0.36812
macro f1: 0.23773 (best: 0.30000)
step_3100 loss: 2.10444, acc: 0.36562
step_3200 loss: 2.08877, acc: 0.36375
step_3300 loss: 2.11716, acc: 0.36594
step_3400 loss: 2.08894, acc: 0.38219
step_3500 loss: 2.06892, acc: 0.37250
step_3600 loss: 2.10733, acc: 0.36562
step_3700 loss: 2.10034, acc: 0.37062
step_3800 loss: 2.04053, acc: 0.37906
step_3900 loss: 2.06056, acc: 0.38031
step_4000 loss: 2.04524, acc: 0.38000
macro f1: 0.24806 (best: 0.30000)
step_4100 loss: 2.05243, acc: 0.38281
step_4200 loss: 2.05513, acc: 0.38094
step_4300 loss: 2.08481, acc: 0.36500
step_4400 loss: 2.06638, acc: 0.38031
step_4500 loss: 2.07366, acc: 0.36281
step_4600 loss: 2.09665, acc: 0.36969
step_4700 loss: 2.06239, acc: 0.37656
step_4800 loss: 2.08553, acc: 0.36094
step_4900 loss: 2.08520, acc: 0.36781
step_5000 loss: 2.09574, acc: 0.36875
macro f1: 0.25247 (best: 0.30000)
step_5100 loss: 2.05937, acc: 0.38031
step_5200 loss: 2.04145, acc: 0.38344
step_5300 loss: 2.05447, acc: 0.37781
step_5400 loss: 2.05302, acc: 0.38188
step_5500 loss: 2.03763, acc: 0.38438
step_5600 loss: 2.06999, acc: 0.37156
step_5700 loss: 2.06649, acc: 0.37281
step_5800 loss: 2.00978, acc: 0.39687
step_5900 loss: 2.05053, acc: 0.38125
step_6000 loss: 2.07364, acc: 0.37094
macro f1: 0.26372 (best: 0.30000)
step_6100 loss: 2.01838, acc: 0.38531
step_6200 loss: 2.05887, acc: 0.37031
step_6300 loss: 2.05298, acc: 0.37875
step_6400 loss: 2.02742, acc: 0.37781
step_6500 loss: 2.03563, acc: 0.39031
step_6600 loss: 2.04474, acc: 0.38969
step_6700 loss: 2.06254, acc: 0.38094
step_6800 loss: 2.05389, acc: 0.37906
step_6900 loss: 2.05029, acc: 0.38062
step_7000 loss: 2.00426, acc: 0.38844
macro f1: 0.25281 (best: 0.30000)
step_7100 loss: 2.04410, acc: 0.39094
step_7200 loss: 2.02780, acc: 0.38438
step_7300 loss: 2.00398, acc: 0.40500
step_7400 loss: 2.05655, acc: 0.37719
step_7500 loss: 2.01488, acc: 0.38844
step_7600 loss: 2.05290, acc: 0.38562
step_7700 loss: 2.09052, acc: 0.37250
step_7800 loss: 1.99149, acc: 0.39719
step_7900 loss: 2.03033, acc: 0.40000
step_8000 loss: 2.03076, acc: 0.39000
macro f1: 0.24408 (best: 0.30000)
step_8100 loss: 2.02439, acc: 0.39250
step_8200 loss: 2.06041, acc: 0.37906
step_8300 loss: 2.05280, acc: 0.38750
step_8400 loss: 2.05937, acc: 0.37719
step_8500 loss: 2.06684, acc: 0.37469
step_8600 loss: 2.03884, acc: 0.38188
step_8700 loss: 1.99794, acc: 0.39125
step_8800 loss: 2.03695, acc: 0.38562
step_8900 loss: 2.05742, acc: 0.37000
step_9000 loss: 2.01887, acc: 0.40156
macro f1: 0.25896 (best: 0.30000)
step_9100 loss: 2.00765, acc: 0.40063
step_9200 loss: 2.03760, acc: 0.38469
step_9300 loss: 2.03048, acc: 0.39344
step_9400 loss: 2.01776, acc: 0.39594
step_9500 loss: 2.01848, acc: 0.38844
step_9600 loss: 2.01893, acc: 0.38188
step_9700 loss: 2.00541, acc: 0.38500
step_9800 loss: 2.01855, acc: 0.39719
step_9900 loss: 2.01625, acc: 0.38844
step_10000 loss: 2.00350, acc: 0.38875
macro f1: 0.25921 (best: 0.30000)
step_10100 loss: 1.98305, acc: 0.39594
step_10200 loss: 2.05212, acc: 0.38062
step_10300 loss: 2.01474, acc: 0.38406
step_10400 loss: 2.04160, acc: 0.38625
step_10500 loss: 2.03247, acc: 0.39594
step_10600 loss: 2.01895, acc: 0.39125
step_10700 loss: 1.98488, acc: 0.41125
step_10800 loss: 1.97230, acc: 0.39687
step_10900 loss: 2.01659, acc: 0.39125
step_11000 loss: 2.03461, acc: 0.38375
macro f1: 0.27041 (best: 0.30000)
step_11100 loss: 2.04199, acc: 0.38156
step_11200 loss: 2.03433, acc: 0.38219
step_11300 loss: 2.01085, acc: 0.37875
step_11400 loss: 2.05397, acc: 0.37844
step_11500 loss: 2.00214, acc: 0.39250
step_11600 loss: 2.02804, acc: 0.37625
step_11700 loss: 1.99676, acc: 0.38406
step_11800 loss: 1.99493, acc: 0.40281
step_11900 loss: 1.99550, acc: 0.39625
step_12000 loss: 2.01745, acc: 0.39062
macro f1: 0.26373 (best: 0.30000)
step_12100 loss: 1.99450, acc: 0.39062
step_12200 loss: 2.02271, acc: 0.38719
step_12300 loss: 1.96864, acc: 0.40313
step_12400 loss: 2.00120, acc: 0.38531
step_12500 loss: 1.98785, acc: 0.38969
step_12600 loss: 1.99235, acc: 0.39281
step_12700 loss: 1.97442, acc: 0.40594
step_12800 loss: 2.03802, acc: 0.37531
step_12900 loss: 2.00696, acc: 0.38500
step_13000 loss: 2.05071, acc: 0.36812
macro f1: 0.27055 (best: 0.30000)
step_13100 loss: 2.01104, acc: 0.38500
step_13200 loss: 1.97458, acc: 0.39937
step_13300 loss: 1.97798, acc: 0.40375
step_13400 loss: 2.01335, acc: 0.38656
step_13500 loss: 2.02010, acc: 0.38312
step_13600 loss: 2.03774, acc: 0.36844
step_13700 loss: 2.01391, acc: 0.39625
step_13800 loss: 2.04685, acc: 0.37906
step_13900 loss: 1.98648, acc: 0.39719
step_14000 loss: 2.00345, acc: 0.39437
macro f1: 0.27465 (best: 0.30000)
step_14100 loss: 2.02062, acc: 0.39500
step_14200 loss: 2.03549, acc: 0.38031
step_14300 loss: 2.02119, acc: 0.39531
step_14400 loss: 1.97860, acc: 0.40281
step_14500 loss: 1.96041, acc: 0.40813
step_14600 loss: 1.98739, acc: 0.39656
step_14700 loss: 2.03219, acc: 0.37938
step_14800 loss: 1.98594, acc: 0.39469
End current epoch !
### cost time: 29.33 m
Epoch: 1
change lr: 0.001000  => 0.000100
step_14900 loss: 1.86318, acc: 0.42844
step_15000 loss: 1.85486, acc: 0.42562
macro f1: 0.27874 (best: 0.30000)
step_15100 loss: 1.85386, acc: 0.43031
step_15200 loss: 1.85019, acc: 0.42063
step_15300 loss: 1.85236, acc: 0.43125
step_15400 loss: 1.81796, acc: 0.43562
step_15500 loss: 1.85508, acc: 0.41031
step_15600 loss: 1.86709, acc: 0.43938
step_15700 loss: 1.85112, acc: 0.43312
step_15800 loss: 1.85750, acc: 0.42906
step_15900 loss: 1.84207, acc: 0.42906
step_16000 loss: 1.84687, acc: 0.43125
macro f1: 0.28644 (best: 0.30000)
step_16100 loss: 1.85290, acc: 0.43500
step_16200 loss: 1.85283, acc: 0.42500
step_16300 loss: 1.83768, acc: 0.44125
step_16400 loss: 1.85393, acc: 0.42844
step_16500 loss: 1.85028, acc: 0.42406
step_16600 loss: 1.81488, acc: 0.43531
step_16700 loss: 1.79159, acc: 0.44562
step_16800 loss: 1.81964, acc: 0.42625
step_16900 loss: 1.83244, acc: 0.43906
step_17000 loss: 1.84369, acc: 0.43344
macro f1: 0.29363 (best: 0.30000)
step_17100 loss: 1.82644, acc: 0.44219
step_17200 loss: 1.81264, acc: 0.42938
step_17300 loss: 1.84024, acc: 0.42781
step_17400 loss: 1.80900, acc: 0.44031
step_17500 loss: 1.78750, acc: 0.45188
step_17600 loss: 1.85852, acc: 0.41937
step_17700 loss: 1.82399, acc: 0.43406
step_17800 loss: 1.80908, acc: 0.44250
step_17900 loss: 1.82281, acc: 0.43781
step_18000 loss: 1.82578, acc: 0.43250
macro f1: 0.29229 (best: 0.30000)
step_18100 loss: 1.84960, acc: 0.42219
step_18200 loss: 1.79308, acc: 0.43844
step_18300 loss: 1.78763, acc: 0.44062
step_18400 loss: 1.83064, acc: 0.44062
step_18500 loss: 1.84105, acc: 0.42656
step_18600 loss: 1.84267, acc: 0.43500
step_18700 loss: 1.84121, acc: 0.42219
step_18800 loss: 1.79090, acc: 0.44656
step_18900 loss: 1.74953, acc: 0.46125
step_19000 loss: 1.82511, acc: 0.44000
macro f1: 0.29039 (best: 0.30000)
step_19100 loss: 1.81308, acc: 0.44000
step_19200 loss: 1.80561, acc: 0.43250
step_19300 loss: 1.83659, acc: 0.43531
step_19400 loss: 1.83911, acc: 0.43281
step_19500 loss: 1.80838, acc: 0.44375
step_19600 loss: 1.82054, acc: 0.44250
step_19700 loss: 1.84100, acc: 0.42781
step_19800 loss: 1.83533, acc: 0.42406
step_19900 loss: 1.78451, acc: 0.44156
step_20000 loss: 1.80172, acc: 0.42812
macro f1: 0.29587 (best: 0.30000)
step_20100 loss: 1.78208, acc: 0.44750
step_20200 loss: 1.80367, acc: 0.44094
step_20300 loss: 1.82636, acc: 0.42812
step_20400 loss: 1.82088, acc: 0.42812
step_20500 loss: 1.79722, acc: 0.43969
step_20600 loss: 1.74625, acc: 0.45094
step_20700 loss: 1.80305, acc: 0.43438
step_20800 loss: 1.80477, acc: 0.43594
step_20900 loss: 1.80457, acc: 0.43656
step_21000 loss: 1.86030, acc: 0.42906
macro f1: 0.29590 (best: 0.30000)
step_21100 loss: 1.83078, acc: 0.42594
step_21200 loss: 1.81119, acc: 0.43750
step_21300 loss: 1.79858, acc: 0.44500
step_21400 loss: 1.78530, acc: 0.45563
step_21500 loss: 1.79728, acc: 0.43500
step_21600 loss: 1.79089, acc: 0.45062
step_21700 loss: 1.78806, acc: 0.44156
step_21800 loss: 1.81869, acc: 0.43500
step_21900 loss: 1.81380, acc: 0.44219
step_22000 loss: 1.79040, acc: 0.43844
macro f1: 0.29462 (best: 0.30000)
step_22100 loss: 1.80576, acc: 0.43906
step_22200 loss: 1.74399, acc: 0.45594
step_22300 loss: 1.82692, acc: 0.44031
step_22400 loss: 1.74524, acc: 0.46125
step_22500 loss: 1.77875, acc: 0.45813
step_22600 loss: 1.82073, acc: 0.42875
step_22700 loss: 1.78756, acc: 0.45563
step_22800 loss: 1.78145, acc: 0.44594
step_22900 loss: 1.75460, acc: 0.45531
step_23000 loss: 1.80027, acc: 0.43594
macro f1: 0.29807 (best: 0.30000)
step_23100 loss: 1.79956, acc: 0.44062
step_23200 loss: 1.79817, acc: 0.44750
step_23300 loss: 1.79800, acc: 0.44000
step_23400 loss: 1.81291, acc: 0.44062
step_23500 loss: 1.81968, acc: 0.43500
step_23600 loss: 1.81664, acc: 0.43938
step_23700 loss: 1.79168, acc: 0.44875
step_23800 loss: 1.75685, acc: 0.45000
step_23900 loss: 1.79337, acc: 0.44844
step_24000 loss: 1.79200, acc: 0.43875
macro f1: 0.30023 (best: 0.30000)
step_24100 loss: 1.85940, acc: 0.42281
step_24200 loss: 1.75740, acc: 0.44281
step_24300 loss: 1.81460, acc: 0.44719
step_24400 loss: 1.76901, acc: 0.45563
step_24500 loss: 1.80221, acc: 0.44281
step_24600 loss: 1.74727, acc: 0.45375
step_24700 loss: 1.79035, acc: 0.43594
step_24800 loss: 1.74834, acc: 0.46000
step_24900 loss: 1.76492, acc: 0.46063
step_25000 loss: 1.71355, acc: 0.46969
macro f1: 0.29724 (best: 0.30023)
step_25100 loss: 1.79555, acc: 0.43844
step_25200 loss: 1.81716, acc: 0.44500
step_25300 loss: 1.79596, acc: 0.44406
step_25400 loss: 1.81101, acc: 0.43500
step_25500 loss: 1.78393, acc: 0.44875
step_25600 loss: 1.77531, acc: 0.44938
step_25700 loss: 1.78325, acc: 0.45094
step_25800 loss: 1.81010, acc: 0.43500
step_25900 loss: 1.77153, acc: 0.45312
step_26000 loss: 1.80852, acc: 0.44406
macro f1: 0.29749 (best: 0.30023)
step_26100 loss: 1.80049, acc: 0.44406
step_26200 loss: 1.80161, acc: 0.43469
step_26300 loss: 1.78538, acc: 0.43781
step_26400 loss: 1.80903, acc: 0.44875
step_26500 loss: 1.75037, acc: 0.45625
step_26600 loss: 1.80366, acc: 0.44312
step_26700 loss: 1.77556, acc: 0.43844
step_26800 loss: 1.77173, acc: 0.44875
step_26900 loss: 1.79640, acc: 0.44188
step_27000 loss: 1.77486, acc: 0.44781
macro f1: 0.29584 (best: 0.30023)
step_27100 loss: 1.76650, acc: 0.45406
step_27200 loss: 1.78933, acc: 0.44406
step_27300 loss: 1.81633, acc: 0.44906
step_27400 loss: 1.76779, acc: 0.45375
step_27500 loss: 1.77195, acc: 0.46250
step_27600 loss: 1.77671, acc: 0.45813
step_27700 loss: 1.78130, acc: 0.44594
step_27800 loss: 1.77044, acc: 0.43812
step_27900 loss: 1.77253, acc: 0.44906
step_28000 loss: 1.76526, acc: 0.45750
macro f1: 0.29774 (best: 0.30023)
step_28100 loss: 1.77823, acc: 0.45156
step_28200 loss: 1.78632, acc: 0.44469
step_28300 loss: 1.76360, acc: 0.45875
step_28400 loss: 1.77906, acc: 0.45437
step_28500 loss: 1.78581, acc: 0.44625
step_28600 loss: 1.78967, acc: 0.44188
step_28700 loss: 1.75079, acc: 0.45656
step_28800 loss: 1.79022, acc: 0.43625
step_28900 loss: 1.75626, acc: 0.45875
step_29000 loss: 1.75608, acc: 0.45906
macro f1: 0.30219 (best: 0.30023)
step_29100 loss: 1.76317, acc: 0.44750
step_29200 loss: 1.79729, acc: 0.43688
step_29300 loss: 1.76086, acc: 0.44750
step_29400 loss: 1.78619, acc: 0.45125
step_29500 loss: 1.79381, acc: 0.44719
End current epoch !
### cost time: 59.52 m
Epoch: 2
change lr: 0.000100  => 0.000010
step_29600 loss: 1.75907, acc: 0.46267
step_29700 loss: 1.74701, acc: 0.45563
step_29800 loss: 1.75086, acc: 0.44906
step_29900 loss: 1.69160, acc: 0.47313
step_30000 loss: 1.70913, acc: 0.45750
macro f1: 0.30005 (best: 0.30000)
step_30100 loss: 1.71574, acc: 0.46313
step_30200 loss: 1.72341, acc: 0.46281
step_30300 loss: 1.72998, acc: 0.46375
step_30400 loss: 1.69897, acc: 0.47344
step_30500 loss: 1.70931, acc: 0.46594
step_30600 loss: 1.72770, acc: 0.46469
step_30700 loss: 1.72406, acc: 0.46125
step_30800 loss: 1.75024, acc: 0.45844
step_30900 loss: 1.74951, acc: 0.44781
step_31000 loss: 1.76460, acc: 0.44750
macro f1: 0.30109 (best: 0.30005)
step_31100 loss: 1.72235, acc: 0.46969
step_31200 loss: 1.76203, acc: 0.45156
step_31300 loss: 1.72845, acc: 0.45531
step_31400 loss: 1.71294, acc: 0.46906
step_31500 loss: 1.70849, acc: 0.46469
step_31600 loss: 1.70824, acc: 0.46563
step_31700 loss: 1.71961, acc: 0.46125
step_31800 loss: 1.70434, acc: 0.47406
step_31900 loss: 1.70955, acc: 0.45937
step_32000 loss: 1.74878, acc: 0.45625
macro f1: 0.30041 (best: 0.30109)
step_32100 loss: 1.70285, acc: 0.46500
step_32200 loss: 1.71944, acc: 0.46063
step_32300 loss: 1.73675, acc: 0.45312
step_32400 loss: 1.67534, acc: 0.47094
step_32500 loss: 1.71672, acc: 0.45250
step_32600 loss: 1.71721, acc: 0.46031
step_32700 loss: 1.74147, acc: 0.45344
step_32800 loss: 1.73034, acc: 0.45937
step_32900 loss: 1.70396, acc: 0.46437
step_33000 loss: 1.71807, acc: 0.46437
macro f1: 0.30092 (best: 0.30109)
step_33100 loss: 1.72637, acc: 0.46219
step_33200 loss: 1.75382, acc: 0.45750
step_33300 loss: 1.67619, acc: 0.47594
step_33400 loss: 1.70232, acc: 0.47156
step_33500 loss: 1.74447, acc: 0.45781
step_33600 loss: 1.67095, acc: 0.47063
step_33700 loss: 1.72558, acc: 0.46500
step_33800 loss: 1.73630, acc: 0.45531
step_33900 loss: 1.72334, acc: 0.47844
step_34000 loss: 1.71331, acc: 0.46156
macro f1: 0.30047 (best: 0.30109)
step_34100 loss: 1.70745, acc: 0.46937
step_34200 loss: 1.70495, acc: 0.46437
step_34300 loss: 1.70363, acc: 0.46781
step_34400 loss: 1.71135, acc: 0.47187
step_34500 loss: 1.68897, acc: 0.46813
step_34600 loss: 1.67977, acc: 0.47250
step_34700 loss: 1.70833, acc: 0.46906
step_34800 loss: 1.72820, acc: 0.46531
step_34900 loss: 1.71127, acc: 0.45781
step_35000 loss: 1.70938, acc: 0.46219
macro f1: 0.30169 (best: 0.30109)
step_35100 loss: 1.70601, acc: 0.47344
step_35200 loss: 1.69596, acc: 0.47219
step_35300 loss: 1.72712, acc: 0.46125
step_35400 loss: 1.71376, acc: 0.47187
step_35500 loss: 1.68821, acc: 0.47813
step_35600 loss: 1.69989, acc: 0.47406
step_35700 loss: 1.75064, acc: 0.45094
step_35800 loss: 1.71878, acc: 0.45625
step_35900 loss: 1.67833, acc: 0.48063
step_36000 loss: 1.68753, acc: 0.47437
macro f1: 0.30097 (best: 0.30169)
step_36100 loss: 1.70959, acc: 0.47375
step_36200 loss: 1.70182, acc: 0.47313
step_36300 loss: 1.70553, acc: 0.46594
step_36400 loss: 1.70793, acc: 0.46844
step_36500 loss: 1.69540, acc: 0.46969
step_36600 loss: 1.71506, acc: 0.46219
step_36700 loss: 1.70839, acc: 0.46219
step_36800 loss: 1.73128, acc: 0.45906
step_36900 loss: 1.72558, acc: 0.45500
step_37000 loss: 1.72528, acc: 0.46656
macro f1: 0.30088 (best: 0.30169)
step_37100 loss: 1.73414, acc: 0.45687
step_37200 loss: 1.66919, acc: 0.47906
step_37300 loss: 1.71714, acc: 0.45625
step_37400 loss: 1.69456, acc: 0.47250
step_37500 loss: 1.66084, acc: 0.48656
step_37600 loss: 1.73259, acc: 0.46719
step_37700 loss: 1.71817, acc: 0.46094
step_37800 loss: 1.73730, acc: 0.45406
step_37900 loss: 1.66609, acc: 0.47625
step_38000 loss: 1.70643, acc: 0.46969
macro f1: 0.30170 (best: 0.30169)
step_38100 loss: 1.71508, acc: 0.46906
step_38200 loss: 1.72080, acc: 0.45937
step_38300 loss: 1.71611, acc: 0.45656
step_38400 loss: 1.74050, acc: 0.46219
step_38500 loss: 1.67127, acc: 0.48156
step_38600 loss: 1.66985, acc: 0.48187
step_38700 loss: 1.73349, acc: 0.46219
step_38800 loss: 1.71354, acc: 0.46719
step_38900 loss: 1.70329, acc: 0.47187
step_39000 loss: 1.73185, acc: 0.46344
macro f1: 0.30128 (best: 0.30170)
step_39100 loss: 1.70853, acc: 0.46875
step_39200 loss: 1.76294, acc: 0.46437
step_39300 loss: 1.67402, acc: 0.47500
step_39400 loss: 1.70739, acc: 0.45906
step_39500 loss: 1.73062, acc: 0.46375
step_39600 loss: 1.66035, acc: 0.47875
step_39700 loss: 1.69153, acc: 0.47187
step_39800 loss: 1.72431, acc: 0.45344
step_39900 loss: 1.67627, acc: 0.47000
step_40000 loss: 1.72701, acc: 0.46406
macro f1: 0.30076 (best: 0.30170)
step_40100 loss: 1.65523, acc: 0.47750
step_40200 loss: 1.71757, acc: 0.46469
step_40300 loss: 1.70046, acc: 0.46594
step_40400 loss: 1.67074, acc: 0.47625
step_40500 loss: 1.69568, acc: 0.46656
step_40600 loss: 1.71589, acc: 0.45844
step_40700 loss: 1.67782, acc: 0.48625
step_40800 loss: 1.68491, acc: 0.47000
step_40900 loss: 1.72984, acc: 0.46063
step_41000 loss: 1.72195, acc: 0.47344
macro f1: 0.30177 (best: 0.30170)
step_41100 loss: 1.71375, acc: 0.46813
step_41200 loss: 1.72763, acc: 0.45781
step_41300 loss: 1.72721, acc: 0.46094
step_41400 loss: 1.68679, acc: 0.47313
step_41500 loss: 1.70822, acc: 0.47781
step_41600 loss: 1.71401, acc: 0.46594
step_41700 loss: 1.71739, acc: 0.47187
step_41800 loss: 1.71117, acc: 0.46750
step_41900 loss: 1.72196, acc: 0.45312
step_42000 loss: 1.71405, acc: 0.45625
macro f1: 0.30195 (best: 0.30177)
step_42100 loss: 1.68289, acc: 0.46656
step_42200 loss: 1.72385, acc: 0.47000
step_42300 loss: 1.71491, acc: 0.45687
step_42400 loss: 1.71912, acc: 0.45437
step_42500 loss: 1.65055, acc: 0.48250
step_42600 loss: 1.73999, acc: 0.45906
step_42700 loss: 1.68663, acc: 0.47563
step_42800 loss: 1.69219, acc: 0.48000
step_42900 loss: 1.74188, acc: 0.46125
step_43000 loss: 1.73096, acc: 0.46250
macro f1: 0.30198 (best: 0.30195)
step_43100 loss: 1.68211, acc: 0.47969
step_43200 loss: 1.69706, acc: 0.47437
step_43300 loss: 1.72220, acc: 0.45906
step_43400 loss: 1.71111, acc: 0.45750
step_43500 loss: 1.65774, acc: 0.48375
step_43600 loss: 1.70280, acc: 0.47281
step_43700 loss: 1.72001, acc: 0.47250
step_43800 loss: 1.72675, acc: 0.45844
step_43900 loss: 1.70660, acc: 0.46906
step_44000 loss: 1.72959, acc: 0.45312
macro f1: 0.30195 (best: 0.30198)
step_44100 loss: 1.70748, acc: 0.46437
step_44200 loss: 1.72184, acc: 0.46313
End current epoch !
### cost time: 91.08 m
Epoch: 3
change lr: 0.000010  => 0.000001
step_44300 loss: 1.80608, acc: 0.41667
step_44400 loss: 1.67145, acc: 0.46563
step_44500 loss: 1.71468, acc: 0.46531
step_44600 loss: 1.73262, acc: 0.45937
step_44700 loss: 1.74067, acc: 0.45625
step_44800 loss: 1.68007, acc: 0.47063
step_44900 loss: 1.69338, acc: 0.47219
step_45000 loss: 1.70011, acc: 0.46906
macro f1: 0.30208 (best: 0.30000)
step_45100 loss: 1.71713, acc: 0.46406
step_45200 loss: 1.68338, acc: 0.47625
step_45300 loss: 1.73189, acc: 0.46250
step_45400 loss: 1.70467, acc: 0.45500
step_45500 loss: 1.68661, acc: 0.47781
step_45600 loss: 1.70131, acc: 0.46625
step_45700 loss: 1.69260, acc: 0.47656
step_45800 loss: 1.72435, acc: 0.47219
step_45900 loss: 1.66998, acc: 0.48438
step_46000 loss: 1.70040, acc: 0.46031
macro f1: 0.30212 (best: 0.30208)
step_46100 loss: 1.68751, acc: 0.46469
step_46200 loss: 1.71349, acc: 0.46156
step_46300 loss: 1.70666, acc: 0.46469
step_46400 loss: 1.70677, acc: 0.47406
step_46500 loss: 1.71469, acc: 0.46000
step_46600 loss: 1.72470, acc: 0.46437
step_46700 loss: 1.72522, acc: 0.45625
step_46800 loss: 1.68053, acc: 0.47437
step_46900 loss: 1.71486, acc: 0.46156
step_47000 loss: 1.69454, acc: 0.46937
macro f1: 0.30210 (best: 0.30212)
step_47100 loss: 1.70085, acc: 0.47219
step_47200 loss: 1.68578, acc: 0.48156
step_47300 loss: 1.71048, acc: 0.47844
step_47400 loss: 1.71014, acc: 0.46594
step_47500 loss: 1.73308, acc: 0.46219
step_47600 loss: 1.71972, acc: 0.45156
step_47700 loss: 1.70197, acc: 0.47813
step_47800 loss: 1.69893, acc: 0.46719
step_47900 loss: 1.73369, acc: 0.46000
step_48000 loss: 1.68005, acc: 0.47500
macro f1: 0.30220 (best: 0.30212)
step_48100 loss: 1.71496, acc: 0.46000
step_48200 loss: 1.71454, acc: 0.46031
step_48300 loss: 1.73486, acc: 0.45719
step_48400 loss: 1.69192, acc: 0.47094
step_48500 loss: 1.70877, acc: 0.46344
step_48600 loss: 1.71280, acc: 0.46437
step_48700 loss: 1.72250, acc: 0.47906
step_48800 loss: 1.72074, acc: 0.46187
step_48900 loss: 1.68758, acc: 0.47000
step_49000 loss: 1.69034, acc: 0.47281
macro f1: 0.30215 (best: 0.30220)
step_49100 loss: 1.70356, acc: 0.46531
step_49200 loss: 1.70010, acc: 0.47500
step_49300 loss: 1.67089, acc: 0.47906
step_49400 loss: 1.70100, acc: 0.46094
step_49500 loss: 1.72811, acc: 0.46125
step_49600 loss: 1.66801, acc: 0.47687
step_49700 loss: 1.72469, acc: 0.46437
step_49800 loss: 1.66924, acc: 0.47125
step_49900 loss: 1.73483, acc: 0.45125
step_50000 loss: 1.66861, acc: 0.47969
macro f1: 0.30178 (best: 0.30220)
step_50100 loss: 1.74227, acc: 0.45844
step_50200 loss: 1.73681, acc: 0.45781
step_50300 loss: 1.66655, acc: 0.48031
step_50400 loss: 1.69330, acc: 0.46594
step_50500 loss: 1.72335, acc: 0.46250
step_50600 loss: 1.73284, acc: 0.45875
step_50700 loss: 1.71775, acc: 0.46719
step_50800 loss: 1.70325, acc: 0.46125
step_50900 loss: 1.72670, acc: 0.45750
step_51000 loss: 1.69825, acc: 0.46094
macro f1: 0.30172 (best: 0.30220)
step_51100 loss: 1.69708, acc: 0.46563
step_51200 loss: 1.69949, acc: 0.47094
step_51300 loss: 1.67670, acc: 0.47344
step_51400 loss: 1.73308, acc: 0.47156
step_51500 loss: 1.71847, acc: 0.46406
step_51600 loss: 1.69957, acc: 0.46813
step_51700 loss: 1.67113, acc: 0.47125
step_51800 loss: 1.70468, acc: 0.45781
step_51900 loss: 1.67733, acc: 0.46906
step_52000 loss: 1.71361, acc: 0.46781
macro f1: 0.30167 (best: 0.30220)
step_52100 loss: 1.70663, acc: 0.46469
step_52200 loss: 1.69354, acc: 0.47625
step_52300 loss: 1.72876, acc: 0.46656
step_52400 loss: 1.66581, acc: 0.48094
step_52500 loss: 1.71621, acc: 0.47156
step_52600 loss: 1.71670, acc: 0.47031
step_52700 loss: 1.70930, acc: 0.46594
step_52800 loss: 1.72372, acc: 0.45625
step_52900 loss: 1.71891, acc: 0.47937
step_53000 loss: 1.75305, acc: 0.46625
macro f1: 0.30187 (best: 0.30220)
step_53100 loss: 1.69148, acc: 0.47531
step_53200 loss: 1.69923, acc: 0.48000
step_53300 loss: 1.67400, acc: 0.47031
step_53400 loss: 1.63842, acc: 0.49344
step_53500 loss: 1.68242, acc: 0.47219
step_53600 loss: 1.71841, acc: 0.46469
step_53700 loss: 1.71425, acc: 0.45000
step_53800 loss: 1.65523, acc: 0.49062
step_53900 loss: 1.67194, acc: 0.47937
step_54000 loss: 1.68860, acc: 0.48688
macro f1: 0.30178 (best: 0.30220)
step_54100 loss: 1.69355, acc: 0.46219
step_54200 loss: 1.71099, acc: 0.46969
step_54300 loss: 1.68125, acc: 0.47281
step_54400 loss: 1.70781, acc: 0.45844
step_54500 loss: 1.70166, acc: 0.46500
step_54600 loss: 1.64761, acc: 0.48344
step_54700 loss: 1.73537, acc: 0.46187
step_54800 loss: 1.64324, acc: 0.48594
step_54900 loss: 1.68648, acc: 0.47094
step_55000 loss: 1.67333, acc: 0.47031
macro f1: 0.30187 (best: 0.30220)
step_55100 loss: 1.67311, acc: 0.48187
step_55200 loss: 1.68275, acc: 0.47594
step_55300 loss: 1.68485, acc: 0.47844
step_55400 loss: 1.66222, acc: 0.47906
step_55500 loss: 1.70557, acc: 0.46313
step_55600 loss: 1.70416, acc: 0.47219
step_55700 loss: 1.66726, acc: 0.47750
step_55800 loss: 1.70080, acc: 0.47719
step_55900 loss: 1.70645, acc: 0.46844
step_56000 loss: 1.69407, acc: 0.47219
macro f1: 0.30190 (best: 0.30220)
step_56100 loss: 1.68072, acc: 0.47813
step_56200 loss: 1.65442, acc: 0.48531
step_56300 loss: 1.70693, acc: 0.46250
step_56400 loss: 1.70218, acc: 0.46344
step_56500 loss: 1.70624, acc: 0.47063
step_56600 loss: 1.71658, acc: 0.45656
step_56700 loss: 1.72563, acc: 0.46063
step_56800 loss: 1.73887, acc: 0.46125
step_56900 loss: 1.69863, acc: 0.47250
step_57000 loss: 1.73623, acc: 0.46219
macro f1: 0.30190 (best: 0.30220)
step_57100 loss: 1.69806, acc: 0.46750
step_57200 loss: 1.70330, acc: 0.46156
step_57300 loss: 1.67706, acc: 0.48063
step_57400 loss: 1.67640, acc: 0.47406
step_57500 loss: 1.71238, acc: 0.46813
step_57600 loss: 1.69883, acc: 0.46750
step_57700 loss: 1.71600, acc: 0.46125
step_57800 loss: 1.64341, acc: 0.48156
step_57900 loss: 1.66199, acc: 0.46844
step_58000 loss: 1.64838, acc: 0.48125
macro f1: 0.30176 (best: 0.30220)
step_58100 loss: 1.71913, acc: 0.46000
step_58200 loss: 1.69072, acc: 0.48406
step_58300 loss: 1.70048, acc: 0.47719
step_58400 loss: 1.70987, acc: 0.46625
step_58500 loss: 1.68684, acc: 0.46687
step_58600 loss: 1.72637, acc: 0.45563
step_58700 loss: 1.72947, acc: 0.46031
step_58800 loss: 1.71091, acc: 0.45875
step_58900 loss: 1.70517, acc: 0.47094
step_59000 loss: 1.68163, acc: 0.47687
macro f1: 0.30175 (best: 0.30220)
End current epoch !
### cost time: 121.55 m
Epoch: 4
step_59100 loss: 1.68559, acc: 0.48036
step_59200 loss: 1.67915, acc: 0.47406
step_59300 loss: 1.70040, acc: 0.47000
step_59400 loss: 1.66421, acc: 0.48313
step_59500 loss: 1.70211, acc: 0.46406
step_59600 loss: 1.71777, acc: 0.47344
step_59700 loss: 1.67997, acc: 0.46281
step_59800 loss: 1.68496, acc: 0.47344
step_59900 loss: 1.68812, acc: 0.48031
step_60000 loss: 1.67158, acc: 0.47500
macro f1: 0.30158 (best: 0.30000)
step_60100 loss: 1.68783, acc: 0.47437
step_60200 loss: 1.71098, acc: 0.46687
step_60300 loss: 1.70326, acc: 0.47469
step_60400 loss: 1.67237, acc: 0.47094
step_60500 loss: 1.67675, acc: 0.47687
step_60600 loss: 1.70750, acc: 0.47313
step_60700 loss: 1.69918, acc: 0.46656
step_60800 loss: 1.68434, acc: 0.47594
step_60900 loss: 1.69840, acc: 0.46563
step_61000 loss: 1.66630, acc: 0.48000
macro f1: 0.30145 (best: 0.30158)
step_61100 loss: 1.66530, acc: 0.47594
step_61200 loss: 1.67578, acc: 0.47344
step_61300 loss: 1.70160, acc: 0.46125
step_61400 loss: 1.71212, acc: 0.46781
step_61500 loss: 1.72198, acc: 0.47687
step_61600 loss: 1.67560, acc: 0.47875
step_61700 loss: 1.68595, acc: 0.47219
step_61800 loss: 1.70435, acc: 0.46469
step_61900 loss: 1.69856, acc: 0.47594
step_62000 loss: 1.67224, acc: 0.48344
macro f1: 0.30176 (best: 0.30158)
step_62100 loss: 1.68249, acc: 0.48219
step_62200 loss: 1.75152, acc: 0.44750
step_62300 loss: 1.65939, acc: 0.48031
step_62400 loss: 1.70904, acc: 0.47156
step_62500 loss: 1.68916, acc: 0.48281
step_62600 loss: 1.68655, acc: 0.48156
step_62700 loss: 1.72698, acc: 0.46406
step_62800 loss: 1.69463, acc: 0.46719
step_62900 loss: 1.72116, acc: 0.46531
step_63000 loss: 1.72677, acc: 0.46531
macro f1: 0.30154 (best: 0.30176)
step_63100 loss: 1.70253, acc: 0.47094
step_63200 loss: 1.69430, acc: 0.47219
step_63300 loss: 1.67290, acc: 0.47219
step_63400 loss: 1.72212, acc: 0.45969
step_63500 loss: 1.67531, acc: 0.46969
step_63600 loss: 1.69944, acc: 0.46906
step_63700 loss: 1.70036, acc: 0.46813
step_63800 loss: 1.69591, acc: 0.46187
step_63900 loss: 1.68352, acc: 0.47500
step_64000 loss: 1.69526, acc: 0.47250
macro f1: 0.30171 (best: 0.30176)
step_64100 loss: 1.73115, acc: 0.45563
step_64200 loss: 1.73958, acc: 0.46063
step_64300 loss: 1.69109, acc: 0.47719
step_64400 loss: 1.68541, acc: 0.47031
step_64500 loss: 1.69876, acc: 0.47187
step_64600 loss: 1.70618, acc: 0.46719
step_64700 loss: 1.71453, acc: 0.45031
step_64800 loss: 1.68191, acc: 0.48375
step_64900 loss: 1.68831, acc: 0.46406
step_65000 loss: 1.71592, acc: 0.47375
macro f1: 0.30163 (best: 0.30176)
step_65100 loss: 1.69820, acc: 0.46906
step_65200 loss: 1.67028, acc: 0.48250
step_65300 loss: 1.72974, acc: 0.46344
step_65400 loss: 1.68635, acc: 0.47969
step_65500 loss: 1.71368, acc: 0.47094
step_65600 loss: 1.74278, acc: 0.45281
step_65700 loss: 1.71104, acc: 0.46156
step_65800 loss: 1.68155, acc: 0.47281
step_65900 loss: 1.68269, acc: 0.47563
step_66000 loss: 1.72259, acc: 0.46594
macro f1: 0.30168 (best: 0.30176)
step_66100 loss: 1.69806, acc: 0.46187
step_66200 loss: 1.69602, acc: 0.46156
step_66300 loss: 1.70716, acc: 0.46750
step_66400 loss: 1.71372, acc: 0.46094
step_66500 loss: 1.67188, acc: 0.46875
step_66600 loss: 1.69058, acc: 0.46969
step_66700 loss: 1.69483, acc: 0.47375
step_66800 loss: 1.70683, acc: 0.46125
step_66900 loss: 1.66926, acc: 0.47906
step_67000 loss: 1.70733, acc: 0.46625
macro f1: 0.30182 (best: 0.30176)
step_67100 loss: 1.73527, acc: 0.45188
step_67200 loss: 1.69679, acc: 0.47156
step_67300 loss: 1.69609, acc: 0.46813
step_67400 loss: 1.69935, acc: 0.45781
step_67500 loss: 1.71117, acc: 0.46937
step_67600 loss: 1.71840, acc: 0.46344
step_67700 loss: 1.69232, acc: 0.46625
step_67800 loss: 1.70604, acc: 0.47156
step_67900 loss: 1.72388, acc: 0.45844
step_68000 loss: 1.67777, acc: 0.47937
macro f1: 0.30178 (best: 0.30182)
step_68100 loss: 1.69258, acc: 0.47969
step_68200 loss: 1.69281, acc: 0.47375
step_68300 loss: 1.71036, acc: 0.46906
step_68400 loss: 1.71284, acc: 0.46344
step_68500 loss: 1.71601, acc: 0.47313
step_68600 loss: 1.68743, acc: 0.46969
step_68700 loss: 1.72031, acc: 0.46281
step_68800 loss: 1.72820, acc: 0.46781
step_68900 loss: 1.68943, acc: 0.46906
step_69000 loss: 1.70871, acc: 0.46281
macro f1: 0.30163 (best: 0.30182)
step_69100 loss: 1.66617, acc: 0.47875
step_69200 loss: 1.72661, acc: 0.46313
step_69300 loss: 1.68699, acc: 0.47125
step_69400 loss: 1.68941, acc: 0.46437
step_69500 loss: 1.69604, acc: 0.46563
step_69600 loss: 1.73826, acc: 0.45219
step_69700 loss: 1.70128, acc: 0.46906
step_69800 loss: 1.69480, acc: 0.47437
step_69900 loss: 1.74302, acc: 0.45156
step_70000 loss: 1.67739, acc: 0.47437
macro f1: 0.30194 (best: 0.30182)
step_70100 loss: 1.71430, acc: 0.46313
step_70200 loss: 1.70693, acc: 0.46687
step_70300 loss: 1.71185, acc: 0.45563
step_70400 loss: 1.63459, acc: 0.47844
step_70500 loss: 1.72078, acc: 0.46406
step_70600 loss: 1.69392, acc: 0.46375
step_70700 loss: 1.72585, acc: 0.46344
step_70800 loss: 1.71214, acc: 0.46875
step_70900 loss: 1.72615, acc: 0.45531
step_71000 loss: 1.70776, acc: 0.47406
macro f1: 0.30198 (best: 0.30194)
step_71100 loss: 1.67575, acc: 0.47344
step_71200 loss: 1.71603, acc: 0.46563
step_71300 loss: 1.70425, acc: 0.47219
step_71400 loss: 1.69702, acc: 0.46813
step_71500 loss: 1.71079, acc: 0.47031
step_71600 loss: 1.67360, acc: 0.47687
step_71700 loss: 1.69418, acc: 0.48000
step_71800 loss: 1.70253, acc: 0.45969
step_71900 loss: 1.69845, acc: 0.46594
step_72000 loss: 1.72304, acc: 0.46313
macro f1: 0.30209 (best: 0.30198)
step_72100 loss: 1.68512, acc: 0.46313
step_72200 loss: 1.71131, acc: 0.47719
step_72300 loss: 1.68969, acc: 0.47375
step_72400 loss: 1.68784, acc: 0.47469
step_72500 loss: 1.65681, acc: 0.48281
step_72600 loss: 1.71239, acc: 0.45563
step_72700 loss: 1.70162, acc: 0.46969
step_72800 loss: 1.68837, acc: 0.46594
step_72900 loss: 1.74574, acc: 0.45687
step_73000 loss: 1.72410, acc: 0.46125
macro f1: 0.30220 (best: 0.30209)
step_73100 loss: 1.66633, acc: 0.48063
step_73200 loss: 1.70025, acc: 0.47469
step_73300 loss: 1.68365, acc: 0.47250
step_73400 loss: 1.69125, acc: 0.48125
step_73500 loss: 1.71353, acc: 0.46313
step_73600 loss: 1.69372, acc: 0.47313
step_73700 loss: 1.71150, acc: 0.46813
End current epoch !
### cost time: 153.00 m
Epoch: 5
step_73800 loss: 1.67486, acc: 0.46199
step_73900 loss: 1.69979, acc: 0.46281
step_74000 loss: 1.72303, acc: 0.46344
macro f1: 0.30203 (best: 0.30000)
step_74100 loss: 1.68803, acc: 0.47063
step_74200 loss: 1.68460, acc: 0.48250
step_74300 loss: 1.70954, acc: 0.46844
step_74400 loss: 1.73289, acc: 0.46250
step_74500 loss: 1.67602, acc: 0.47156
step_74600 loss: 1.71058, acc: 0.46844
step_74700 loss: 1.68676, acc: 0.47406
step_74800 loss: 1.68763, acc: 0.45844
step_74900 loss: 1.70955, acc: 0.46781
step_75000 loss: 1.67819, acc: 0.47344
macro f1: 0.30179 (best: 0.30203)
step_75100 loss: 1.68516, acc: 0.48031
step_75200 loss: 1.68148, acc: 0.47531
step_75300 loss: 1.72587, acc: 0.45625
step_75400 loss: 1.66226, acc: 0.46906
step_75500 loss: 1.66593, acc: 0.48719
step_75600 loss: 1.67282, acc: 0.47563
step_75700 loss: 1.71079, acc: 0.46250
step_75800 loss: 1.70395, acc: 0.46313
step_75900 loss: 1.71131, acc: 0.46031
step_76000 loss: 1.67862, acc: 0.46906
macro f1: 0.30191 (best: 0.30203)
step_76100 loss: 1.72053, acc: 0.45781
step_76200 loss: 1.70919, acc: 0.45312
step_76300 loss: 1.70587, acc: 0.46156
step_76400 loss: 1.66356, acc: 0.47531
step_76500 loss: 1.73454, acc: 0.45719
step_76600 loss: 1.69530, acc: 0.47281
step_76700 loss: 1.73271, acc: 0.45594
step_76800 loss: 1.67141, acc: 0.47750
step_76900 loss: 1.70792, acc: 0.46250
step_77000 loss: 1.73155, acc: 0.45312
macro f1: 0.30228 (best: 0.30203)
step_77100 loss: 1.68993, acc: 0.46750
step_77200 loss: 1.68769, acc: 0.48125
step_77300 loss: 1.67963, acc: 0.47187
step_77400 loss: 1.70040, acc: 0.45906
step_77500 loss: 1.72107, acc: 0.47219
step_77600 loss: 1.70365, acc: 0.46937
step_77700 loss: 1.68678, acc: 0.47187
step_77800 loss: 1.70286, acc: 0.47250
step_77900 loss: 1.72345, acc: 0.46469
step_78000 loss: 1.68041, acc: 0.47469
macro f1: 0.30226 (best: 0.30228)
step_78100 loss: 1.69722, acc: 0.48344
step_78200 loss: 1.67909, acc: 0.47406
step_78300 loss: 1.71444, acc: 0.46469
step_78400 loss: 1.67885, acc: 0.47219
step_78500 loss: 1.67091, acc: 0.47375
step_78600 loss: 1.72340, acc: 0.46531
step_78700 loss: 1.68773, acc: 0.46969
step_78800 loss: 1.68140, acc: 0.47687
step_78900 loss: 1.74099, acc: 0.46156
step_79000 loss: 1.70010, acc: 0.46719
macro f1: 0.30218 (best: 0.30228)
step_79100 loss: 1.67160, acc: 0.47375
step_79200 loss: 1.68669, acc: 0.47000
step_79300 loss: 1.69078, acc: 0.47187
step_79400 loss: 1.70871, acc: 0.46094
step_79500 loss: 1.70242, acc: 0.48187
step_79600 loss: 1.68365, acc: 0.47563
step_79700 loss: 1.67605, acc: 0.47594
step_79800 loss: 1.66690, acc: 0.47187
step_79900 loss: 1.69379, acc: 0.46656
step_80000 loss: 1.68834, acc: 0.47500
macro f1: 0.30212 (best: 0.30228)
step_80100 loss: 1.66627, acc: 0.47813
step_80200 loss: 1.69591, acc: 0.46219
step_80300 loss: 1.72580, acc: 0.46500
step_80400 loss: 1.71112, acc: 0.46469
step_80500 loss: 1.66882, acc: 0.47937
step_80600 loss: 1.71337, acc: 0.46219
step_80700 loss: 1.70972, acc: 0.46156
step_80800 loss: 1.67707, acc: 0.46750
step_80900 loss: 1.68649, acc: 0.47344
step_81000 loss: 1.73659, acc: 0.45469
macro f1: 0.30192 (best: 0.30228)
step_81100 loss: 1.69716, acc: 0.46750
step_81200 loss: 1.70692, acc: 0.47031
step_81300 loss: 1.69290, acc: 0.46281
step_81400 loss: 1.71629, acc: 0.47031
step_81500 loss: 1.70643, acc: 0.46719
step_81600 loss: 1.70282, acc: 0.47063
step_81700 loss: 1.70821, acc: 0.47187
step_81800 loss: 1.71697, acc: 0.47469
step_81900 loss: 1.71864, acc: 0.46594
step_82000 loss: 1.70141, acc: 0.46625
macro f1: 0.30180 (best: 0.30228)
step_82100 loss: 1.69812, acc: 0.47531
step_82200 loss: 1.71318, acc: 0.47344
step_82300 loss: 1.72701, acc: 0.46750
step_82400 loss: 1.70271, acc: 0.46906
step_82500 loss: 1.73491, acc: 0.45563
step_82600 loss: 1.66958, acc: 0.48063
step_82700 loss: 1.67499, acc: 0.48875
step_82800 loss: 1.68266, acc: 0.46906
step_82900 loss: 1.68240, acc: 0.47063
step_83000 loss: 1.68118, acc: 0.48125
macro f1: 0.30169 (best: 0.30228)
step_83100 loss: 1.71781, acc: 0.46813
step_83200 loss: 1.72890, acc: 0.46375
step_83300 loss: 1.69577, acc: 0.45687
step_83400 loss: 1.72288, acc: 0.46375
step_83500 loss: 1.66347, acc: 0.47844
step_83600 loss: 1.65873, acc: 0.47187
step_83700 loss: 1.68729, acc: 0.47875
step_83800 loss: 1.71370, acc: 0.46563
step_83900 loss: 1.69843, acc: 0.46625
step_84000 loss: 1.70901, acc: 0.46969
macro f1: 0.30165 (best: 0.30228)
step_84100 loss: 1.68512, acc: 0.47406
step_84200 loss: 1.72593, acc: 0.45875
step_84300 loss: 1.73553, acc: 0.45906
step_84400 loss: 1.69713, acc: 0.46687
step_84500 loss: 1.68103, acc: 0.46781
step_84600 loss: 1.73308, acc: 0.47781
step_84700 loss: 1.68144, acc: 0.47750
step_84800 loss: 1.68512, acc: 0.47000
step_84900 loss: 1.67882, acc: 0.47937
step_85000 loss: 1.68357, acc: 0.46750
macro f1: 0.30174 (best: 0.30228)
step_85100 loss: 1.69127, acc: 0.47125
step_85200 loss: 1.68042, acc: 0.47156
step_85300 loss: 1.73924, acc: 0.45844
step_85400 loss: 1.66677, acc: 0.47031
step_85500 loss: 1.70003, acc: 0.46937
step_85600 loss: 1.69692, acc: 0.46969
step_85700 loss: 1.71436, acc: 0.47500
step_85800 loss: 1.71877, acc: 0.46406
step_85900 loss: 1.70506, acc: 0.47750
step_86000 loss: 1.70858, acc: 0.47156
macro f1: 0.30182 (best: 0.30228)
step_86100 loss: 1.69648, acc: 0.46937
step_86200 loss: 1.69609, acc: 0.47813
step_86300 loss: 1.71181, acc: 0.46906
step_86400 loss: 1.68988, acc: 0.47125
step_86500 loss: 1.67253, acc: 0.49062
step_86600 loss: 1.67277, acc: 0.46719
step_86700 loss: 1.72648, acc: 0.45500
step_86800 loss: 1.71047, acc: 0.46750
step_86900 loss: 1.68105, acc: 0.47594
step_87000 loss: 1.68743, acc: 0.47656
macro f1: 0.30178 (best: 0.30228)
step_87100 loss: 1.70912, acc: 0.48125
step_87200 loss: 1.71515, acc: 0.45719
step_87300 loss: 1.69285, acc: 0.47313
step_87400 loss: 1.68705, acc: 0.46813
step_87500 loss: 1.72090, acc: 0.46344
step_87600 loss: 1.71695, acc: 0.46125
step_87700 loss: 1.68000, acc: 0.47844
step_87800 loss: 1.70582, acc: 0.47437
step_87900 loss: 1.66390, acc: 0.47906
step_88000 loss: 1.69716, acc: 0.48500
macro f1: 0.30186 (best: 0.30228)
step_88100 loss: 1.65761, acc: 0.46750
step_88200 loss: 1.70603, acc: 0.46406
step_88300 loss: 1.69928, acc: 0.47094
step_88400 loss: 1.68746, acc: 0.47906
End current epoch !
### cost time: 183.53 m
Epoch: 6
step_88500 loss: 1.72551, acc: 0.47656
step_88600 loss: 1.65222, acc: 0.47656
step_88700 loss: 1.70849, acc: 0.45563
step_88800 loss: 1.71756, acc: 0.46844
step_88900 loss: 1.73200, acc: 0.46094
step_89000 loss: 1.68652, acc: 0.47313
macro f1: 0.30174 (best: 0.30000)
step_89100 loss: 1.70067, acc: 0.47000
step_89200 loss: 1.71832, acc: 0.46406
step_89300 loss: 1.72306, acc: 0.45344
step_89400 loss: 1.72039, acc: 0.47500
step_89500 loss: 1.71493, acc: 0.45937
step_89600 loss: 1.65621, acc: 0.47656
step_89700 loss: 1.72699, acc: 0.46406
step_89800 loss: 1.74348, acc: 0.45594
step_89900 loss: 1.70511, acc: 0.46625
step_90000 loss: 1.71152, acc: 0.46250
macro f1: 0.30165 (best: 0.30174)
step_90100 loss: 1.65968, acc: 0.48594
step_90200 loss: 1.68058, acc: 0.48156
step_90300 loss: 1.69655, acc: 0.47625
step_90400 loss: 1.71238, acc: 0.45906
step_90500 loss: 1.70375, acc: 0.47063
step_90600 loss: 1.66433, acc: 0.47187
step_90700 loss: 1.68717, acc: 0.48500
step_90800 loss: 1.73404, acc: 0.45594
step_90900 loss: 1.65372, acc: 0.47250
step_91000 loss: 1.69103, acc: 0.47156
macro f1: 0.30147 (best: 0.30174)
step_91100 loss: 1.70738, acc: 0.46219
step_91200 loss: 1.65635, acc: 0.47125
step_91300 loss: 1.67735, acc: 0.48844
step_91400 loss: 1.67729, acc: 0.45687
step_91500 loss: 1.67567, acc: 0.48000
step_91600 loss: 1.72105, acc: 0.46063
step_91700 loss: 1.69951, acc: 0.47250
step_91800 loss: 1.69105, acc: 0.48031
step_91900 loss: 1.72956, acc: 0.46656
step_92000 loss: 1.71219, acc: 0.46031
macro f1: 0.30166 (best: 0.30174)
step_92100 loss: 1.71696, acc: 0.46594
step_92200 loss: 1.68596, acc: 0.46187
step_92300 loss: 1.66324, acc: 0.48125
step_92400 loss: 1.69690, acc: 0.46813
step_92500 loss: 1.69365, acc: 0.46375
step_92600 loss: 1.72411, acc: 0.47375
step_92700 loss: 1.69778, acc: 0.47094
step_92800 loss: 1.73404, acc: 0.46344
step_92900 loss: 1.66721, acc: 0.48063
step_93000 loss: 1.71751, acc: 0.46531
macro f1: 0.30177 (best: 0.30174)
step_93100 loss: 1.71131, acc: 0.46500
step_93200 loss: 1.70005, acc: 0.47000
step_93300 loss: 1.68113, acc: 0.46250
step_93400 loss: 1.72499, acc: 0.46500
step_93500 loss: 1.68573, acc: 0.46563
step_93600 loss: 1.67708, acc: 0.47563
step_93700 loss: 1.75347, acc: 0.45000
step_93800 loss: 1.67338, acc: 0.48500
step_93900 loss: 1.72290, acc: 0.45687
step_94000 loss: 1.69859, acc: 0.47969
macro f1: 0.30186 (best: 0.30177)
step_94100 loss: 1.73048, acc: 0.45500
step_94200 loss: 1.72926, acc: 0.46687
step_94300 loss: 1.67439, acc: 0.47781
step_94400 loss: 1.74908, acc: 0.44906
step_94500 loss: 1.63473, acc: 0.48438
step_94600 loss: 1.69788, acc: 0.47313
step_94700 loss: 1.72310, acc: 0.45281
step_94800 loss: 1.70860, acc: 0.46906
step_94900 loss: 1.72973, acc: 0.46906
step_95000 loss: 1.71179, acc: 0.48281
macro f1: 0.30183 (best: 0.30186)
step_95100 loss: 1.70533, acc: 0.46000
step_95200 loss: 1.72694, acc: 0.46125
step_95300 loss: 1.67368, acc: 0.48500
step_95400 loss: 1.68841, acc: 0.46031
step_95500 loss: 1.70392, acc: 0.47281
step_95600 loss: 1.69560, acc: 0.48187
step_95700 loss: 1.69482, acc: 0.47219
step_95800 loss: 1.72507, acc: 0.45375
step_95900 loss: 1.67657, acc: 0.47000
step_96000 loss: 1.72554, acc: 0.46437
macro f1: 0.30176 (best: 0.30186)
step_96100 loss: 1.69008, acc: 0.47187
step_96200 loss: 1.74771, acc: 0.46000
step_96300 loss: 1.71733, acc: 0.46500
step_96400 loss: 1.73331, acc: 0.46313
step_96500 loss: 1.69771, acc: 0.47281
step_96600 loss: 1.69732, acc: 0.47281
step_96700 loss: 1.65304, acc: 0.48562
step_96800 loss: 1.70794, acc: 0.47344
step_96900 loss: 1.68253, acc: 0.47094
step_97000 loss: 1.68877, acc: 0.47344
macro f1: 0.30187 (best: 0.30186)
step_97100 loss: 1.69739, acc: 0.47875
step_97200 loss: 1.67808, acc: 0.47406
step_97300 loss: 1.65857, acc: 0.48156
step_97400 loss: 1.69656, acc: 0.46750
step_97500 loss: 1.67939, acc: 0.47313
step_97600 loss: 1.74729, acc: 0.45687
step_97700 loss: 1.70823, acc: 0.46687
step_97800 loss: 1.67169, acc: 0.47969
step_97900 loss: 1.72275, acc: 0.46781
step_98000 loss: 1.65459, acc: 0.49688
macro f1: 0.30205 (best: 0.30187)
step_98100 loss: 1.69923, acc: 0.47063
step_98200 loss: 1.70024, acc: 0.46594
step_98300 loss: 1.68590, acc: 0.46813
step_98400 loss: 1.69221, acc: 0.46313
step_98500 loss: 1.67600, acc: 0.47250
step_98600 loss: 1.70339, acc: 0.46375
step_98700 loss: 1.69016, acc: 0.46781
step_98800 loss: 1.72185, acc: 0.46156
step_98900 loss: 1.69037, acc: 0.46594
step_99000 loss: 1.70038, acc: 0.46156
macro f1: 0.30210 (best: 0.30205)
step_99100 loss: 1.71879, acc: 0.45250
step_99200 loss: 1.65113, acc: 0.48844
step_99300 loss: 1.68624, acc: 0.47500
step_99400 loss: 1.68776, acc: 0.47063
step_99500 loss: 1.70162, acc: 0.47031
step_99600 loss: 1.67062, acc: 0.48500
step_99700 loss: 1.65368, acc: 0.48031
step_99800 loss: 1.70030, acc: 0.46719
step_99900 loss: 1.70724, acc: 0.46594
step_100000 loss: 1.69077, acc: 0.46500
macro f1: 0.30189 (best: 0.30210)
step_100100 loss: 1.69940, acc: 0.46563
step_100200 loss: 1.69074, acc: 0.47563
step_100300 loss: 1.69941, acc: 0.47000
step_100400 loss: 1.69300, acc: 0.47375
step_100500 loss: 1.66931, acc: 0.47594
step_100600 loss: 1.70362, acc: 0.47344
step_100700 loss: 1.75051, acc: 0.45437
step_100800 loss: 1.71401, acc: 0.47375
step_100900 loss: 1.69251, acc: 0.46750
step_101000 loss: 1.70313, acc: 0.47000
macro f1: 0.30180 (best: 0.30210)
step_101100 loss: 1.68163, acc: 0.46969
step_101200 loss: 1.65356, acc: 0.49625
step_101300 loss: 1.71423, acc: 0.46000
step_101400 loss: 1.69801, acc: 0.47437
step_101500 loss: 1.67320, acc: 0.47656
step_101600 loss: 1.66583, acc: 0.47125
step_101700 loss: 1.71072, acc: 0.46250
step_101800 loss: 1.65870, acc: 0.48562
step_101900 loss: 1.69466, acc: 0.46094
step_102000 loss: 1.71235, acc: 0.47000
macro f1: 0.30164 (best: 0.30210)
step_102100 loss: 1.68190, acc: 0.46750
step_102200 loss: 1.68351, acc: 0.47031
step_102300 loss: 1.68499, acc: 0.47375
step_102400 loss: 1.65708, acc: 0.48562
step_102500 loss: 1.68424, acc: 0.46750
step_102600 loss: 1.65758, acc: 0.47844
step_102700 loss: 1.72211, acc: 0.46156
step_102800 loss: 1.69506, acc: 0.47219
step_102900 loss: 1.71818, acc: 0.46437
step_103000 loss: 1.69984, acc: 0.46563
macro f1: 0.30159 (best: 0.30210)
step_103100 loss: 1.64694, acc: 0.48562
step_103200 loss: 1.70891, acc: 0.46813
End current epoch !
### cost time: 215.09 m
Epoch: 7
step_103300 loss: 1.67428, acc: 0.47755
step_103400 loss: 1.72295, acc: 0.45844
step_103500 loss: 1.72496, acc: 0.46500
step_103600 loss: 1.69832, acc: 0.47594
step_103700 loss: 1.73841, acc: 0.46375
step_103800 loss: 1.66590, acc: 0.48719
step_103900 loss: 1.72855, acc: 0.45062
step_104000 loss: 1.69046, acc: 0.47125
macro f1: 0.30156 (best: 0.30000)
step_104100 loss: 1.68248, acc: 0.47031
step_104200 loss: 1.69662, acc: 0.47000
step_104300 loss: 1.72403, acc: 0.46281
step_104400 loss: 1.71969, acc: 0.45969
step_104500 loss: 1.69388, acc: 0.47250
step_104600 loss: 1.66487, acc: 0.47437
step_104700 loss: 1.68316, acc: 0.47344
step_104800 loss: 1.70907, acc: 0.46469
step_104900 loss: 1.72955, acc: 0.46313
step_105000 loss: 1.68166, acc: 0.48031
macro f1: 0.30154 (best: 0.30156)
step_105100 loss: 1.68182, acc: 0.47844
step_105200 loss: 1.68739, acc: 0.47813
step_105300 loss: 1.70399, acc: 0.47594
step_105400 loss: 1.67931, acc: 0.47125
step_105500 loss: 1.73060, acc: 0.46656
step_105600 loss: 1.68484, acc: 0.47125
step_105700 loss: 1.70547, acc: 0.47750
step_105800 loss: 1.71331, acc: 0.47250
step_105900 loss: 1.67134, acc: 0.47719
step_106000 loss: 1.69125, acc: 0.46563
macro f1: 0.30161 (best: 0.30156)
step_106100 loss: 1.69785, acc: 0.47656
step_106200 loss: 1.72670, acc: 0.46250
step_106300 loss: 1.72349, acc: 0.45437
step_106400 loss: 1.65882, acc: 0.48406
step_106500 loss: 1.68999, acc: 0.47781
step_106600 loss: 1.69659, acc: 0.47000
step_106700 loss: 1.66082, acc: 0.47656
step_106800 loss: 1.65461, acc: 0.48031
step_106900 loss: 1.69494, acc: 0.46875
step_107000 loss: 1.71248, acc: 0.46406
macro f1: 0.30145 (best: 0.30161)
step_107100 loss: 1.70736, acc: 0.46750
step_107200 loss: 1.70435, acc: 0.46844
step_107300 loss: 1.72295, acc: 0.45563
step_107400 loss: 1.67442, acc: 0.47187
step_107500 loss: 1.70101, acc: 0.46219
step_107600 loss: 1.67947, acc: 0.47594
step_107700 loss: 1.71044, acc: 0.47156
step_107800 loss: 1.63274, acc: 0.48938
step_107900 loss: 1.69573, acc: 0.47125
step_108000 loss: 1.68183, acc: 0.46469
macro f1: 0.30158 (best: 0.30161)
step_108100 loss: 1.70006, acc: 0.46750
step_108200 loss: 1.67576, acc: 0.47844
step_108300 loss: 1.72062, acc: 0.46375
step_108400 loss: 1.72031, acc: 0.45844
step_108500 loss: 1.68981, acc: 0.46969
step_108600 loss: 1.70252, acc: 0.47375
step_108700 loss: 1.66657, acc: 0.47406
step_108800 loss: 1.70356, acc: 0.47125
step_108900 loss: 1.69305, acc: 0.47437
step_109000 loss: 1.70068, acc: 0.46313
macro f1: 0.30161 (best: 0.30161)
step_109100 loss: 1.70280, acc: 0.46563
step_109200 loss: 1.69083, acc: 0.47375
step_109300 loss: 1.70775, acc: 0.45031
step_109400 loss: 1.65874, acc: 0.48281
step_109500 loss: 1.69751, acc: 0.46656
step_109600 loss: 1.68972, acc: 0.46406
step_109700 loss: 1.73048, acc: 0.45375
step_109800 loss: 1.66381, acc: 0.48750
step_109900 loss: 1.71752, acc: 0.46344
step_110000 loss: 1.72243, acc: 0.46063
macro f1: 0.30174 (best: 0.30161)
step_110100 loss: 1.65384, acc: 0.48250
step_110200 loss: 1.65149, acc: 0.48875
step_110300 loss: 1.72341, acc: 0.46437
step_110400 loss: 1.69544, acc: 0.47125
step_110500 loss: 1.68289, acc: 0.47781
step_110600 loss: 1.67844, acc: 0.47531
step_110700 loss: 1.65927, acc: 0.49094
step_110800 loss: 1.70999, acc: 0.45781
step_110900 loss: 1.69742, acc: 0.46219
step_111000 loss: 1.71510, acc: 0.45781
macro f1: 0.30175 (best: 0.30174)
step_111100 loss: 1.67457, acc: 0.47719
step_111200 loss: 1.71973, acc: 0.47563
step_111300 loss: 1.73966, acc: 0.45781
step_111400 loss: 1.68891, acc: 0.46500
step_111500 loss: 1.71472, acc: 0.46687
step_111600 loss: 1.67657, acc: 0.47000
step_111700 loss: 1.68608, acc: 0.46781
step_111800 loss: 1.70324, acc: 0.47000
step_111900 loss: 1.68770, acc: 0.47406
step_112000 loss: 1.68168, acc: 0.47125
macro f1: 0.30171 (best: 0.30175)
step_112100 loss: 1.70567, acc: 0.47375
step_112200 loss: 1.69348, acc: 0.47437
step_112300 loss: 1.71130, acc: 0.47063
step_112400 loss: 1.65614, acc: 0.47594
step_112500 loss: 1.70315, acc: 0.47531
step_112600 loss: 1.67398, acc: 0.48031
step_112700 loss: 1.69384, acc: 0.47031
step_112800 loss: 1.67924, acc: 0.46844
step_112900 loss: 1.70418, acc: 0.45719
step_113000 loss: 1.71975, acc: 0.47031
macro f1: 0.30168 (best: 0.30175)
step_113100 loss: 1.69174, acc: 0.46500
step_113200 loss: 1.69333, acc: 0.48781
step_113300 loss: 1.71641, acc: 0.47125
step_113400 loss: 1.67947, acc: 0.47156
step_113500 loss: 1.72377, acc: 0.45500
step_113600 loss: 1.70543, acc: 0.45875
step_113700 loss: 1.70484, acc: 0.45969
step_113800 loss: 1.68805, acc: 0.46750
step_113900 loss: 1.72054, acc: 0.46656
step_114000 loss: 1.72314, acc: 0.46937
macro f1: 0.30163 (best: 0.30175)
step_114100 loss: 1.70145, acc: 0.48250
step_114200 loss: 1.62658, acc: 0.48344
step_114300 loss: 1.73010, acc: 0.45563
step_114400 loss: 1.72892, acc: 0.46031
step_114500 loss: 1.73101, acc: 0.45656
step_114600 loss: 1.72003, acc: 0.45844
step_114700 loss: 1.69773, acc: 0.47000
step_114800 loss: 1.68668, acc: 0.46406
step_114900 loss: 1.67380, acc: 0.48656
step_115000 loss: 1.69624, acc: 0.46656
macro f1: 0.30170 (best: 0.30175)
step_115100 loss: 1.69700, acc: 0.47406
step_115200 loss: 1.67643, acc: 0.45437
step_115300 loss: 1.68761, acc: 0.47031
step_115400 loss: 1.68815, acc: 0.47687
step_115500 loss: 1.71907, acc: 0.46250
step_115600 loss: 1.71640, acc: 0.45344
step_115700 loss: 1.70227, acc: 0.47906
step_115800 loss: 1.69874, acc: 0.46500
step_115900 loss: 1.67911, acc: 0.47594
step_116000 loss: 1.66675, acc: 0.47875
macro f1: 0.30156 (best: 0.30175)
step_116100 loss: 1.67459, acc: 0.48094
step_116200 loss: 1.67215, acc: 0.47563
step_116300 loss: 1.72586, acc: 0.45531
step_116400 loss: 1.69640, acc: 0.47437
step_116500 loss: 1.68894, acc: 0.48438
step_116600 loss: 1.70095, acc: 0.46250
step_116700 loss: 1.70558, acc: 0.46750
step_116800 loss: 1.70313, acc: 0.46906
step_116900 loss: 1.67819, acc: 0.46969
step_117000 loss: 1.71878, acc: 0.47063
macro f1: 0.30168 (best: 0.30175)
step_117100 loss: 1.68087, acc: 0.47781
step_117200 loss: 1.68353, acc: 0.46875
step_117300 loss: 1.71781, acc: 0.46937
step_117400 loss: 1.72690, acc: 0.46313
step_117500 loss: 1.66168, acc: 0.48938
step_117600 loss: 1.68392, acc: 0.47844
step_117700 loss: 1.69689, acc: 0.48000
step_117800 loss: 1.69651, acc: 0.46375
step_117900 loss: 1.65390, acc: 0.46906
End current epoch !
### cost time: 245.85 m
Epoch: 8
step_118000 loss: 1.71986, acc: 0.44161
macro f1: 0.30169 (best: 0.30000)
step_118100 loss: 1.70143, acc: 0.46719
step_118200 loss: 1.63728, acc: 0.49438
step_118300 loss: 1.69215, acc: 0.47406
step_118400 loss: 1.67756, acc: 0.46906
step_118500 loss: 1.66013, acc: 0.47844
step_118600 loss: 1.69916, acc: 0.47375
step_118700 loss: 1.67867, acc: 0.47625
step_118800 loss: 1.69300, acc: 0.46469
step_118900 loss: 1.67803, acc: 0.46781
step_119000 loss: 1.69811, acc: 0.47281
macro f1: 0.30160 (best: 0.30169)
step_119100 loss: 1.70005, acc: 0.46219
step_119200 loss: 1.71759, acc: 0.45813
step_119300 loss: 1.70226, acc: 0.46187
step_119400 loss: 1.64421, acc: 0.48750
step_119500 loss: 1.68519, acc: 0.47687
step_119600 loss: 1.73599, acc: 0.46125
step_119700 loss: 1.67868, acc: 0.47563
step_119800 loss: 1.74544, acc: 0.45469
step_119900 loss: 1.70633, acc: 0.46000
step_120000 loss: 1.70375, acc: 0.47031
macro f1: 0.30170 (best: 0.30169)
step_120100 loss: 1.67962, acc: 0.48187
step_120200 loss: 1.71475, acc: 0.47156
step_120300 loss: 1.65384, acc: 0.48719
step_120400 loss: 1.68286, acc: 0.47187
step_120500 loss: 1.67416, acc: 0.47031
step_120600 loss: 1.67417, acc: 0.47594
step_120700 loss: 1.70896, acc: 0.46187
step_120800 loss: 1.68068, acc: 0.48031
step_120900 loss: 1.69642, acc: 0.47531
step_121000 loss: 1.68768, acc: 0.46469
macro f1: 0.30177 (best: 0.30170)
step_121100 loss: 1.72856, acc: 0.45781
step_121200 loss: 1.69628, acc: 0.46437
step_121300 loss: 1.70564, acc: 0.46844
step_121400 loss: 1.70091, acc: 0.46594
step_121500 loss: 1.64132, acc: 0.48938
step_121600 loss: 1.74182, acc: 0.44656
step_121700 loss: 1.67816, acc: 0.47531
step_121800 loss: 1.70925, acc: 0.46219
step_121900 loss: 1.70265, acc: 0.47656
step_122000 loss: 1.68380, acc: 0.47281
macro f1: 0.30173 (best: 0.30177)
step_122100 loss: 1.67790, acc: 0.47281
step_122200 loss: 1.69167, acc: 0.46937
step_122300 loss: 1.68555, acc: 0.47344
step_122400 loss: 1.72022, acc: 0.46063
step_122500 loss: 1.69868, acc: 0.47344
step_122600 loss: 1.69001, acc: 0.46719
step_122700 loss: 1.70686, acc: 0.47219
step_122800 loss: 1.69250, acc: 0.47781
step_122900 loss: 1.67527, acc: 0.48000
step_123000 loss: 1.70058, acc: 0.47063
macro f1: 0.30161 (best: 0.30177)
step_123100 loss: 1.69227, acc: 0.45781
step_123200 loss: 1.69703, acc: 0.46000
step_123300 loss: 1.67772, acc: 0.47500
step_123400 loss: 1.71236, acc: 0.47313
step_123500 loss: 1.67688, acc: 0.46469
step_123600 loss: 1.70376, acc: 0.47656
step_123700 loss: 1.66443, acc: 0.48031
step_123800 loss: 1.68818, acc: 0.48156
step_123900 loss: 1.66505, acc: 0.48156
step_124000 loss: 1.69068, acc: 0.47344
macro f1: 0.30158 (best: 0.30177)
step_124100 loss: 1.72049, acc: 0.45656
step_124200 loss: 1.69758, acc: 0.47250
step_124300 loss: 1.67511, acc: 0.47625
step_124400 loss: 1.65799, acc: 0.47875
step_124500 loss: 1.71841, acc: 0.45687
step_124600 loss: 1.67331, acc: 0.48094
step_124700 loss: 1.71186, acc: 0.46063
step_124800 loss: 1.67554, acc: 0.47313
step_124900 loss: 1.66408, acc: 0.48219
step_125000 loss: 1.73357, acc: 0.45719
macro f1: 0.30154 (best: 0.30177)
step_125100 loss: 1.66302, acc: 0.47813
step_125200 loss: 1.67821, acc: 0.48281
step_125300 loss: 1.69413, acc: 0.46844
step_125400 loss: 1.69558, acc: 0.46625
step_125500 loss: 1.65612, acc: 0.48375
step_125600 loss: 1.67326, acc: 0.48031
step_125700 loss: 1.72647, acc: 0.45687
step_125800 loss: 1.74136, acc: 0.46094
step_125900 loss: 1.68883, acc: 0.47625
step_126000 loss: 1.67943, acc: 0.47813
macro f1: 0.30169 (best: 0.30177)
step_126100 loss: 1.64493, acc: 0.48812
step_126200 loss: 1.70327, acc: 0.46656
step_126300 loss: 1.71745, acc: 0.46906
step_126400 loss: 1.72911, acc: 0.46469
step_126500 loss: 1.72761, acc: 0.46031
step_126600 loss: 1.70253, acc: 0.47344
step_126700 loss: 1.72211, acc: 0.46219
step_126800 loss: 1.70194, acc: 0.47063
step_126900 loss: 1.61654, acc: 0.49062
step_127000 loss: 1.71755, acc: 0.46844
macro f1: 0.30158 (best: 0.30177)
step_127100 loss: 1.70597, acc: 0.46375
step_127200 loss: 1.67033, acc: 0.47969
step_127300 loss: 1.69072, acc: 0.47219
step_127400 loss: 1.75499, acc: 0.45781
step_127500 loss: 1.68678, acc: 0.47219
step_127600 loss: 1.68225, acc: 0.46437
step_127700 loss: 1.68168, acc: 0.47969
step_127800 loss: 1.71062, acc: 0.46406
step_127900 loss: 1.69008, acc: 0.46719
step_128000 loss: 1.74767, acc: 0.45875
macro f1: 0.30164 (best: 0.30177)
step_128100 loss: 1.71492, acc: 0.47063
step_128200 loss: 1.67266, acc: 0.47281
step_128300 loss: 1.70947, acc: 0.46375
step_128400 loss: 1.67172, acc: 0.47875
step_128500 loss: 1.64090, acc: 0.49094
step_128600 loss: 1.70018, acc: 0.46594
step_128700 loss: 1.71182, acc: 0.47281
step_128800 loss: 1.69933, acc: 0.47719
step_128900 loss: 1.68115, acc: 0.47250
step_129000 loss: 1.68878, acc: 0.47406
macro f1: 0.30176 (best: 0.30177)
step_129100 loss: 1.70310, acc: 0.46250
step_129200 loss: 1.67554, acc: 0.47125
step_129300 loss: 1.70785, acc: 0.47594
step_129400 loss: 1.73563, acc: 0.45531
step_129500 loss: 1.68521, acc: 0.48281
step_129600 loss: 1.72225, acc: 0.47500
step_129700 loss: 1.68220, acc: 0.47969
step_129800 loss: 1.70356, acc: 0.46219
step_129900 loss: 1.71971, acc: 0.46125
step_130000 loss: 1.71737, acc: 0.46500
macro f1: 0.30169 (best: 0.30177)
step_130100 loss: 1.69668, acc: 0.46344
step_130200 loss: 1.69233, acc: 0.46625
step_130300 loss: 1.67255, acc: 0.47844
step_130400 loss: 1.70233, acc: 0.47250
step_130500 loss: 1.68718, acc: 0.46250
step_130600 loss: 1.67541, acc: 0.48656
step_130700 loss: 1.68262, acc: 0.46625
step_130800 loss: 1.68278, acc: 0.47094
step_130900 loss: 1.66342, acc: 0.48187
step_131000 loss: 1.73736, acc: 0.44500
macro f1: 0.30178 (best: 0.30177)
step_131100 loss: 1.74273, acc: 0.44656
step_131200 loss: 1.66581, acc: 0.47594
step_131300 loss: 1.73976, acc: 0.45625
step_131400 loss: 1.69902, acc: 0.47313
step_131500 loss: 1.71152, acc: 0.46781
step_131600 loss: 1.69602, acc: 0.47156
step_131700 loss: 1.69451, acc: 0.46313
step_131800 loss: 1.70240, acc: 0.47031
step_131900 loss: 1.72709, acc: 0.45687
step_132000 loss: 1.66941, acc: 0.47156
macro f1: 0.30195 (best: 0.30178)
step_132100 loss: 1.66541, acc: 0.47719
step_132200 loss: 1.69776, acc: 0.46781
step_132300 loss: 1.71331, acc: 0.46719
step_132400 loss: 1.72845, acc: 0.45906
step_132500 loss: 1.71521, acc: 0.46563
step_132600 loss: 1.68441, acc: 0.47781
End current epoch !
### cost time: 277.16 m
Epoch: 9
step_132700 loss: 1.71093, acc: 0.46250
step_132800 loss: 1.69497, acc: 0.46875
step_132900 loss: 1.70277, acc: 0.46937
step_133000 loss: 1.66890, acc: 0.47531
macro f1: 0.30186 (best: 0.30000)
step_133100 loss: 1.68344, acc: 0.47594
step_133200 loss: 1.70955, acc: 0.45937
step_133300 loss: 1.69683, acc: 0.45937
step_133400 loss: 1.68878, acc: 0.47437
step_133500 loss: 1.64769, acc: 0.46875
step_133600 loss: 1.69217, acc: 0.46719
step_133700 loss: 1.69685, acc: 0.46844
step_133800 loss: 1.72359, acc: 0.45813
step_133900 loss: 1.71898, acc: 0.46500
step_134000 loss: 1.69435, acc: 0.46406
macro f1: 0.30219 (best: 0.30186)
step_134100 loss: 1.68096, acc: 0.46969
step_134200 loss: 1.63339, acc: 0.48781
step_134300 loss: 1.67330, acc: 0.49375
step_134400 loss: 1.69784, acc: 0.47281
step_134500 loss: 1.70280, acc: 0.46437
step_134600 loss: 1.66649, acc: 0.47125
step_134700 loss: 1.68083, acc: 0.48688
step_134800 loss: 1.66672, acc: 0.48688
step_134900 loss: 1.67830, acc: 0.47094
step_135000 loss: 1.70709, acc: 0.46031
macro f1: 0.30211 (best: 0.30219)
step_135100 loss: 1.72181, acc: 0.45906
step_135200 loss: 1.67996, acc: 0.47187
step_135300 loss: 1.61856, acc: 0.49781
step_135400 loss: 1.67209, acc: 0.47469
step_135500 loss: 1.74221, acc: 0.45875
step_135600 loss: 1.71222, acc: 0.46969
step_135700 loss: 1.68518, acc: 0.47344
step_135800 loss: 1.68828, acc: 0.47844
step_135900 loss: 1.68365, acc: 0.47250
step_136000 loss: 1.67765, acc: 0.47937
macro f1: 0.30218 (best: 0.30219)
step_136100 loss: 1.71260, acc: 0.47437
step_136200 loss: 1.69319, acc: 0.46813
step_136300 loss: 1.73473, acc: 0.46531
step_136400 loss: 1.71646, acc: 0.47063
step_136500 loss: 1.68600, acc: 0.47375
step_136600 loss: 1.68544, acc: 0.47594
step_136700 loss: 1.69693, acc: 0.47125
step_136800 loss: 1.68962, acc: 0.47094
step_136900 loss: 1.69546, acc: 0.46406
step_137000 loss: 1.69033, acc: 0.46750
macro f1: 0.30232 (best: 0.30219)
step_137100 loss: 1.67006, acc: 0.47063
step_137200 loss: 1.71187, acc: 0.46906
step_137300 loss: 1.68999, acc: 0.46875
step_137400 loss: 1.69682, acc: 0.47625
step_137500 loss: 1.67586, acc: 0.46719
step_137600 loss: 1.70680, acc: 0.46969
step_137700 loss: 1.70892, acc: 0.46687
step_137800 loss: 1.69121, acc: 0.46313
step_137900 loss: 1.68320, acc: 0.47844
step_138000 loss: 1.68873, acc: 0.48688
macro f1: 0.30212 (best: 0.30232)
step_138100 loss: 1.69352, acc: 0.47156
step_138200 loss: 1.68967, acc: 0.46656
step_138300 loss: 1.70167, acc: 0.47063
step_138400 loss: 1.70305, acc: 0.47031
step_138500 loss: 1.73994, acc: 0.45312
step_138600 loss: 1.75977, acc: 0.44438
step_138700 loss: 1.72942, acc: 0.46125
step_138800 loss: 1.69581, acc: 0.46500
step_138900 loss: 1.68641, acc: 0.47563
step_139000 loss: 1.70652, acc: 0.45844
macro f1: 0.30207 (best: 0.30232)
step_139100 loss: 1.65391, acc: 0.48375
step_139200 loss: 1.67678, acc: 0.47375
step_139300 loss: 1.65490, acc: 0.47531
step_139400 loss: 1.71547, acc: 0.46344
step_139500 loss: 1.68485, acc: 0.47437
step_139600 loss: 1.69874, acc: 0.46531
step_139700 loss: 1.70956, acc: 0.47250
step_139800 loss: 1.70020, acc: 0.46687
step_139900 loss: 1.69356, acc: 0.47344
step_140000 loss: 1.67810, acc: 0.48313
macro f1: 0.30185 (best: 0.30232)
step_140100 loss: 1.68024, acc: 0.47375
step_140200 loss: 1.68317, acc: 0.48000
step_140300 loss: 1.72339, acc: 0.46437
step_140400 loss: 1.72426, acc: 0.45469
step_140500 loss: 1.70787, acc: 0.47187
step_140600 loss: 1.63826, acc: 0.48187
step_140700 loss: 1.72407, acc: 0.46625
step_140800 loss: 1.64740, acc: 0.48438
step_140900 loss: 1.65504, acc: 0.48781
step_141000 loss: 1.67431, acc: 0.47531
macro f1: 0.30211 (best: 0.30232)
step_141100 loss: 1.69141, acc: 0.47125
step_141200 loss: 1.74815, acc: 0.44938
step_141300 loss: 1.66472, acc: 0.47375
step_141400 loss: 1.70834, acc: 0.46094
step_141500 loss: 1.71187, acc: 0.47813
step_141600 loss: 1.69397, acc: 0.47375
step_141700 loss: 1.67733, acc: 0.47281
step_141800 loss: 1.72506, acc: 0.46406
step_141900 loss: 1.69253, acc: 0.46937
step_142000 loss: 1.68123, acc: 0.48156
macro f1: 0.30217 (best: 0.30232)
step_142100 loss: 1.69829, acc: 0.46094
step_142200 loss: 1.70321, acc: 0.47094
step_142300 loss: 1.66287, acc: 0.47125
step_142400 loss: 1.73356, acc: 0.45563
step_142500 loss: 1.67617, acc: 0.47594
step_142600 loss: 1.71367, acc: 0.46719
step_142700 loss: 1.68217, acc: 0.47344
step_142800 loss: 1.66560, acc: 0.48094
step_142900 loss: 1.69624, acc: 0.46656
step_143000 loss: 1.72113, acc: 0.46656
macro f1: 0.30197 (best: 0.30232)
step_143100 loss: 1.69864, acc: 0.47375
step_143200 loss: 1.71093, acc: 0.46437
step_143300 loss: 1.68311, acc: 0.47031
step_143400 loss: 1.68620, acc: 0.47469
step_143500 loss: 1.70574, acc: 0.47313
step_143600 loss: 1.68742, acc: 0.46875
step_143700 loss: 1.68440, acc: 0.48031
step_143800 loss: 1.67997, acc: 0.47563
step_143900 loss: 1.71761, acc: 0.46219
step_144000 loss: 1.69989, acc: 0.45656
macro f1: 0.30212 (best: 0.30232)
step_144100 loss: 1.66979, acc: 0.47531
step_144200 loss: 1.71356, acc: 0.46719
step_144300 loss: 1.66027, acc: 0.48469
step_144400 loss: 1.66910, acc: 0.47781
step_144500 loss: 1.70500, acc: 0.46437
step_144600 loss: 1.66529, acc: 0.48281
step_144700 loss: 1.69376, acc: 0.47344
step_144800 loss: 1.73829, acc: 0.45625
step_144900 loss: 1.71085, acc: 0.47344
step_145000 loss: 1.77277, acc: 0.43750
macro f1: 0.30177 (best: 0.30232)
step_145100 loss: 1.68993, acc: 0.46813
step_145200 loss: 1.72082, acc: 0.45344
step_145300 loss: 1.69938, acc: 0.46500
step_145400 loss: 1.67631, acc: 0.47344
step_145500 loss: 1.69387, acc: 0.47250
step_145600 loss: 1.72553, acc: 0.45312
step_145700 loss: 1.66982, acc: 0.48094
step_145800 loss: 1.67425, acc: 0.48406
step_145900 loss: 1.69176, acc: 0.47500
step_146000 loss: 1.69044, acc: 0.47469
macro f1: 0.30198 (best: 0.30232)
step_146100 loss: 1.68202, acc: 0.46687
step_146200 loss: 1.68510, acc: 0.47094
step_146300 loss: 1.71396, acc: 0.46531
step_146400 loss: 1.69010, acc: 0.47750
step_146500 loss: 1.65191, acc: 0.48781
step_146600 loss: 1.71654, acc: 0.45687
step_146700 loss: 1.71060, acc: 0.46937
step_146800 loss: 1.67227, acc: 0.48562
step_146900 loss: 1.68498, acc: 0.46969
step_147000 loss: 1.67325, acc: 0.47469
macro f1: 0.30181 (best: 0.30232)
step_147100 loss: 1.66278, acc: 0.48344
step_147200 loss: 1.70850, acc: 0.46813
step_147300 loss: 1.71252, acc: 0.46656
step_147400 loss: 1.69879, acc: 0.46531
End current epoch !
### cost time: 308.00 m