we shape: (55833, 200)
get random init ce.
ce shape: (70, 25)
oov_n: 272096, oov/sent : 0.29
oov_n: 14850, oov/sent : 0.30
oov_n: 17155, oov/sent : 0.34
dim_word: 200
dim_char: 25
max_len_sent: 30
max_len_word: 10
we shape: (55833 200)
ce shape: (70 25)
==> train :
(942439,)
(942439, 30)
(942439,)
(942439, 30, 10)
(942439, 30)
==> dev :
(50000,)
(50000, 30)
(50000,)
(50000, 30, 10)
(50000, 30)
==> test :
(50000,)
(50000, 30)
(50000,)
(50000, 30, 10)
(50000, 30)
clipper : 10.0
dim_word : 200
max_len_sent : 30
dim_char : 25
n_rnn_word : 300
save_model : True
n_class : 20
batch_size : 32
epoch_size : 20
l2_norm : 0.0001
lr : 0.001
max_len_word : 10
n_mlp : 100
n_rnn_char : 80
==> token embedding.
==> unidirectional gru for char2word_rnn.
=> gate_char_word, dim_word+dim_char: 280
==> build model.
==> finished build char_gate_word.
Epoch: 0
step_100 loss: 2.60340, acc: 0.25750
step_200 loss: 2.39771, acc: 0.29625
step_300 loss: 2.34411, acc: 0.31781
step_400 loss: 2.32652, acc: 0.31375
step_500 loss: 2.26563, acc: 0.32719
step_600 loss: 2.26541, acc: 0.33625
step_700 loss: 2.24139, acc: 0.34531
step_800 loss: 2.24911, acc: 0.34219
step_900 loss: 2.25295, acc: 0.32219
step_1000 loss: 2.21027, acc: 0.34125
macro f1: 0.19793 (best: 0.29500)
step_1100 loss: 2.17803, acc: 0.35781
step_1200 loss: 2.22053, acc: 0.34125
step_1300 loss: 2.18598, acc: 0.35125
step_1400 loss: 2.18984, acc: 0.35437
step_1500 loss: 2.18614, acc: 0.34656
step_1600 loss: 2.18265, acc: 0.35844
step_1700 loss: 2.14501, acc: 0.36219
step_1800 loss: 2.16576, acc: 0.35156
step_1900 loss: 2.16206, acc: 0.34281
step_2000 loss: 2.14716, acc: 0.36031
macro f1: 0.22430 (best: 0.29500)
step_2100 loss: 2.13115, acc: 0.37688
step_2200 loss: 2.14115, acc: 0.36656
step_2300 loss: 2.12532, acc: 0.36781
step_2400 loss: 2.15687, acc: 0.36438
step_2500 loss: 2.14605, acc: 0.35500
step_2600 loss: 2.14344, acc: 0.35094
step_2700 loss: 2.10801, acc: 0.37312
step_2800 loss: 2.10887, acc: 0.36656
step_2900 loss: 2.11511, acc: 0.35625
step_3000 loss: 2.14051, acc: 0.35375
macro f1: 0.23686 (best: 0.29500)
step_3100 loss: 2.13327, acc: 0.35469
step_3200 loss: 2.10572, acc: 0.36375
step_3300 loss: 2.13157, acc: 0.36469
step_3400 loss: 2.11120, acc: 0.36688
step_3500 loss: 2.14062, acc: 0.36000
step_3600 loss: 2.09829, acc: 0.37656
step_3700 loss: 2.15946, acc: 0.36000
step_3800 loss: 2.08673, acc: 0.38719
step_3900 loss: 2.08939, acc: 0.36719
step_4000 loss: 2.10993, acc: 0.36438
macro f1: 0.23731 (best: 0.29500)
step_4100 loss: 2.11955, acc: 0.35969
step_4200 loss: 2.14212, acc: 0.35875
step_4300 loss: 2.06601, acc: 0.37812
step_4400 loss: 2.10167, acc: 0.37000
step_4500 loss: 2.10320, acc: 0.37344
step_4600 loss: 2.09933, acc: 0.36875
step_4700 loss: 2.08031, acc: 0.37500
step_4800 loss: 2.07052, acc: 0.37781
step_4900 loss: 2.10158, acc: 0.37406
step_5000 loss: 2.06347, acc: 0.37438
macro f1: 0.24397 (best: 0.29500)
step_5100 loss: 2.07304, acc: 0.38875
step_5200 loss: 2.07812, acc: 0.37094
step_5300 loss: 2.11017, acc: 0.36812
step_5400 loss: 2.07919, acc: 0.37344
step_5500 loss: 2.07987, acc: 0.36062
step_5600 loss: 2.05077, acc: 0.39000
step_5700 loss: 2.09052, acc: 0.36906
step_5800 loss: 2.09193, acc: 0.35719
step_5900 loss: 2.07172, acc: 0.37719
step_6000 loss: 2.05224, acc: 0.39031
macro f1: 0.24499 (best: 0.29500)
step_6100 loss: 2.04990, acc: 0.38906
step_6200 loss: 2.07609, acc: 0.37281
step_6300 loss: 2.01844, acc: 0.39469
step_6400 loss: 2.06159, acc: 0.38094
step_6500 loss: 2.06324, acc: 0.37688
step_6600 loss: 2.05357, acc: 0.37031
step_6700 loss: 2.04500, acc: 0.39219
step_6800 loss: 2.07465, acc: 0.36250
step_6900 loss: 2.07811, acc: 0.37188
step_7000 loss: 2.04765, acc: 0.39219
macro f1: 0.25356 (best: 0.29500)
step_7100 loss: 2.07651, acc: 0.38031
step_7200 loss: 2.03319, acc: 0.37844
step_7300 loss: 2.05024, acc: 0.37750
step_7400 loss: 2.06380, acc: 0.38031
step_7500 loss: 2.06121, acc: 0.38094
step_7600 loss: 2.07678, acc: 0.36656
step_7700 loss: 2.04772, acc: 0.37438
step_7800 loss: 2.04252, acc: 0.38188
step_7900 loss: 2.05572, acc: 0.38562
step_8000 loss: 2.03836, acc: 0.38250
macro f1: 0.25294 (best: 0.29500)
step_8100 loss: 2.03732, acc: 0.39031
step_8200 loss: 2.08564, acc: 0.37031
step_8300 loss: 2.06090, acc: 0.38125
step_8400 loss: 2.04893, acc: 0.37250
step_8500 loss: 2.04840, acc: 0.38750
step_8600 loss: 2.05749, acc: 0.38625
step_8700 loss: 2.09676, acc: 0.36812
step_8800 loss: 2.04077, acc: 0.38312
step_8900 loss: 2.04343, acc: 0.37875
step_9000 loss: 2.03808, acc: 0.38156
macro f1: 0.26887 (best: 0.29500)
step_9100 loss: 1.98353, acc: 0.39156
step_9200 loss: 2.06312, acc: 0.37719
step_9300 loss: 2.04425, acc: 0.39031
step_9400 loss: 2.00807, acc: 0.39187
step_9500 loss: 1.99784, acc: 0.39594
step_9600 loss: 2.03850, acc: 0.39062
step_9700 loss: 2.05880, acc: 0.37750
step_9800 loss: 1.98132, acc: 0.39156
step_9900 loss: 2.04653, acc: 0.38188
step_10000 loss: 1.98814, acc: 0.39156
macro f1: 0.26470 (best: 0.29500)
step_10100 loss: 2.02474, acc: 0.38688
step_10200 loss: 2.04627, acc: 0.38656
step_10300 loss: 2.01505, acc: 0.38719
step_10400 loss: 2.04366, acc: 0.37531
step_10500 loss: 2.03924, acc: 0.38031
step_10600 loss: 1.99202, acc: 0.39094
step_10700 loss: 2.00831, acc: 0.39531
step_10800 loss: 2.03666, acc: 0.38656
step_10900 loss: 2.00966, acc: 0.38688
step_11000 loss: 2.03180, acc: 0.38938
macro f1: 0.26759 (best: 0.29500)
step_11100 loss: 2.02572, acc: 0.38344
step_11200 loss: 2.01158, acc: 0.38344
step_11300 loss: 2.04048, acc: 0.37031
step_11400 loss: 2.01485, acc: 0.38469
step_11500 loss: 2.02510, acc: 0.38656
step_11600 loss: 1.97009, acc: 0.39969
step_11700 loss: 2.02788, acc: 0.39500
step_11800 loss: 2.01423, acc: 0.38500
step_11900 loss: 2.00980, acc: 0.39437
step_12000 loss: 1.97307, acc: 0.39687
macro f1: 0.26429 (best: 0.29500)
step_12100 loss: 1.99978, acc: 0.39375
step_12200 loss: 2.00334, acc: 0.38625
step_12300 loss: 2.02709, acc: 0.39094
step_12400 loss: 2.02500, acc: 0.38594
step_12500 loss: 1.99304, acc: 0.40125
step_12600 loss: 1.97945, acc: 0.40875
step_12700 loss: 1.98899, acc: 0.40063
step_12800 loss: 1.95783, acc: 0.40906
step_12900 loss: 2.00024, acc: 0.39563
step_13000 loss: 2.04152, acc: 0.37656
macro f1: 0.26985 (best: 0.29500)
step_13100 loss: 1.97235, acc: 0.40187
step_13200 loss: 1.96635, acc: 0.40187
step_13300 loss: 1.98625, acc: 0.40844
step_13400 loss: 1.97568, acc: 0.39625
step_13500 loss: 1.99803, acc: 0.39281
step_13600 loss: 1.98983, acc: 0.39500
step_13700 loss: 1.97867, acc: 0.40750
step_13800 loss: 2.06512, acc: 0.38219
step_13900 loss: 1.96662, acc: 0.40063
step_14000 loss: 1.97571, acc: 0.40500
macro f1: 0.26946 (best: 0.29500)
step_14100 loss: 1.99803, acc: 0.38625
step_14200 loss: 2.01366, acc: 0.39937
step_14300 loss: 2.00097, acc: 0.39000
step_14400 loss: 1.98674, acc: 0.39406
step_14500 loss: 1.98368, acc: 0.39781
step_14600 loss: 1.96176, acc: 0.40813
step_14700 loss: 1.96498, acc: 0.41094
step_14800 loss: 1.97166, acc: 0.39500
step_14900 loss: 1.94127, acc: 0.41094
step_15000 loss: 2.02439, acc: 0.38562
macro f1: 0.26863 (best: 0.29500)
step_15100 loss: 1.98791, acc: 0.39719
step_15200 loss: 2.02582, acc: 0.37625
step_15300 loss: 2.02218, acc: 0.38344
step_15400 loss: 1.96973, acc: 0.39219
step_15500 loss: 1.99147, acc: 0.39969
step_15600 loss: 1.99423, acc: 0.39781
step_15700 loss: 1.94106, acc: 0.41469
step_15800 loss: 1.98869, acc: 0.39875
step_15900 loss: 1.96755, acc: 0.40063
step_16000 loss: 1.99303, acc: 0.40500
macro f1: 0.26936 (best: 0.29500)
step_16100 loss: 1.97554, acc: 0.40375
step_16200 loss: 1.96278, acc: 0.40437
step_16300 loss: 2.02290, acc: 0.38125
step_16400 loss: 2.00522, acc: 0.38812
step_16500 loss: 1.98415, acc: 0.41031
step_16600 loss: 1.98697, acc: 0.39750
step_16700 loss: 1.98490, acc: 0.40406
step_16800 loss: 1.97007, acc: 0.40344
step_16900 loss: 1.97817, acc: 0.39906
step_17000 loss: 1.99832, acc: 0.38969
macro f1: 0.27284 (best: 0.29500)
step_17100 loss: 2.01535, acc: 0.39219
step_17200 loss: 1.93956, acc: 0.41000
step_17300 loss: 1.97666, acc: 0.39844
step_17400 loss: 1.91762, acc: 0.40344
step_17500 loss: 1.97908, acc: 0.39437
step_17600 loss: 1.99869, acc: 0.39281
step_17700 loss: 2.00242, acc: 0.38625
step_17800 loss: 1.98587, acc: 0.40500
step_17900 loss: 1.96887, acc: 0.40281
step_18000 loss: 1.95058, acc: 0.40937
macro f1: 0.27499 (best: 0.29500)
step_18100 loss: 1.98316, acc: 0.40375
step_18200 loss: 1.93910, acc: 0.40750
step_18300 loss: 1.93641, acc: 0.40500
step_18400 loss: 1.96749, acc: 0.40094
step_18500 loss: 1.96833, acc: 0.40281
step_18600 loss: 1.95648, acc: 0.39687
step_18700 loss: 1.97023, acc: 0.40313
step_18800 loss: 2.02951, acc: 0.37938
step_18900 loss: 1.98170, acc: 0.39437
step_19000 loss: 1.93630, acc: 0.40937
macro f1: 0.28025 (best: 0.29500)
step_19100 loss: 1.95647, acc: 0.39813
step_19200 loss: 2.01251, acc: 0.38156
step_19300 loss: 1.96571, acc: 0.40781
step_19400 loss: 1.93808, acc: 0.40406
step_19500 loss: 1.99019, acc: 0.38844
step_19600 loss: 1.96741, acc: 0.39937
step_19700 loss: 1.96968, acc: 0.40031
step_19800 loss: 1.94408, acc: 0.40906
step_19900 loss: 1.95324, acc: 0.40531
step_20000 loss: 1.93199, acc: 0.40437
macro f1: 0.27377 (best: 0.29500)
step_20100 loss: 1.93775, acc: 0.41219
step_20200 loss: 1.92432, acc: 0.42219
step_20300 loss: 1.95507, acc: 0.40156
step_20400 loss: 1.91211, acc: 0.42406
step_20500 loss: 1.95441, acc: 0.40063
step_20600 loss: 1.99221, acc: 0.39406
step_20700 loss: 1.97590, acc: 0.39906
step_20800 loss: 1.98158, acc: 0.40313
step_20900 loss: 1.97314, acc: 0.40375
step_21000 loss: 1.96619, acc: 0.39875
macro f1: 0.27713 (best: 0.29500)
step_21100 loss: 1.96166, acc: 0.40125
step_21200 loss: 1.97551, acc: 0.39937
step_21300 loss: 1.94292, acc: 0.39500
step_21400 loss: 1.96175, acc: 0.39750
step_21500 loss: 1.94073, acc: 0.41281
step_21600 loss: 1.97597, acc: 0.40687
step_21700 loss: 1.97032, acc: 0.40250
step_21800 loss: 1.93932, acc: 0.41500
step_21900 loss: 1.95694, acc: 0.39313
step_22000 loss: 1.93609, acc: 0.41187
macro f1: 0.27762 (best: 0.29500)
step_22100 loss: 1.98434, acc: 0.39219
step_22200 loss: 1.94836, acc: 0.41437
step_22300 loss: 1.95022, acc: 0.40469
step_22400 loss: 1.95246, acc: 0.39969
step_22500 loss: 1.96095, acc: 0.40469
step_22600 loss: 1.92277, acc: 0.40781
step_22700 loss: 1.94233, acc: 0.41406
step_22800 loss: 1.94418, acc: 0.42156
step_22900 loss: 1.91454, acc: 0.41437
step_23000 loss: 1.96815, acc: 0.39937
macro f1: 0.27134 (best: 0.29500)
step_23100 loss: 1.92290, acc: 0.42094
step_23200 loss: 1.93497, acc: 0.41844
step_23300 loss: 1.95757, acc: 0.39500
step_23400 loss: 1.94436, acc: 0.41313
step_23500 loss: 1.94211, acc: 0.41031
step_23600 loss: 1.96376, acc: 0.40719
step_23700 loss: 1.92198, acc: 0.42094
step_23800 loss: 1.91139, acc: 0.42688
step_23900 loss: 1.92428, acc: 0.41313
step_24000 loss: 1.93099, acc: 0.41000
macro f1: 0.28417 (best: 0.29500)
step_24100 loss: 1.93462, acc: 0.40250
step_24200 loss: 1.91243, acc: 0.41531
step_24300 loss: 1.93874, acc: 0.40656
step_24400 loss: 1.92357, acc: 0.40875
step_24500 loss: 1.90524, acc: 0.41937
step_24600 loss: 1.92662, acc: 0.41875
step_24700 loss: 1.91704, acc: 0.42438
step_24800 loss: 1.95138, acc: 0.39500
step_24900 loss: 1.89923, acc: 0.42781
step_25000 loss: 1.94681, acc: 0.41594
macro f1: 0.28987 (best: 0.29500)
step_25100 loss: 1.90475, acc: 0.42156
step_25200 loss: 1.93533, acc: 0.40281
step_25300 loss: 1.87111, acc: 0.42656
step_25400 loss: 1.94911, acc: 0.40219
step_25500 loss: 1.93685, acc: 0.40906
step_25600 loss: 1.93363, acc: 0.41156
step_25700 loss: 1.89185, acc: 0.41937
step_25800 loss: 1.91704, acc: 0.40906
step_25900 loss: 1.90557, acc: 0.42219
step_26000 loss: 1.91233, acc: 0.42656
macro f1: 0.28764 (best: 0.29500)
step_26100 loss: 1.98060, acc: 0.39625
step_26200 loss: 1.91123, acc: 0.41406
step_26300 loss: 1.90418, acc: 0.41906
step_26400 loss: 1.93170, acc: 0.40906
step_26500 loss: 1.90750, acc: 0.41937
step_26600 loss: 1.91439, acc: 0.41125
step_26700 loss: 1.93514, acc: 0.40031
step_26800 loss: 1.92083, acc: 0.41187
step_26900 loss: 1.92888, acc: 0.41469
step_27000 loss: 1.94014, acc: 0.41531
macro f1: 0.28207 (best: 0.29500)
step_27100 loss: 1.91998, acc: 0.42344
step_27200 loss: 1.94404, acc: 0.41469
step_27300 loss: 1.94577, acc: 0.40406
step_27400 loss: 1.93461, acc: 0.41187
step_27500 loss: 1.91317, acc: 0.41531
step_27600 loss: 1.91026, acc: 0.41875
step_27700 loss: 1.88120, acc: 0.41937
step_27800 loss: 1.91113, acc: 0.41063
step_27900 loss: 1.91136, acc: 0.42031
step_28000 loss: 1.87239, acc: 0.42594
macro f1: 0.28283 (best: 0.29500)
step_28100 loss: 1.92145, acc: 0.41000
step_28200 loss: 1.92375, acc: 0.41969
step_28300 loss: 1.89560, acc: 0.41875
step_28400 loss: 1.93628, acc: 0.39813
step_28500 loss: 1.94276, acc: 0.40000
step_28600 loss: 1.91088, acc: 0.42625
step_28700 loss: 1.92251, acc: 0.41063
step_28800 loss: 1.90698, acc: 0.41469
step_28900 loss: 1.91884, acc: 0.41625
step_29000 loss: 1.89567, acc: 0.42812
macro f1: 0.27431 (best: 0.29500)
step_29100 loss: 1.95036, acc: 0.39719
step_29200 loss: 1.87441, acc: 0.42375
step_29300 loss: 1.94586, acc: 0.39687
step_29400 loss: 1.88658, acc: 0.42250
End current epoch !
### cost time: 212.48 m
Epoch: 1
change lr: 0.001000  => 0.000100
step_29500 loss: 1.71596, acc: 0.47266
step_29600 loss: 1.75502, acc: 0.45719
step_29700 loss: 1.74635, acc: 0.45719
step_29800 loss: 1.72175, acc: 0.46313
step_29900 loss: 1.71383, acc: 0.47344
step_30000 loss: 1.73914, acc: 0.46219
macro f1: 0.29057 (best: 0.29500)
step_30100 loss: 1.70874, acc: 0.47813
step_30200 loss: 1.74588, acc: 0.45719
step_30300 loss: 1.69564, acc: 0.46969
step_30400 loss: 1.73447, acc: 0.45500
step_30500 loss: 1.69283, acc: 0.47469
step_30600 loss: 1.72930, acc: 0.45000
step_30700 loss: 1.75325, acc: 0.45750
step_30800 loss: 1.75479, acc: 0.45125
step_30900 loss: 1.74346, acc: 0.45563
step_31000 loss: 1.71176, acc: 0.47094
macro f1: 0.29459 (best: 0.29500)
step_31100 loss: 1.70939, acc: 0.45937
step_31200 loss: 1.67674, acc: 0.48094
step_31300 loss: 1.71354, acc: 0.47375
step_31400 loss: 1.71609, acc: 0.46406
step_31500 loss: 1.72913, acc: 0.45969
step_31600 loss: 1.67398, acc: 0.48250
step_31700 loss: 1.68146, acc: 0.48000
step_31800 loss: 1.66064, acc: 0.48594
step_31900 loss: 1.67298, acc: 0.48156
step_32000 loss: 1.74215, acc: 0.45281
macro f1: 0.29612 (best: 0.29500)
step_32100 loss: 1.69575, acc: 0.47500
step_32200 loss: 1.72247, acc: 0.46844
step_32300 loss: 1.69585, acc: 0.48094
step_32400 loss: 1.67439, acc: 0.49094
step_32500 loss: 1.69552, acc: 0.47406
step_32600 loss: 1.72179, acc: 0.47125
step_32700 loss: 1.66766, acc: 0.48187
step_32800 loss: 1.70165, acc: 0.47531
step_32900 loss: 1.71168, acc: 0.47281
step_33000 loss: 1.72307, acc: 0.45969
macro f1: 0.29792 (best: 0.29612)
step_33100 loss: 1.67931, acc: 0.47406
step_33200 loss: 1.68559, acc: 0.47406
step_33300 loss: 1.73467, acc: 0.45875
step_33400 loss: 1.66821, acc: 0.46563
step_33500 loss: 1.67432, acc: 0.47219
step_33600 loss: 1.68522, acc: 0.47344
step_33700 loss: 1.68227, acc: 0.46781
step_33800 loss: 1.69575, acc: 0.47063
step_33900 loss: 1.70786, acc: 0.46969
step_34000 loss: 1.72183, acc: 0.46406
macro f1: 0.29763 (best: 0.29792)
step_34100 loss: 1.67454, acc: 0.47969
step_34200 loss: 1.68836, acc: 0.47344
step_34300 loss: 1.70063, acc: 0.47375
step_34400 loss: 1.68253, acc: 0.47437
step_34500 loss: 1.68136, acc: 0.47781
step_34600 loss: 1.69730, acc: 0.47250
step_34700 loss: 1.65798, acc: 0.47844
step_34800 loss: 1.64279, acc: 0.48500
step_34900 loss: 1.68580, acc: 0.47250
step_35000 loss: 1.65908, acc: 0.48000
macro f1: 0.29423 (best: 0.29792)
step_35100 loss: 1.65522, acc: 0.48688
step_35200 loss: 1.68636, acc: 0.47375
step_35300 loss: 1.67693, acc: 0.48375
step_35400 loss: 1.72771, acc: 0.47156
step_35500 loss: 1.70045, acc: 0.46187
step_35600 loss: 1.72309, acc: 0.47250
step_35700 loss: 1.68076, acc: 0.48219
step_35800 loss: 1.65792, acc: 0.47813
step_35900 loss: 1.68646, acc: 0.46969
step_36000 loss: 1.69323, acc: 0.47937
macro f1: 0.29734 (best: 0.29792)
step_36100 loss: 1.67983, acc: 0.47563
step_36200 loss: 1.68230, acc: 0.48219
step_36300 loss: 1.67496, acc: 0.47437
step_36400 loss: 1.70481, acc: 0.46344
step_36500 loss: 1.69169, acc: 0.48031
step_36600 loss: 1.71127, acc: 0.46750
step_36700 loss: 1.66756, acc: 0.48750
step_36800 loss: 1.68039, acc: 0.48250
step_36900 loss: 1.66011, acc: 0.49156
step_37000 loss: 1.66204, acc: 0.48531
macro f1: 0.29680 (best: 0.29792)
step_37100 loss: 1.70936, acc: 0.46469
step_37200 loss: 1.66463, acc: 0.48656
step_37300 loss: 1.67218, acc: 0.49562
step_37400 loss: 1.68052, acc: 0.47219
step_37500 loss: 1.64221, acc: 0.47906
step_37600 loss: 1.71390, acc: 0.46531
step_37700 loss: 1.68133, acc: 0.47187
step_37800 loss: 1.62916, acc: 0.49625
step_37900 loss: 1.70472, acc: 0.46594
step_38000 loss: 1.67584, acc: 0.47875
macro f1: 0.29953 (best: 0.29792)
step_38100 loss: 1.63440, acc: 0.49250
step_38200 loss: 1.66490, acc: 0.48406
step_38300 loss: 1.67615, acc: 0.46844
step_38400 loss: 1.68115, acc: 0.46937
step_38500 loss: 1.67613, acc: 0.48438
step_38600 loss: 1.65774, acc: 0.47781
step_38700 loss: 1.66896, acc: 0.47813
step_38800 loss: 1.67694, acc: 0.47437
step_38900 loss: 1.64630, acc: 0.49094
step_39000 loss: 1.67404, acc: 0.47156
macro f1: 0.29739 (best: 0.29953)
step_39100 loss: 1.68877, acc: 0.47437
step_39200 loss: 1.70751, acc: 0.47375
step_39300 loss: 1.67952, acc: 0.47094
step_39400 loss: 1.66804, acc: 0.47469
step_39500 loss: 1.63956, acc: 0.49000
step_39600 loss: 1.67589, acc: 0.49500
step_39700 loss: 1.67569, acc: 0.48313
step_39800 loss: 1.64528, acc: 0.48969
step_39900 loss: 1.68051, acc: 0.47781
step_40000 loss: 1.66487, acc: 0.48594
macro f1: 0.29503 (best: 0.29953)
step_40100 loss: 1.66387, acc: 0.48406
step_40200 loss: 1.66634, acc: 0.47531
step_40300 loss: 1.66973, acc: 0.48531
step_40400 loss: 1.66508, acc: 0.48375
step_40500 loss: 1.62008, acc: 0.49031
step_40600 loss: 1.67372, acc: 0.48063
step_40700 loss: 1.66528, acc: 0.47531
step_40800 loss: 1.64769, acc: 0.48875
step_40900 loss: 1.69163, acc: 0.47219
step_41000 loss: 1.63591, acc: 0.48781
macro f1: 0.29640 (best: 0.29953)
step_41100 loss: 1.64982, acc: 0.49719
step_41200 loss: 1.64733, acc: 0.47719
step_41300 loss: 1.67858, acc: 0.48219
step_41400 loss: 1.66168, acc: 0.48500
step_41500 loss: 1.67171, acc: 0.47906
step_41600 loss: 1.71746, acc: 0.46656
step_41700 loss: 1.66943, acc: 0.47781
step_41800 loss: 1.68043, acc: 0.47281
step_41900 loss: 1.67357, acc: 0.48344
step_42000 loss: 1.64640, acc: 0.48219
macro f1: 0.29546 (best: 0.29953)
step_42100 loss: 1.67133, acc: 0.48313
step_42200 loss: 1.69222, acc: 0.48250
step_42300 loss: 1.67418, acc: 0.48688
step_42400 loss: 1.69257, acc: 0.46187
step_42500 loss: 1.66636, acc: 0.48094
step_42600 loss: 1.64082, acc: 0.49750
step_42700 loss: 1.66199, acc: 0.47031
step_42800 loss: 1.63334, acc: 0.49406
step_42900 loss: 1.62475, acc: 0.49344
step_43000 loss: 1.66928, acc: 0.49000
macro f1: 0.29627 (best: 0.29953)
step_43100 loss: 1.68258, acc: 0.47344
step_43200 loss: 1.67003, acc: 0.48031
step_43300 loss: 1.67057, acc: 0.47750
step_43400 loss: 1.67477, acc: 0.47281
step_43500 loss: 1.67430, acc: 0.48313
step_43600 loss: 1.66660, acc: 0.49000
step_43700 loss: 1.65972, acc: 0.48938
step_43800 loss: 1.64164, acc: 0.48938
step_43900 loss: 1.62395, acc: 0.48500
step_44000 loss: 1.63549, acc: 0.48969
macro f1: 0.29734 (best: 0.29953)
step_44100 loss: 1.67282, acc: 0.47750
step_44200 loss: 1.64875, acc: 0.49344
step_44300 loss: 1.64265, acc: 0.48406
step_44400 loss: 1.65390, acc: 0.48313
step_44500 loss: 1.69498, acc: 0.47031
step_44600 loss: 1.65902, acc: 0.47344
step_44700 loss: 1.61677, acc: 0.49094
step_44800 loss: 1.65160, acc: 0.48438
step_44900 loss: 1.65893, acc: 0.48281
step_45000 loss: 1.64865, acc: 0.48156
macro f1: 0.29812 (best: 0.29953)
step_45100 loss: 1.65007, acc: 0.48438
step_45200 loss: 1.63867, acc: 0.49781
step_45300 loss: 1.66505, acc: 0.48063
step_45400 loss: 1.65187, acc: 0.48875
step_45500 loss: 1.63522, acc: 0.49719
step_45600 loss: 1.67315, acc: 0.48438
step_45700 loss: 1.61195, acc: 0.50156
step_45800 loss: 1.66958, acc: 0.48000
step_45900 loss: 1.66108, acc: 0.48875
step_46000 loss: 1.61847, acc: 0.49938
macro f1: 0.29650 (best: 0.29953)
step_46100 loss: 1.60259, acc: 0.49094
step_46200 loss: 1.64237, acc: 0.49625
step_46300 loss: 1.67689, acc: 0.47563
step_46400 loss: 1.64480, acc: 0.49250
step_46500 loss: 1.62189, acc: 0.49000
step_46600 loss: 1.62185, acc: 0.49875
step_46700 loss: 1.63674, acc: 0.49062
step_46800 loss: 1.63223, acc: 0.48625
step_46900 loss: 1.65590, acc: 0.48750
step_47000 loss: 1.64386, acc: 0.50375
macro f1: 0.29910 (best: 0.29953)
step_47100 loss: 1.64855, acc: 0.49125
step_47200 loss: 1.58933, acc: 0.49938
step_47300 loss: 1.65858, acc: 0.48438
step_47400 loss: 1.64739, acc: 0.48844
step_47500 loss: 1.65725, acc: 0.48125
step_47600 loss: 1.64343, acc: 0.48969
step_47700 loss: 1.68897, acc: 0.47406
step_47800 loss: 1.62983, acc: 0.48406
step_47900 loss: 1.61459, acc: 0.49656
step_48000 loss: 1.61329, acc: 0.50406
macro f1: 0.29592 (best: 0.29953)
step_48100 loss: 1.61228, acc: 0.49906
step_48200 loss: 1.64521, acc: 0.47719
step_48300 loss: 1.61382, acc: 0.50062
step_48400 loss: 1.66132, acc: 0.48438
step_48500 loss: 1.65923, acc: 0.47375
step_48600 loss: 1.63565, acc: 0.48969
step_48700 loss: 1.63260, acc: 0.49406
step_48800 loss: 1.61736, acc: 0.49031
step_48900 loss: 1.64995, acc: 0.48531
step_49000 loss: 1.64039, acc: 0.48938
macro f1: 0.29722 (best: 0.29953)
step_49100 loss: 1.61983, acc: 0.49906
step_49200 loss: 1.63822, acc: 0.47969
step_49300 loss: 1.63398, acc: 0.49250
step_49400 loss: 1.66407, acc: 0.49406
step_49500 loss: 1.65363, acc: 0.47875
step_49600 loss: 1.61104, acc: 0.49938
step_49700 loss: 1.66310, acc: 0.49062
step_49800 loss: 1.63579, acc: 0.49469
step_49900 loss: 1.63207, acc: 0.49781
step_50000 loss: 1.63729, acc: 0.48375
macro f1: 0.29907 (best: 0.29953)
step_50100 loss: 1.63446, acc: 0.49031
step_50200 loss: 1.70620, acc: 0.46656
step_50300 loss: 1.65613, acc: 0.48375
step_50400 loss: 1.64126, acc: 0.48844
step_50500 loss: 1.62666, acc: 0.49312
step_50600 loss: 1.65216, acc: 0.48688
step_50700 loss: 1.59108, acc: 0.50438
step_50800 loss: 1.62316, acc: 0.49688
step_50900 loss: 1.67267, acc: 0.48406
step_51000 loss: 1.62921, acc: 0.48375
macro f1: 0.29729 (best: 0.29953)
step_51100 loss: 1.60316, acc: 0.50562
step_51200 loss: 1.64687, acc: 0.49531
step_51300 loss: 1.65603, acc: 0.48313
step_51400 loss: 1.66020, acc: 0.47813
step_51500 loss: 1.66581, acc: 0.47437
step_51600 loss: 1.63426, acc: 0.48250
step_51700 loss: 1.62452, acc: 0.48906
step_51800 loss: 1.64270, acc: 0.49656
step_51900 loss: 1.63901, acc: 0.49219
step_52000 loss: 1.63883, acc: 0.48500
macro f1: 0.29714 (best: 0.29953)
step_52100 loss: 1.67072, acc: 0.47563
step_52200 loss: 1.64145, acc: 0.48406
step_52300 loss: 1.65082, acc: 0.48531
step_52400 loss: 1.64928, acc: 0.47594
step_52500 loss: 1.65323, acc: 0.48562
step_52600 loss: 1.63302, acc: 0.48313
step_52700 loss: 1.66879, acc: 0.47813
step_52800 loss: 1.62273, acc: 0.48781
step_52900 loss: 1.62359, acc: 0.49250
step_53000 loss: 1.59655, acc: 0.49719
macro f1: 0.29820 (best: 0.29953)
step_53100 loss: 1.63109, acc: 0.48438
step_53200 loss: 1.63316, acc: 0.48906
step_53300 loss: 1.61567, acc: 0.49125
step_53400 loss: 1.60134, acc: 0.49812
step_53500 loss: 1.61310, acc: 0.49906
step_53600 loss: 1.64299, acc: 0.49188
step_53700 loss: 1.62790, acc: 0.48906
step_53800 loss: 1.63956, acc: 0.48562
step_53900 loss: 1.64165, acc: 0.49188
step_54000 loss: 1.61788, acc: 0.49344
macro f1: 0.29728 (best: 0.29953)
step_54100 loss: 1.63479, acc: 0.49125
step_54200 loss: 1.61463, acc: 0.48313
step_54300 loss: 1.62971, acc: 0.47906
step_54400 loss: 1.64011, acc: 0.49125
step_54500 loss: 1.59508, acc: 0.49844
step_54600 loss: 1.63282, acc: 0.49812
step_54700 loss: 1.65336, acc: 0.48625
step_54800 loss: 1.61791, acc: 0.50000
step_54900 loss: 1.61854, acc: 0.48500
step_55000 loss: 1.60180, acc: 0.50687
macro f1: 0.29668 (best: 0.29953)
step_55100 loss: 1.59382, acc: 0.50187
step_55200 loss: 1.63963, acc: 0.48719
step_55300 loss: 1.64867, acc: 0.49062
step_55400 loss: 1.60479, acc: 0.50594
step_55500 loss: 1.62311, acc: 0.49375
step_55600 loss: 1.63979, acc: 0.48656
step_55700 loss: 1.59661, acc: 0.49906
step_55800 loss: 1.66393, acc: 0.49156
step_55900 loss: 1.64789, acc: 0.49406
step_56000 loss: 1.63750, acc: 0.49500
macro f1: 0.29826 (best: 0.29953)
step_56100 loss: 1.61426, acc: 0.50344
step_56200 loss: 1.58426, acc: 0.51687
step_56300 loss: 1.58979, acc: 0.50000
step_56400 loss: 1.63223, acc: 0.48750
step_56500 loss: 1.66848, acc: 0.48063
step_56600 loss: 1.63143, acc: 0.48156
step_56700 loss: 1.63684, acc: 0.49656
step_56800 loss: 1.59196, acc: 0.49656
step_56900 loss: 1.61835, acc: 0.49938
step_57000 loss: 1.60612, acc: 0.49656
macro f1: 0.29738 (best: 0.29953)
step_57100 loss: 1.59997, acc: 0.49938
step_57200 loss: 1.59089, acc: 0.50875
step_57300 loss: 1.61620, acc: 0.49375
step_57400 loss: 1.61430, acc: 0.49719
step_57500 loss: 1.62985, acc: 0.49500
step_57600 loss: 1.62498, acc: 0.49219
step_57700 loss: 1.59471, acc: 0.49156
step_57800 loss: 1.62808, acc: 0.49062
step_57900 loss: 1.64167, acc: 0.48500
step_58000 loss: 1.63394, acc: 0.49469
macro f1: 0.29708 (best: 0.29953)
step_58100 loss: 1.62696, acc: 0.48187
step_58200 loss: 1.63931, acc: 0.49062
step_58300 loss: 1.62257, acc: 0.48688
step_58400 loss: 1.60583, acc: 0.49312
step_58500 loss: 1.60047, acc: 0.49812
step_58600 loss: 1.62837, acc: 0.49500
step_58700 loss: 1.62391, acc: 0.49094
step_58800 loss: 1.65293, acc: 0.48344
step_58900 loss: 1.59788, acc: 0.49750
End current epoch !
### cost time: 439.83 m
Epoch: 2
change lr: 0.000100  => 0.000010
step_59000 loss: 1.52229, acc: 0.52930
macro f1: 0.29854 (best: 0.29500)
step_59100 loss: 1.53630, acc: 0.52125
step_59200 loss: 1.53366, acc: 0.52250
step_59300 loss: 1.53172, acc: 0.50938
step_59400 loss: 1.54183, acc: 0.50750
step_59500 loss: 1.54595, acc: 0.49812
step_59600 loss: 1.56712, acc: 0.51250
step_59700 loss: 1.53603, acc: 0.51875
step_59800 loss: 1.55217, acc: 0.51875
step_59900 loss: 1.54672, acc: 0.51531
step_60000 loss: 1.53419, acc: 0.53281
macro f1: 0.29808 (best: 0.29854)
step_60100 loss: 1.54464, acc: 0.51594
step_60200 loss: 1.55178, acc: 0.51313
step_60300 loss: 1.55894, acc: 0.50562
step_60400 loss: 1.50816, acc: 0.53156
step_60500 loss: 1.55607, acc: 0.51469
step_60600 loss: 1.55505, acc: 0.51469
step_60700 loss: 1.54545, acc: 0.51156
step_60800 loss: 1.55405, acc: 0.51125
step_60900 loss: 1.54506, acc: 0.51125
step_61000 loss: 1.54866, acc: 0.51156
macro f1: 0.29879 (best: 0.29854)
step_61100 loss: 1.50789, acc: 0.52156
step_61200 loss: 1.53008, acc: 0.51781
step_61300 loss: 1.52044, acc: 0.53625
step_61400 loss: 1.56982, acc: 0.51062
step_61500 loss: 1.54398, acc: 0.51656
step_61600 loss: 1.52935, acc: 0.52750
step_61700 loss: 1.48796, acc: 0.53000
step_61800 loss: 1.53003, acc: 0.51562
step_61900 loss: 1.51671, acc: 0.51875
step_62000 loss: 1.55857, acc: 0.50469
macro f1: 0.29875 (best: 0.29879)
step_62100 loss: 1.49628, acc: 0.52781
step_62200 loss: 1.51866, acc: 0.52594
step_62300 loss: 1.55182, acc: 0.51344
step_62400 loss: 1.53995, acc: 0.52281
step_62500 loss: 1.56555, acc: 0.50750
step_62600 loss: 1.53571, acc: 0.51187
step_62700 loss: 1.49744, acc: 0.53844
step_62800 loss: 1.53720, acc: 0.51656
step_62900 loss: 1.53419, acc: 0.52844
step_63000 loss: 1.54634, acc: 0.51375
macro f1: 0.29924 (best: 0.29879)
step_63100 loss: 1.51246, acc: 0.51594
step_63200 loss: 1.49898, acc: 0.53563
step_63300 loss: 1.53900, acc: 0.52031
step_63400 loss: 1.54462, acc: 0.50813
step_63500 loss: 1.54680, acc: 0.51500
step_63600 loss: 1.52301, acc: 0.52625
step_63700 loss: 1.57210, acc: 0.50594
step_63800 loss: 1.53258, acc: 0.51281
step_63900 loss: 1.51256, acc: 0.52406
step_64000 loss: 1.49849, acc: 0.53812
macro f1: 0.29959 (best: 0.29924)
step_64100 loss: 1.51858, acc: 0.53344
step_64200 loss: 1.53853, acc: 0.51812
step_64300 loss: 1.52738, acc: 0.53187
step_64400 loss: 1.58264, acc: 0.51406
step_64500 loss: 1.51089, acc: 0.52250
step_64600 loss: 1.50742, acc: 0.52125
step_64700 loss: 1.52943, acc: 0.52656
step_64800 loss: 1.53973, acc: 0.51594
step_64900 loss: 1.50681, acc: 0.52656
step_65000 loss: 1.48960, acc: 0.52875
macro f1: 0.29914 (best: 0.29959)
step_65100 loss: 1.49859, acc: 0.53344
step_65200 loss: 1.51464, acc: 0.52219
step_65300 loss: 1.54145, acc: 0.51438
step_65400 loss: 1.52433, acc: 0.52375
step_65500 loss: 1.53001, acc: 0.52000
step_65600 loss: 1.57016, acc: 0.50313
step_65700 loss: 1.56002, acc: 0.50594
step_65800 loss: 1.56483, acc: 0.51344
step_65900 loss: 1.51770, acc: 0.52750
step_66000 loss: 1.51689, acc: 0.52500
macro f1: 0.29944 (best: 0.29959)
step_66100 loss: 1.51110, acc: 0.52219
step_66200 loss: 1.55250, acc: 0.51187
step_66300 loss: 1.54129, acc: 0.51344
step_66400 loss: 1.50763, acc: 0.51938
step_66500 loss: 1.53509, acc: 0.52250
step_66600 loss: 1.54267, acc: 0.52844
step_66700 loss: 1.55394, acc: 0.51000
step_66800 loss: 1.57309, acc: 0.50625
step_66900 loss: 1.51038, acc: 0.53125
step_67000 loss: 1.53505, acc: 0.51406
macro f1: 0.29991 (best: 0.29959)
step_67100 loss: 1.54417, acc: 0.52469
step_67200 loss: 1.55213, acc: 0.51250
step_67300 loss: 1.50490, acc: 0.54250
step_67400 loss: 1.55414, acc: 0.51875
step_67500 loss: 1.54796, acc: 0.52406
step_67600 loss: 1.52728, acc: 0.52219
step_67700 loss: 1.53791, acc: 0.52312
step_67800 loss: 1.53437, acc: 0.50656
step_67900 loss: 1.53560, acc: 0.52656
step_68000 loss: 1.51194, acc: 0.52219
macro f1: 0.29985 (best: 0.29991)
step_68100 loss: 1.53599, acc: 0.51812
step_68200 loss: 1.52946, acc: 0.51781
step_68300 loss: 1.47825, acc: 0.52625
step_68400 loss: 1.51412, acc: 0.52938
step_68500 loss: 1.52186, acc: 0.52750
step_68600 loss: 1.51957, acc: 0.51938
step_68700 loss: 1.53417, acc: 0.52438
step_68800 loss: 1.53419, acc: 0.51750
step_68900 loss: 1.57423, acc: 0.51344
step_69000 loss: 1.55070, acc: 0.52063
macro f1: 0.30028 (best: 0.29991)
step_69100 loss: 1.53538, acc: 0.51375
step_69200 loss: 1.54669, acc: 0.52375
step_69300 loss: 1.54847, acc: 0.52312
step_69400 loss: 1.53019, acc: 0.52219
step_69500 loss: 1.51860, acc: 0.52000
step_69600 loss: 1.54989, acc: 0.52031
step_69700 loss: 1.50574, acc: 0.52875
step_69800 loss: 1.55291, acc: 0.51031
step_69900 loss: 1.53080, acc: 0.52344
step_70000 loss: 1.52146, acc: 0.52469
macro f1: 0.29928 (best: 0.30028)
step_70100 loss: 1.51040, acc: 0.52469
step_70200 loss: 1.53016, acc: 0.52031
step_70300 loss: 1.51032, acc: 0.52063
step_70400 loss: 1.54815, acc: 0.52250
step_70500 loss: 1.54169, acc: 0.51781
step_70600 loss: 1.54357, acc: 0.52094
step_70700 loss: 1.50658, acc: 0.52063
step_70800 loss: 1.56709, acc: 0.50562
step_70900 loss: 1.53621, acc: 0.52563
step_71000 loss: 1.52531, acc: 0.51750
macro f1: 0.29867 (best: 0.30028)
step_71100 loss: 1.52916, acc: 0.51438
step_71200 loss: 1.56460, acc: 0.50219
step_71300 loss: 1.51825, acc: 0.52719
step_71400 loss: 1.55514, acc: 0.52063
step_71500 loss: 1.52227, acc: 0.51531
step_71600 loss: 1.54136, acc: 0.51781
step_71700 loss: 1.51795, acc: 0.53219
step_71800 loss: 1.54998, acc: 0.52500
step_71900 loss: 1.50919, acc: 0.51781
step_72000 loss: 1.52783, acc: 0.50250
macro f1: 0.29918 (best: 0.30028)
step_72100 loss: 1.55610, acc: 0.51625
step_72200 loss: 1.52124, acc: 0.52187
step_72300 loss: 1.56160, acc: 0.50250
step_72400 loss: 1.51265, acc: 0.52750
step_72500 loss: 1.51364, acc: 0.53844
step_72600 loss: 1.50693, acc: 0.53063
step_72700 loss: 1.54608, acc: 0.51344
step_72800 loss: 1.53310, acc: 0.52094
step_72900 loss: 1.52347, acc: 0.51438
step_73000 loss: 1.53898, acc: 0.52125
macro f1: 0.29948 (best: 0.30028)
step_73100 loss: 1.52352, acc: 0.53750
step_73200 loss: 1.54719, acc: 0.50281
step_73300 loss: 1.53503, acc: 0.52344
step_73400 loss: 1.53767, acc: 0.51156
step_73500 loss: 1.49667, acc: 0.52625
step_73600 loss: 1.54835, acc: 0.51250
step_73700 loss: 1.55454, acc: 0.50313
step_73800 loss: 1.53378, acc: 0.51531
step_73900 loss: 1.53308, acc: 0.51406
step_74000 loss: 1.51768, acc: 0.53031
macro f1: 0.29989 (best: 0.30028)
step_74100 loss: 1.53540, acc: 0.50969
step_74200 loss: 1.53715, acc: 0.51938
step_74300 loss: 1.51368, acc: 0.52156
step_74400 loss: 1.50974, acc: 0.52000
step_74500 loss: 1.52312, acc: 0.51906
step_74600 loss: 1.56066, acc: 0.50875
step_74700 loss: 1.51516, acc: 0.52875
step_74800 loss: 1.52231, acc: 0.51812
step_74900 loss: 1.51311, acc: 0.53938
step_75000 loss: 1.56204, acc: 0.50625
macro f1: 0.30028 (best: 0.30028)
step_75100 loss: 1.50584, acc: 0.52406
step_75200 loss: 1.51350, acc: 0.52406
step_75300 loss: 1.55784, acc: 0.51844
step_75400 loss: 1.54740, acc: 0.51156
step_75500 loss: 1.56332, acc: 0.52000
step_75600 loss: 1.57869, acc: 0.51344
step_75700 loss: 1.53894, acc: 0.51438
step_75800 loss: 1.55104, acc: 0.51000
step_75900 loss: 1.54444, acc: 0.51344
step_76000 loss: 1.56297, acc: 0.51031
macro f1: 0.29936 (best: 0.30028)
step_76100 loss: 1.51541, acc: 0.52000
step_76200 loss: 1.49307, acc: 0.53812
step_76300 loss: 1.49672, acc: 0.52969
step_76400 loss: 1.56161, acc: 0.51250
step_76500 loss: 1.54831, acc: 0.51000
step_76600 loss: 1.51535, acc: 0.51969
step_76700 loss: 1.50985, acc: 0.53250
step_76800 loss: 1.50318, acc: 0.52875
step_76900 loss: 1.51168, acc: 0.52750
step_77000 loss: 1.49411, acc: 0.53594
macro f1: 0.29844 (best: 0.30028)
step_77100 loss: 1.52305, acc: 0.52469
step_77200 loss: 1.53539, acc: 0.52219
step_77300 loss: 1.55636, acc: 0.50938
step_77400 loss: 1.51107, acc: 0.52687
step_77500 loss: 1.54071, acc: 0.51625
step_77600 loss: 1.49091, acc: 0.52844
step_77700 loss: 1.55786, acc: 0.51625
step_77800 loss: 1.51183, acc: 0.52125
step_77900 loss: 1.55985, acc: 0.50375
step_78000 loss: 1.52843, acc: 0.51562
macro f1: 0.29858 (best: 0.30028)
step_78100 loss: 1.49424, acc: 0.52625
step_78200 loss: 1.53667, acc: 0.51812
step_78300 loss: 1.57147, acc: 0.49500
step_78400 loss: 1.54252, acc: 0.51531
step_78500 loss: 1.57231, acc: 0.50625
step_78600 loss: 1.52046, acc: 0.51938
step_78700 loss: 1.51731, acc: 0.52687
step_78800 loss: 1.52960, acc: 0.52250
step_78900 loss: 1.50166, acc: 0.53000
step_79000 loss: 1.48873, acc: 0.53594
macro f1: 0.29914 (best: 0.30028)
step_79100 loss: 1.49591, acc: 0.52812
step_79200 loss: 1.55974, acc: 0.51344
step_79300 loss: 1.52074, acc: 0.51250
step_79400 loss: 1.49725, acc: 0.52906
step_79500 loss: 1.54830, acc: 0.51438
step_79600 loss: 1.50778, acc: 0.53312
step_79700 loss: 1.49516, acc: 0.53063
step_79800 loss: 1.55163, acc: 0.51656
step_79900 loss: 1.53552, acc: 0.52000
step_80000 loss: 1.54508, acc: 0.51844
macro f1: 0.29922 (best: 0.30028)
step_80100 loss: 1.53651, acc: 0.50813
step_80200 loss: 1.51220, acc: 0.52031
step_80300 loss: 1.52479, acc: 0.51844
step_80400 loss: 1.54756, acc: 0.51313
step_80500 loss: 1.53855, acc: 0.51844
step_80600 loss: 1.51395, acc: 0.52063
step_80700 loss: 1.54673, acc: 0.50969
step_80800 loss: 1.52258, acc: 0.51469
step_80900 loss: 1.51584, acc: 0.52969
step_81000 loss: 1.50447, acc: 0.52625
macro f1: 0.29891 (best: 0.30028)
step_81100 loss: 1.52778, acc: 0.52781
step_81200 loss: 1.53869, acc: 0.52156
step_81300 loss: 1.53993, acc: 0.52063
step_81400 loss: 1.49294, acc: 0.52500
step_81500 loss: 1.50490, acc: 0.52906
step_81600 loss: 1.52302, acc: 0.52938
step_81700 loss: 1.52457, acc: 0.52625
step_81800 loss: 1.52370, acc: 0.52875
step_81900 loss: 1.50961, acc: 0.53312
step_82000 loss: 1.54987, acc: 0.50687
macro f1: 0.29968 (best: 0.30028)
step_82100 loss: 1.50805, acc: 0.52719
step_82200 loss: 1.54797, acc: 0.52187
step_82300 loss: 1.51908, acc: 0.52656
step_82400 loss: 1.53675, acc: 0.52781
step_82500 loss: 1.50519, acc: 0.52344
step_82600 loss: 1.54037, acc: 0.52781
step_82700 loss: 1.49372, acc: 0.53344
step_82800 loss: 1.50671, acc: 0.52344
step_82900 loss: 1.54623, acc: 0.52125
step_83000 loss: 1.49740, acc: 0.53031
macro f1: 0.29947 (best: 0.30028)
step_83100 loss: 1.54641, acc: 0.51812
step_83200 loss: 1.51043, acc: 0.51469
step_83300 loss: 1.50657, acc: 0.51438
step_83400 loss: 1.54320, acc: 0.51375
step_83500 loss: 1.48701, acc: 0.54125
step_83600 loss: 1.52036, acc: 0.52656
step_83700 loss: 1.50329, acc: 0.53906
step_83800 loss: 1.53182, acc: 0.53063
step_83900 loss: 1.55563, acc: 0.51656
step_84000 loss: 1.48488, acc: 0.54187
macro f1: 0.29912 (best: 0.30028)
step_84100 loss: 1.46210, acc: 0.52906
step_84200 loss: 1.54008, acc: 0.52469
step_84300 loss: 1.52505, acc: 0.52812
step_84400 loss: 1.51608, acc: 0.51313
step_84500 loss: 1.50805, acc: 0.52656
step_84600 loss: 1.50214, acc: 0.52531
step_84700 loss: 1.49541, acc: 0.52812
step_84800 loss: 1.53013, acc: 0.52906
step_84900 loss: 1.54930, acc: 0.51656
step_85000 loss: 1.55823, acc: 0.51250
macro f1: 0.29879 (best: 0.30028)
step_85100 loss: 1.51599, acc: 0.52250
step_85200 loss: 1.48597, acc: 0.53187
step_85300 loss: 1.53170, acc: 0.52375
step_85400 loss: 1.50882, acc: 0.53344
step_85500 loss: 1.52510, acc: 0.51656
step_85600 loss: 1.54007, acc: 0.52031
step_85700 loss: 1.55724, acc: 0.50969
step_85800 loss: 1.51409, acc: 0.52000
step_85900 loss: 1.52034, acc: 0.52781
step_86000 loss: 1.53967, acc: 0.51656
macro f1: 0.29872 (best: 0.30028)
step_86100 loss: 1.54426, acc: 0.52375
step_86200 loss: 1.56598, acc: 0.50281
step_86300 loss: 1.52680, acc: 0.52781
step_86400 loss: 1.52223, acc: 0.53094
step_86500 loss: 1.58889, acc: 0.50844
step_86600 loss: 1.50607, acc: 0.51594
step_86700 loss: 1.51051, acc: 0.52625
step_86800 loss: 1.50986, acc: 0.52344
step_86900 loss: 1.51371, acc: 0.51687
step_87000 loss: 1.56693, acc: 0.50500
macro f1: 0.29890 (best: 0.30028)
step_87100 loss: 1.50817, acc: 0.52219
step_87200 loss: 1.49633, acc: 0.53312
step_87300 loss: 1.51494, acc: 0.52375
step_87400 loss: 1.51269, acc: 0.53063
step_87500 loss: 1.52703, acc: 0.52594
step_87600 loss: 1.51061, acc: 0.52594
step_87700 loss: 1.56450, acc: 0.50813
step_87800 loss: 1.51478, acc: 0.52875
step_87900 loss: 1.52281, acc: 0.51281
step_88000 loss: 1.53192, acc: 0.51906
macro f1: 0.29863 (best: 0.30028)
step_88100 loss: 1.53724, acc: 0.50719
step_88200 loss: 1.49762, acc: 0.53094
step_88300 loss: 1.57816, acc: 0.50844
End current epoch !
### cost time: 670.41 m
Epoch: 3
step_88400 loss: 1.51076, acc: 0.51634
step_88500 loss: 1.53337, acc: 0.51281
step_88600 loss: 1.47255, acc: 0.54937
step_88700 loss: 1.55393, acc: 0.50500
step_88800 loss: 1.50897, acc: 0.53312
step_88900 loss: 1.48745, acc: 0.53594
step_89000 loss: 1.49765, acc: 0.52125
macro f1: 0.29850 (best: 0.29500)
step_89100 loss: 1.52725, acc: 0.53125
step_89200 loss: 1.49812, acc: 0.52781
step_89300 loss: 1.56743, acc: 0.50844
step_89400 loss: 1.51264, acc: 0.51781
step_89500 loss: 1.55097, acc: 0.51687
step_89600 loss: 1.50983, acc: 0.52125
step_89700 loss: 1.50582, acc: 0.53500
step_89800 loss: 1.52046, acc: 0.51875
step_89900 loss: 1.57111, acc: 0.50687
step_90000 loss: 1.49095, acc: 0.53719
macro f1: 0.29821 (best: 0.29850)
step_90100 loss: 1.52028, acc: 0.52063
step_90200 loss: 1.52749, acc: 0.52344
